#
# A fatal error has been detected by the Java Runtime Environment:
#
#  SIGSEGV (0xb) at pc=0x00007f53133b6c27, pid=22963, tid=22965
#
# JRE version: OpenJDK Runtime Environment (11.0.14+9) (build 11.0.14+9-Ubuntu-0ubuntu2.18.04)
# Java VM: OpenJDK 64-Bit Server VM (11.0.14+9-Ubuntu-0ubuntu2.18.04, mixed mode, sharing, tiered, compressed oops, g1 gc, linux-amd64)
# Problematic frame:
# C  [libtesseract.so.4.0.0+0xa1c27]  tesseract::Tesseract::recog_all_words(PAGE_RES*, ETEXT_DESC*, TBOX const*, char const*, int)+0x437
#
# Core dump will be written. Default location: Core dumps may be processed with "/lib/systemd/systemd-coredump %P %u %g %s %t 9223372036854775808 %e" (or dumping to /home/dmitry/Документы/IdeaProjects/sudoky/core.22963)
#
# If you would like to submit a bug report, please visit:
#   https://bugs.launchpad.net/ubuntu/+source/openjdk-lts
# The crash happened outside the Java Virtual Machine in native code.
# See problematic frame for where to report the bug.
#

---------------  S U M M A R Y ------------

Command Line: -javaagent:/home/dmitry/Programs/apps/IDEA-C/ch-0/213.7172.25/lib/idea_rt.jar=35389:/home/dmitry/Programs/apps/IDEA-C/ch-0/213.7172.25/bin -Dfile.encoding=UTF-8 MainKt

Host: Intel(R) Core(TM) i5-3210M CPU @ 2.50GHz, 4 cores, 5G, Linux Mint 19.3 Tricia
Time: Sat Mar 26 13:48:06 2022 +03 elapsed time: 0.878122 seconds (0d 0h 0m 0s)

---------------  T H R E A D  ---------------

Current thread (0x00007f5374019000):  JavaThread "main" [_thread_in_native, id=22965, stack(0x00007f537d32d000,0x00007f537d42e000)]

Stack: [0x00007f537d32d000,0x00007f537d42e000],  sp=0x00007f537d42b620,  free space=1017k
Native frames: (J=compiled Java code, A=aot compiled Java code, j=interpreted, Vv=VM code, C=native code)
C  [libtesseract.so.4.0.0+0xa1c27]  tesseract::Tesseract::recog_all_words(PAGE_RES*, ETEXT_DESC*, TBOX const*, char const*, int)+0x437

Java frames: (J=compiled Java code, j=interpreted, Vv=VM code)
j  com.sun.jna.Native.invokePointer(Lcom/sun/jna/Function;JI[Ljava/lang/Object;)J+0
j  com.sun.jna.Function.invokePointer(I[Ljava/lang/Object;)Lcom/sun/jna/Pointer;+7
j  com.sun.jna.Function.invoke([Ljava/lang/Object;Ljava/lang/Class;ZI)Ljava/lang/Object;+385
j  com.sun.jna.Function.invoke(Ljava/lang/reflect/Method;[Ljava/lang/Class;Ljava/lang/Class;[Ljava/lang/Object;Ljava/util/Map;)Ljava/lang/Object;+271
j  com.sun.jna.Library$Handler.invoke(Ljava/lang/Object;Ljava/lang/reflect/Method;[Ljava/lang/Object;)Ljava/lang/Object;+390
j  com.sun.proxy.$Proxy0.TessBaseAPIGetUTF8Text(Lnet/sourceforge/tess4j/ITessAPI$TessBaseAPI;)Lcom/sun/jna/Pointer;+16
j  net.sourceforge.tess4j.Tesseract.getOCRText(Ljava/lang/String;I)Ljava/lang/String;+269
j  net.sourceforge.tess4j.Tesseract.doOCR(Ljavax/imageio/IIOImage;Ljava/lang/String;Ljava/awt/Rectangle;I)Ljava/lang/String;+18
j  net.sourceforge.tess4j.Tesseract.doOCR(Ljava/io/File;Ljava/awt/Rectangle;)Ljava/lang/String;+126
j  net.sourceforge.tess4j.Tesseract.doOCR(Ljava/io/File;)Ljava/lang/String;+3
j  MainKt.main([Ljava/lang/String;)V+150
v  ~StubRoutines::call_stub

siginfo: si_signo: 11 (SIGSEGV), si_code: 1 (SEGV_MAPERR), si_addr: 0x000000000000000c

Register to memory mapping:

RAX=0x0 is NULL
RBX=0x00007f53745f2070 points into unknown readable memory: 0x00007f5313822b88 | 88 2b 82 13 53 7f 00 00
RCX=0x0 is NULL
RDX=0x00007f5374613c68 points into unknown readable memory: 0x0000000000000000 | 00 00 00 00 00 00 00 00
RSP=0x00007f537d42b620 is pointing into the stack for thread: 0x00007f5374019000
RBP=0x00007f537d42b670 is pointing into the stack for thread: 0x00007f5374019000
RSI=0x0 is NULL
RDI=0x00007f537d42b730 is pointing into the stack for thread: 0x00007f5374019000
R8 =0x0 is NULL
R9 =0x0 is NULL
R10=0x00007f53740008d0 points into unknown readable memory: 0x0702040100000002 | 02 00 00 00 01 04 02 07
R11=0x0 is NULL
R12=0x00007f537464dba0 points into unknown readable memory: 0x0000000000000000 | 00 00 00 00 00 00 00 00
R13=0x0 is NULL
R14=0x0 is NULL
R15=0x00007f537464dba0 points into unknown readable memory: 0x0000000000000000 | 00 00 00 00 00 00 00 00


Registers:
RAX=0x0000000000000000, RBX=0x00007f53745f2070, RCX=0x0000000000000000, RDX=0x00007f5374613c68
RSP=0x00007f537d42b620, RBP=0x00007f537d42b670, RSI=0x0000000000000000, RDI=0x00007f537d42b730
R8 =0x0000000000000000, R9 =0x0000000000000000, R10=0x00007f53740008d0, R11=0x0000000000000000
R12=0x00007f537464dba0, R13=0x0000000000000000, R14=0x0000000000000000, R15=0x00007f537464dba0
RIP=0x00007f53133b6c27, EFLAGS=0x0000000000010246, CSGSFS=0x002b000000000033, ERR=0x0000000000000004
  TRAPNO=0x000000000000000e

Top of Stack: (sp=0x00007f537d42b620)
0x00007f537d42b620:   0000000000000000 0000000000000000
0x00007f537d42b630:   0000000000000000 00007f53746f11a0
0x00007f537d42b640:   00007f5374629760 00007f537463cf90
0x00007f537d42b650:   0000000000000001 00007f537d42b680 

Instructions: (pc=0x00007f53133b6c27)
0x00007f53133b6b27:   89 e6 48 89 df e8 af 87 ff ff 4c 89 e6 48 89 df
0x00007f53133b6b37:   e8 b4 8b ff ff 4c 89 e6 48 89 df e8 f9 72 ff ff
0x00007f53133b6b47:   4c 89 e6 48 89 df e8 7e 74 ff ff e9 a9 fd ff ff
0x00007f53133b6b57:   66 0f 1f 84 00 00 00 00 00 48 8b 40 10 7e 2a 8b
0x00007f53133b6b67:   38 85 ff 75 4c 48 83 c0 04 83 ea 01 48 8d 14 90
0x00007f53133b6b77:   eb 12 0f 1f 80 00 00 00 00 48 83 c0 04 8b 70 fc
0x00007f53133b6b87:   85 f6 75 2d 48 39 c2 75 f0 48 85 c9 74 1b 8b 41
0x00007f53133b6b97:   10 8d 50 ff 83 fa 02 76 10 83 e8 05 83 f8 03 77
0x00007f53133b6ba7:   10 0f 1f 84 00 00 00 00 00 48 89 ef e8 e8 2d 19
0x00007f53133b6bb7:   00 31 d2 31 f6 48 89 ef e8 2c f6 18 00 48 8b 44
0x00007f53133b6bc7:   24 70 48 85 c0 0f 84 8e fd ff ff 48 8b 94 24 80
0x00007f53133b6bd7:   00 00 00 31 c9 48 8b 52 08 48 85 d2 74 04 48 8b
0x00007f53133b6be7:   4a 08 48 8b 80 e8 00 00 00 48 85 c0 74 bb 8b 50
0x00007f53133b6bf7:   34 83 fa 00 74 b3 e9 5e ff ff ff 66 0f 1f 44 00
0x00007f53133b6c07:   00 31 f6 48 89 ef e8 ce f9 18 00 8b 83 a0 15 00
0x00007f53133b6c17:   00 85 c0 0f 8f c0 00 00 00 48 8b 83 40 0a 00 00
0x00007f53133b6c27:   80 78 0c 00 0f 85 a7 02 00 00 8b 83 58 47 02 00
0x00007f53133b6c37:   85 c0 0f 8e b1 00 00 00 31 d2 45 31 ff eb 2c 66
0x00007f53133b6c47:   2e 0f 1f 84 00 00 00 00 00 48 8b 8f 40 0a 00 00
0x00007f53133b6c57:   80 79 0c 00 0f 85 ff 01 00 00 41 83 c7 01 48 83
0x00007f53133b6c67:   c2 08 44 3b bb 58 47 02 00 7d 7e 48 8b 8b 60 47
0x00007f53133b6c77:   02 00 48 8b 3c 11 8b 87 a0 15 00 00 85 c0 7e c9
0x00007f53133b6c87:   48 89 54 24 10 e8 8f 46 0f 00 48 8b 54 24 10 eb
0x00007f53133b6c97:   c9 0f 1f 84 00 00 00 00 00 80 bb 72 30 02 00 00
0x00007f53133b6ca7:   0f 85 73 fc ff ff 8b b3 04 1d 02 00 4c 89 e2 4c
0x00007f53133b6cb7:   89 ff e8 32 d4 0b 00 31 f6 48 89 ef e8 18 f9 18
0x00007f53133b6cc7:   00 48 8b 44 24 70 48 85 c0 0f 85 fc fe ff ff e9
0x00007f53133b6cd7:   94 fc ff ff 0f 1f 44 00 00 48 89 df e8 38 46 0f
0x00007f53133b6ce7:   00 e9 44 ff ff ff 0f 1f 00 4c 8d 7c 24 30 be 04
0x00007f53133b6cf7:   00 00 00 48 c7 44 24 30 00 00 00 00 48 c7 44 24
0x00007f53133b6d07:   38 00 00 00 00 48 c7 44 24 40 00 00 00 00 4c 89
0x00007f53133b6d17:   ff 48 c7 44 24 48 00 00 00 00 e8 3a 19 00 00 48 


Stack slot to memory mapping:
stack at sp + 0 slots: 0x0 is NULL
stack at sp + 1 slots: 0x0 is NULL
stack at sp + 2 slots: 0x0 is NULL
stack at sp + 3 slots: 0x00007f53746f11a0 points into unknown readable memory: 0x00007f5374643f00 | 00 3f 64 74 53 7f 00 00
stack at sp + 4 slots: 0x00007f5374629760 points into unknown readable memory: 0x00007f5374646af0 | f0 6a 64 74 53 7f 00 00
stack at sp + 5 slots: 0x00007f537463cf90 points into unknown readable memory: 0x00007f537463cf90 | 90 cf 63 74 53 7f 00 00
stack at sp + 6 slots: 0x0000000000000001 is an unknown value
stack at sp + 7 slots: 0x00007f537d42b680 is pointing into the stack for thread: 0x00007f5374019000


---------------  P R O C E S S  ---------------

Threads class SMR info:
_java_thread_list=0x00007f53743d6520, length=13, elements={
0x00007f5374019000, 0x00007f537414f800, 0x00007f5374151800, 0x00007f5374158000,
0x00007f537415a000, 0x00007f537415c800, 0x00007f537415e800, 0x00007f5374160800,
0x00007f537416e000, 0x00007f5374297000, 0x00007f532412c000, 0x00007f537437e800,
0x00007f53743d5000
}

Java Threads: ( => current thread )
=>0x00007f5374019000 JavaThread "main" [_thread_in_native, id=22965, stack(0x00007f537d32d000,0x00007f537d42e000)]
  0x00007f537414f800 JavaThread "Reference Handler" daemon [_thread_blocked, id=22972, stack(0x00007f535c1b3000,0x00007f535c2b4000)]
  0x00007f5374151800 JavaThread "Finalizer" daemon [_thread_blocked, id=22973, stack(0x00007f535c0b2000,0x00007f535c1b3000)]
  0x00007f5374158000 JavaThread "Signal Dispatcher" daemon [_thread_blocked, id=22974, stack(0x00007f535458e000,0x00007f535468f000)]
  0x00007f537415a000 JavaThread "Service Thread" daemon [_thread_blocked, id=22975, stack(0x00007f535448d000,0x00007f535458e000)]
  0x00007f537415c800 JavaThread "C2 CompilerThread0" daemon [_thread_blocked, id=22976, stack(0x00007f535438c000,0x00007f535448d000)]
  0x00007f537415e800 JavaThread "C1 CompilerThread0" daemon [_thread_blocked, id=22977, stack(0x00007f535428b000,0x00007f535438c000)]
  0x00007f5374160800 JavaThread "Sweeper thread" daemon [_thread_blocked, id=22978, stack(0x00007f535418a000,0x00007f535428b000)]
  0x00007f537416e000 JavaThread "Common-Cleaner" daemon [_thread_blocked, id=22979, stack(0x00007f5354089000,0x00007f535418a000)]
  0x00007f5374297000 JavaThread "Monitor Ctrl-Break" daemon [_thread_in_native, id=22980, stack(0x00007f534dad8000,0x00007f534dbd9000)]
  0x00007f532412c000 JavaThread "C2 CompilerThread1" daemon [_thread_blocked, id=22982, stack(0x00007f534c005000,0x00007f534c106000)]
  0x00007f537437e800 JavaThread "Java2D Disposer" daemon [_thread_blocked, id=22983, stack(0x00007f5313cea000,0x00007f5313deb000)]
  0x00007f53743d5000 JavaThread "process reaper" daemon [_thread_blocked, id=22985, stack(0x00007f5378035000,0x00007f5378057000)]

Other Threads:
  0x00007f537414c800 VMThread "VM Thread" [stack: 0x00007f535c2b6000,0x00007f535c3b6000] [id=22971]
  0x00007f5374298800 WatcherThread [stack: 0x00007f534d9d8000,0x00007f534dad8000] [id=22981]
  0x00007f5374030800 GCTaskThread "GC Thread#0" [stack: 0x00007f53790e5000,0x00007f53791e5000] [id=22966]
  0x00007f5374056800 ConcurrentGCThread "G1 Main Marker" [stack: 0x00007f537835d000,0x00007f537845d000] [id=22967]
  0x00007f5374058000 ConcurrentGCThread "G1 Conc#0" [stack: 0x00007f537825b000,0x00007f537835b000] [id=22968]
  0x00007f53740b4800 ConcurrentGCThread "G1 Refine#0" [stack: 0x00007f535c53b000,0x00007f535c63b000] [id=22969]
  0x00007f53740b6800 ConcurrentGCThread "G1 Young RemSet Sampling" [stack: 0x00007f535c439000,0x00007f535c539000] [id=22970]

Threads with active compile tasks:

VM state:not at safepoint (normal execution)

VM Mutex/Monitor currently owned by a thread: None

Heap address: 0x00000000a5400000, size: 1452 MB, Compressed Oops mode: 32-bit
Narrow klass base: 0x0000000800000000, Narrow klass shift: 3
Compressed class space size: 1073741824 Address: 0x0000000840000000

Heap:
 garbage-first heap   total 96256K, used 13000K [0x00000000a5400000, 0x0000000100000000)
  region size 1024K, 14 young (14336K), 0 survivors (0K)
 Metaspace       used 5037K, capacity 5976K, committed 6016K, reserved 1056768K
  class space    used 493K, capacity 639K, committed 640K, reserved 1048576K
Heap Regions: E=young(eden), S=young(survivor), O=old, HS=humongous(starts), HC=humongous(continues), CS=collection set, F=free, A=archive, TAMS=top-at-mark-start (previous, next)
|   0|0x00000000a5400000, 0x00000000a5400000, 0x00000000a5500000|  0%| F|  |TAMS 0x00000000a5400000, 0x00000000a5400000| Untracked 
|   1|0x00000000a5500000, 0x00000000a5500000, 0x00000000a5600000|  0%| F|  |TAMS 0x00000000a5500000, 0x00000000a5500000| Untracked 
|   2|0x00000000a5600000, 0x00000000a5600000, 0x00000000a5700000|  0%| F|  |TAMS 0x00000000a5600000, 0x00000000a5600000| Untracked 
|   3|0x00000000a5700000, 0x00000000a5700000, 0x00000000a5800000|  0%| F|  |TAMS 0x00000000a5700000, 0x00000000a5700000| Untracked 
|   4|0x00000000a5800000, 0x00000000a5800000, 0x00000000a5900000|  0%| F|  |TAMS 0x00000000a5800000, 0x00000000a5800000| Untracked 
|   5|0x00000000a5900000, 0x00000000a5900000, 0x00000000a5a00000|  0%| F|  |TAMS 0x00000000a5900000, 0x00000000a5900000| Untracked 
|   6|0x00000000a5a00000, 0x00000000a5a00000, 0x00000000a5b00000|  0%| F|  |TAMS 0x00000000a5a00000, 0x00000000a5a00000| Untracked 
|   7|0x00000000a5b00000, 0x00000000a5b00000, 0x00000000a5c00000|  0%| F|  |TAMS 0x00000000a5b00000, 0x00000000a5b00000| Untracked 
|   8|0x00000000a5c00000, 0x00000000a5c00000, 0x00000000a5d00000|  0%| F|  |TAMS 0x00000000a5c00000, 0x00000000a5c00000| Untracked 
|   9|0x00000000a5d00000, 0x00000000a5d00000, 0x00000000a5e00000|  0%| F|  |TAMS 0x00000000a5d00000, 0x00000000a5d00000| Untracked 
|  10|0x00000000a5e00000, 0x00000000a5e00000, 0x00000000a5f00000|  0%| F|  |TAMS 0x00000000a5e00000, 0x00000000a5e00000| Untracked 
|  11|0x00000000a5f00000, 0x00000000a5f00000, 0x00000000a6000000|  0%| F|  |TAMS 0x00000000a5f00000, 0x00000000a5f00000| Untracked 
|  12|0x00000000a6000000, 0x00000000a6000000, 0x00000000a6100000|  0%| F|  |TAMS 0x00000000a6000000, 0x00000000a6000000| Untracked 
|  13|0x00000000a6100000, 0x00000000a6100000, 0x00000000a6200000|  0%| F|  |TAMS 0x00000000a6100000, 0x00000000a6100000| Untracked 
|  14|0x00000000a6200000, 0x00000000a6200000, 0x00000000a6300000|  0%| F|  |TAMS 0x00000000a6200000, 0x00000000a6200000| Untracked 
|  15|0x00000000a6300000, 0x00000000a6300000, 0x00000000a6400000|  0%| F|  |TAMS 0x00000000a6300000, 0x00000000a6300000| Untracked 
|  16|0x00000000a6400000, 0x00000000a6400000, 0x00000000a6500000|  0%| F|  |TAMS 0x00000000a6400000, 0x00000000a6400000| Untracked 
|  17|0x00000000a6500000, 0x00000000a6500000, 0x00000000a6600000|  0%| F|  |TAMS 0x00000000a6500000, 0x00000000a6500000| Untracked 
|  18|0x00000000a6600000, 0x00000000a6600000, 0x00000000a6700000|  0%| F|  |TAMS 0x00000000a6600000, 0x00000000a6600000| Untracked 
|  19|0x00000000a6700000, 0x00000000a6700000, 0x00000000a6800000|  0%| F|  |TAMS 0x00000000a6700000, 0x00000000a6700000| Untracked 
|  20|0x00000000a6800000, 0x00000000a6800000, 0x00000000a6900000|  0%| F|  |TAMS 0x00000000a6800000, 0x00000000a6800000| Untracked 
|  21|0x00000000a6900000, 0x00000000a6900000, 0x00000000a6a00000|  0%| F|  |TAMS 0x00000000a6900000, 0x00000000a6900000| Untracked 
|  22|0x00000000a6a00000, 0x00000000a6a00000, 0x00000000a6b00000|  0%| F|  |TAMS 0x00000000a6a00000, 0x00000000a6a00000| Untracked 
|  23|0x00000000a6b00000, 0x00000000a6b00000, 0x00000000a6c00000|  0%| F|  |TAMS 0x00000000a6b00000, 0x00000000a6b00000| Untracked 
|  24|0x00000000a6c00000, 0x00000000a6c00000, 0x00000000a6d00000|  0%| F|  |TAMS 0x00000000a6c00000, 0x00000000a6c00000| Untracked 
|  25|0x00000000a6d00000, 0x00000000a6d00000, 0x00000000a6e00000|  0%| F|  |TAMS 0x00000000a6d00000, 0x00000000a6d00000| Untracked 
|  26|0x00000000a6e00000, 0x00000000a6e00000, 0x00000000a6f00000|  0%| F|  |TAMS 0x00000000a6e00000, 0x00000000a6e00000| Untracked 
|  27|0x00000000a6f00000, 0x00000000a6f00000, 0x00000000a7000000|  0%| F|  |TAMS 0x00000000a6f00000, 0x00000000a6f00000| Untracked 
|  28|0x00000000a7000000, 0x00000000a7000000, 0x00000000a7100000|  0%| F|  |TAMS 0x00000000a7000000, 0x00000000a7000000| Untracked 
|  29|0x00000000a7100000, 0x00000000a7100000, 0x00000000a7200000|  0%| F|  |TAMS 0x00000000a7100000, 0x00000000a7100000| Untracked 
|  30|0x00000000a7200000, 0x00000000a7200000, 0x00000000a7300000|  0%| F|  |TAMS 0x00000000a7200000, 0x00000000a7200000| Untracked 
|  31|0x00000000a7300000, 0x00000000a7300000, 0x00000000a7400000|  0%| F|  |TAMS 0x00000000a7300000, 0x00000000a7300000| Untracked 
|  32|0x00000000a7400000, 0x00000000a7400000, 0x00000000a7500000|  0%| F|  |TAMS 0x00000000a7400000, 0x00000000a7400000| Untracked 
|  33|0x00000000a7500000, 0x00000000a7500000, 0x00000000a7600000|  0%| F|  |TAMS 0x00000000a7500000, 0x00000000a7500000| Untracked 
|  34|0x00000000a7600000, 0x00000000a7600000, 0x00000000a7700000|  0%| F|  |TAMS 0x00000000a7600000, 0x00000000a7600000| Untracked 
|  35|0x00000000a7700000, 0x00000000a7700000, 0x00000000a7800000|  0%| F|  |TAMS 0x00000000a7700000, 0x00000000a7700000| Untracked 
|  36|0x00000000a7800000, 0x00000000a7800000, 0x00000000a7900000|  0%| F|  |TAMS 0x00000000a7800000, 0x00000000a7800000| Untracked 
|  37|0x00000000a7900000, 0x00000000a7900000, 0x00000000a7a00000|  0%| F|  |TAMS 0x00000000a7900000, 0x00000000a7900000| Untracked 
|  38|0x00000000a7a00000, 0x00000000a7a00000, 0x00000000a7b00000|  0%| F|  |TAMS 0x00000000a7a00000, 0x00000000a7a00000| Untracked 
|  39|0x00000000a7b00000, 0x00000000a7b00000, 0x00000000a7c00000|  0%| F|  |TAMS 0x00000000a7b00000, 0x00000000a7b00000| Untracked 
|  40|0x00000000a7c00000, 0x00000000a7c00000, 0x00000000a7d00000|  0%| F|  |TAMS 0x00000000a7c00000, 0x00000000a7c00000| Untracked 
|  41|0x00000000a7d00000, 0x00000000a7d00000, 0x00000000a7e00000|  0%| F|  |TAMS 0x00000000a7d00000, 0x00000000a7d00000| Untracked 
|  42|0x00000000a7e00000, 0x00000000a7e00000, 0x00000000a7f00000|  0%| F|  |TAMS 0x00000000a7e00000, 0x00000000a7e00000| Untracked 
|  43|0x00000000a7f00000, 0x00000000a7f00000, 0x00000000a8000000|  0%| F|  |TAMS 0x00000000a7f00000, 0x00000000a7f00000| Untracked 
|  44|0x00000000a8000000, 0x00000000a8000000, 0x00000000a8100000|  0%| F|  |TAMS 0x00000000a8000000, 0x00000000a8000000| Untracked 
|  45|0x00000000a8100000, 0x00000000a8100000, 0x00000000a8200000|  0%| F|  |TAMS 0x00000000a8100000, 0x00000000a8100000| Untracked 
|  46|0x00000000a8200000, 0x00000000a8200000, 0x00000000a8300000|  0%| F|  |TAMS 0x00000000a8200000, 0x00000000a8200000| Untracked 
|  47|0x00000000a8300000, 0x00000000a8300000, 0x00000000a8400000|  0%| F|  |TAMS 0x00000000a8300000, 0x00000000a8300000| Untracked 
|  48|0x00000000a8400000, 0x00000000a8400000, 0x00000000a8500000|  0%| F|  |TAMS 0x00000000a8400000, 0x00000000a8400000| Untracked 
|  49|0x00000000a8500000, 0x00000000a8500000, 0x00000000a8600000|  0%| F|  |TAMS 0x00000000a8500000, 0x00000000a8500000| Untracked 
|  50|0x00000000a8600000, 0x00000000a8600000, 0x00000000a8700000|  0%| F|  |TAMS 0x00000000a8600000, 0x00000000a8600000| Untracked 
|  51|0x00000000a8700000, 0x00000000a8700000, 0x00000000a8800000|  0%| F|  |TAMS 0x00000000a8700000, 0x00000000a8700000| Untracked 
|  52|0x00000000a8800000, 0x00000000a8800000, 0x00000000a8900000|  0%| F|  |TAMS 0x00000000a8800000, 0x00000000a8800000| Untracked 
|  53|0x00000000a8900000, 0x00000000a8900000, 0x00000000a8a00000|  0%| F|  |TAMS 0x00000000a8900000, 0x00000000a8900000| Untracked 
|  54|0x00000000a8a00000, 0x00000000a8a00000, 0x00000000a8b00000|  0%| F|  |TAMS 0x00000000a8a00000, 0x00000000a8a00000| Untracked 
|  55|0x00000000a8b00000, 0x00000000a8b00000, 0x00000000a8c00000|  0%| F|  |TAMS 0x00000000a8b00000, 0x00000000a8b00000| Untracked 
|  56|0x00000000a8c00000, 0x00000000a8c00000, 0x00000000a8d00000|  0%| F|  |TAMS 0x00000000a8c00000, 0x00000000a8c00000| Untracked 
|  57|0x00000000a8d00000, 0x00000000a8d00000, 0x00000000a8e00000|  0%| F|  |TAMS 0x00000000a8d00000, 0x00000000a8d00000| Untracked 
|  58|0x00000000a8e00000, 0x00000000a8e00000, 0x00000000a8f00000|  0%| F|  |TAMS 0x00000000a8e00000, 0x00000000a8e00000| Untracked 
|  59|0x00000000a8f00000, 0x00000000a8f00000, 0x00000000a9000000|  0%| F|  |TAMS 0x00000000a8f00000, 0x00000000a8f00000| Untracked 
|  60|0x00000000a9000000, 0x00000000a9000000, 0x00000000a9100000|  0%| F|  |TAMS 0x00000000a9000000, 0x00000000a9000000| Untracked 
|  61|0x00000000a9100000, 0x00000000a9100000, 0x00000000a9200000|  0%| F|  |TAMS 0x00000000a9100000, 0x00000000a9100000| Untracked 
|  62|0x00000000a9200000, 0x00000000a9200000, 0x00000000a9300000|  0%| F|  |TAMS 0x00000000a9200000, 0x00000000a9200000| Untracked 
|  63|0x00000000a9300000, 0x00000000a9300000, 0x00000000a9400000|  0%| F|  |TAMS 0x00000000a9300000, 0x00000000a9300000| Untracked 
|  64|0x00000000a9400000, 0x00000000a9400000, 0x00000000a9500000|  0%| F|  |TAMS 0x00000000a9400000, 0x00000000a9400000| Untracked 
|  65|0x00000000a9500000, 0x00000000a9500000, 0x00000000a9600000|  0%| F|  |TAMS 0x00000000a9500000, 0x00000000a9500000| Untracked 
|  66|0x00000000a9600000, 0x00000000a9600000, 0x00000000a9700000|  0%| F|  |TAMS 0x00000000a9600000, 0x00000000a9600000| Untracked 
|  67|0x00000000a9700000, 0x00000000a9700000, 0x00000000a9800000|  0%| F|  |TAMS 0x00000000a9700000, 0x00000000a9700000| Untracked 
|  68|0x00000000a9800000, 0x00000000a9800000, 0x00000000a9900000|  0%| F|  |TAMS 0x00000000a9800000, 0x00000000a9800000| Untracked 
|  69|0x00000000a9900000, 0x00000000a9900000, 0x00000000a9a00000|  0%| F|  |TAMS 0x00000000a9900000, 0x00000000a9900000| Untracked 
|  70|0x00000000a9a00000, 0x00000000a9a00000, 0x00000000a9b00000|  0%| F|  |TAMS 0x00000000a9a00000, 0x00000000a9a00000| Untracked 
|  71|0x00000000a9b00000, 0x00000000a9b00000, 0x00000000a9c00000|  0%| F|  |TAMS 0x00000000a9b00000, 0x00000000a9b00000| Untracked 
|  72|0x00000000a9c00000, 0x00000000a9c00000, 0x00000000a9d00000|  0%| F|  |TAMS 0x00000000a9c00000, 0x00000000a9c00000| Untracked 
|  73|0x00000000a9d00000, 0x00000000a9d00000, 0x00000000a9e00000|  0%| F|  |TAMS 0x00000000a9d00000, 0x00000000a9d00000| Untracked 
|  74|0x00000000a9e00000, 0x00000000a9e00000, 0x00000000a9f00000|  0%| F|  |TAMS 0x00000000a9e00000, 0x00000000a9e00000| Untracked 
|  75|0x00000000a9f00000, 0x00000000a9f00000, 0x00000000aa000000|  0%| F|  |TAMS 0x00000000a9f00000, 0x00000000a9f00000| Untracked 
|  76|0x00000000aa000000, 0x00000000aa000000, 0x00000000aa100000|  0%| F|  |TAMS 0x00000000aa000000, 0x00000000aa000000| Untracked 
|  77|0x00000000aa100000, 0x00000000aa100000, 0x00000000aa200000|  0%| F|  |TAMS 0x00000000aa100000, 0x00000000aa100000| Untracked 
|  78|0x00000000aa200000, 0x00000000aa25d8c8, 0x00000000aa300000| 36%| E|  |TAMS 0x00000000aa200000, 0x00000000aa200000| Complete 
|  79|0x00000000aa300000, 0x00000000aa3a6090, 0x00000000aa400000| 64%| E|  |TAMS 0x00000000aa300000, 0x00000000aa300000| Complete 
|  80|0x00000000aa400000, 0x00000000aa500000, 0x00000000aa500000|100%| E|CS|TAMS 0x00000000aa400000, 0x00000000aa400000| Complete 
|  81|0x00000000aa500000, 0x00000000aa600000, 0x00000000aa600000|100%| E|CS|TAMS 0x00000000aa500000, 0x00000000aa500000| Complete 
|  82|0x00000000aa600000, 0x00000000aa700000, 0x00000000aa700000|100%| E|CS|TAMS 0x00000000aa600000, 0x00000000aa600000| Complete 
|  83|0x00000000aa700000, 0x00000000aa800000, 0x00000000aa800000|100%| E|CS|TAMS 0x00000000aa700000, 0x00000000aa700000| Complete 
|  84|0x00000000aa800000, 0x00000000aa900000, 0x00000000aa900000|100%| E|CS|TAMS 0x00000000aa800000, 0x00000000aa800000| Complete 
|  85|0x00000000aa900000, 0x00000000aaa00000, 0x00000000aaa00000|100%| E|CS|TAMS 0x00000000aa900000, 0x00000000aa900000| Complete 
|  86|0x00000000aaa00000, 0x00000000aab00000, 0x00000000aab00000|100%| E|CS|TAMS 0x00000000aaa00000, 0x00000000aaa00000| Complete 
|  87|0x00000000aab00000, 0x00000000aac00000, 0x00000000aac00000|100%| E|CS|TAMS 0x00000000aab00000, 0x00000000aab00000| Complete 
|  88|0x00000000aac00000, 0x00000000aad00000, 0x00000000aad00000|100%| E|CS|TAMS 0x00000000aac00000, 0x00000000aac00000| Complete 
|  89|0x00000000aad00000, 0x00000000aae00000, 0x00000000aae00000|100%| E|CS|TAMS 0x00000000aad00000, 0x00000000aad00000| Complete 
|  90|0x00000000aae00000, 0x00000000aaf00000, 0x00000000aaf00000|100%| E|CS|TAMS 0x00000000aae00000, 0x00000000aae00000| Complete 
|  91|0x00000000aaf00000, 0x00000000ab000000, 0x00000000ab000000|100%| E|CS|TAMS 0x00000000aaf00000, 0x00000000aaf00000| Complete 
|1450|0x00000000ffe00000, 0x00000000ffe47000, 0x00000000fff00000| 27%|OA|  |TAMS 0x00000000ffe00000, 0x00000000ffe00000| Untracked 
|1451|0x00000000fff00000, 0x00000000fff6b000, 0x0000000100000000| 41%|CA|  |TAMS 0x00000000fff00000, 0x00000000fff00000| Untracked 

Card table byte_map: [0x00007f5378733000,0x00007f5378a09000] _byte_map_base: 0x00007f5378209000

Marking Bits (Prev, Next): (CMBitMap*) 0x00007f537404fc78, (CMBitMap*) 0x00007f537404fcb0
 Prev Bits: [0x00007f5356950000, 0x00007f5358000000)
 Next Bits: [0x00007f53552a0000, 0x00007f5356950000)

Polling page: 0x00007f537d44c000

Metaspace:

Usage:
  Non-class:      5,21 MB capacity,     4,44 MB ( 85%) used,   778,80 KB ( 15%) free+waste,    13,88 KB ( <1%) overhead. 
      Class:    639,00 KB capacity,   493,03 KB ( 77%) used,   137,97 KB ( 22%) free+waste,     8,00 KB (  1%) overhead. 
       Both:      5,84 MB capacity,     4,92 MB ( 84%) used,   916,77 KB ( 15%) free+waste,    21,88 KB ( <1%) overhead. 

Virtual space:
  Non-class space:        8,00 MB reserved,       5,25 MB ( 66%) committed 
      Class space:        1,00 GB reserved,     640,00 KB ( <1%) committed 
             Both:        1,01 GB reserved,       5,88 MB ( <1%) committed 

Chunk freelists:
   Non-Class:  39,00 KB
       Class:  1,00 KB
        Both:  40,00 KB

MaxMetaspaceSize: unlimited
CompressedClassSpaceSize: 1,00 GB
Initial GC threshold: 20,80 MB
Current GC threshold: 20,80 MB
CDS: on

CodeHeap 'non-profiled nmethods': size=120032Kb used=298Kb max_used=298Kb free=119733Kb
 bounds [0x00007f5364305000, 0x00007f5364575000, 0x00007f536b83d000]
CodeHeap 'profiled nmethods': size=120032Kb used=1446Kb max_used=1446Kb free=118585Kb
 bounds [0x00007f535cdcd000, 0x00007f535d03d000, 0x00007f5364305000]
CodeHeap 'non-nmethods': size=5696Kb used=1162Kb max_used=1183Kb free=4533Kb
 bounds [0x00007f535c83d000, 0x00007f535caad000, 0x00007f535cdcd000]
 total_blobs=1297 nmethods=871 adapters=340
 compilation: enabled
              stopped_count=0, restarted_count=0
 full_count=0

Compilation events (20 events):
Event: 0,846 Thread 0x00007f537415e800 nmethod 862 0x00007f535cf31390 code [0x00007f535cf31580, 0x00007f535cf31980]
Event: 0,846 Thread 0x00007f537415e800  863  s    3       java.io.BufferedInputStream::read (113 bytes)
Event: 0,847 Thread 0x00007f532412c000  864 %     4       sun.awt.image.ByteInterleavedRaster::putByteData @ 627 (834 bytes)
Event: 0,852 Thread 0x00007f537415c800 nmethod 858% 0x00007f536434d590 code [0x00007f536434d740, 0x00007f536434db58]
Event: 0,853 Thread 0x00007f537415e800 nmethod 863 0x00007f535cf31c90 code [0x00007f535cf31ec0, 0x00007f535cf32890]
Event: 0,853 Thread 0x00007f537415e800  867       3       sun.awt.image.ByteInterleavedRaster::getByteData (851 bytes)
Event: 0,855 Thread 0x00007f537415e800 nmethod 867 0x00007f535cf32b10 code [0x00007f535cf32e20, 0x00007f535cf347a0]
Event: 0,855 Thread 0x00007f537415e800  868       3       sun.awt.image.ByteInterleavedRaster::getDataElements (15 bytes)
Event: 0,855 Thread 0x00007f537415e800 nmethod 868 0x00007f535cf35310 code [0x00007f535cf354e0, 0x00007f535cf35740]
Event: 0,855 Thread 0x00007f537415e800  869       3       sun.awt.image.ByteInterleavedRaster::setDataElements (15 bytes)
Event: 0,856 Thread 0x00007f537415e800 nmethod 869 0x00007f535cf35810 code [0x00007f535cf359e0, 0x00007f535cf35c40]
Event: 0,856 Thread 0x00007f537415e800  865       3       java.awt.image.BufferedImage::getSampleModel (8 bytes)
Event: 0,856 Thread 0x00007f537415e800 nmethod 865 0x00007f535cf35d10 code [0x00007f535cf35ec0, 0x00007f535cf36090]
Event: 0,856 Thread 0x00007f537415e800  866       3       com.sun.imageio.plugins.png.PNGImageReader::updateImageProgress (29 bytes)
Event: 0,856 Thread 0x00007f537415e800 nmethod 866 0x00007f535cf36190 code [0x00007f535cf36360, 0x00007f535cf36560]
Event: 0,856 Thread 0x00007f537415c800  870 %     4       sun.awt.image.ByteInterleavedRaster::getByteData @ 646 (851 bytes)
Event: 0,863 Thread 0x00007f537415e800  871       3       java.io.FilterInputStream::<init> (10 bytes)
Event: 0,863 Thread 0x00007f537415e800 nmethod 871 0x00007f535cf36610 code [0x00007f535cf367c0, 0x00007f535cf369f0]
Event: 0,865 Thread 0x00007f532412c000 nmethod 864% 0x00007f536434dc90 code [0x00007f536434de40, 0x00007f536434e778]
Event: 0,871 Thread 0x00007f537415c800 nmethod 870% 0x00007f536434ea90 code [0x00007f536434ec40, 0x00007f536434f618]

GC Heap History (0 events):
No events

Deoptimization events (20 events):
Event: 0,373 Thread 0x00007f5374019000 DEOPT PACKING pc=0x00007f536430eca4 sp=0x00007f537d426310
Event: 0,373 Thread 0x00007f5374019000 DEOPT UNPACKING pc=0x00007f535c886ea5 sp=0x00007f537d4262c0 mode 2
Event: 0,376 Thread 0x00007f5374019000 Uncommon trap: trap_request=0xffffffc6 fr.pc=0x00007f536430eca4 relative=0x0000000000000084
Event: 0,376 Thread 0x00007f5374019000 Uncommon trap: reason=bimorphic_or_optimized_type_check action=maybe_recompile pc=0x00007f536430eca4 method=java.util.AbstractCollection.isEmpty()Z @ 1 c2
Event: 0,376 Thread 0x00007f5374019000 DEOPT PACKING pc=0x00007f536430eca4 sp=0x00007f537d426140
Event: 0,376 Thread 0x00007f5374019000 DEOPT UNPACKING pc=0x00007f535c886ea5 sp=0x00007f537d4260f0 mode 2
Event: 0,376 Thread 0x00007f5374019000 Uncommon trap: trap_request=0xffffffc6 fr.pc=0x00007f536430eca4 relative=0x0000000000000084
Event: 0,376 Thread 0x00007f5374019000 Uncommon trap: reason=bimorphic_or_optimized_type_check action=maybe_recompile pc=0x00007f536430eca4 method=java.util.AbstractCollection.isEmpty()Z @ 1 c2
Event: 0,376 Thread 0x00007f5374019000 DEOPT PACKING pc=0x00007f536430eca4 sp=0x00007f537d426310
Event: 0,376 Thread 0x00007f5374019000 DEOPT UNPACKING pc=0x00007f535c886ea5 sp=0x00007f537d4262c0 mode 2
Event: 0,545 Thread 0x00007f5374019000 DEOPT PACKING pc=0x00007f535ce22624 sp=0x00007f537d429790
Event: 0,545 Thread 0x00007f5374019000 DEOPT UNPACKING pc=0x00007f535c88764a sp=0x00007f537d428c08 mode 0
Event: 0,576 Thread 0x00007f5374019000 DEOPT PACKING pc=0x00007f535ce1ccc2 sp=0x00007f537d42afc0
Event: 0,576 Thread 0x00007f5374019000 DEOPT UNPACKING pc=0x00007f535c88764a sp=0x00007f537d42a448 mode 0
Event: 0,585 Thread 0x00007f5374019000 DEOPT PACKING pc=0x00007f535ce0d7cf sp=0x00007f537d42b800
Event: 0,585 Thread 0x00007f5374019000 DEOPT UNPACKING pc=0x00007f535c88764a sp=0x00007f537d42aca8 mode 0
Event: 0,657 Thread 0x00007f5374019000 DEOPT PACKING pc=0x00007f535ce1bf08 sp=0x00007f537d429570
Event: 0,657 Thread 0x00007f5374019000 DEOPT UNPACKING pc=0x00007f535c88764a sp=0x00007f537d4289e0 mode 0
Event: 0,670 Thread 0x00007f5374019000 DEOPT PACKING pc=0x00007f535ce1bf08 sp=0x00007f537d42a890
Event: 0,670 Thread 0x00007f5374019000 DEOPT UNPACKING pc=0x00007f535c88764a sp=0x00007f537d429d00 mode 0

Classes redefined (0 events):
No events

Internal exceptions (17 events):
Event: 0,318 Thread 0x00007f5374019000 Exception <a 'java/security/PrivilegedActionException'{0x00000000aade1670}> (0x00000000aade1670) thrown at [src/hotspot/share/prims/jvm.cpp, line 1306]
Event: 0,318 Thread 0x00007f5374019000 Exception <a 'java/security/PrivilegedActionException'{0x00000000aade1940}> (0x00000000aade1940) thrown at [src/hotspot/share/prims/jvm.cpp, line 1306]
Event: 0,319 Thread 0x00007f5374019000 Exception <a 'java/lang/NoClassDefFoundError'{0x00000000aade7280}: org/slf4j/impl/StaticLoggerBinder> (0x00000000aade7280) thrown at [src/hotspot/share/classfile/systemDictionary.cpp, line 219]
Event: 0,348 Thread 0x00007f5374019000 Exception <a 'java/lang/ClassNotFoundException'{0x00000000aac30dd0}: sun/awt/resources/spi/awtProvider> (0x00000000aac30dd0) thrown at [src/hotspot/share/classfile/systemDictionary.cpp, line 230]
Event: 0,412 Thread 0x00007f5374019000 Exception <a 'java/io/FileNotFoundException'{0x00000000aacc4420}> (0x00000000aacc4420) thrown at [src/hotspot/share/prims/jni.cpp, line 616]
Event: 0,448 Thread 0x00007f5374019000 Exception <a 'java/lang/NoSuchMethodError'{0x00000000aab1fa40}: 'java.lang.Object java.lang.invoke.DirectMethodHandle$Holder.invokeStatic(java.lang.Object, java.lang.Object, java.lang.Object, java.lang.Object, java.lang.Object, java.lang.Object, java.lang.Object, java.lang.Object, java.lang.Object, java.lang.Object, java.lang.Object, java.lang.Object, java.lang.Object, java.lang.Object, java.lang.Object)'> (0x00000000aab1fa40) thrown at [src/hotspot/share/interpreter/linkResolver.cpp, line 773]
Event: 0,452 Thread 0x00007f5374019000 Exception <a 'java/lang/NoSuchMethodError'{0x00000000aab2d6d0}: 'java.lang.Object java.lang.invoke.DirectMethodHandle$Holder.invokeStatic(java.lang.Object, java.lang.Object, java.lang.Object, java.lang.Object, java.lang.Object, java.lang.Object, java.lang.Object, java.lang.Object, java.lang.Object, java.lang.Object, java.lang.Object, java.lang.Object, java.lang.Object, java.lang.Object, java.lang.Object, java.lang.Object)'> (0x00000000aab2d6d0) thrown at [src/hotspot/share/interpreter/linkResolver.cpp, lin
Event: 0,455 Thread 0x00007f5374019000 Exception <a 'java/lang/NoSuchMethodError'{0x00000000aab3b340}: 'java.lang.Object java.lang.invoke.DirectMethodHandle$Holder.invokeSpecial(java.lang.Object, java.lang.Object, int, int, java.lang.Object, java.lang.Object, java.lang.Object)'> (0x00000000aab3b340) thrown at [src/hotspot/share/interpreter/linkResolver.cpp, line 773]
Event: 0,456 Thread 0x00007f5374019000 Exception <a 'java/lang/NoSuchMethodError'{0x00000000aab3e8d0}: 'java.lang.Object java.lang.invoke.DelegatingMethodHandle$Holder.reinvoke_L(java.lang.Object, int, int, java.lang.Object, java.lang.Object, java.lang.Object)'> (0x00000000aab3e8d0) thrown at [src/hotspot/share/interpreter/linkResolver.cpp, line 773]
Event: 0,457 Thread 0x00007f5374019000 Exception <a 'java/lang/NoSuchMethodError'{0x00000000aab42c58}: 'java.lang.Object java.lang.invoke.DirectMethodHandle$Holder.invokeStatic(java.lang.Object, java.lang.Object, java.lang.Object, java.lang.Object, int)'> (0x00000000aab42c58) thrown at [src/hotspot/share/interpreter/linkResolver.cpp, line 773]
Event: 0,684 Thread 0x00007f5374019000 Exception <a 'java/lang/NoSuchMethodError'{0x00000000aa7607e8}: 'java.lang.Object java.lang.invoke.DirectMethodHandle$Holder.invokeStaticInit(java.lang.Object, java.lang.Object, long, java.lang.Object)'> (0x00000000aa7607e8) thrown at [src/hotspot/share/interpreter/linkResolver.cpp, line 773]
Event: 0,686 Thread 0x00007f5374019000 Exception <a 'java/lang/NoSuchMethodError'{0x00000000aa76c948}: 'java.lang.Object java.lang.invoke.Invokers$Holder.linkToTargetMethod(java.lang.Object, long, java.lang.Object)'> (0x00000000aa76c948) thrown at [src/hotspot/share/interpreter/linkResolver.cpp, line 773]
Event: 0,689 Thread 0x00007f5374019000 Exception <a 'java/lang/NoSuchMethodError'{0x00000000aa773738}: 'java.lang.Object java.lang.invoke.DirectMethodHandle$Holder.invokeStatic(java.lang.Object, java.lang.Object, java.lang.Object, int)'> (0x00000000aa773738) thrown at [src/hotspot/share/interpreter/linkResolver.cpp, line 773]
Event: 0,689 Thread 0x00007f5374019000 Exception <a 'java/lang/NoSuchMethodError'{0x00000000aa777050}: 'java.lang.Object java.lang.invoke.DirectMethodHandle$Holder.invokeSpecial(java.lang.Object, java.lang.Object, java.lang.Object, java.lang.Object, int)'> (0x00000000aa777050) thrown at [src/hotspot/share/interpreter/linkResolver.cpp, line 773]
Event: 0,690 Thread 0x00007f5374019000 Exception <a 'java/lang/NoSuchMethodError'{0x00000000aa77a0b8}: 'java.lang.Object java.lang.invoke.Invokers$Holder.linkToTargetMethod(java.lang.Object, java.lang.Object, int, java.lang.Object)'> (0x00000000aa77a0b8) thrown at [src/hotspot/share/interpreter/linkResolver.cpp, line 773]
Event: 0,710 Thread 0x00007f5374019000 Exception <a 'java/lang/UnsatisfiedLinkError'{0x00000000aa7d5fa0}: libtesseract.so: невозможно открыть разделяемый объектный файл: Нет такого файла или каталога> (0x00000000aa7d5fa0) thrown at [src/hotspot/share/prims/jni.cpp, line 637]
Event: 0,710 Thread 0x00007f5374019000 Exception <a 'java/lang/UnsatisfiedLinkError'{0x00000000aa7d8278}: libtesseract.so: невозможно открыть разделяемый объектный файл: Нет такого файла или каталога> (0x00000000aa7d8278) thrown at [src/hotspot/share/prims/jni.cpp, line 637]

Events (20 events):
Event: 0,819 loading class sun/awt/image/SurfaceManager$ImageAccessor done
Event: 0,819 loading class java/awt/Image$1 done
Event: 0,819 loading class sun/awt/image/SurfaceManager
Event: 0,819 loading class sun/awt/image/SurfaceManager done
Event: 0,820 loading class java/awt/image/BufferedImage$1
Event: 0,820 loading class java/awt/image/BufferedImage$1 done
Event: 0,820 loading class sun/awt/image/IntegerComponentRaster
Event: 0,820 loading class sun/awt/image/IntegerComponentRaster done
Event: 0,820 loading class sun/awt/image/ShortComponentRaster
Event: 0,820 loading class sun/awt/image/ShortComponentRaster done
Event: 0,820 loading class com/sun/imageio/plugins/common/ReaderUtil
Event: 0,820 loading class com/sun/imageio/plugins/common/ReaderUtil done
Event: 0,850 loading class javax/imageio/IIOImage
Event: 0,850 loading class javax/imageio/IIOImage done
Event: 0,862 loading class java/nio/DirectByteBuffer$Deallocator
Event: 0,862 loading class java/nio/DirectByteBuffer$Deallocator done
Event: 0,862 loading class java/lang/StrictMath
Event: 0,863 loading class java/lang/StrictMath done
Event: 0,863 loading class com/sun/jna/Native$Buffers
Event: 0,863 loading class com/sun/jna/Native$Buffers done


Dynamic libraries:
a5400000-ab000000 rw-p 00000000 00:00 0 
ab000000-ffe00000 ---p 00000000 00:00 0 
ffe00000-ffe47000 rw-p 01118000 08:03 1046969                            /usr/lib/jvm/java-11-openjdk-amd64/lib/server/classes.jsa
ffe47000-fff00000 rw-p 00000000 00:00 0 
fff00000-fff6b000 rw-p 010ad000 08:03 1046969                            /usr/lib/jvm/java-11-openjdk-amd64/lib/server/classes.jsa
fff6b000-100000000 rw-p 00000000 00:00 0 
800000000-800002000 rwxp 00001000 08:03 1046969                          /usr/lib/jvm/java-11-openjdk-amd64/lib/server/classes.jsa
800002000-8003cb000 rw-p 00003000 08:03 1046969                          /usr/lib/jvm/java-11-openjdk-amd64/lib/server/classes.jsa
8003cb000-800a99000 r--p 003cc000 08:03 1046969                          /usr/lib/jvm/java-11-openjdk-amd64/lib/server/classes.jsa
800a99000-800a9a000 rw-p 00a9a000 08:03 1046969                          /usr/lib/jvm/java-11-openjdk-amd64/lib/server/classes.jsa
800a9a000-8010ac000 r--p 00a9b000 08:03 1046969                          /usr/lib/jvm/java-11-openjdk-amd64/lib/server/classes.jsa
840000000-8400a0000 rw-p 00000000 00:00 0 
8400a0000-880000000 ---p 00000000 00:00 0 
55724fd85000-55724fd86000 r-xp 00000000 08:03 1047422                    /usr/lib/jvm/java-11-openjdk-amd64/bin/java
55724ff86000-55724ff87000 r--p 00001000 08:03 1047422                    /usr/lib/jvm/java-11-openjdk-amd64/bin/java
55724ff87000-55724ff88000 rw-p 00002000 08:03 1047422                    /usr/lib/jvm/java-11-openjdk-amd64/bin/java
557251b36000-557251b57000 rw-p 00000000 00:00 0                          [heap]
7f5304000000-7f5304021000 rw-p 00000000 00:00 0 
7f5304021000-7f5308000000 ---p 00000000 00:00 0 
7f5308000000-7f5308021000 rw-p 00000000 00:00 0 
7f5308021000-7f530c000000 ---p 00000000 00:00 0 
7f530c000000-7f530c101000 rw-p 00000000 00:00 0 
7f530c101000-7f5310000000 ---p 00000000 00:00 0 
7f5311a77000-7f5311a82000 r-xp 00000000 08:03 1056662                    /usr/lib/x86_64-linux-gnu/libjbig.so.0
7f5311a82000-7f5311c81000 ---p 0000b000 08:03 1056662                    /usr/lib/x86_64-linux-gnu/libjbig.so.0
7f5311c81000-7f5311c82000 r--p 0000a000 08:03 1056662                    /usr/lib/x86_64-linux-gnu/libjbig.so.0
7f5311c82000-7f5311c85000 rw-p 0000b000 08:03 1056662                    /usr/lib/x86_64-linux-gnu/libjbig.so.0
7f5311c85000-7f5311ca9000 r-xp 00000000 08:03 1445099                    /lib/x86_64-linux-gnu/liblzma.so.5.2.2
7f5311ca9000-7f5311ea9000 ---p 00024000 08:03 1445099                    /lib/x86_64-linux-gnu/liblzma.so.5.2.2
7f5311ea9000-7f5311eaa000 r--p 00024000 08:03 1445099                    /lib/x86_64-linux-gnu/liblzma.so.5.2.2
7f5311eaa000-7f5311eab000 rw-p 00025000 08:03 1445099                    /lib/x86_64-linux-gnu/liblzma.so.5.2.2
7f5311eab000-7f5311eff000 r-xp 00000000 08:03 1056845                    /usr/lib/x86_64-linux-gnu/libopenjp2.so.2.3.0
7f5311eff000-7f53120ff000 ---p 00054000 08:03 1056845                    /usr/lib/x86_64-linux-gnu/libopenjp2.so.2.3.0
7f53120ff000-7f5312100000 r--p 00054000 08:03 1056845                    /usr/lib/x86_64-linux-gnu/libopenjp2.so.2.3.0
7f5312100000-7f5312101000 rw-p 00055000 08:03 1056845                    /usr/lib/x86_64-linux-gnu/libopenjp2.so.2.3.0
7f5312101000-7f5312167000 r-xp 00000000 08:03 1047223                    /usr/lib/x86_64-linux-gnu/libwebp.so.6.0.2
7f5312167000-7f5312366000 ---p 00066000 08:03 1047223                    /usr/lib/x86_64-linux-gnu/libwebp.so.6.0.2
7f5312366000-7f5312367000 r--p 00065000 08:03 1047223                    /usr/lib/x86_64-linux-gnu/libwebp.so.6.0.2
7f5312367000-7f5312368000 rw-p 00066000 08:03 1047223                    /usr/lib/x86_64-linux-gnu/libwebp.so.6.0.2
7f5312368000-7f531236a000 rw-p 00000000 00:00 0 
7f531236a000-7f53123dd000 r-xp 00000000 08:03 1047057                    /usr/lib/x86_64-linux-gnu/libtiff.so.5.3.0
7f53123dd000-7f53125dc000 ---p 00073000 08:03 1047057                    /usr/lib/x86_64-linux-gnu/libtiff.so.5.3.0
7f53125dc000-7f53125e0000 r--p 00072000 08:03 1047057                    /usr/lib/x86_64-linux-gnu/libtiff.so.5.3.0
7f53125e0000-7f53125e1000 rw-p 00076000 08:03 1047057                    /usr/lib/x86_64-linux-gnu/libtiff.so.5.3.0
7f53125e1000-7f53125e9000 r-xp 00000000 08:03 1056416                    /usr/lib/x86_64-linux-gnu/libgif.so.7.0.0
7f53125e9000-7f53127e8000 ---p 00008000 08:03 1056416                    /usr/lib/x86_64-linux-gnu/libgif.so.7.0.0
7f53127e8000-7f53127e9000 r--p 00007000 08:03 1056416                    /usr/lib/x86_64-linux-gnu/libgif.so.7.0.0
7f53127e9000-7f53127ea000 rw-p 00008000 08:03 1056416                    /usr/lib/x86_64-linux-gnu/libgif.so.7.0.0
7f53127ea000-7f5312851000 r-xp 00000000 08:03 1046712                    /usr/lib/x86_64-linux-gnu/libjpeg.so.8.1.2
7f5312851000-7f5312a50000 ---p 00067000 08:03 1046712                    /usr/lib/x86_64-linux-gnu/libjpeg.so.8.1.2
7f5312a50000-7f5312a51000 r--p 00066000 08:03 1046712                    /usr/lib/x86_64-linux-gnu/libjpeg.so.8.1.2
7f5312a51000-7f5312a52000 rw-p 00067000 08:03 1046712                    /usr/lib/x86_64-linux-gnu/libjpeg.so.8.1.2
7f5312a52000-7f5312a83000 r-xp 00000000 08:03 1056918                    /usr/lib/x86_64-linux-gnu/libpng16.so.16.34.0
7f5312a83000-7f5312c82000 ---p 00031000 08:03 1056918                    /usr/lib/x86_64-linux-gnu/libpng16.so.16.34.0
7f5312c82000-7f5312c83000 r--p 00030000 08:03 1056918                    /usr/lib/x86_64-linux-gnu/libpng16.so.16.34.0
7f5312c83000-7f5312c84000 rw-p 00031000 08:03 1056918                    /usr/lib/x86_64-linux-gnu/libpng16.so.16.34.0
7f5312c84000-7f5312cb2000 r-xp 00000000 08:03 1049624                    /usr/lib/x86_64-linux-gnu/libgomp.so.1.0.0
7f5312cb2000-7f5312eb1000 ---p 0002e000 08:03 1049624                    /usr/lib/x86_64-linux-gnu/libgomp.so.1.0.0
7f5312eb1000-7f5312eb2000 r--p 0002d000 08:03 1049624                    /usr/lib/x86_64-linux-gnu/libgomp.so.1.0.0
7f5312eb2000-7f5312eb3000 rw-p 0002e000 08:03 1049624                    /usr/lib/x86_64-linux-gnu/libgomp.so.1.0.0
7f5312eb3000-7f531310f000 r-xp 00000000 08:03 1046789                    /usr/lib/x86_64-linux-gnu/liblept.so.5.0.2
7f531310f000-7f531330e000 ---p 0025c000 08:03 1046789                    /usr/lib/x86_64-linux-gnu/liblept.so.5.0.2
7f531330e000-7f531330f000 r--p 0025b000 08:03 1046789                    /usr/lib/x86_64-linux-gnu/liblept.so.5.0.2
7f531330f000-7f5313315000 rw-p 0025c000 08:03 1046789                    /usr/lib/x86_64-linux-gnu/liblept.so.5.0.2
7f5313315000-7f5313622000 r-xp 00000000 08:03 1049117                    /usr/lib/x86_64-linux-gnu/libtesseract.so.4.0.0
7f5313622000-7f5313821000 ---p 0030d000 08:03 1049117                    /usr/lib/x86_64-linux-gnu/libtesseract.so.4.0.0
7f5313821000-7f5313826000 r--p 0030c000 08:03 1049117                    /usr/lib/x86_64-linux-gnu/libtesseract.so.4.0.0
7f5313826000-7f5313827000 rw-p 00311000 08:03 1049117                    /usr/lib/x86_64-linux-gnu/libtesseract.so.4.0.0
7f5313827000-7f5313acb000 rw-p 00000000 00:00 0 
7f5313acb000-7f5313ae9000 r-xp 00000000 08:04 932541                     /home/dmitry/.cache/JNA/temp/jna2199455328098171159.tmp (deleted)
7f5313ae9000-7f5313ce8000 ---p 0001e000 08:04 932541                     /home/dmitry/.cache/JNA/temp/jna2199455328098171159.tmp (deleted)
7f5313ce8000-7f5313ce9000 rw-p 0001d000 08:04 932541                     /home/dmitry/.cache/JNA/temp/jna2199455328098171159.tmp (deleted)
7f5313ce9000-7f5313cea000 rw-p 00000000 00:00 0 
7f5313cea000-7f5313cee000 ---p 00000000 00:00 0 
7f5313cee000-7f5313deb000 rw-p 00000000 00:00 0 
7f5313deb000-7f5313dfe000 r-xp 00000000 08:03 1460576                    /lib/x86_64-linux-gnu/libbsd.so.0.8.7
7f5313dfe000-7f5313ffd000 ---p 00013000 08:03 1460576                    /lib/x86_64-linux-gnu/libbsd.so.0.8.7
7f5313ffd000-7f5313ffe000 r--p 00012000 08:03 1460576                    /lib/x86_64-linux-gnu/libbsd.so.0.8.7
7f5313ffe000-7f5313fff000 rw-p 00013000 08:03 1460576                    /lib/x86_64-linux-gnu/libbsd.so.0.8.7
7f5313fff000-7f5314000000 rw-p 00000000 00:00 0 
7f5314000000-7f5314021000 rw-p 00000000 00:00 0 
7f5314021000-7f5318000000 ---p 00000000 00:00 0 
7f5318000000-7f5318021000 rw-p 00000000 00:00 0 
7f5318021000-7f531c000000 ---p 00000000 00:00 0 
7f531c000000-7f531c021000 rw-p 00000000 00:00 0 
7f531c021000-7f5320000000 ---p 00000000 00:00 0 
7f5320000000-7f5320021000 rw-p 00000000 00:00 0 
7f5320021000-7f5324000000 ---p 00000000 00:00 0 
7f5324000000-7f5324384000 rw-p 00000000 00:00 0 
7f5324384000-7f5328000000 ---p 00000000 00:00 0 
7f5328000000-7f5328219000 rw-p 00000000 00:00 0 
7f5328219000-7f532c000000 ---p 00000000 00:00 0 
7f532c000000-7f532c021000 rw-p 00000000 00:00 0 
7f532c021000-7f5330000000 ---p 00000000 00:00 0 
7f5330000000-7f5330021000 rw-p 00000000 00:00 0 
7f5330021000-7f5334000000 ---p 00000000 00:00 0 
7f5334000000-7f5334021000 rw-p 00000000 00:00 0 
7f5334021000-7f5338000000 ---p 00000000 00:00 0 
7f5338000000-7f5338021000 rw-p 00000000 00:00 0 
7f5338021000-7f533c000000 ---p 00000000 00:00 0 
7f533c000000-7f533c021000 rw-p 00000000 00:00 0 
7f533c021000-7f5340000000 ---p 00000000 00:00 0 
7f5340000000-7f5340021000 rw-p 00000000 00:00 0 
7f5340021000-7f5344000000 ---p 00000000 00:00 0 
7f5344000000-7f5344021000 rw-p 00000000 00:00 0 
7f5344021000-7f5348000000 ---p 00000000 00:00 0 
7f5348000000-7f5348021000 rw-p 00000000 00:00 0 
7f5348021000-7f534c000000 ---p 00000000 00:00 0 
7f534c005000-7f534c009000 ---p 00000000 00:00 0 
7f534c009000-7f534c106000 rw-p 00000000 00:00 0 
7f534c106000-7f534c10b000 r-xp 00000000 08:03 1055915                    /usr/lib/x86_64-linux-gnu/libXdmcp.so.6.0.0
7f534c10b000-7f534c30a000 ---p 00005000 08:03 1055915                    /usr/lib/x86_64-linux-gnu/libXdmcp.so.6.0.0
7f534c30a000-7f534c30b000 r--p 00004000 08:03 1055915                    /usr/lib/x86_64-linux-gnu/libXdmcp.so.6.0.0
7f534c30b000-7f534c30c000 rw-p 00005000 08:03 1055915                    /usr/lib/x86_64-linux-gnu/libXdmcp.so.6.0.0
7f534c30c000-7f534c30e000 r-xp 00000000 08:03 1047740                    /usr/lib/x86_64-linux-gnu/libXau.so.6.0.0
7f534c30e000-7f534c50e000 ---p 00002000 08:03 1047740                    /usr/lib/x86_64-linux-gnu/libXau.so.6.0.0
7f534c50e000-7f534c50f000 r--p 00002000 08:03 1047740                    /usr/lib/x86_64-linux-gnu/libXau.so.6.0.0
7f534c50f000-7f534c510000 rw-p 00003000 08:03 1047740                    /usr/lib/x86_64-linux-gnu/libXau.so.6.0.0
7f534c510000-7f534c536000 r-xp 00000000 08:03 1057277                    /usr/lib/x86_64-linux-gnu/libxcb.so.1.1.0
7f534c536000-7f534c736000 ---p 00026000 08:03 1057277                    /usr/lib/x86_64-linux-gnu/libxcb.so.1.1.0
7f534c736000-7f534c737000 r--p 00026000 08:03 1057277                    /usr/lib/x86_64-linux-gnu/libxcb.so.1.1.0
7f534c737000-7f534c738000 rw-p 00027000 08:03 1057277                    /usr/lib/x86_64-linux-gnu/libxcb.so.1.1.0
7f534c738000-7f534c747000 r-xp 00000000 08:03 1055925                    /usr/lib/x86_64-linux-gnu/libXi.so.6.1.0
7f534c747000-7f534c946000 ---p 0000f000 08:03 1055925                    /usr/lib/x86_64-linux-gnu/libXi.so.6.1.0
7f534c946000-7f534c947000 r--p 0000e000 08:03 1055925                    /usr/lib/x86_64-linux-gnu/libXi.so.6.1.0
7f534c947000-7f534c948000 rw-p 0000f000 08:03 1055925                    /usr/lib/x86_64-linux-gnu/libXi.so.6.1.0
7f534c948000-7f534c94d000 r-xp 00000000 08:03 1055943                    /usr/lib/x86_64-linux-gnu/libXtst.so.6.1.0
7f534c94d000-7f534cb4c000 ---p 00005000 08:03 1055943                    /usr/lib/x86_64-linux-gnu/libXtst.so.6.1.0
7f534cb4c000-7f534cb4d000 r--p 00004000 08:03 1055943                    /usr/lib/x86_64-linux-gnu/libXtst.so.6.1.0
7f534cb4d000-7f534cb4e000 rw-p 00005000 08:03 1055943                    /usr/lib/x86_64-linux-gnu/libXtst.so.6.1.0
7f534cb4e000-7f534cb57000 r-xp 00000000 08:03 1055937                    /usr/lib/x86_64-linux-gnu/libXrender.so.1.3.0
7f534cb57000-7f534cd56000 ---p 00009000 08:03 1055937                    /usr/lib/x86_64-linux-gnu/libXrender.so.1.3.0
7f534cd56000-7f534cd57000 r--p 00008000 08:03 1055937                    /usr/lib/x86_64-linux-gnu/libXrender.so.1.3.0
7f534cd57000-7f534cd58000 rw-p 00009000 08:03 1055937                    /usr/lib/x86_64-linux-gnu/libXrender.so.1.3.0
7f534cd58000-7f534ce8b000 r-xp 00000000 08:03 1047403                    /usr/lib/x86_64-linux-gnu/libX11.so.6.3.0
7f534ce8b000-7f534d08b000 ---p 00133000 08:03 1047403                    /usr/lib/x86_64-linux-gnu/libX11.so.6.3.0
7f534d08b000-7f534d08c000 r--p 00133000 08:03 1047403                    /usr/lib/x86_64-linux-gnu/libX11.so.6.3.0
7f534d08c000-7f534d090000 rw-p 00134000 08:03 1047403                    /usr/lib/x86_64-linux-gnu/libX11.so.6.3.0
7f534d090000-7f534d0a1000 r-xp 00000000 08:03 1055917                    /usr/lib/x86_64-linux-gnu/libXext.so.6.4.0
7f534d0a1000-7f534d2a0000 ---p 00011000 08:03 1055917                    /usr/lib/x86_64-linux-gnu/libXext.so.6.4.0
7f534d2a0000-7f534d2a1000 r--p 00010000 08:03 1055917                    /usr/lib/x86_64-linux-gnu/libXext.so.6.4.0
7f534d2a1000-7f534d2a2000 rw-p 00011000 08:03 1055917                    /usr/lib/x86_64-linux-gnu/libXext.so.6.4.0
7f534d2a2000-7f534d300000 r-xp 00000000 08:03 1046689                    /usr/lib/jvm/java-11-openjdk-amd64/lib/libawt_xawt.so
7f534d300000-7f534d500000 ---p 0005e000 08:03 1046689                    /usr/lib/jvm/java-11-openjdk-amd64/lib/libawt_xawt.so
7f534d500000-7f534d501000 r--p 0005e000 08:03 1046689                    /usr/lib/jvm/java-11-openjdk-amd64/lib/libawt_xawt.so
7f534d501000-7f534d503000 rw-p 0005f000 08:03 1046689                    /usr/lib/jvm/java-11-openjdk-amd64/lib/libawt_xawt.so
7f534d503000-7f534d505000 rw-p 00000000 00:00 0 
7f534d505000-7f534d5a3000 r-xp 00000000 08:03 1059552                    /usr/lib/jvm/java-11-openjdk-amd64/lib/libawt.so
7f534d5a3000-7f534d7a2000 ---p 0009e000 08:03 1059552                    /usr/lib/jvm/java-11-openjdk-amd64/lib/libawt.so
7f534d7a2000-7f534d7a3000 r--p 0009d000 08:03 1059552                    /usr/lib/jvm/java-11-openjdk-amd64/lib/libawt.so
7f534d7a3000-7f534d7ae000 rw-p 0009e000 08:03 1059552                    /usr/lib/jvm/java-11-openjdk-amd64/lib/libawt.so
7f534d7ae000-7f534d7d3000 rw-p 00000000 00:00 0 
7f534d7d3000-7f534d7d5000 r-xp 00000000 08:03 1059555                    /usr/lib/jvm/java-11-openjdk-amd64/lib/libextnet.so
7f534d7d5000-7f534d9d4000 ---p 00002000 08:03 1059555                    /usr/lib/jvm/java-11-openjdk-amd64/lib/libextnet.so
7f534d9d4000-7f534d9d5000 r--p 00001000 08:03 1059555                    /usr/lib/jvm/java-11-openjdk-amd64/lib/libextnet.so
7f534d9d5000-7f534d9d6000 rw-p 00002000 08:03 1059555                    /usr/lib/jvm/java-11-openjdk-amd64/lib/libextnet.so
7f534d9d6000-7f534d9d7000 ---p 00000000 00:00 0 
7f534d9d7000-7f534dad8000 rw-p 00000000 00:00 0 
7f534dad8000-7f534dadc000 ---p 00000000 00:00 0 
7f534dadc000-7f534dbd9000 rw-p 00000000 00:00 0 
7f534dbd9000-7f534dbee000 r-xp 00000000 08:03 1103086                    /usr/lib/jvm/java-11-openjdk-amd64/lib/libnet.so
7f534dbee000-7f534dded000 ---p 00015000 08:03 1103086                    /usr/lib/jvm/java-11-openjdk-amd64/lib/libnet.so
7f534dded000-7f534ddee000 r--p 00014000 08:03 1103086                    /usr/lib/jvm/java-11-openjdk-amd64/lib/libnet.so
7f534ddee000-7f534ddef000 rw-p 00015000 08:03 1103086                    /usr/lib/jvm/java-11-openjdk-amd64/lib/libnet.so
7f534ddef000-7f534ddff000 r-xp 00000000 08:03 1103087                    /usr/lib/jvm/java-11-openjdk-amd64/lib/libnio.so
7f534ddff000-7f534dffe000 ---p 00010000 08:03 1103087                    /usr/lib/jvm/java-11-openjdk-amd64/lib/libnio.so
7f534dffe000-7f534dfff000 r--p 0000f000 08:03 1103087                    /usr/lib/jvm/java-11-openjdk-amd64/lib/libnio.so
7f534dfff000-7f534e000000 rw-p 00010000 08:03 1103087                    /usr/lib/jvm/java-11-openjdk-amd64/lib/libnio.so
7f534e000000-7f5350000000 rw-p 00000000 00:00 0 
7f5350000000-7f5350021000 rw-p 00000000 00:00 0 
7f5350021000-7f5354000000 ---p 00000000 00:00 0 
7f5354089000-7f535408d000 ---p 00000000 00:00 0 
7f535408d000-7f535418a000 rw-p 00000000 00:00 0 
7f535418a000-7f535418e000 ---p 00000000 00:00 0 
7f535418e000-7f535428b000 rw-p 00000000 00:00 0 
7f535428b000-7f535428f000 ---p 00000000 00:00 0 
7f535428f000-7f535438c000 rw-p 00000000 00:00 0 
7f535438c000-7f5354390000 ---p 00000000 00:00 0 
7f5354390000-7f535448d000 rw-p 00000000 00:00 0 
7f535448d000-7f5354491000 ---p 00000000 00:00 0 
7f5354491000-7f535458e000 rw-p 00000000 00:00 0 
7f535458e000-7f5354592000 ---p 00000000 00:00 0 
7f5354592000-7f535468f000 rw-p 00000000 00:00 0 
7f535468f000-7f5354aa0000 r--p 00000000 08:03 1047807                    /usr/lib/locale/locale-archive
7f5354aa0000-7f5354fe0000 rw-p 00000000 00:00 0 
7f5354fe0000-7f53552a0000 ---p 00000000 00:00 0 
7f53552a0000-7f5355410000 rw-p 00000000 00:00 0 
7f5355410000-7f5356948000 ---p 00000000 00:00 0 
7f5356948000-7f5356ac0000 rw-p 00000000 00:00 0 
7f5356ac0000-7f5357ff8000 ---p 00000000 00:00 0 
7f5357ff8000-7f5358000000 rw-p 00000000 00:00 0 
7f5358000000-7f5358021000 rw-p 00000000 00:00 0 
7f5358021000-7f535c000000 ---p 00000000 00:00 0 
7f535c0b2000-7f535c0b6000 ---p 00000000 00:00 0 
7f535c0b6000-7f535c1b3000 rw-p 00000000 00:00 0 
7f535c1b3000-7f535c1b7000 ---p 00000000 00:00 0 
7f535c1b7000-7f535c2b4000 rw-p 00000000 00:00 0 
7f535c2b4000-7f535c2b5000 ---p 00000000 00:00 0 
7f535c2b5000-7f535c437000 rw-p 00000000 00:00 0 
7f535c437000-7f535c438000 ---p 00000000 00:00 0 
7f535c438000-7f535c539000 rw-p 00000000 00:00 0 
7f535c539000-7f535c53a000 ---p 00000000 00:00 0 
7f535c53a000-7f535c83d000 rw-p 00000000 00:00 0 
7f535c83d000-7f535caad000 rwxp 00000000 00:00 0 
7f535caad000-7f535cdcd000 ---p 00000000 00:00 0 
7f535cdcd000-7f535d03d000 rwxp 00000000 00:00 0 
7f535d03d000-7f5364305000 ---p 00000000 00:00 0 
7f5364305000-7f5364575000 rwxp 00000000 00:00 0 
7f5364575000-7f536b83d000 ---p 00000000 00:00 0 
7f536b83d000-7f5374000000 r--s 00000000 08:03 1103096                    /usr/lib/jvm/java-11-openjdk-amd64/lib/modules
7f5374000000-7f5374772000 rw-p 00000000 00:00 0 
7f5374772000-7f5378000000 ---p 00000000 00:00 0 
7f5378035000-7f5378039000 ---p 00000000 00:00 0 
7f5378039000-7f5378259000 rw-p 00000000 00:00 0 
7f5378259000-7f537825a000 ---p 00000000 00:00 0 
7f537825a000-7f537835b000 rw-p 00000000 00:00 0 
7f537835b000-7f537835c000 ---p 00000000 00:00 0 
7f537835c000-7f537848b000 rw-p 00000000 00:00 0 
7f537848b000-7f5378732000 ---p 00000000 00:00 0 
7f5378732000-7f5378761000 rw-p 00000000 00:00 0 
7f5378761000-7f5378a08000 ---p 00000000 00:00 0 
7f5378a08000-7f5378a37000 rw-p 00000000 00:00 0 
7f5378a37000-7f5378cde000 ---p 00000000 00:00 0 
7f5378cde000-7f53790e3000 rw-p 00000000 00:00 0 
7f53790e3000-7f53790e4000 ---p 00000000 00:00 0 
7f53790e4000-7f53791ea000 rw-p 00000000 00:00 0 
7f53791ea000-7f53792d0000 ---p 00000000 00:00 0 
7f53792d0000-7f53792d5000 rw-p 00000000 00:00 0 
7f53792d5000-7f53793bb000 ---p 00000000 00:00 0 
7f53793bb000-7f53793c2000 r-xp 00000000 08:03 1103095                    /usr/lib/jvm/java-11-openjdk-amd64/lib/libzip.so
7f53793c2000-7f53795c2000 ---p 00007000 08:03 1103095                    /usr/lib/jvm/java-11-openjdk-amd64/lib/libzip.so
7f53795c2000-7f53795c3000 r--p 00007000 08:03 1103095                    /usr/lib/jvm/java-11-openjdk-amd64/lib/libzip.so
7f53795c3000-7f53795c4000 rw-p 00008000 08:03 1103095                    /usr/lib/jvm/java-11-openjdk-amd64/lib/libzip.so
7f53795c4000-7f53795cf000 r-xp 00000000 08:03 1442762                    /lib/x86_64-linux-gnu/libnss_files-2.27.so
7f53795cf000-7f53797ce000 ---p 0000b000 08:03 1442762                    /lib/x86_64-linux-gnu/libnss_files-2.27.so
7f53797ce000-7f53797cf000 r--p 0000a000 08:03 1442762                    /lib/x86_64-linux-gnu/libnss_files-2.27.so
7f53797cf000-7f53797d0000 rw-p 0000b000 08:03 1442762                    /lib/x86_64-linux-gnu/libnss_files-2.27.so
7f53797d0000-7f53797d6000 rw-p 00000000 00:00 0 
7f53797d6000-7f53797ed000 r-xp 00000000 08:03 1442756                    /lib/x86_64-linux-gnu/libnsl-2.27.so
7f53797ed000-7f53799ec000 ---p 00017000 08:03 1442756                    /lib/x86_64-linux-gnu/libnsl-2.27.so
7f53799ec000-7f53799ed000 r--p 00016000 08:03 1442756                    /lib/x86_64-linux-gnu/libnsl-2.27.so
7f53799ed000-7f53799ee000 rw-p 00017000 08:03 1442756                    /lib/x86_64-linux-gnu/libnsl-2.27.so
7f53799ee000-7f53799f0000 rw-p 00000000 00:00 0 
7f53799f0000-7f53799fb000 r-xp 00000000 08:03 1442766                    /lib/x86_64-linux-gnu/libnss_nis-2.27.so
7f53799fb000-7f5379bfa000 ---p 0000b000 08:03 1442766                    /lib/x86_64-linux-gnu/libnss_nis-2.27.so
7f5379bfa000-7f5379bfb000 r--p 0000a000 08:03 1442766                    /lib/x86_64-linux-gnu/libnss_nis-2.27.so
7f5379bfb000-7f5379bfc000 rw-p 0000b000 08:03 1442766                    /lib/x86_64-linux-gnu/libnss_nis-2.27.so
7f5379bfc000-7f5379c04000 r-xp 00000000 08:03 1442758                    /lib/x86_64-linux-gnu/libnss_compat-2.27.so
7f5379c04000-7f5379e04000 ---p 00008000 08:03 1442758                    /lib/x86_64-linux-gnu/libnss_compat-2.27.so
7f5379e04000-7f5379e05000 r--p 00008000 08:03 1442758                    /lib/x86_64-linux-gnu/libnss_compat-2.27.so
7f5379e05000-7f5379e06000 rw-p 00009000 08:03 1442758                    /lib/x86_64-linux-gnu/libnss_compat-2.27.so
7f5379e06000-7f5379e10000 r-xp 00000000 08:03 1059557                    /usr/lib/jvm/java-11-openjdk-amd64/lib/libinstrument.so
7f5379e10000-7f537a00f000 ---p 0000a000 08:03 1059557                    /usr/lib/jvm/java-11-openjdk-amd64/lib/libinstrument.so
7f537a00f000-7f537a010000 r--p 00009000 08:03 1059557                    /usr/lib/jvm/java-11-openjdk-amd64/lib/libinstrument.so
7f537a010000-7f537a011000 rw-p 0000a000 08:03 1059557                    /usr/lib/jvm/java-11-openjdk-amd64/lib/libinstrument.so
7f537a011000-7f537a016000 r-xp 00000000 08:03 1103078                    /usr/lib/jvm/java-11-openjdk-amd64/lib/libjimage.so
7f537a016000-7f537a215000 ---p 00005000 08:03 1103078                    /usr/lib/jvm/java-11-openjdk-amd64/lib/libjimage.so
7f537a215000-7f537a216000 r--p 00004000 08:03 1103078                    /usr/lib/jvm/java-11-openjdk-amd64/lib/libjimage.so
7f537a216000-7f537a217000 rw-p 00005000 08:03 1103078                    /usr/lib/jvm/java-11-openjdk-amd64/lib/libjimage.so
7f537a217000-7f537a23f000 r-xp 00000000 08:03 1059562                    /usr/lib/jvm/java-11-openjdk-amd64/lib/libjava.so
7f537a23f000-7f537a43f000 ---p 00028000 08:03 1059562                    /usr/lib/jvm/java-11-openjdk-amd64/lib/libjava.so
7f537a43f000-7f537a440000 r--p 00028000 08:03 1059562                    /usr/lib/jvm/java-11-openjdk-amd64/lib/libjava.so
7f537a440000-7f537a441000 rw-p 00029000 08:03 1059562                    /usr/lib/jvm/java-11-openjdk-amd64/lib/libjava.so
7f537a441000-7f537a442000 rw-p 00000000 00:00 0 
7f537a442000-7f537a44f000 r-xp 00000000 08:03 1103094                    /usr/lib/jvm/java-11-openjdk-amd64/lib/libverify.so
7f537a44f000-7f537a64e000 ---p 0000d000 08:03 1103094                    /usr/lib/jvm/java-11-openjdk-amd64/lib/libverify.so
7f537a64e000-7f537a650000 r--p 0000c000 08:03 1103094                    /usr/lib/jvm/java-11-openjdk-amd64/lib/libverify.so
7f537a650000-7f537a651000 rw-p 0000e000 08:03 1103094                    /usr/lib/jvm/java-11-openjdk-amd64/lib/libverify.so
7f537a651000-7f537a658000 r-xp 00000000 08:03 1442775                    /lib/x86_64-linux-gnu/librt-2.27.so
7f537a658000-7f537a857000 ---p 00007000 08:03 1442775                    /lib/x86_64-linux-gnu/librt-2.27.so
7f537a857000-7f537a858000 r--p 00006000 08:03 1442775                    /lib/x86_64-linux-gnu/librt-2.27.so
7f537a858000-7f537a859000 rw-p 00007000 08:03 1442775                    /lib/x86_64-linux-gnu/librt-2.27.so
7f537a859000-7f537a870000 r-xp 00000000 08:03 1444715                    /lib/x86_64-linux-gnu/libgcc_s.so.1
7f537a870000-7f537aa6f000 ---p 00017000 08:03 1444715                    /lib/x86_64-linux-gnu/libgcc_s.so.1
7f537aa6f000-7f537aa70000 r--p 00016000 08:03 1444715                    /lib/x86_64-linux-gnu/libgcc_s.so.1
7f537aa70000-7f537aa71000 rw-p 00017000 08:03 1444715                    /lib/x86_64-linux-gnu/libgcc_s.so.1
7f537aa71000-7f537ac0e000 r-xp 00000000 08:03 1442750                    /lib/x86_64-linux-gnu/libm-2.27.so
7f537ac0e000-7f537ae0d000 ---p 0019d000 08:03 1442750                    /lib/x86_64-linux-gnu/libm-2.27.so
7f537ae0d000-7f537ae0e000 r--p 0019c000 08:03 1442750                    /lib/x86_64-linux-gnu/libm-2.27.so
7f537ae0e000-7f537ae0f000 rw-p 0019d000 08:03 1442750                    /lib/x86_64-linux-gnu/libm-2.27.so
7f537ae0f000-7f537af88000 r-xp 00000000 08:03 1049420                    /usr/lib/x86_64-linux-gnu/libstdc++.so.6.0.25
7f537af88000-7f537b188000 ---p 00179000 08:03 1049420                    /usr/lib/x86_64-linux-gnu/libstdc++.so.6.0.25
7f537b188000-7f537b192000 r--p 00179000 08:03 1049420                    /usr/lib/x86_64-linux-gnu/libstdc++.so.6.0.25
7f537b192000-7f537b194000 rw-p 00183000 08:03 1049420                    /usr/lib/x86_64-linux-gnu/libstdc++.so.6.0.25
7f537b194000-7f537b198000 rw-p 00000000 00:00 0 
7f537b198000-7f537c291000 r-xp 00000000 08:03 1103099                    /usr/lib/jvm/java-11-openjdk-amd64/lib/server/libjvm.so
7f537c291000-7f537c490000 ---p 010f9000 08:03 1103099                    /usr/lib/jvm/java-11-openjdk-amd64/lib/server/libjvm.so
7f537c490000-7f537c554000 r--p 010f8000 08:03 1103099                    /usr/lib/jvm/java-11-openjdk-amd64/lib/server/libjvm.so
7f537c554000-7f537c58f000 rw-p 011bc000 08:03 1103099                    /usr/lib/jvm/java-11-openjdk-amd64/lib/server/libjvm.so
7f537c58f000-7f537c5e6000 rw-p 00000000 00:00 0 
7f537c5e6000-7f537c600000 r-xp 00000000 08:03 1442772                    /lib/x86_64-linux-gnu/libpthread-2.27.so
7f537c600000-7f537c7ff000 ---p 0001a000 08:03 1442772                    /lib/x86_64-linux-gnu/libpthread-2.27.so
7f537c7ff000-7f537c800000 r--p 00019000 08:03 1442772                    /lib/x86_64-linux-gnu/libpthread-2.27.so
7f537c800000-7f537c801000 rw-p 0001a000 08:03 1442772                    /lib/x86_64-linux-gnu/libpthread-2.27.so
7f537c801000-7f537c805000 rw-p 00000000 00:00 0 
7f537c805000-7f537c808000 r-xp 00000000 08:03 1442748                    /lib/x86_64-linux-gnu/libdl-2.27.so
7f537c808000-7f537ca07000 ---p 00003000 08:03 1442748                    /lib/x86_64-linux-gnu/libdl-2.27.so
7f537ca07000-7f537ca08000 r--p 00002000 08:03 1442748                    /lib/x86_64-linux-gnu/libdl-2.27.so
7f537ca08000-7f537ca09000 rw-p 00003000 08:03 1442748                    /lib/x86_64-linux-gnu/libdl-2.27.so
7f537ca09000-7f537ca25000 r-xp 00000000 08:03 1445213                    /lib/x86_64-linux-gnu/libz.so.1.2.11
7f537ca25000-7f537cc24000 ---p 0001c000 08:03 1445213                    /lib/x86_64-linux-gnu/libz.so.1.2.11
7f537cc24000-7f537cc25000 r--p 0001b000 08:03 1445213                    /lib/x86_64-linux-gnu/libz.so.1.2.11
7f537cc25000-7f537cc26000 rw-p 0001c000 08:03 1445213                    /lib/x86_64-linux-gnu/libz.so.1.2.11
7f537cc26000-7f537ce0d000 r-xp 00000000 08:03 1442742                    /lib/x86_64-linux-gnu/libc-2.27.so
7f537ce0d000-7f537d00d000 ---p 001e7000 08:03 1442742                    /lib/x86_64-linux-gnu/libc-2.27.so
7f537d00d000-7f537d011000 r--p 001e7000 08:03 1442742                    /lib/x86_64-linux-gnu/libc-2.27.so
7f537d011000-7f537d013000 rw-p 001eb000 08:03 1442742                    /lib/x86_64-linux-gnu/libc-2.27.so
7f537d013000-7f537d017000 rw-p 00000000 00:00 0 
7f537d017000-7f537d026000 r-xp 00000000 08:03 1059547                    /usr/lib/jvm/java-11-openjdk-amd64/lib/jli/libjli.so
7f537d026000-7f537d225000 ---p 0000f000 08:03 1059547                    /usr/lib/jvm/java-11-openjdk-amd64/lib/jli/libjli.so
7f537d225000-7f537d226000 r--p 0000e000 08:03 1059547                    /usr/lib/jvm/java-11-openjdk-amd64/lib/jli/libjli.so
7f537d226000-7f537d227000 rw-p 0000f000 08:03 1059547                    /usr/lib/jvm/java-11-openjdk-amd64/lib/jli/libjli.so
7f537d227000-7f537d250000 r-xp 00000000 08:03 1442677                    /lib/x86_64-linux-gnu/ld-2.27.so
7f537d271000-7f537d2a1000 r--p 00000000 08:03 1342963                    /usr/share/locale-langpack/ru/LC_MESSAGES/libc.mo
7f537d2a1000-7f537d32d000 rw-p 00000000 00:00 0 
7f537d32d000-7f537d331000 ---p 00000000 00:00 0 
7f537d331000-7f537d430000 rw-p 00000000 00:00 0 
7f537d431000-7f537d438000 r--s 00000000 08:03 1220578                    /usr/lib/x86_64-linux-gnu/gconv/gconv-modules.cache
7f537d438000-7f537d43d000 rw-p 00000000 00:00 0 
7f537d43d000-7f537d444000 ---p 00000000 00:00 0 
7f537d444000-7f537d44c000 rw-s 00000000 08:03 671595                     /tmp/hsperfdata_dmitry/22963
7f537d44c000-7f537d44d000 ---p 00000000 00:00 0 
7f537d44d000-7f537d44e000 r--p 00000000 00:00 0 
7f537d44e000-7f537d450000 rw-p 00000000 00:00 0 
7f537d450000-7f537d451000 r--p 00029000 08:03 1442677                    /lib/x86_64-linux-gnu/ld-2.27.so
7f537d451000-7f537d452000 rw-p 0002a000 08:03 1442677                    /lib/x86_64-linux-gnu/ld-2.27.so
7f537d452000-7f537d453000 rw-p 00000000 00:00 0 
7ffc0ef94000-7ffc0efb6000 rw-p 00000000 00:00 0                          [stack]
7ffc0efc8000-7ffc0efcb000 r--p 00000000 00:00 0                          [vvar]
7ffc0efcb000-7ffc0efcc000 r-xp 00000000 00:00 0                          [vdso]
ffffffffff600000-ffffffffff601000 --xp 00000000 00:00 0                  [vsyscall]


VM Arguments:
jvm_args: -javaagent:/home/dmitry/Programs/apps/IDEA-C/ch-0/213.7172.25/lib/idea_rt.jar=35389:/home/dmitry/Programs/apps/IDEA-C/ch-0/213.7172.25/bin -Dfile.encoding=UTF-8 
java_command: MainKt
java_class_path (initial): /home/dmitry/Документы/IdeaProjects/sudoky/build/classes/kotlin/main:/home/dmitry/.gradle/caches/modules-2/files-2.1/org.jetbrains.kotlin/kotlin-stdlib-jdk8/1.5.10/3f4af7aff21c4ec46e3cdd645639d0a63a68d3d0/kotlin-stdlib-jdk8-1.5.10.jar:/home/dmitry/.gradle/caches/modules-2/files-2.1/net.sourceforge.tess4j/tess4j/5.1.1/e574ec7e29f7395216a75eaed80196ab5fd0b6c2/tess4j-5.1.1.jar:/home/dmitry/.gradle/caches/modules-2/files-2.1/org.jetbrains.kotlin/kotlin-stdlib-jdk7/1.5.10/c49d0703d16c6cb1526cc07b9b46486da1dd8a60/kotlin-stdlib-jdk7-1.5.10.jar:/home/dmitry/.gradle/caches/modules-2/files-2.1/org.jetbrains.kotlin/kotlin-stdlib/1.5.10/da6a904b132f0402fa4d79169a3c1770598d4702/kotlin-stdlib-1.5.10.jar:/home/dmitry/.gradle/caches/modules-2/files-2.1/net.sourceforge.lept4j/lept4j/1.16.1/bd84a282f8ea431a4fdeca9b72fedee4b20a5b38/lept4j-1.16.1.jar:/home/dmitry/.gradle/caches/modules-2/files-2.1/net.java.dev.jna/jna/5.10.0/7cf4c87dd802db50721db66947aa237d7ad09418/jna-5.10.0.jar:/home/dmitry/.gradle/caches/modules-2/files-2.1/com.github.jai-imageio/jai-imageio-core/1.4.0/fb6d79b929556362a241b2f65a04e538062f0077/jai-imageio-core-1.4.0.jar:/home/dmitry/.gradle/caches/modules-2/files-2.1/org.apache.pdfbox/pdfbox-tools/2.0.25/baf53c291ed43c13a1230de3ce33711f441ab999/pdfbox-tools-2.0.25.jar:/home/dmitry/.gradle/caches/modules-2/files-2.1/org.apache.pdfbox/pdfbox/2.0.25/c18cd03ff3a2dfc3c4a30d3a35173bd2690bcb92/pdfbox-2.0.25.jar:/home/dmitry/.gradle/caches/modules-2/files-2.1/org.apache.pdfbox/jbig2-imageio/3.0.3/1719861ff0b86162c5b391fb4d1084c05ff72b35/jbig2-imageio-3.0.3.jar:/home/dmitry/.gradle/caches/modules-2/files-2.1/commons-io/commons-io/2.11.0/a2503f302b11ebde7ebc3df41daebe0e4eea3689/commons-io-2.11.0.jar:/home/dmitry/.gradle/caches/modules-2/files-2.1/org.jboss/jboss-vfs/3.2.16.Final/3624c3de6f7730903b7d0c604ba0db32d61ec8b9/jboss-vfs-3.2.16.Final.jar:/home/dmitry/.gradle/caches/modules-2/files-2.1/org.slf4j/slf4j-api/1.7.35/517f3a0687490b72d0e5
Launcher Type: SUN_STANDARD

[Global flags]
     intx CICompilerCount                          = 3                                         {product} {ergonomic}
     uint ConcGCThreads                            = 1                                         {product} {ergonomic}
     uint G1ConcRefinementThreads                  = 4                                         {product} {ergonomic}
   size_t G1HeapRegionSize                         = 1048576                                   {product} {ergonomic}
    uintx GCDrainStackTargetSize                   = 64                                        {product} {ergonomic}
   size_t InitialHeapSize                          = 96468992                                  {product} {ergonomic}
   size_t MarkStackSize                            = 4194304                                   {product} {ergonomic}
   size_t MaxHeapSize                              = 1522532352                                {product} {ergonomic}
   size_t MaxNewSize                               = 913309696                                 {product} {ergonomic}
   size_t MinHeapDeltaBytes                        = 1048576                                   {product} {ergonomic}
    uintx NonNMethodCodeHeapSize                   = 5830732                                {pd product} {ergonomic}
    uintx NonProfiledCodeHeapSize                  = 122913754                              {pd product} {ergonomic}
    uintx ProfiledCodeHeapSize                     = 122913754                              {pd product} {ergonomic}
    uintx ReservedCodeCacheSize                    = 251658240                              {pd product} {ergonomic}
     bool SegmentedCodeCache                       = true                                      {product} {ergonomic}
     bool UseCompressedClassPointers               = true                                 {lp64_product} {ergonomic}
     bool UseCompressedOops                        = true                                 {lp64_product} {ergonomic}
     bool UseG1GC                                  = true                                      {product} {ergonomic}

Logging:
Log output configuration:
 #0: stdout all=warning uptime,level,tags
 #1: stderr all=off uptime,level,tags

Environment Variables:
JAVA_HOME=/usr/lib/jvm/jdk1.8.0_241-amd64
PATH=/usr/local/sbin:/usr/local/bin:/usr/sbin:/usr/bin:/sbin:/bin:/usr/games:/usr/local/games:/snap/bin
SHELL=/bin/bash
DISPLAY=:0
LANG=ru_RU.UTF-8

Signal Handlers:
SIGSEGV: [libjvm.so+0xe2a490], sa_mask[0]=11111111011111111101111111111110, sa_flags=SA_RESTART|SA_SIGINFO
SIGBUS: [libjvm.so+0xe2a490], sa_mask[0]=11111111011111111101111111111110, sa_flags=SA_RESTART|SA_SIGINFO
SIGFPE: [libjvm.so+0xe2a490], sa_mask[0]=11111111011111111101111111111110, sa_flags=SA_RESTART|SA_SIGINFO
SIGPIPE: [libjvm.so+0xb80870], sa_mask[0]=11111111011111111101111111111110, sa_flags=SA_RESTART|SA_SIGINFO
SIGXFSZ: [libjvm.so+0xb80870], sa_mask[0]=11111111011111111101111111111110, sa_flags=SA_RESTART|SA_SIGINFO
SIGILL: [libjvm.so+0xe2a490], sa_mask[0]=11111111011111111101111111111110, sa_flags=SA_RESTART|SA_SIGINFO
SIGUSR2: [libjvm.so+0xb80700], sa_mask[0]=00100000000000000000000000000000, sa_flags=SA_RESTART|SA_SIGINFO
SIGHUP: [libjvm.so+0xb80bc0], sa_mask[0]=11111111011111111101111111111110, sa_flags=SA_RESTART|SA_SIGINFO
SIGINT: [libjvm.so+0xb80bc0], sa_mask[0]=11111111011111111101111111111110, sa_flags=SA_RESTART|SA_SIGINFO
SIGTERM: [libjvm.so+0xb80bc0], sa_mask[0]=11111111011111111101111111111110, sa_flags=SA_RESTART|SA_SIGINFO
SIGQUIT: [libjvm.so+0xb80bc0], sa_mask[0]=11111111011111111101111111111110, sa_flags=SA_RESTART|SA_SIGINFO


---------------  S Y S T E M  ---------------

OS:DISTRIB_ID=LinuxMint
DISTRIB_RELEASE=19.3
DISTRIB_CODENAME=tricia
DISTRIB_DESCRIPTION="Linux Mint 19.3 Tricia"
uname:Linux 5.4.0-104-generic #118~18.04.1-Ubuntu SMP Thu Mar 3 13:53:15 UTC 2022 x86_64
OS uptime: 0 days 4:39 hours
libc:glibc 2.27 NPTL 2.27 
rlimit (soft/hard): STACK 8192k/infinity , CORE 0k/infinity , NPROC 22917/22917 , NOFILE 1048576/1048576 , AS infinity/infinity , CPU infinity/infinity , DATA infinity/infinity , FSIZE infinity/infinity , MEMLOCK 65536k/65536k
load average:2,84 2,26 1,77

/proc/meminfo:
MemTotal:        5943256 kB
MemFree:          397024 kB
MemAvailable:    1653008 kB
Buffers:           96920 kB
Cached:          1394756 kB
SwapCached:        26964 kB
Active:          3893132 kB
Inactive:        1250712 kB
Active(anon):    3624184 kB
Inactive(anon):    89712 kB
Active(file):     268948 kB
Inactive(file):  1161000 kB
Unevictable:         552 kB
Mlocked:             544 kB
SwapTotal:       1952764 kB
SwapFree:         866556 kB
Dirty:             14516 kB
Writeback:             0 kB
AnonPages:       3637216 kB
Mapped:           906852 kB
Shmem:             61764 kB
KReclaimable:      76128 kB
Slab:             170564 kB
SReclaimable:      76128 kB
SUnreclaim:        94436 kB
KernelStack:       21520 kB
PageTables:        70908 kB
NFS_Unstable:          0 kB
Bounce:                0 kB
WritebackTmp:          0 kB
CommitLimit:     4924392 kB
Committed_AS:   10523476 kB
VmallocTotal:   34359738367 kB
VmallocUsed:       55224 kB
VmallocChunk:          0 kB
Percpu:             3264 kB
HardwareCorrupted:     0 kB
AnonHugePages:         0 kB
ShmemHugePages:        0 kB
ShmemPmdMapped:        0 kB
FileHugePages:         0 kB
FilePmdMapped:         0 kB
CmaTotal:              0 kB
CmaFree:               0 kB
HugePages_Total:       0
HugePages_Free:        0
HugePages_Rsvd:        0
HugePages_Surp:        0
Hugepagesize:       2048 kB
Hugetlb:               0 kB
DirectMap4k:      435992 kB
DirectMap2M:     5715968 kB

/sys/kernel/mm/transparent_hugepage/enabled:
always [madvise] never
/sys/kernel/mm/transparent_hugepage/defrag (defrag/compaction efforts parameter):
always defer defer+madvise [madvise] never

Process Memory:
Virtual Size: 4510956K (peak: 12936604K)
Resident Set Size: 77504K (peak: 77504K) (anon: 43448K, file: 34056K, shmem: 0K)
Swapped out: 0K
C-Heap outstanding allocations: 12264K

/proc/sys/kernel/threads-max (system-wide limit on the number of threads):
45834
/proc/sys/vm/max_map_count (maximum number of memory map areas a process may have):
65530
/proc/sys/kernel/pid_max (system-wide limit on number of process identifiers):
32768

container (cgroup) information:
container_type: cgroupv1
cpu_cpuset_cpus: 0-3
cpu_memory_nodes: 0
active_processor_count: 4
cpu_quota: -1
cpu_period: 100000
cpu_shares: -1
memory_limit_in_bytes: -1
memory_and_swap_limit_in_bytes: -2
memory_soft_limit_in_bytes: -1
memory_usage_in_bytes: 5260652544
memory_max_usage_in_bytes: 0

Steal ticks since vm start: 0
Steal ticks percentage since vm start:  0,000

CPU:total 4 (initial active 4) (2 cores per cpu, 2 threads per core) family 6 model 58 stepping 9 microcode 0x21, cmov, cx8, fxsr, mmx, sse, sse2, sse3, ssse3, sse4.1, sse4.2, popcnt, avx, aes, clmul, erms, ht, tsc, tscinvbit, tscinv
CPU Model and flags from /proc/cpuinfo:
model name	: Intel(R) Core(TM) i5-3210M CPU @ 2.50GHz
flags		: fpu vme de pse tsc msr pae mce cx8 apic sep mtrr pge mca cmov pat pse36 clflush dts acpi mmx fxsr sse sse2 ss ht tm pbe syscall nx rdtscp lm constant_tsc arch_perfmon pebs bts rep_good nopl xtopology nonstop_tsc cpuid aperfmperf pni pclmulqdq dtes64 monitor ds_cpl vmx est tm2 ssse3 cx16 xtpr pdcm pcid sse4_1 sse4_2 x2apic popcnt tsc_deadline_timer aes xsave avx f16c rdrand lahf_lm cpuid_fault epb pti ssbd ibrs ibpb stibp tpr_shadow vnmi flexpriority ept vpid fsgsbase smep erms xsaveopt dtherm ida arat pln pts md_clear flush_l1d
Online cpus:
0-3
Offline cpus:
4-7
BIOS frequency limitation:
<Not Available>
Frequency switch latency (ns):
0
Available cpu frequencies:
<Not Available>
Current governor:
powersave
Core performance/turbo boost:
<Not Available>

Memory: 4k page, physical 5943256k(397024k free), swap 1952764k(866556k free)

vm_info: OpenJDK 64-Bit Server VM (11.0.14+9-Ubuntu-0ubuntu2.18.04) for linux-amd64 JRE (11.0.14+9-Ubuntu-0ubuntu2.18.04), built on Jan 25 2022 14:03:04 by "unknown" with gcc 8.4.0

END.
