#
# A fatal error has been detected by the Java Runtime Environment:
#
#  SIGSEGV (0xb) at pc=0x00007f5d4f4b7c27, pid=25329, tid=25330
#
# JRE version: OpenJDK Runtime Environment (11.0.14+9) (build 11.0.14+9-Ubuntu-0ubuntu2.18.04)
# Java VM: OpenJDK 64-Bit Server VM (11.0.14+9-Ubuntu-0ubuntu2.18.04, mixed mode, sharing, tiered, compressed oops, g1 gc, linux-amd64)
# Problematic frame:
# C  [libtesseract.so.4.0.0+0xa1c27]  tesseract::Tesseract::recog_all_words(PAGE_RES*, ETEXT_DESC*, TBOX const*, char const*, int)+0x437
#
# Core dump will be written. Default location: Core dumps may be processed with "/lib/systemd/systemd-coredump %P %u %g %s %t 9223372036854775808 %e" (or dumping to /home/dmitry/Документы/IdeaProjects/sudoky/core.25329)
#
# If you would like to submit a bug report, please visit:
#   https://bugs.launchpad.net/ubuntu/+source/openjdk-lts
# The crash happened outside the Java Virtual Machine in native code.
# See problematic frame for where to report the bug.
#

---------------  S U M M A R Y ------------

Command Line: -javaagent:/home/dmitry/Programs/apps/IDEA-C/ch-0/213.7172.25/lib/idea_rt.jar=40805:/home/dmitry/Programs/apps/IDEA-C/ch-0/213.7172.25/bin -Dfile.encoding=UTF-8 MainKt

Host: Intel(R) Core(TM) i5-3210M CPU @ 2.50GHz, 4 cores, 5G, Linux Mint 19.3 Tricia
Time: Sat Mar 26 14:00:00 2022 +03 elapsed time: 0.870902 seconds (0d 0h 0m 0s)

---------------  T H R E A D  ---------------

Current thread (0x00007f5db0019000):  JavaThread "main" [_thread_in_native, id=25330, stack(0x00007f5db93f1000,0x00007f5db94f2000)]

Stack: [0x00007f5db93f1000,0x00007f5db94f2000],  sp=0x00007f5db94ef620,  free space=1017k
Native frames: (J=compiled Java code, A=aot compiled Java code, j=interpreted, Vv=VM code, C=native code)
C  [libtesseract.so.4.0.0+0xa1c27]  tesseract::Tesseract::recog_all_words(PAGE_RES*, ETEXT_DESC*, TBOX const*, char const*, int)+0x437

Java frames: (J=compiled Java code, j=interpreted, Vv=VM code)
j  com.sun.jna.Native.invokePointer(Lcom/sun/jna/Function;JI[Ljava/lang/Object;)J+0
j  com.sun.jna.Function.invokePointer(I[Ljava/lang/Object;)Lcom/sun/jna/Pointer;+7
j  com.sun.jna.Function.invoke([Ljava/lang/Object;Ljava/lang/Class;ZI)Ljava/lang/Object;+385
j  com.sun.jna.Function.invoke(Ljava/lang/reflect/Method;[Ljava/lang/Class;Ljava/lang/Class;[Ljava/lang/Object;Ljava/util/Map;)Ljava/lang/Object;+271
j  com.sun.jna.Library$Handler.invoke(Ljava/lang/Object;Ljava/lang/reflect/Method;[Ljava/lang/Object;)Ljava/lang/Object;+390
j  com.sun.proxy.$Proxy0.TessBaseAPIGetUTF8Text(Lnet/sourceforge/tess4j/ITessAPI$TessBaseAPI;)Lcom/sun/jna/Pointer;+16
j  net.sourceforge.tess4j.Tesseract.getOCRText(Ljava/lang/String;I)Ljava/lang/String;+269
j  net.sourceforge.tess4j.Tesseract.doOCR(Ljavax/imageio/IIOImage;Ljava/lang/String;Ljava/awt/Rectangle;I)Ljava/lang/String;+18
j  net.sourceforge.tess4j.Tesseract.doOCR(Ljava/io/File;Ljava/awt/Rectangle;)Ljava/lang/String;+126
j  net.sourceforge.tess4j.Tesseract.doOCR(Ljava/io/File;)Ljava/lang/String;+3
j  MainKt.main([Ljava/lang/String;)V+144
v  ~StubRoutines::call_stub

siginfo: si_signo: 11 (SIGSEGV), si_code: 1 (SEGV_MAPERR), si_addr: 0x000000000000000c

Register to memory mapping:

RAX=0x0 is NULL
RBX=0x00007f5db0662c40 points into unknown readable memory: 0x00007f5d4f923b88 | 88 3b 92 4f 5d 7f 00 00
RCX=0x0 is NULL
RDX=0x00007f5db0684838 points into unknown readable memory: 0x0000000000000000 | 00 00 00 00 00 00 00 00
RSP=0x00007f5db94ef620 is pointing into the stack for thread: 0x00007f5db0019000
RBP=0x00007f5db94ef670 is pointing into the stack for thread: 0x00007f5db0019000
RSI=0x0 is NULL
RDI=0x00007f5db94ef730 is pointing into the stack for thread: 0x00007f5db0019000
R8 =0x0 is NULL
R9 =0x0 is NULL
R10=0x00007f5db00008d0 points into unknown readable memory: 0x0702040100000002 | 02 00 00 00 01 04 02 07
R11=0x0 is NULL
R12=0x00007f5db06be7f0 points into unknown readable memory: 0x0000000000000000 | 00 00 00 00 00 00 00 00
R13=0x0 is NULL
R14=0x0 is NULL
R15=0x00007f5db06be7f0 points into unknown readable memory: 0x0000000000000000 | 00 00 00 00 00 00 00 00


Registers:
RAX=0x0000000000000000, RBX=0x00007f5db0662c40, RCX=0x0000000000000000, RDX=0x00007f5db0684838
RSP=0x00007f5db94ef620, RBP=0x00007f5db94ef670, RSI=0x0000000000000000, RDI=0x00007f5db94ef730
R8 =0x0000000000000000, R9 =0x0000000000000000, R10=0x00007f5db00008d0, R11=0x0000000000000000
R12=0x00007f5db06be7f0, R13=0x0000000000000000, R14=0x0000000000000000, R15=0x00007f5db06be7f0
RIP=0x00007f5d4f4b7c27, EFLAGS=0x0000000000010246, CSGSFS=0x002b000000000033, ERR=0x0000000000000004
  TRAPNO=0x000000000000000e

Top of Stack: (sp=0x00007f5db94ef620)
0x00007f5db94ef620:   0000000000000000 0000000000000000
0x00007f5db94ef630:   0000000000000000 00007f5db0761d60
0x00007f5db94ef640:   00007f5db06c7790 00007f5db06adc10
0x00007f5db94ef650:   0000000000000001 00007f5db94ef680 

Instructions: (pc=0x00007f5d4f4b7c27)
0x00007f5d4f4b7b27:   89 e6 48 89 df e8 af 87 ff ff 4c 89 e6 48 89 df
0x00007f5d4f4b7b37:   e8 b4 8b ff ff 4c 89 e6 48 89 df e8 f9 72 ff ff
0x00007f5d4f4b7b47:   4c 89 e6 48 89 df e8 7e 74 ff ff e9 a9 fd ff ff
0x00007f5d4f4b7b57:   66 0f 1f 84 00 00 00 00 00 48 8b 40 10 7e 2a 8b
0x00007f5d4f4b7b67:   38 85 ff 75 4c 48 83 c0 04 83 ea 01 48 8d 14 90
0x00007f5d4f4b7b77:   eb 12 0f 1f 80 00 00 00 00 48 83 c0 04 8b 70 fc
0x00007f5d4f4b7b87:   85 f6 75 2d 48 39 c2 75 f0 48 85 c9 74 1b 8b 41
0x00007f5d4f4b7b97:   10 8d 50 ff 83 fa 02 76 10 83 e8 05 83 f8 03 77
0x00007f5d4f4b7ba7:   10 0f 1f 84 00 00 00 00 00 48 89 ef e8 e8 2d 19
0x00007f5d4f4b7bb7:   00 31 d2 31 f6 48 89 ef e8 2c f6 18 00 48 8b 44
0x00007f5d4f4b7bc7:   24 70 48 85 c0 0f 84 8e fd ff ff 48 8b 94 24 80
0x00007f5d4f4b7bd7:   00 00 00 31 c9 48 8b 52 08 48 85 d2 74 04 48 8b
0x00007f5d4f4b7be7:   4a 08 48 8b 80 e8 00 00 00 48 85 c0 74 bb 8b 50
0x00007f5d4f4b7bf7:   34 83 fa 00 74 b3 e9 5e ff ff ff 66 0f 1f 44 00
0x00007f5d4f4b7c07:   00 31 f6 48 89 ef e8 ce f9 18 00 8b 83 a0 15 00
0x00007f5d4f4b7c17:   00 85 c0 0f 8f c0 00 00 00 48 8b 83 40 0a 00 00
0x00007f5d4f4b7c27:   80 78 0c 00 0f 85 a7 02 00 00 8b 83 58 47 02 00
0x00007f5d4f4b7c37:   85 c0 0f 8e b1 00 00 00 31 d2 45 31 ff eb 2c 66
0x00007f5d4f4b7c47:   2e 0f 1f 84 00 00 00 00 00 48 8b 8f 40 0a 00 00
0x00007f5d4f4b7c57:   80 79 0c 00 0f 85 ff 01 00 00 41 83 c7 01 48 83
0x00007f5d4f4b7c67:   c2 08 44 3b bb 58 47 02 00 7d 7e 48 8b 8b 60 47
0x00007f5d4f4b7c77:   02 00 48 8b 3c 11 8b 87 a0 15 00 00 85 c0 7e c9
0x00007f5d4f4b7c87:   48 89 54 24 10 e8 8f 46 0f 00 48 8b 54 24 10 eb
0x00007f5d4f4b7c97:   c9 0f 1f 84 00 00 00 00 00 80 bb 72 30 02 00 00
0x00007f5d4f4b7ca7:   0f 85 73 fc ff ff 8b b3 04 1d 02 00 4c 89 e2 4c
0x00007f5d4f4b7cb7:   89 ff e8 32 d4 0b 00 31 f6 48 89 ef e8 18 f9 18
0x00007f5d4f4b7cc7:   00 48 8b 44 24 70 48 85 c0 0f 85 fc fe ff ff e9
0x00007f5d4f4b7cd7:   94 fc ff ff 0f 1f 44 00 00 48 89 df e8 38 46 0f
0x00007f5d4f4b7ce7:   00 e9 44 ff ff ff 0f 1f 00 4c 8d 7c 24 30 be 04
0x00007f5d4f4b7cf7:   00 00 00 48 c7 44 24 30 00 00 00 00 48 c7 44 24
0x00007f5d4f4b7d07:   38 00 00 00 00 48 c7 44 24 40 00 00 00 00 4c 89
0x00007f5d4f4b7d17:   ff 48 c7 44 24 48 00 00 00 00 e8 3a 19 00 00 48 


Stack slot to memory mapping:
stack at sp + 0 slots: 0x0 is NULL
stack at sp + 1 slots: 0x0 is NULL
stack at sp + 2 slots: 0x0 is NULL
stack at sp + 3 slots: 0x00007f5db0761d60 points into unknown readable memory: 0x00007f5db06b3d20 | 20 3d 6b b0 5d 7f 00 00
stack at sp + 4 slots: 0x00007f5db06c7790 points into unknown readable memory: 0x00007f5db06b4620 | 20 46 6b b0 5d 7f 00 00
stack at sp + 5 slots: 0x00007f5db06adc10 points into unknown readable memory: 0x00007f5db06adc10 | 10 dc 6a b0 5d 7f 00 00
stack at sp + 6 slots: 0x0000000000000001 is an unknown value
stack at sp + 7 slots: 0x00007f5db94ef680 is pointing into the stack for thread: 0x00007f5db0019000


---------------  P R O C E S S  ---------------

Threads class SMR info:
_java_thread_list=0x00007f5db0426f70, length=12, elements={
0x00007f5db0019000, 0x00007f5db014f800, 0x00007f5db0151800, 0x00007f5db0158000,
0x00007f5db015a000, 0x00007f5db015c800, 0x00007f5db015e800, 0x00007f5db0160800,
0x00007f5db0196000, 0x00007f5db02f6800, 0x00007f5db03df800, 0x00007f5db0425800
}

Java Threads: ( => current thread )
=>0x00007f5db0019000 JavaThread "main" [_thread_in_native, id=25330, stack(0x00007f5db93f1000,0x00007f5db94f2000)]
  0x00007f5db014f800 JavaThread "Reference Handler" daemon [_thread_blocked, id=25337, stack(0x00007f5d982b4000,0x00007f5d983b5000)]
  0x00007f5db0151800 JavaThread "Finalizer" daemon [_thread_blocked, id=25338, stack(0x00007f5d981b3000,0x00007f5d982b4000)]
  0x00007f5db0158000 JavaThread "Signal Dispatcher" daemon [_thread_blocked, id=25339, stack(0x00007f5d980b2000,0x00007f5d981b3000)]
  0x00007f5db015a000 JavaThread "Service Thread" daemon [_thread_blocked, id=25340, stack(0x00007f5d9058e000,0x00007f5d9068f000)]
  0x00007f5db015c800 JavaThread "C2 CompilerThread0" daemon [_thread_blocked, id=25341, stack(0x00007f5d9048d000,0x00007f5d9058e000)]
  0x00007f5db015e800 JavaThread "C1 CompilerThread0" daemon [_thread_blocked, id=25342, stack(0x00007f5d9038c000,0x00007f5d9048d000)]
  0x00007f5db0160800 JavaThread "Sweeper thread" daemon [_thread_blocked, id=25343, stack(0x00007f5d9028b000,0x00007f5d9038c000)]
  0x00007f5db0196000 JavaThread "Common-Cleaner" daemon [_thread_blocked, id=25344, stack(0x00007f5d9018a000,0x00007f5d9028b000)]
  0x00007f5db02f6800 JavaThread "Monitor Ctrl-Break" daemon [_thread_in_native, id=25345, stack(0x00007f5d90089000,0x00007f5d9018a000)]
  0x00007f5db03df800 JavaThread "Java2D Disposer" daemon [_thread_blocked, id=25347, stack(0x00007f5d88106000,0x00007f5d88207000)]
  0x00007f5db0425800 JavaThread "process reaper" daemon [_thread_blocked, id=25349, stack(0x00007f5d98090000,0x00007f5d980b2000)]

Other Threads:
  0x00007f5db014c800 VMThread "VM Thread" [stack: 0x00007f5d983b7000,0x00007f5d984b7000] [id=25336]
  0x00007f5db02f8800 WatcherThread [stack: 0x00007f5d89ad9000,0x00007f5d89bd9000] [id=25346]
  0x00007f5db0030800 GCTaskThread "GC Thread#0" [stack: 0x00007f5db51a9000,0x00007f5db52a9000] [id=25331]
  0x00007f5db0056800 ConcurrentGCThread "G1 Main Marker" [stack: 0x00007f5db4421000,0x00007f5db4521000] [id=25332]
  0x00007f5db0058000 ConcurrentGCThread "G1 Conc#0" [stack: 0x00007f5db431f000,0x00007f5db441f000] [id=25333]
  0x00007f5db00b4800 ConcurrentGCThread "G1 Refine#0" [stack: 0x00007f5d9863c000,0x00007f5d9873c000] [id=25334]
  0x00007f5db00b6800 ConcurrentGCThread "G1 Young RemSet Sampling" [stack: 0x00007f5d9853a000,0x00007f5d9863a000] [id=25335]

Threads with active compile tasks:

VM state:not at safepoint (normal execution)

VM Mutex/Monitor currently owned by a thread: None

Heap address: 0x00000000a5400000, size: 1452 MB, Compressed Oops mode: 32-bit
Narrow klass base: 0x0000000800000000, Narrow klass shift: 3
Compressed class space size: 1073741824 Address: 0x0000000840000000

Heap:
 garbage-first heap   total 96256K, used 13000K [0x00000000a5400000, 0x0000000100000000)
  region size 1024K, 14 young (14336K), 0 survivors (0K)
 Metaspace       used 5045K, capacity 5976K, committed 6016K, reserved 1056768K
  class space    used 493K, capacity 639K, committed 640K, reserved 1048576K
Heap Regions: E=young(eden), S=young(survivor), O=old, HS=humongous(starts), HC=humongous(continues), CS=collection set, F=free, A=archive, TAMS=top-at-mark-start (previous, next)
|   0|0x00000000a5400000, 0x00000000a5400000, 0x00000000a5500000|  0%| F|  |TAMS 0x00000000a5400000, 0x00000000a5400000| Untracked 
|   1|0x00000000a5500000, 0x00000000a5500000, 0x00000000a5600000|  0%| F|  |TAMS 0x00000000a5500000, 0x00000000a5500000| Untracked 
|   2|0x00000000a5600000, 0x00000000a5600000, 0x00000000a5700000|  0%| F|  |TAMS 0x00000000a5600000, 0x00000000a5600000| Untracked 
|   3|0x00000000a5700000, 0x00000000a5700000, 0x00000000a5800000|  0%| F|  |TAMS 0x00000000a5700000, 0x00000000a5700000| Untracked 
|   4|0x00000000a5800000, 0x00000000a5800000, 0x00000000a5900000|  0%| F|  |TAMS 0x00000000a5800000, 0x00000000a5800000| Untracked 
|   5|0x00000000a5900000, 0x00000000a5900000, 0x00000000a5a00000|  0%| F|  |TAMS 0x00000000a5900000, 0x00000000a5900000| Untracked 
|   6|0x00000000a5a00000, 0x00000000a5a00000, 0x00000000a5b00000|  0%| F|  |TAMS 0x00000000a5a00000, 0x00000000a5a00000| Untracked 
|   7|0x00000000a5b00000, 0x00000000a5b00000, 0x00000000a5c00000|  0%| F|  |TAMS 0x00000000a5b00000, 0x00000000a5b00000| Untracked 
|   8|0x00000000a5c00000, 0x00000000a5c00000, 0x00000000a5d00000|  0%| F|  |TAMS 0x00000000a5c00000, 0x00000000a5c00000| Untracked 
|   9|0x00000000a5d00000, 0x00000000a5d00000, 0x00000000a5e00000|  0%| F|  |TAMS 0x00000000a5d00000, 0x00000000a5d00000| Untracked 
|  10|0x00000000a5e00000, 0x00000000a5e00000, 0x00000000a5f00000|  0%| F|  |TAMS 0x00000000a5e00000, 0x00000000a5e00000| Untracked 
|  11|0x00000000a5f00000, 0x00000000a5f00000, 0x00000000a6000000|  0%| F|  |TAMS 0x00000000a5f00000, 0x00000000a5f00000| Untracked 
|  12|0x00000000a6000000, 0x00000000a6000000, 0x00000000a6100000|  0%| F|  |TAMS 0x00000000a6000000, 0x00000000a6000000| Untracked 
|  13|0x00000000a6100000, 0x00000000a6100000, 0x00000000a6200000|  0%| F|  |TAMS 0x00000000a6100000, 0x00000000a6100000| Untracked 
|  14|0x00000000a6200000, 0x00000000a6200000, 0x00000000a6300000|  0%| F|  |TAMS 0x00000000a6200000, 0x00000000a6200000| Untracked 
|  15|0x00000000a6300000, 0x00000000a6300000, 0x00000000a6400000|  0%| F|  |TAMS 0x00000000a6300000, 0x00000000a6300000| Untracked 
|  16|0x00000000a6400000, 0x00000000a6400000, 0x00000000a6500000|  0%| F|  |TAMS 0x00000000a6400000, 0x00000000a6400000| Untracked 
|  17|0x00000000a6500000, 0x00000000a6500000, 0x00000000a6600000|  0%| F|  |TAMS 0x00000000a6500000, 0x00000000a6500000| Untracked 
|  18|0x00000000a6600000, 0x00000000a6600000, 0x00000000a6700000|  0%| F|  |TAMS 0x00000000a6600000, 0x00000000a6600000| Untracked 
|  19|0x00000000a6700000, 0x00000000a6700000, 0x00000000a6800000|  0%| F|  |TAMS 0x00000000a6700000, 0x00000000a6700000| Untracked 
|  20|0x00000000a6800000, 0x00000000a6800000, 0x00000000a6900000|  0%| F|  |TAMS 0x00000000a6800000, 0x00000000a6800000| Untracked 
|  21|0x00000000a6900000, 0x00000000a6900000, 0x00000000a6a00000|  0%| F|  |TAMS 0x00000000a6900000, 0x00000000a6900000| Untracked 
|  22|0x00000000a6a00000, 0x00000000a6a00000, 0x00000000a6b00000|  0%| F|  |TAMS 0x00000000a6a00000, 0x00000000a6a00000| Untracked 
|  23|0x00000000a6b00000, 0x00000000a6b00000, 0x00000000a6c00000|  0%| F|  |TAMS 0x00000000a6b00000, 0x00000000a6b00000| Untracked 
|  24|0x00000000a6c00000, 0x00000000a6c00000, 0x00000000a6d00000|  0%| F|  |TAMS 0x00000000a6c00000, 0x00000000a6c00000| Untracked 
|  25|0x00000000a6d00000, 0x00000000a6d00000, 0x00000000a6e00000|  0%| F|  |TAMS 0x00000000a6d00000, 0x00000000a6d00000| Untracked 
|  26|0x00000000a6e00000, 0x00000000a6e00000, 0x00000000a6f00000|  0%| F|  |TAMS 0x00000000a6e00000, 0x00000000a6e00000| Untracked 
|  27|0x00000000a6f00000, 0x00000000a6f00000, 0x00000000a7000000|  0%| F|  |TAMS 0x00000000a6f00000, 0x00000000a6f00000| Untracked 
|  28|0x00000000a7000000, 0x00000000a7000000, 0x00000000a7100000|  0%| F|  |TAMS 0x00000000a7000000, 0x00000000a7000000| Untracked 
|  29|0x00000000a7100000, 0x00000000a7100000, 0x00000000a7200000|  0%| F|  |TAMS 0x00000000a7100000, 0x00000000a7100000| Untracked 
|  30|0x00000000a7200000, 0x00000000a7200000, 0x00000000a7300000|  0%| F|  |TAMS 0x00000000a7200000, 0x00000000a7200000| Untracked 
|  31|0x00000000a7300000, 0x00000000a7300000, 0x00000000a7400000|  0%| F|  |TAMS 0x00000000a7300000, 0x00000000a7300000| Untracked 
|  32|0x00000000a7400000, 0x00000000a7400000, 0x00000000a7500000|  0%| F|  |TAMS 0x00000000a7400000, 0x00000000a7400000| Untracked 
|  33|0x00000000a7500000, 0x00000000a7500000, 0x00000000a7600000|  0%| F|  |TAMS 0x00000000a7500000, 0x00000000a7500000| Untracked 
|  34|0x00000000a7600000, 0x00000000a7600000, 0x00000000a7700000|  0%| F|  |TAMS 0x00000000a7600000, 0x00000000a7600000| Untracked 
|  35|0x00000000a7700000, 0x00000000a7700000, 0x00000000a7800000|  0%| F|  |TAMS 0x00000000a7700000, 0x00000000a7700000| Untracked 
|  36|0x00000000a7800000, 0x00000000a7800000, 0x00000000a7900000|  0%| F|  |TAMS 0x00000000a7800000, 0x00000000a7800000| Untracked 
|  37|0x00000000a7900000, 0x00000000a7900000, 0x00000000a7a00000|  0%| F|  |TAMS 0x00000000a7900000, 0x00000000a7900000| Untracked 
|  38|0x00000000a7a00000, 0x00000000a7a00000, 0x00000000a7b00000|  0%| F|  |TAMS 0x00000000a7a00000, 0x00000000a7a00000| Untracked 
|  39|0x00000000a7b00000, 0x00000000a7b00000, 0x00000000a7c00000|  0%| F|  |TAMS 0x00000000a7b00000, 0x00000000a7b00000| Untracked 
|  40|0x00000000a7c00000, 0x00000000a7c00000, 0x00000000a7d00000|  0%| F|  |TAMS 0x00000000a7c00000, 0x00000000a7c00000| Untracked 
|  41|0x00000000a7d00000, 0x00000000a7d00000, 0x00000000a7e00000|  0%| F|  |TAMS 0x00000000a7d00000, 0x00000000a7d00000| Untracked 
|  42|0x00000000a7e00000, 0x00000000a7e00000, 0x00000000a7f00000|  0%| F|  |TAMS 0x00000000a7e00000, 0x00000000a7e00000| Untracked 
|  43|0x00000000a7f00000, 0x00000000a7f00000, 0x00000000a8000000|  0%| F|  |TAMS 0x00000000a7f00000, 0x00000000a7f00000| Untracked 
|  44|0x00000000a8000000, 0x00000000a8000000, 0x00000000a8100000|  0%| F|  |TAMS 0x00000000a8000000, 0x00000000a8000000| Untracked 
|  45|0x00000000a8100000, 0x00000000a8100000, 0x00000000a8200000|  0%| F|  |TAMS 0x00000000a8100000, 0x00000000a8100000| Untracked 
|  46|0x00000000a8200000, 0x00000000a8200000, 0x00000000a8300000|  0%| F|  |TAMS 0x00000000a8200000, 0x00000000a8200000| Untracked 
|  47|0x00000000a8300000, 0x00000000a8300000, 0x00000000a8400000|  0%| F|  |TAMS 0x00000000a8300000, 0x00000000a8300000| Untracked 
|  48|0x00000000a8400000, 0x00000000a8400000, 0x00000000a8500000|  0%| F|  |TAMS 0x00000000a8400000, 0x00000000a8400000| Untracked 
|  49|0x00000000a8500000, 0x00000000a8500000, 0x00000000a8600000|  0%| F|  |TAMS 0x00000000a8500000, 0x00000000a8500000| Untracked 
|  50|0x00000000a8600000, 0x00000000a8600000, 0x00000000a8700000|  0%| F|  |TAMS 0x00000000a8600000, 0x00000000a8600000| Untracked 
|  51|0x00000000a8700000, 0x00000000a8700000, 0x00000000a8800000|  0%| F|  |TAMS 0x00000000a8700000, 0x00000000a8700000| Untracked 
|  52|0x00000000a8800000, 0x00000000a8800000, 0x00000000a8900000|  0%| F|  |TAMS 0x00000000a8800000, 0x00000000a8800000| Untracked 
|  53|0x00000000a8900000, 0x00000000a8900000, 0x00000000a8a00000|  0%| F|  |TAMS 0x00000000a8900000, 0x00000000a8900000| Untracked 
|  54|0x00000000a8a00000, 0x00000000a8a00000, 0x00000000a8b00000|  0%| F|  |TAMS 0x00000000a8a00000, 0x00000000a8a00000| Untracked 
|  55|0x00000000a8b00000, 0x00000000a8b00000, 0x00000000a8c00000|  0%| F|  |TAMS 0x00000000a8b00000, 0x00000000a8b00000| Untracked 
|  56|0x00000000a8c00000, 0x00000000a8c00000, 0x00000000a8d00000|  0%| F|  |TAMS 0x00000000a8c00000, 0x00000000a8c00000| Untracked 
|  57|0x00000000a8d00000, 0x00000000a8d00000, 0x00000000a8e00000|  0%| F|  |TAMS 0x00000000a8d00000, 0x00000000a8d00000| Untracked 
|  58|0x00000000a8e00000, 0x00000000a8e00000, 0x00000000a8f00000|  0%| F|  |TAMS 0x00000000a8e00000, 0x00000000a8e00000| Untracked 
|  59|0x00000000a8f00000, 0x00000000a8f00000, 0x00000000a9000000|  0%| F|  |TAMS 0x00000000a8f00000, 0x00000000a8f00000| Untracked 
|  60|0x00000000a9000000, 0x00000000a9000000, 0x00000000a9100000|  0%| F|  |TAMS 0x00000000a9000000, 0x00000000a9000000| Untracked 
|  61|0x00000000a9100000, 0x00000000a9100000, 0x00000000a9200000|  0%| F|  |TAMS 0x00000000a9100000, 0x00000000a9100000| Untracked 
|  62|0x00000000a9200000, 0x00000000a9200000, 0x00000000a9300000|  0%| F|  |TAMS 0x00000000a9200000, 0x00000000a9200000| Untracked 
|  63|0x00000000a9300000, 0x00000000a9300000, 0x00000000a9400000|  0%| F|  |TAMS 0x00000000a9300000, 0x00000000a9300000| Untracked 
|  64|0x00000000a9400000, 0x00000000a9400000, 0x00000000a9500000|  0%| F|  |TAMS 0x00000000a9400000, 0x00000000a9400000| Untracked 
|  65|0x00000000a9500000, 0x00000000a9500000, 0x00000000a9600000|  0%| F|  |TAMS 0x00000000a9500000, 0x00000000a9500000| Untracked 
|  66|0x00000000a9600000, 0x00000000a9600000, 0x00000000a9700000|  0%| F|  |TAMS 0x00000000a9600000, 0x00000000a9600000| Untracked 
|  67|0x00000000a9700000, 0x00000000a9700000, 0x00000000a9800000|  0%| F|  |TAMS 0x00000000a9700000, 0x00000000a9700000| Untracked 
|  68|0x00000000a9800000, 0x00000000a9800000, 0x00000000a9900000|  0%| F|  |TAMS 0x00000000a9800000, 0x00000000a9800000| Untracked 
|  69|0x00000000a9900000, 0x00000000a9900000, 0x00000000a9a00000|  0%| F|  |TAMS 0x00000000a9900000, 0x00000000a9900000| Untracked 
|  70|0x00000000a9a00000, 0x00000000a9a00000, 0x00000000a9b00000|  0%| F|  |TAMS 0x00000000a9a00000, 0x00000000a9a00000| Untracked 
|  71|0x00000000a9b00000, 0x00000000a9b00000, 0x00000000a9c00000|  0%| F|  |TAMS 0x00000000a9b00000, 0x00000000a9b00000| Untracked 
|  72|0x00000000a9c00000, 0x00000000a9c00000, 0x00000000a9d00000|  0%| F|  |TAMS 0x00000000a9c00000, 0x00000000a9c00000| Untracked 
|  73|0x00000000a9d00000, 0x00000000a9d00000, 0x00000000a9e00000|  0%| F|  |TAMS 0x00000000a9d00000, 0x00000000a9d00000| Untracked 
|  74|0x00000000a9e00000, 0x00000000a9e00000, 0x00000000a9f00000|  0%| F|  |TAMS 0x00000000a9e00000, 0x00000000a9e00000| Untracked 
|  75|0x00000000a9f00000, 0x00000000a9f00000, 0x00000000aa000000|  0%| F|  |TAMS 0x00000000a9f00000, 0x00000000a9f00000| Untracked 
|  76|0x00000000aa000000, 0x00000000aa000000, 0x00000000aa100000|  0%| F|  |TAMS 0x00000000aa000000, 0x00000000aa000000| Untracked 
|  77|0x00000000aa100000, 0x00000000aa100000, 0x00000000aa200000|  0%| F|  |TAMS 0x00000000aa100000, 0x00000000aa100000| Untracked 
|  78|0x00000000aa200000, 0x00000000aa2bb190, 0x00000000aa300000| 73%| E|  |TAMS 0x00000000aa200000, 0x00000000aa200000| Complete 
|  79|0x00000000aa300000, 0x00000000aa3ed858, 0x00000000aa400000| 92%| E|  |TAMS 0x00000000aa300000, 0x00000000aa300000| Complete 
|  80|0x00000000aa400000, 0x00000000aa500000, 0x00000000aa500000|100%| E|CS|TAMS 0x00000000aa400000, 0x00000000aa400000| Complete 
|  81|0x00000000aa500000, 0x00000000aa600000, 0x00000000aa600000|100%| E|CS|TAMS 0x00000000aa500000, 0x00000000aa500000| Complete 
|  82|0x00000000aa600000, 0x00000000aa700000, 0x00000000aa700000|100%| E|CS|TAMS 0x00000000aa600000, 0x00000000aa600000| Complete 
|  83|0x00000000aa700000, 0x00000000aa800000, 0x00000000aa800000|100%| E|CS|TAMS 0x00000000aa700000, 0x00000000aa700000| Complete 
|  84|0x00000000aa800000, 0x00000000aa900000, 0x00000000aa900000|100%| E|CS|TAMS 0x00000000aa800000, 0x00000000aa800000| Complete 
|  85|0x00000000aa900000, 0x00000000aaa00000, 0x00000000aaa00000|100%| E|CS|TAMS 0x00000000aa900000, 0x00000000aa900000| Complete 
|  86|0x00000000aaa00000, 0x00000000aab00000, 0x00000000aab00000|100%| E|CS|TAMS 0x00000000aaa00000, 0x00000000aaa00000| Complete 
|  87|0x00000000aab00000, 0x00000000aac00000, 0x00000000aac00000|100%| E|CS|TAMS 0x00000000aab00000, 0x00000000aab00000| Complete 
|  88|0x00000000aac00000, 0x00000000aad00000, 0x00000000aad00000|100%| E|CS|TAMS 0x00000000aac00000, 0x00000000aac00000| Complete 
|  89|0x00000000aad00000, 0x00000000aae00000, 0x00000000aae00000|100%| E|CS|TAMS 0x00000000aad00000, 0x00000000aad00000| Complete 
|  90|0x00000000aae00000, 0x00000000aaf00000, 0x00000000aaf00000|100%| E|CS|TAMS 0x00000000aae00000, 0x00000000aae00000| Complete 
|  91|0x00000000aaf00000, 0x00000000ab000000, 0x00000000ab000000|100%| E|CS|TAMS 0x00000000aaf00000, 0x00000000aaf00000| Complete 
|1450|0x00000000ffe00000, 0x00000000ffe47000, 0x00000000fff00000| 27%|OA|  |TAMS 0x00000000ffe00000, 0x00000000ffe00000| Untracked 
|1451|0x00000000fff00000, 0x00000000fff6b000, 0x0000000100000000| 41%|CA|  |TAMS 0x00000000fff00000, 0x00000000fff00000| Untracked 

Card table byte_map: [0x00007f5db47f7000,0x00007f5db4acd000] _byte_map_base: 0x00007f5db42cd000

Marking Bits (Prev, Next): (CMBitMap*) 0x00007f5db004fc78, (CMBitMap*) 0x00007f5db004fcb0
 Prev Bits: [0x00007f5d92950000, 0x00007f5d94000000)
 Next Bits: [0x00007f5d912a0000, 0x00007f5d92950000)

Polling page: 0x00007f5db9510000

Metaspace:

Usage:
  Non-class:      5,21 MB capacity,     4,45 MB ( 85%) used,   770,29 KB ( 14%) free+waste,    13,88 KB ( <1%) overhead. 
      Class:    639,00 KB capacity,   493,03 KB ( 77%) used,   137,97 KB ( 22%) free+waste,     8,00 KB (  1%) overhead. 
       Both:      5,84 MB capacity,     4,93 MB ( 84%) used,   908,26 KB ( 15%) free+waste,    21,88 KB ( <1%) overhead. 

Virtual space:
  Non-class space:        8,00 MB reserved,       5,25 MB ( 66%) committed 
      Class space:        1,00 GB reserved,     640,00 KB ( <1%) committed 
             Both:        1,01 GB reserved,       5,88 MB ( <1%) committed 

Chunk freelists:
   Non-Class:  39,00 KB
       Class:  1,00 KB
        Both:  40,00 KB

MaxMetaspaceSize: unlimited
CompressedClassSpaceSize: 1,00 GB
Initial GC threshold: 20,80 MB
Current GC threshold: 20,80 MB
CDS: on

CodeHeap 'non-profiled nmethods': size=120032Kb used=295Kb max_used=295Kb free=119737Kb
 bounds [0x00007f5da0305000, 0x00007f5da0575000, 0x00007f5da783d000]
CodeHeap 'profiled nmethods': size=120032Kb used=1461Kb max_used=1461Kb free=118570Kb
 bounds [0x00007f5d98dcd000, 0x00007f5d9903d000, 0x00007f5da0305000]
CodeHeap 'non-nmethods': size=5696Kb used=1162Kb max_used=1176Kb free=4533Kb
 bounds [0x00007f5d9883d000, 0x00007f5d98aad000, 0x00007f5d98dcd000]
 total_blobs=1310 nmethods=884 adapters=340
 compilation: enabled
              stopped_count=0, restarted_count=0
 full_count=0

Compilation events (20 events):
Event: 0,819 Thread 0x00007f5db015e800 nmethod 878 0x00007f5d98f35990 code [0x00007f5d98f35b40, 0x00007f5d98f35d10]
Event: 0,819 Thread 0x00007f5db015c800  872 %     4       com.sun.imageio.plugins.png.PNGImageReader::decodeUpFilter @ 3 (53 bytes)
Event: 0,819 Thread 0x00007f5db015e800  879       3       com.sun.imageio.plugins.png.PNGImageReader::updateImageProgress (29 bytes)
Event: 0,821 Thread 0x00007f5db015e800 nmethod 879 0x00007f5d98f35e10 code [0x00007f5d98f35fe0, 0x00007f5d98f361e0]
Event: 0,821 Thread 0x00007f5db015e800  880       3       javax.imageio.ImageReader::processImageProgress (56 bytes)
Event: 0,822 Thread 0x00007f5db015e800 nmethod 880 0x00007f5d98f36290 code [0x00007f5d98f36480, 0x00007f5d98f369c0]
Event: 0,822 Thread 0x00007f5db015e800  881       3       sun.awt.image.ByteInterleavedRaster::getByteData (851 bytes)
Event: 0,824 Thread 0x00007f5db015e800 nmethod 881 0x00007f5d98f36b90 code [0x00007f5d98f36ea0, 0x00007f5d98f38820]
Event: 0,824 Thread 0x00007f5db015e800  883       3       sun.awt.image.ByteInterleavedRaster::getDataElements (15 bytes)
Event: 0,825 Thread 0x00007f5db015e800 nmethod 883 0x00007f5d98f39390 code [0x00007f5d98f39560, 0x00007f5d98f397c0]
Event: 0,825 Thread 0x00007f5db015e800  884       3       sun.awt.image.ByteInterleavedRaster::setDataElements (15 bytes)
Event: 0,825 Thread 0x00007f5db015e800 nmethod 884 0x00007f5d98f39890 code [0x00007f5d98f39a60, 0x00007f5d98f39cc0]
Event: 0,833 Thread 0x00007f5db015e800  886       3       java.lang.String::equalsIgnoreCase (45 bytes)
Event: 0,833 Thread 0x00007f5db015e800 nmethod 886 0x00007f5d98f39d90 code [0x00007f5d98f39fa0, 0x00007f5d98f3a500]
Event: 0,834 Thread 0x00007f5db015c800 nmethod 872% 0x00007f5da034ba90 code [0x00007f5da034bc40, 0x00007f5da034c058]
Event: 0,834 Thread 0x00007f5db015c800  882 %     4       sun.awt.image.ByteInterleavedRaster::putByteData @ 627 (834 bytes)
Event: 0,847 Thread 0x00007f5db015c800 nmethod 882% 0x00007f5da034c190 code [0x00007f5da034c340, 0x00007f5da034cc78]
Event: 0,847 Thread 0x00007f5db015c800  885 %     4       sun.awt.image.ByteInterleavedRaster::getByteData @ 646 (851 bytes)
Event: 0,863 Thread 0x00007f5db015c800 nmethod 885% 0x00007f5da034cf90 code [0x00007f5da034d140, 0x00007f5da034db18]
Event: 0,863 Thread 0x00007f5db015c800  819       4       java.util.HashMap::get (23 bytes)

GC Heap History (0 events):
No events

Deoptimization events (20 events):
Event: 0,336 Thread 0x00007f5db0019000 Uncommon trap: trap_request=0xffffffc6 fr.pc=0x00007f5da030e6a4 relative=0x0000000000000084
Event: 0,336 Thread 0x00007f5db0019000 Uncommon trap: reason=bimorphic_or_optimized_type_check action=maybe_recompile pc=0x00007f5da030e6a4 method=java.util.AbstractCollection.isEmpty()Z @ 1 c2
Event: 0,336 Thread 0x00007f5db0019000 DEOPT PACKING pc=0x00007f5da030e6a4 sp=0x00007f5db94ea310
Event: 0,336 Thread 0x00007f5db0019000 DEOPT UNPACKING pc=0x00007f5d98886ea5 sp=0x00007f5db94ea2c0 mode 2
Event: 0,339 Thread 0x00007f5db0019000 Uncommon trap: trap_request=0xffffffc6 fr.pc=0x00007f5da030e6a4 relative=0x0000000000000084
Event: 0,339 Thread 0x00007f5db0019000 Uncommon trap: reason=bimorphic_or_optimized_type_check action=maybe_recompile pc=0x00007f5da030e6a4 method=java.util.AbstractCollection.isEmpty()Z @ 1 c2
Event: 0,339 Thread 0x00007f5db0019000 DEOPT PACKING pc=0x00007f5da030e6a4 sp=0x00007f5db94ea140
Event: 0,339 Thread 0x00007f5db0019000 DEOPT UNPACKING pc=0x00007f5d98886ea5 sp=0x00007f5db94ea0f0 mode 2
Event: 0,339 Thread 0x00007f5db0019000 Uncommon trap: trap_request=0xffffffc6 fr.pc=0x00007f5da030e6a4 relative=0x0000000000000084
Event: 0,339 Thread 0x00007f5db0019000 Uncommon trap: reason=bimorphic_or_optimized_type_check action=maybe_recompile pc=0x00007f5da030e6a4 method=java.util.AbstractCollection.isEmpty()Z @ 1 c2
Event: 0,339 Thread 0x00007f5db0019000 DEOPT PACKING pc=0x00007f5da030e6a4 sp=0x00007f5db94ea310
Event: 0,339 Thread 0x00007f5db0019000 DEOPT UNPACKING pc=0x00007f5d98886ea5 sp=0x00007f5db94ea2c0 mode 2
Event: 0,513 Thread 0x00007f5db0019000 DEOPT PACKING pc=0x00007f5d98e168a4 sp=0x00007f5db94ed840
Event: 0,514 Thread 0x00007f5db0019000 DEOPT UNPACKING pc=0x00007f5d9888764a sp=0x00007f5db94eccb8 mode 0
Event: 0,525 Thread 0x00007f5db0019000 DEOPT PACKING pc=0x00007f5d98e14142 sp=0x00007f5db94eeec0
Event: 0,525 Thread 0x00007f5db0019000 DEOPT UNPACKING pc=0x00007f5d9888764a sp=0x00007f5db94ee348 mode 0
Event: 0,624 Thread 0x00007f5db0019000 DEOPT PACKING pc=0x00007f5d98e12808 sp=0x00007f5db94ed200
Event: 0,624 Thread 0x00007f5db0019000 DEOPT UNPACKING pc=0x00007f5d9888764a sp=0x00007f5db94ec670 mode 0
Event: 0,637 Thread 0x00007f5db0019000 DEOPT PACKING pc=0x00007f5d98e12808 sp=0x00007f5db94eec60
Event: 0,637 Thread 0x00007f5db0019000 DEOPT UNPACKING pc=0x00007f5d9888764a sp=0x00007f5db94ee0d0 mode 0

Classes redefined (0 events):
No events

Internal exceptions (17 events):
Event: 0,277 Thread 0x00007f5db0019000 Exception <a 'java/security/PrivilegedActionException'{0x00000000aac4d950}> (0x00000000aac4d950) thrown at [src/hotspot/share/prims/jvm.cpp, line 1306]
Event: 0,277 Thread 0x00007f5db0019000 Exception <a 'java/security/PrivilegedActionException'{0x00000000aac4dc20}> (0x00000000aac4dc20) thrown at [src/hotspot/share/prims/jvm.cpp, line 1306]
Event: 0,278 Thread 0x00007f5db0019000 Exception <a 'java/lang/NoClassDefFoundError'{0x00000000aac53560}: org/slf4j/impl/StaticLoggerBinder> (0x00000000aac53560) thrown at [src/hotspot/share/classfile/systemDictionary.cpp, line 219]
Event: 0,316 Thread 0x00007f5db0019000 Exception <a 'java/lang/ClassNotFoundException'{0x00000000aac9c9a8}: sun/awt/resources/spi/awtProvider> (0x00000000aac9c9a8) thrown at [src/hotspot/share/classfile/systemDictionary.cpp, line 230]
Event: 0,408 Thread 0x00007f5db0019000 Exception <a 'java/io/FileNotFoundException'{0x00000000aab305b0}> (0x00000000aab305b0) thrown at [src/hotspot/share/prims/jni.cpp, line 616]
Event: 0,435 Thread 0x00007f5db0019000 Exception <a 'java/lang/NoSuchMethodError'{0x00000000aab8b4f8}: 'java.lang.Object java.lang.invoke.DirectMethodHandle$Holder.invokeStatic(java.lang.Object, java.lang.Object, java.lang.Object, java.lang.Object, java.lang.Object, java.lang.Object, java.lang.Object, java.lang.Object, java.lang.Object, java.lang.Object, java.lang.Object, java.lang.Object, java.lang.Object, java.lang.Object, java.lang.Object)'> (0x00000000aab8b4f8) thrown at [src/hotspot/share/interpreter/linkResolver.cpp, line 773]
Event: 0,438 Thread 0x00007f5db0019000 Exception <a 'java/lang/NoSuchMethodError'{0x00000000aab993e0}: 'java.lang.Object java.lang.invoke.DirectMethodHandle$Holder.invokeStatic(java.lang.Object, java.lang.Object, java.lang.Object, java.lang.Object, java.lang.Object, java.lang.Object, java.lang.Object, java.lang.Object, java.lang.Object, java.lang.Object, java.lang.Object, java.lang.Object, java.lang.Object, java.lang.Object, java.lang.Object, java.lang.Object)'> (0x00000000aab993e0) thrown at [src/hotspot/share/interpreter/linkResolver.cpp, lin
Event: 0,441 Thread 0x00007f5db0019000 Exception <a 'java/lang/NoSuchMethodError'{0x00000000aaba7050}: 'java.lang.Object java.lang.invoke.DirectMethodHandle$Holder.invokeSpecial(java.lang.Object, java.lang.Object, int, int, java.lang.Object, java.lang.Object, java.lang.Object)'> (0x00000000aaba7050) thrown at [src/hotspot/share/interpreter/linkResolver.cpp, line 773]
Event: 0,442 Thread 0x00007f5db0019000 Exception <a 'java/lang/NoSuchMethodError'{0x00000000aabaa5e0}: 'java.lang.Object java.lang.invoke.DelegatingMethodHandle$Holder.reinvoke_L(java.lang.Object, int, int, java.lang.Object, java.lang.Object, java.lang.Object)'> (0x00000000aabaa5e0) thrown at [src/hotspot/share/interpreter/linkResolver.cpp, line 773]
Event: 0,443 Thread 0x00007f5db0019000 Exception <a 'java/lang/NoSuchMethodError'{0x00000000aabae968}: 'java.lang.Object java.lang.invoke.DirectMethodHandle$Holder.invokeStatic(java.lang.Object, java.lang.Object, java.lang.Object, java.lang.Object, int)'> (0x00000000aabae968) thrown at [src/hotspot/share/interpreter/linkResolver.cpp, line 773]
Event: 0,651 Thread 0x00007f5db0019000 Exception <a 'java/lang/NoSuchMethodError'{0x00000000aa7cd4c0}: 'java.lang.Object java.lang.invoke.DirectMethodHandle$Holder.invokeStaticInit(java.lang.Object, java.lang.Object, long, java.lang.Object)'> (0x00000000aa7cd4c0) thrown at [src/hotspot/share/interpreter/linkResolver.cpp, line 773]
Event: 0,653 Thread 0x00007f5db0019000 Exception <a 'java/lang/NoSuchMethodError'{0x00000000aa7d9888}: 'java.lang.Object java.lang.invoke.Invokers$Holder.linkToTargetMethod(java.lang.Object, long, java.lang.Object)'> (0x00000000aa7d9888) thrown at [src/hotspot/share/interpreter/linkResolver.cpp, line 773]
Event: 0,655 Thread 0x00007f5db0019000 Exception <a 'java/lang/NoSuchMethodError'{0x00000000aa7e0678}: 'java.lang.Object java.lang.invoke.DirectMethodHandle$Holder.invokeStatic(java.lang.Object, java.lang.Object, java.lang.Object, int)'> (0x00000000aa7e0678) thrown at [src/hotspot/share/interpreter/linkResolver.cpp, line 773]
Event: 0,656 Thread 0x00007f5db0019000 Exception <a 'java/lang/NoSuchMethodError'{0x00000000aa7e3f90}: 'java.lang.Object java.lang.invoke.DirectMethodHandle$Holder.invokeSpecial(java.lang.Object, java.lang.Object, java.lang.Object, java.lang.Object, int)'> (0x00000000aa7e3f90) thrown at [src/hotspot/share/interpreter/linkResolver.cpp, line 773]
Event: 0,656 Thread 0x00007f5db0019000 Exception <a 'java/lang/NoSuchMethodError'{0x00000000aa7e6ff8}: 'java.lang.Object java.lang.invoke.Invokers$Holder.linkToTargetMethod(java.lang.Object, java.lang.Object, int, java.lang.Object)'> (0x00000000aa7e6ff8) thrown at [src/hotspot/share/interpreter/linkResolver.cpp, line 773]
Event: 0,678 Thread 0x00007f5db0019000 Exception <a 'java/lang/UnsatisfiedLinkError'{0x00000000aa642ed8}: libtesseract.so: невозможно открыть разделяемый объектный файл: Нет такого файла или каталога> (0x00000000aa642ed8) thrown at [src/hotspot/share/prims/jni.cpp, line 637]
Event: 0,679 Thread 0x00007f5db0019000 Exception <a 'java/lang/UnsatisfiedLinkError'{0x00000000aa6451b0}: libtesseract.so: невозможно открыть разделяемый объектный файл: Нет такого файла или каталога> (0x00000000aa6451b0) thrown at [src/hotspot/share/prims/jni.cpp, line 637]

Events (20 events):
Event: 0,783 loading class sun/awt/image/SurfaceManager$ImageAccessor done
Event: 0,783 loading class java/awt/Image$1 done
Event: 0,783 loading class sun/awt/image/SurfaceManager
Event: 0,783 loading class sun/awt/image/SurfaceManager done
Event: 0,783 loading class java/awt/image/BufferedImage$1
Event: 0,783 loading class java/awt/image/BufferedImage$1 done
Event: 0,783 loading class sun/awt/image/IntegerComponentRaster
Event: 0,783 loading class sun/awt/image/IntegerComponentRaster done
Event: 0,783 loading class sun/awt/image/ShortComponentRaster
Event: 0,783 loading class sun/awt/image/ShortComponentRaster done
Event: 0,784 loading class com/sun/imageio/plugins/common/ReaderUtil
Event: 0,784 loading class com/sun/imageio/plugins/common/ReaderUtil done
Event: 0,821 loading class javax/imageio/IIOImage
Event: 0,821 loading class javax/imageio/IIOImage done
Event: 0,831 loading class java/nio/DirectByteBuffer$Deallocator
Event: 0,831 loading class java/nio/DirectByteBuffer$Deallocator done
Event: 0,832 loading class java/lang/StrictMath
Event: 0,832 loading class java/lang/StrictMath done
Event: 0,832 loading class com/sun/jna/Native$Buffers
Event: 0,832 loading class com/sun/jna/Native$Buffers done


Dynamic libraries:
a5400000-ab000000 rw-p 00000000 00:00 0 
ab000000-ffe00000 ---p 00000000 00:00 0 
ffe00000-ffe47000 rw-p 01118000 08:03 1046969                            /usr/lib/jvm/java-11-openjdk-amd64/lib/server/classes.jsa
ffe47000-fff00000 rw-p 00000000 00:00 0 
fff00000-fff6b000 rw-p 010ad000 08:03 1046969                            /usr/lib/jvm/java-11-openjdk-amd64/lib/server/classes.jsa
fff6b000-100000000 rw-p 00000000 00:00 0 
800000000-800002000 rwxp 00001000 08:03 1046969                          /usr/lib/jvm/java-11-openjdk-amd64/lib/server/classes.jsa
800002000-8003cb000 rw-p 00003000 08:03 1046969                          /usr/lib/jvm/java-11-openjdk-amd64/lib/server/classes.jsa
8003cb000-800a99000 r--p 003cc000 08:03 1046969                          /usr/lib/jvm/java-11-openjdk-amd64/lib/server/classes.jsa
800a99000-800a9a000 rw-p 00a9a000 08:03 1046969                          /usr/lib/jvm/java-11-openjdk-amd64/lib/server/classes.jsa
800a9a000-8010ac000 r--p 00a9b000 08:03 1046969                          /usr/lib/jvm/java-11-openjdk-amd64/lib/server/classes.jsa
840000000-8400a0000 rw-p 00000000 00:00 0 
8400a0000-880000000 ---p 00000000 00:00 0 
555ef5f54000-555ef5f55000 r-xp 00000000 08:03 1047422                    /usr/lib/jvm/java-11-openjdk-amd64/bin/java
555ef6155000-555ef6156000 r--p 00001000 08:03 1047422                    /usr/lib/jvm/java-11-openjdk-amd64/bin/java
555ef6156000-555ef6157000 rw-p 00002000 08:03 1047422                    /usr/lib/jvm/java-11-openjdk-amd64/bin/java
555ef6669000-555ef668a000 rw-p 00000000 00:00 0                          [heap]
7f5d40000000-7f5d40021000 rw-p 00000000 00:00 0 
7f5d40021000-7f5d44000000 ---p 00000000 00:00 0 
7f5d48000000-7f5d48021000 rw-p 00000000 00:00 0 
7f5d48021000-7f5d4c000000 ---p 00000000 00:00 0 
7f5d4db78000-7f5d4db83000 r-xp 00000000 08:03 1056662                    /usr/lib/x86_64-linux-gnu/libjbig.so.0
7f5d4db83000-7f5d4dd82000 ---p 0000b000 08:03 1056662                    /usr/lib/x86_64-linux-gnu/libjbig.so.0
7f5d4dd82000-7f5d4dd83000 r--p 0000a000 08:03 1056662                    /usr/lib/x86_64-linux-gnu/libjbig.so.0
7f5d4dd83000-7f5d4dd86000 rw-p 0000b000 08:03 1056662                    /usr/lib/x86_64-linux-gnu/libjbig.so.0
7f5d4dd86000-7f5d4ddaa000 r-xp 00000000 08:03 1445099                    /lib/x86_64-linux-gnu/liblzma.so.5.2.2
7f5d4ddaa000-7f5d4dfaa000 ---p 00024000 08:03 1445099                    /lib/x86_64-linux-gnu/liblzma.so.5.2.2
7f5d4dfaa000-7f5d4dfab000 r--p 00024000 08:03 1445099                    /lib/x86_64-linux-gnu/liblzma.so.5.2.2
7f5d4dfab000-7f5d4dfac000 rw-p 00025000 08:03 1445099                    /lib/x86_64-linux-gnu/liblzma.so.5.2.2
7f5d4dfac000-7f5d4e000000 r-xp 00000000 08:03 1056845                    /usr/lib/x86_64-linux-gnu/libopenjp2.so.2.3.0
7f5d4e000000-7f5d4e200000 ---p 00054000 08:03 1056845                    /usr/lib/x86_64-linux-gnu/libopenjp2.so.2.3.0
7f5d4e200000-7f5d4e201000 r--p 00054000 08:03 1056845                    /usr/lib/x86_64-linux-gnu/libopenjp2.so.2.3.0
7f5d4e201000-7f5d4e202000 rw-p 00055000 08:03 1056845                    /usr/lib/x86_64-linux-gnu/libopenjp2.so.2.3.0
7f5d4e202000-7f5d4e268000 r-xp 00000000 08:03 1047223                    /usr/lib/x86_64-linux-gnu/libwebp.so.6.0.2
7f5d4e268000-7f5d4e467000 ---p 00066000 08:03 1047223                    /usr/lib/x86_64-linux-gnu/libwebp.so.6.0.2
7f5d4e467000-7f5d4e468000 r--p 00065000 08:03 1047223                    /usr/lib/x86_64-linux-gnu/libwebp.so.6.0.2
7f5d4e468000-7f5d4e469000 rw-p 00066000 08:03 1047223                    /usr/lib/x86_64-linux-gnu/libwebp.so.6.0.2
7f5d4e469000-7f5d4e46b000 rw-p 00000000 00:00 0 
7f5d4e46b000-7f5d4e4de000 r-xp 00000000 08:03 1047057                    /usr/lib/x86_64-linux-gnu/libtiff.so.5.3.0
7f5d4e4de000-7f5d4e6dd000 ---p 00073000 08:03 1047057                    /usr/lib/x86_64-linux-gnu/libtiff.so.5.3.0
7f5d4e6dd000-7f5d4e6e1000 r--p 00072000 08:03 1047057                    /usr/lib/x86_64-linux-gnu/libtiff.so.5.3.0
7f5d4e6e1000-7f5d4e6e2000 rw-p 00076000 08:03 1047057                    /usr/lib/x86_64-linux-gnu/libtiff.so.5.3.0
7f5d4e6e2000-7f5d4e6ea000 r-xp 00000000 08:03 1056416                    /usr/lib/x86_64-linux-gnu/libgif.so.7.0.0
7f5d4e6ea000-7f5d4e8e9000 ---p 00008000 08:03 1056416                    /usr/lib/x86_64-linux-gnu/libgif.so.7.0.0
7f5d4e8e9000-7f5d4e8ea000 r--p 00007000 08:03 1056416                    /usr/lib/x86_64-linux-gnu/libgif.so.7.0.0
7f5d4e8ea000-7f5d4e8eb000 rw-p 00008000 08:03 1056416                    /usr/lib/x86_64-linux-gnu/libgif.so.7.0.0
7f5d4e8eb000-7f5d4e952000 r-xp 00000000 08:03 1046712                    /usr/lib/x86_64-linux-gnu/libjpeg.so.8.1.2
7f5d4e952000-7f5d4eb51000 ---p 00067000 08:03 1046712                    /usr/lib/x86_64-linux-gnu/libjpeg.so.8.1.2
7f5d4eb51000-7f5d4eb52000 r--p 00066000 08:03 1046712                    /usr/lib/x86_64-linux-gnu/libjpeg.so.8.1.2
7f5d4eb52000-7f5d4eb53000 rw-p 00067000 08:03 1046712                    /usr/lib/x86_64-linux-gnu/libjpeg.so.8.1.2
7f5d4eb53000-7f5d4eb84000 r-xp 00000000 08:03 1056918                    /usr/lib/x86_64-linux-gnu/libpng16.so.16.34.0
7f5d4eb84000-7f5d4ed83000 ---p 00031000 08:03 1056918                    /usr/lib/x86_64-linux-gnu/libpng16.so.16.34.0
7f5d4ed83000-7f5d4ed84000 r--p 00030000 08:03 1056918                    /usr/lib/x86_64-linux-gnu/libpng16.so.16.34.0
7f5d4ed84000-7f5d4ed85000 rw-p 00031000 08:03 1056918                    /usr/lib/x86_64-linux-gnu/libpng16.so.16.34.0
7f5d4ed85000-7f5d4edb3000 r-xp 00000000 08:03 1049624                    /usr/lib/x86_64-linux-gnu/libgomp.so.1.0.0
7f5d4edb3000-7f5d4efb2000 ---p 0002e000 08:03 1049624                    /usr/lib/x86_64-linux-gnu/libgomp.so.1.0.0
7f5d4efb2000-7f5d4efb3000 r--p 0002d000 08:03 1049624                    /usr/lib/x86_64-linux-gnu/libgomp.so.1.0.0
7f5d4efb3000-7f5d4efb4000 rw-p 0002e000 08:03 1049624                    /usr/lib/x86_64-linux-gnu/libgomp.so.1.0.0
7f5d4efb4000-7f5d4f210000 r-xp 00000000 08:03 1046789                    /usr/lib/x86_64-linux-gnu/liblept.so.5.0.2
7f5d4f210000-7f5d4f40f000 ---p 0025c000 08:03 1046789                    /usr/lib/x86_64-linux-gnu/liblept.so.5.0.2
7f5d4f40f000-7f5d4f410000 r--p 0025b000 08:03 1046789                    /usr/lib/x86_64-linux-gnu/liblept.so.5.0.2
7f5d4f410000-7f5d4f416000 rw-p 0025c000 08:03 1046789                    /usr/lib/x86_64-linux-gnu/liblept.so.5.0.2
7f5d4f416000-7f5d4f723000 r-xp 00000000 08:03 1049117                    /usr/lib/x86_64-linux-gnu/libtesseract.so.4.0.0
7f5d4f723000-7f5d4f922000 ---p 0030d000 08:03 1049117                    /usr/lib/x86_64-linux-gnu/libtesseract.so.4.0.0
7f5d4f922000-7f5d4f927000 r--p 0030c000 08:03 1049117                    /usr/lib/x86_64-linux-gnu/libtesseract.so.4.0.0
7f5d4f927000-7f5d4f928000 rw-p 00311000 08:03 1049117                    /usr/lib/x86_64-linux-gnu/libtesseract.so.4.0.0
7f5d4f928000-7f5d4fbcc000 rw-p 00000000 00:00 0 
7f5d4fbcc000-7f5d4fbea000 r-xp 00000000 08:04 932541                     /home/dmitry/.cache/JNA/temp/jna15513478475482128005.tmp (deleted)
7f5d4fbea000-7f5d4fde9000 ---p 0001e000 08:04 932541                     /home/dmitry/.cache/JNA/temp/jna15513478475482128005.tmp (deleted)
7f5d4fde9000-7f5d4fdea000 rw-p 0001d000 08:04 932541                     /home/dmitry/.cache/JNA/temp/jna15513478475482128005.tmp (deleted)
7f5d4fdea000-7f5d4fdeb000 rw-p 00000000 00:00 0 
7f5d4fdeb000-7f5d4fdfe000 r-xp 00000000 08:03 1460576                    /lib/x86_64-linux-gnu/libbsd.so.0.8.7
7f5d4fdfe000-7f5d4fffd000 ---p 00013000 08:03 1460576                    /lib/x86_64-linux-gnu/libbsd.so.0.8.7
7f5d4fffd000-7f5d4fffe000 r--p 00012000 08:03 1460576                    /lib/x86_64-linux-gnu/libbsd.so.0.8.7
7f5d4fffe000-7f5d4ffff000 rw-p 00013000 08:03 1460576                    /lib/x86_64-linux-gnu/libbsd.so.0.8.7
7f5d4ffff000-7f5d50000000 rw-p 00000000 00:00 0 
7f5d50000000-7f5d50021000 rw-p 00000000 00:00 0 
7f5d50021000-7f5d54000000 ---p 00000000 00:00 0 
7f5d54000000-7f5d54021000 rw-p 00000000 00:00 0 
7f5d54021000-7f5d58000000 ---p 00000000 00:00 0 
7f5d58000000-7f5d58021000 rw-p 00000000 00:00 0 
7f5d58021000-7f5d5c000000 ---p 00000000 00:00 0 
7f5d5c000000-7f5d5c021000 rw-p 00000000 00:00 0 
7f5d5c021000-7f5d60000000 ---p 00000000 00:00 0 
7f5d60000000-7f5d602f6000 rw-p 00000000 00:00 0 
7f5d602f6000-7f5d64000000 ---p 00000000 00:00 0 
7f5d64000000-7f5d64200000 rw-p 00000000 00:00 0 
7f5d64200000-7f5d68000000 ---p 00000000 00:00 0 
7f5d68000000-7f5d68021000 rw-p 00000000 00:00 0 
7f5d68021000-7f5d6c000000 ---p 00000000 00:00 0 
7f5d6c000000-7f5d6c021000 rw-p 00000000 00:00 0 
7f5d6c021000-7f5d70000000 ---p 00000000 00:00 0 
7f5d70000000-7f5d70021000 rw-p 00000000 00:00 0 
7f5d70021000-7f5d74000000 ---p 00000000 00:00 0 
7f5d74000000-7f5d74021000 rw-p 00000000 00:00 0 
7f5d74021000-7f5d78000000 ---p 00000000 00:00 0 
7f5d78000000-7f5d78021000 rw-p 00000000 00:00 0 
7f5d78021000-7f5d7c000000 ---p 00000000 00:00 0 
7f5d7c000000-7f5d7c021000 rw-p 00000000 00:00 0 
7f5d7c021000-7f5d80000000 ---p 00000000 00:00 0 
7f5d80000000-7f5d80021000 rw-p 00000000 00:00 0 
7f5d80021000-7f5d84000000 ---p 00000000 00:00 0 
7f5d84000000-7f5d84021000 rw-p 00000000 00:00 0 
7f5d84021000-7f5d88000000 ---p 00000000 00:00 0 
7f5d88106000-7f5d8810a000 ---p 00000000 00:00 0 
7f5d8810a000-7f5d88207000 rw-p 00000000 00:00 0 
7f5d88207000-7f5d8820c000 r-xp 00000000 08:03 1055915                    /usr/lib/x86_64-linux-gnu/libXdmcp.so.6.0.0
7f5d8820c000-7f5d8840b000 ---p 00005000 08:03 1055915                    /usr/lib/x86_64-linux-gnu/libXdmcp.so.6.0.0
7f5d8840b000-7f5d8840c000 r--p 00004000 08:03 1055915                    /usr/lib/x86_64-linux-gnu/libXdmcp.so.6.0.0
7f5d8840c000-7f5d8840d000 rw-p 00005000 08:03 1055915                    /usr/lib/x86_64-linux-gnu/libXdmcp.so.6.0.0
7f5d8840d000-7f5d8840f000 r-xp 00000000 08:03 1047740                    /usr/lib/x86_64-linux-gnu/libXau.so.6.0.0
7f5d8840f000-7f5d8860f000 ---p 00002000 08:03 1047740                    /usr/lib/x86_64-linux-gnu/libXau.so.6.0.0
7f5d8860f000-7f5d88610000 r--p 00002000 08:03 1047740                    /usr/lib/x86_64-linux-gnu/libXau.so.6.0.0
7f5d88610000-7f5d88611000 rw-p 00003000 08:03 1047740                    /usr/lib/x86_64-linux-gnu/libXau.so.6.0.0
7f5d88611000-7f5d88637000 r-xp 00000000 08:03 1057277                    /usr/lib/x86_64-linux-gnu/libxcb.so.1.1.0
7f5d88637000-7f5d88837000 ---p 00026000 08:03 1057277                    /usr/lib/x86_64-linux-gnu/libxcb.so.1.1.0
7f5d88837000-7f5d88838000 r--p 00026000 08:03 1057277                    /usr/lib/x86_64-linux-gnu/libxcb.so.1.1.0
7f5d88838000-7f5d88839000 rw-p 00027000 08:03 1057277                    /usr/lib/x86_64-linux-gnu/libxcb.so.1.1.0
7f5d88839000-7f5d88848000 r-xp 00000000 08:03 1055925                    /usr/lib/x86_64-linux-gnu/libXi.so.6.1.0
7f5d88848000-7f5d88a47000 ---p 0000f000 08:03 1055925                    /usr/lib/x86_64-linux-gnu/libXi.so.6.1.0
7f5d88a47000-7f5d88a48000 r--p 0000e000 08:03 1055925                    /usr/lib/x86_64-linux-gnu/libXi.so.6.1.0
7f5d88a48000-7f5d88a49000 rw-p 0000f000 08:03 1055925                    /usr/lib/x86_64-linux-gnu/libXi.so.6.1.0
7f5d88a49000-7f5d88a4e000 r-xp 00000000 08:03 1055943                    /usr/lib/x86_64-linux-gnu/libXtst.so.6.1.0
7f5d88a4e000-7f5d88c4d000 ---p 00005000 08:03 1055943                    /usr/lib/x86_64-linux-gnu/libXtst.so.6.1.0
7f5d88c4d000-7f5d88c4e000 r--p 00004000 08:03 1055943                    /usr/lib/x86_64-linux-gnu/libXtst.so.6.1.0
7f5d88c4e000-7f5d88c4f000 rw-p 00005000 08:03 1055943                    /usr/lib/x86_64-linux-gnu/libXtst.so.6.1.0
7f5d88c4f000-7f5d88c58000 r-xp 00000000 08:03 1055937                    /usr/lib/x86_64-linux-gnu/libXrender.so.1.3.0
7f5d88c58000-7f5d88e57000 ---p 00009000 08:03 1055937                    /usr/lib/x86_64-linux-gnu/libXrender.so.1.3.0
7f5d88e57000-7f5d88e58000 r--p 00008000 08:03 1055937                    /usr/lib/x86_64-linux-gnu/libXrender.so.1.3.0
7f5d88e58000-7f5d88e59000 rw-p 00009000 08:03 1055937                    /usr/lib/x86_64-linux-gnu/libXrender.so.1.3.0
7f5d88e59000-7f5d88f8c000 r-xp 00000000 08:03 1047403                    /usr/lib/x86_64-linux-gnu/libX11.so.6.3.0
7f5d88f8c000-7f5d8918c000 ---p 00133000 08:03 1047403                    /usr/lib/x86_64-linux-gnu/libX11.so.6.3.0
7f5d8918c000-7f5d8918d000 r--p 00133000 08:03 1047403                    /usr/lib/x86_64-linux-gnu/libX11.so.6.3.0
7f5d8918d000-7f5d89191000 rw-p 00134000 08:03 1047403                    /usr/lib/x86_64-linux-gnu/libX11.so.6.3.0
7f5d89191000-7f5d891a2000 r-xp 00000000 08:03 1055917                    /usr/lib/x86_64-linux-gnu/libXext.so.6.4.0
7f5d891a2000-7f5d893a1000 ---p 00011000 08:03 1055917                    /usr/lib/x86_64-linux-gnu/libXext.so.6.4.0
7f5d893a1000-7f5d893a2000 r--p 00010000 08:03 1055917                    /usr/lib/x86_64-linux-gnu/libXext.so.6.4.0
7f5d893a2000-7f5d893a3000 rw-p 00011000 08:03 1055917                    /usr/lib/x86_64-linux-gnu/libXext.so.6.4.0
7f5d893a3000-7f5d89401000 r-xp 00000000 08:03 1046689                    /usr/lib/jvm/java-11-openjdk-amd64/lib/libawt_xawt.so
7f5d89401000-7f5d89601000 ---p 0005e000 08:03 1046689                    /usr/lib/jvm/java-11-openjdk-amd64/lib/libawt_xawt.so
7f5d89601000-7f5d89602000 r--p 0005e000 08:03 1046689                    /usr/lib/jvm/java-11-openjdk-amd64/lib/libawt_xawt.so
7f5d89602000-7f5d89604000 rw-p 0005f000 08:03 1046689                    /usr/lib/jvm/java-11-openjdk-amd64/lib/libawt_xawt.so
7f5d89604000-7f5d89606000 rw-p 00000000 00:00 0 
7f5d89606000-7f5d896a4000 r-xp 00000000 08:03 1059552                    /usr/lib/jvm/java-11-openjdk-amd64/lib/libawt.so
7f5d896a4000-7f5d898a3000 ---p 0009e000 08:03 1059552                    /usr/lib/jvm/java-11-openjdk-amd64/lib/libawt.so
7f5d898a3000-7f5d898a4000 r--p 0009d000 08:03 1059552                    /usr/lib/jvm/java-11-openjdk-amd64/lib/libawt.so
7f5d898a4000-7f5d898af000 rw-p 0009e000 08:03 1059552                    /usr/lib/jvm/java-11-openjdk-amd64/lib/libawt.so
7f5d898af000-7f5d898d4000 rw-p 00000000 00:00 0 
7f5d898d4000-7f5d898d6000 r-xp 00000000 08:03 1059555                    /usr/lib/jvm/java-11-openjdk-amd64/lib/libextnet.so
7f5d898d6000-7f5d89ad5000 ---p 00002000 08:03 1059555                    /usr/lib/jvm/java-11-openjdk-amd64/lib/libextnet.so
7f5d89ad5000-7f5d89ad6000 r--p 00001000 08:03 1059555                    /usr/lib/jvm/java-11-openjdk-amd64/lib/libextnet.so
7f5d89ad6000-7f5d89ad7000 rw-p 00002000 08:03 1059555                    /usr/lib/jvm/java-11-openjdk-amd64/lib/libextnet.so
7f5d89ad7000-7f5d89ad8000 ---p 00000000 00:00 0 
7f5d89ad8000-7f5d89bd9000 rw-p 00000000 00:00 0 
7f5d89bd9000-7f5d89bee000 r-xp 00000000 08:03 1103086                    /usr/lib/jvm/java-11-openjdk-amd64/lib/libnet.so
7f5d89bee000-7f5d89ded000 ---p 00015000 08:03 1103086                    /usr/lib/jvm/java-11-openjdk-amd64/lib/libnet.so
7f5d89ded000-7f5d89dee000 r--p 00014000 08:03 1103086                    /usr/lib/jvm/java-11-openjdk-amd64/lib/libnet.so
7f5d89dee000-7f5d89def000 rw-p 00015000 08:03 1103086                    /usr/lib/jvm/java-11-openjdk-amd64/lib/libnet.so
7f5d89def000-7f5d89dff000 r-xp 00000000 08:03 1103087                    /usr/lib/jvm/java-11-openjdk-amd64/lib/libnio.so
7f5d89dff000-7f5d89ffe000 ---p 00010000 08:03 1103087                    /usr/lib/jvm/java-11-openjdk-amd64/lib/libnio.so
7f5d89ffe000-7f5d89fff000 r--p 0000f000 08:03 1103087                    /usr/lib/jvm/java-11-openjdk-amd64/lib/libnio.so
7f5d89fff000-7f5d8a000000 rw-p 00010000 08:03 1103087                    /usr/lib/jvm/java-11-openjdk-amd64/lib/libnio.so
7f5d8a000000-7f5d8c000000 rw-p 00000000 00:00 0 
7f5d8c000000-7f5d8c021000 rw-p 00000000 00:00 0 
7f5d8c021000-7f5d90000000 ---p 00000000 00:00 0 
7f5d90089000-7f5d9008d000 ---p 00000000 00:00 0 
7f5d9008d000-7f5d9018a000 rw-p 00000000 00:00 0 
7f5d9018a000-7f5d9018e000 ---p 00000000 00:00 0 
7f5d9018e000-7f5d9028b000 rw-p 00000000 00:00 0 
7f5d9028b000-7f5d9028f000 ---p 00000000 00:00 0 
7f5d9028f000-7f5d9038c000 rw-p 00000000 00:00 0 
7f5d9038c000-7f5d90390000 ---p 00000000 00:00 0 
7f5d90390000-7f5d9048d000 rw-p 00000000 00:00 0 
7f5d9048d000-7f5d90491000 ---p 00000000 00:00 0 
7f5d90491000-7f5d9058e000 rw-p 00000000 00:00 0 
7f5d9058e000-7f5d90592000 ---p 00000000 00:00 0 
7f5d90592000-7f5d9068f000 rw-p 00000000 00:00 0 
7f5d9068f000-7f5d90aa0000 r--p 00000000 08:03 1047807                    /usr/lib/locale/locale-archive
7f5d90aa0000-7f5d90fe0000 rw-p 00000000 00:00 0 
7f5d90fe0000-7f5d912a0000 ---p 00000000 00:00 0 
7f5d912a0000-7f5d91410000 rw-p 00000000 00:00 0 
7f5d91410000-7f5d92948000 ---p 00000000 00:00 0 
7f5d92948000-7f5d92ac0000 rw-p 00000000 00:00 0 
7f5d92ac0000-7f5d93ff8000 ---p 00000000 00:00 0 
7f5d93ff8000-7f5d94000000 rw-p 00000000 00:00 0 
7f5d94000000-7f5d94021000 rw-p 00000000 00:00 0 
7f5d94021000-7f5d98000000 ---p 00000000 00:00 0 
7f5d98090000-7f5d98094000 ---p 00000000 00:00 0 
7f5d98094000-7f5d980b2000 rw-p 00000000 00:00 0 
7f5d980b2000-7f5d980b6000 ---p 00000000 00:00 0 
7f5d980b6000-7f5d981b3000 rw-p 00000000 00:00 0 
7f5d981b3000-7f5d981b7000 ---p 00000000 00:00 0 
7f5d981b7000-7f5d982b4000 rw-p 00000000 00:00 0 
7f5d982b4000-7f5d982b8000 ---p 00000000 00:00 0 
7f5d982b8000-7f5d983b5000 rw-p 00000000 00:00 0 
7f5d983b5000-7f5d983b6000 ---p 00000000 00:00 0 
7f5d983b6000-7f5d98538000 rw-p 00000000 00:00 0 
7f5d98538000-7f5d98539000 ---p 00000000 00:00 0 
7f5d98539000-7f5d9863a000 rw-p 00000000 00:00 0 
7f5d9863a000-7f5d9863b000 ---p 00000000 00:00 0 
7f5d9863b000-7f5d9883d000 rw-p 00000000 00:00 0 
7f5d9883d000-7f5d98aad000 rwxp 00000000 00:00 0 
7f5d98aad000-7f5d98dcd000 ---p 00000000 00:00 0 
7f5d98dcd000-7f5d9903d000 rwxp 00000000 00:00 0 
7f5d9903d000-7f5da0305000 ---p 00000000 00:00 0 
7f5da0305000-7f5da0575000 rwxp 00000000 00:00 0 
7f5da0575000-7f5da783d000 ---p 00000000 00:00 0 
7f5da783d000-7f5db0000000 r--s 00000000 08:03 1103096                    /usr/lib/jvm/java-11-openjdk-amd64/lib/modules
7f5db0000000-7f5db07e2000 rw-p 00000000 00:00 0 
7f5db07e2000-7f5db4000000 ---p 00000000 00:00 0 
7f5db401a000-7f5db431d000 rw-p 00000000 00:00 0 
7f5db431d000-7f5db431e000 ---p 00000000 00:00 0 
7f5db431e000-7f5db441f000 rw-p 00000000 00:00 0 
7f5db441f000-7f5db4420000 ---p 00000000 00:00 0 
7f5db4420000-7f5db454f000 rw-p 00000000 00:00 0 
7f5db454f000-7f5db47f6000 ---p 00000000 00:00 0 
7f5db47f6000-7f5db4825000 rw-p 00000000 00:00 0 
7f5db4825000-7f5db4acc000 ---p 00000000 00:00 0 
7f5db4acc000-7f5db4afb000 rw-p 00000000 00:00 0 
7f5db4afb000-7f5db4da2000 ---p 00000000 00:00 0 
7f5db4da2000-7f5db51a7000 rw-p 00000000 00:00 0 
7f5db51a7000-7f5db51a8000 ---p 00000000 00:00 0 
7f5db51a8000-7f5db52ae000 rw-p 00000000 00:00 0 
7f5db52ae000-7f5db5394000 ---p 00000000 00:00 0 
7f5db5394000-7f5db5399000 rw-p 00000000 00:00 0 
7f5db5399000-7f5db547f000 ---p 00000000 00:00 0 
7f5db547f000-7f5db5486000 r-xp 00000000 08:03 1103095                    /usr/lib/jvm/java-11-openjdk-amd64/lib/libzip.so
7f5db5486000-7f5db5686000 ---p 00007000 08:03 1103095                    /usr/lib/jvm/java-11-openjdk-amd64/lib/libzip.so
7f5db5686000-7f5db5687000 r--p 00007000 08:03 1103095                    /usr/lib/jvm/java-11-openjdk-amd64/lib/libzip.so
7f5db5687000-7f5db5688000 rw-p 00008000 08:03 1103095                    /usr/lib/jvm/java-11-openjdk-amd64/lib/libzip.so
7f5db5688000-7f5db5693000 r-xp 00000000 08:03 1442762                    /lib/x86_64-linux-gnu/libnss_files-2.27.so
7f5db5693000-7f5db5892000 ---p 0000b000 08:03 1442762                    /lib/x86_64-linux-gnu/libnss_files-2.27.so
7f5db5892000-7f5db5893000 r--p 0000a000 08:03 1442762                    /lib/x86_64-linux-gnu/libnss_files-2.27.so
7f5db5893000-7f5db5894000 rw-p 0000b000 08:03 1442762                    /lib/x86_64-linux-gnu/libnss_files-2.27.so
7f5db5894000-7f5db589a000 rw-p 00000000 00:00 0 
7f5db589a000-7f5db58b1000 r-xp 00000000 08:03 1442756                    /lib/x86_64-linux-gnu/libnsl-2.27.so
7f5db58b1000-7f5db5ab0000 ---p 00017000 08:03 1442756                    /lib/x86_64-linux-gnu/libnsl-2.27.so
7f5db5ab0000-7f5db5ab1000 r--p 00016000 08:03 1442756                    /lib/x86_64-linux-gnu/libnsl-2.27.so
7f5db5ab1000-7f5db5ab2000 rw-p 00017000 08:03 1442756                    /lib/x86_64-linux-gnu/libnsl-2.27.so
7f5db5ab2000-7f5db5ab4000 rw-p 00000000 00:00 0 
7f5db5ab4000-7f5db5abf000 r-xp 00000000 08:03 1442766                    /lib/x86_64-linux-gnu/libnss_nis-2.27.so
7f5db5abf000-7f5db5cbe000 ---p 0000b000 08:03 1442766                    /lib/x86_64-linux-gnu/libnss_nis-2.27.so
7f5db5cbe000-7f5db5cbf000 r--p 0000a000 08:03 1442766                    /lib/x86_64-linux-gnu/libnss_nis-2.27.so
7f5db5cbf000-7f5db5cc0000 rw-p 0000b000 08:03 1442766                    /lib/x86_64-linux-gnu/libnss_nis-2.27.so
7f5db5cc0000-7f5db5cc8000 r-xp 00000000 08:03 1442758                    /lib/x86_64-linux-gnu/libnss_compat-2.27.so
7f5db5cc8000-7f5db5ec8000 ---p 00008000 08:03 1442758                    /lib/x86_64-linux-gnu/libnss_compat-2.27.so
7f5db5ec8000-7f5db5ec9000 r--p 00008000 08:03 1442758                    /lib/x86_64-linux-gnu/libnss_compat-2.27.so
7f5db5ec9000-7f5db5eca000 rw-p 00009000 08:03 1442758                    /lib/x86_64-linux-gnu/libnss_compat-2.27.so
7f5db5eca000-7f5db5ed4000 r-xp 00000000 08:03 1059557                    /usr/lib/jvm/java-11-openjdk-amd64/lib/libinstrument.so
7f5db5ed4000-7f5db60d3000 ---p 0000a000 08:03 1059557                    /usr/lib/jvm/java-11-openjdk-amd64/lib/libinstrument.so
7f5db60d3000-7f5db60d4000 r--p 00009000 08:03 1059557                    /usr/lib/jvm/java-11-openjdk-amd64/lib/libinstrument.so
7f5db60d4000-7f5db60d5000 rw-p 0000a000 08:03 1059557                    /usr/lib/jvm/java-11-openjdk-amd64/lib/libinstrument.so
7f5db60d5000-7f5db60da000 r-xp 00000000 08:03 1103078                    /usr/lib/jvm/java-11-openjdk-amd64/lib/libjimage.so
7f5db60da000-7f5db62d9000 ---p 00005000 08:03 1103078                    /usr/lib/jvm/java-11-openjdk-amd64/lib/libjimage.so
7f5db62d9000-7f5db62da000 r--p 00004000 08:03 1103078                    /usr/lib/jvm/java-11-openjdk-amd64/lib/libjimage.so
7f5db62da000-7f5db62db000 rw-p 00005000 08:03 1103078                    /usr/lib/jvm/java-11-openjdk-amd64/lib/libjimage.so
7f5db62db000-7f5db6303000 r-xp 00000000 08:03 1059562                    /usr/lib/jvm/java-11-openjdk-amd64/lib/libjava.so
7f5db6303000-7f5db6503000 ---p 00028000 08:03 1059562                    /usr/lib/jvm/java-11-openjdk-amd64/lib/libjava.so
7f5db6503000-7f5db6504000 r--p 00028000 08:03 1059562                    /usr/lib/jvm/java-11-openjdk-amd64/lib/libjava.so
7f5db6504000-7f5db6505000 rw-p 00029000 08:03 1059562                    /usr/lib/jvm/java-11-openjdk-amd64/lib/libjava.so
7f5db6505000-7f5db6506000 rw-p 00000000 00:00 0 
7f5db6506000-7f5db6513000 r-xp 00000000 08:03 1103094                    /usr/lib/jvm/java-11-openjdk-amd64/lib/libverify.so
7f5db6513000-7f5db6712000 ---p 0000d000 08:03 1103094                    /usr/lib/jvm/java-11-openjdk-amd64/lib/libverify.so
7f5db6712000-7f5db6714000 r--p 0000c000 08:03 1103094                    /usr/lib/jvm/java-11-openjdk-amd64/lib/libverify.so
7f5db6714000-7f5db6715000 rw-p 0000e000 08:03 1103094                    /usr/lib/jvm/java-11-openjdk-amd64/lib/libverify.so
7f5db6715000-7f5db671c000 r-xp 00000000 08:03 1442775                    /lib/x86_64-linux-gnu/librt-2.27.so
7f5db671c000-7f5db691b000 ---p 00007000 08:03 1442775                    /lib/x86_64-linux-gnu/librt-2.27.so
7f5db691b000-7f5db691c000 r--p 00006000 08:03 1442775                    /lib/x86_64-linux-gnu/librt-2.27.so
7f5db691c000-7f5db691d000 rw-p 00007000 08:03 1442775                    /lib/x86_64-linux-gnu/librt-2.27.so
7f5db691d000-7f5db6934000 r-xp 00000000 08:03 1444715                    /lib/x86_64-linux-gnu/libgcc_s.so.1
7f5db6934000-7f5db6b33000 ---p 00017000 08:03 1444715                    /lib/x86_64-linux-gnu/libgcc_s.so.1
7f5db6b33000-7f5db6b34000 r--p 00016000 08:03 1444715                    /lib/x86_64-linux-gnu/libgcc_s.so.1
7f5db6b34000-7f5db6b35000 rw-p 00017000 08:03 1444715                    /lib/x86_64-linux-gnu/libgcc_s.so.1
7f5db6b35000-7f5db6cd2000 r-xp 00000000 08:03 1442750                    /lib/x86_64-linux-gnu/libm-2.27.so
7f5db6cd2000-7f5db6ed1000 ---p 0019d000 08:03 1442750                    /lib/x86_64-linux-gnu/libm-2.27.so
7f5db6ed1000-7f5db6ed2000 r--p 0019c000 08:03 1442750                    /lib/x86_64-linux-gnu/libm-2.27.so
7f5db6ed2000-7f5db6ed3000 rw-p 0019d000 08:03 1442750                    /lib/x86_64-linux-gnu/libm-2.27.so
7f5db6ed3000-7f5db704c000 r-xp 00000000 08:03 1049420                    /usr/lib/x86_64-linux-gnu/libstdc++.so.6.0.25
7f5db704c000-7f5db724c000 ---p 00179000 08:03 1049420                    /usr/lib/x86_64-linux-gnu/libstdc++.so.6.0.25
7f5db724c000-7f5db7256000 r--p 00179000 08:03 1049420                    /usr/lib/x86_64-linux-gnu/libstdc++.so.6.0.25
7f5db7256000-7f5db7258000 rw-p 00183000 08:03 1049420                    /usr/lib/x86_64-linux-gnu/libstdc++.so.6.0.25
7f5db7258000-7f5db725c000 rw-p 00000000 00:00 0 
7f5db725c000-7f5db8355000 r-xp 00000000 08:03 1103099                    /usr/lib/jvm/java-11-openjdk-amd64/lib/server/libjvm.so
7f5db8355000-7f5db8554000 ---p 010f9000 08:03 1103099                    /usr/lib/jvm/java-11-openjdk-amd64/lib/server/libjvm.so
7f5db8554000-7f5db8618000 r--p 010f8000 08:03 1103099                    /usr/lib/jvm/java-11-openjdk-amd64/lib/server/libjvm.so
7f5db8618000-7f5db8653000 rw-p 011bc000 08:03 1103099                    /usr/lib/jvm/java-11-openjdk-amd64/lib/server/libjvm.so
7f5db8653000-7f5db86aa000 rw-p 00000000 00:00 0 
7f5db86aa000-7f5db86c4000 r-xp 00000000 08:03 1442772                    /lib/x86_64-linux-gnu/libpthread-2.27.so
7f5db86c4000-7f5db88c3000 ---p 0001a000 08:03 1442772                    /lib/x86_64-linux-gnu/libpthread-2.27.so
7f5db88c3000-7f5db88c4000 r--p 00019000 08:03 1442772                    /lib/x86_64-linux-gnu/libpthread-2.27.so
7f5db88c4000-7f5db88c5000 rw-p 0001a000 08:03 1442772                    /lib/x86_64-linux-gnu/libpthread-2.27.so
7f5db88c5000-7f5db88c9000 rw-p 00000000 00:00 0 
7f5db88c9000-7f5db88cc000 r-xp 00000000 08:03 1442748                    /lib/x86_64-linux-gnu/libdl-2.27.so
7f5db88cc000-7f5db8acb000 ---p 00003000 08:03 1442748                    /lib/x86_64-linux-gnu/libdl-2.27.so
7f5db8acb000-7f5db8acc000 r--p 00002000 08:03 1442748                    /lib/x86_64-linux-gnu/libdl-2.27.so
7f5db8acc000-7f5db8acd000 rw-p 00003000 08:03 1442748                    /lib/x86_64-linux-gnu/libdl-2.27.so
7f5db8acd000-7f5db8ae9000 r-xp 00000000 08:03 1445213                    /lib/x86_64-linux-gnu/libz.so.1.2.11
7f5db8ae9000-7f5db8ce8000 ---p 0001c000 08:03 1445213                    /lib/x86_64-linux-gnu/libz.so.1.2.11
7f5db8ce8000-7f5db8ce9000 r--p 0001b000 08:03 1445213                    /lib/x86_64-linux-gnu/libz.so.1.2.11
7f5db8ce9000-7f5db8cea000 rw-p 0001c000 08:03 1445213                    /lib/x86_64-linux-gnu/libz.so.1.2.11
7f5db8cea000-7f5db8ed1000 r-xp 00000000 08:03 1442742                    /lib/x86_64-linux-gnu/libc-2.27.so
7f5db8ed1000-7f5db90d1000 ---p 001e7000 08:03 1442742                    /lib/x86_64-linux-gnu/libc-2.27.so
7f5db90d1000-7f5db90d5000 r--p 001e7000 08:03 1442742                    /lib/x86_64-linux-gnu/libc-2.27.so
7f5db90d5000-7f5db90d7000 rw-p 001eb000 08:03 1442742                    /lib/x86_64-linux-gnu/libc-2.27.so
7f5db90d7000-7f5db90db000 rw-p 00000000 00:00 0 
7f5db90db000-7f5db90ea000 r-xp 00000000 08:03 1059547                    /usr/lib/jvm/java-11-openjdk-amd64/lib/jli/libjli.so
7f5db90ea000-7f5db92e9000 ---p 0000f000 08:03 1059547                    /usr/lib/jvm/java-11-openjdk-amd64/lib/jli/libjli.so
7f5db92e9000-7f5db92ea000 r--p 0000e000 08:03 1059547                    /usr/lib/jvm/java-11-openjdk-amd64/lib/jli/libjli.so
7f5db92ea000-7f5db92eb000 rw-p 0000f000 08:03 1059547                    /usr/lib/jvm/java-11-openjdk-amd64/lib/jli/libjli.so
7f5db92eb000-7f5db9314000 r-xp 00000000 08:03 1442677                    /lib/x86_64-linux-gnu/ld-2.27.so
7f5db9335000-7f5db9365000 r--p 00000000 08:03 1342963                    /usr/share/locale-langpack/ru/LC_MESSAGES/libc.mo
7f5db9365000-7f5db93f1000 rw-p 00000000 00:00 0 
7f5db93f1000-7f5db93f5000 ---p 00000000 00:00 0 
7f5db93f5000-7f5db94f4000 rw-p 00000000 00:00 0 
7f5db94f5000-7f5db94fc000 r--s 00000000 08:03 1220578                    /usr/lib/x86_64-linux-gnu/gconv/gconv-modules.cache
7f5db94fc000-7f5db9501000 rw-p 00000000 00:00 0 
7f5db9501000-7f5db9508000 ---p 00000000 00:00 0 
7f5db9508000-7f5db9510000 rw-s 00000000 08:03 671706                     /tmp/hsperfdata_dmitry/25329
7f5db9510000-7f5db9511000 ---p 00000000 00:00 0 
7f5db9511000-7f5db9512000 r--p 00000000 00:00 0 
7f5db9512000-7f5db9514000 rw-p 00000000 00:00 0 
7f5db9514000-7f5db9515000 r--p 00029000 08:03 1442677                    /lib/x86_64-linux-gnu/ld-2.27.so
7f5db9515000-7f5db9516000 rw-p 0002a000 08:03 1442677                    /lib/x86_64-linux-gnu/ld-2.27.so
7f5db9516000-7f5db9517000 rw-p 00000000 00:00 0 
7fffe89d0000-7fffe89f2000 rw-p 00000000 00:00 0                          [stack]
7fffe89f9000-7fffe89fc000 r--p 00000000 00:00 0                          [vvar]
7fffe89fc000-7fffe89fd000 r-xp 00000000 00:00 0                          [vdso]
ffffffffff600000-ffffffffff601000 --xp 00000000 00:00 0                  [vsyscall]


VM Arguments:
jvm_args: -javaagent:/home/dmitry/Programs/apps/IDEA-C/ch-0/213.7172.25/lib/idea_rt.jar=40805:/home/dmitry/Programs/apps/IDEA-C/ch-0/213.7172.25/bin -Dfile.encoding=UTF-8 
java_command: MainKt
java_class_path (initial): /home/dmitry/Документы/IdeaProjects/sudoky/build/classes/kotlin/main:/home/dmitry/.gradle/caches/modules-2/files-2.1/org.jetbrains.kotlin/kotlin-stdlib-jdk8/1.5.10/3f4af7aff21c4ec46e3cdd645639d0a63a68d3d0/kotlin-stdlib-jdk8-1.5.10.jar:/home/dmitry/.gradle/caches/modules-2/files-2.1/net.sourceforge.tess4j/tess4j/5.1.1/e574ec7e29f7395216a75eaed80196ab5fd0b6c2/tess4j-5.1.1.jar:/home/dmitry/.gradle/caches/modules-2/files-2.1/org.jetbrains.kotlin/kotlin-stdlib-jdk7/1.5.10/c49d0703d16c6cb1526cc07b9b46486da1dd8a60/kotlin-stdlib-jdk7-1.5.10.jar:/home/dmitry/.gradle/caches/modules-2/files-2.1/org.jetbrains.kotlin/kotlin-stdlib/1.5.10/da6a904b132f0402fa4d79169a3c1770598d4702/kotlin-stdlib-1.5.10.jar:/home/dmitry/.gradle/caches/modules-2/files-2.1/net.sourceforge.lept4j/lept4j/1.16.1/bd84a282f8ea431a4fdeca9b72fedee4b20a5b38/lept4j-1.16.1.jar:/home/dmitry/.gradle/caches/modules-2/files-2.1/net.java.dev.jna/jna/5.10.0/7cf4c87dd802db50721db66947aa237d7ad09418/jna-5.10.0.jar:/home/dmitry/.gradle/caches/modules-2/files-2.1/com.github.jai-imageio/jai-imageio-core/1.4.0/fb6d79b929556362a241b2f65a04e538062f0077/jai-imageio-core-1.4.0.jar:/home/dmitry/.gradle/caches/modules-2/files-2.1/org.apache.pdfbox/pdfbox-tools/2.0.25/baf53c291ed43c13a1230de3ce33711f441ab999/pdfbox-tools-2.0.25.jar:/home/dmitry/.gradle/caches/modules-2/files-2.1/org.apache.pdfbox/pdfbox/2.0.25/c18cd03ff3a2dfc3c4a30d3a35173bd2690bcb92/pdfbox-2.0.25.jar:/home/dmitry/.gradle/caches/modules-2/files-2.1/org.apache.pdfbox/jbig2-imageio/3.0.3/1719861ff0b86162c5b391fb4d1084c05ff72b35/jbig2-imageio-3.0.3.jar:/home/dmitry/.gradle/caches/modules-2/files-2.1/commons-io/commons-io/2.11.0/a2503f302b11ebde7ebc3df41daebe0e4eea3689/commons-io-2.11.0.jar:/home/dmitry/.gradle/caches/modules-2/files-2.1/org.jboss/jboss-vfs/3.2.16.Final/3624c3de6f7730903b7d0c604ba0db32d61ec8b9/jboss-vfs-3.2.16.Final.jar:/home/dmitry/.gradle/caches/modules-2/files-2.1/org.slf4j/slf4j-api/1.7.35/517f3a0687490b72d0e5
Launcher Type: SUN_STANDARD

[Global flags]
     intx CICompilerCount                          = 3                                         {product} {ergonomic}
     uint ConcGCThreads                            = 1                                         {product} {ergonomic}
     uint G1ConcRefinementThreads                  = 4                                         {product} {ergonomic}
   size_t G1HeapRegionSize                         = 1048576                                   {product} {ergonomic}
    uintx GCDrainStackTargetSize                   = 64                                        {product} {ergonomic}
   size_t InitialHeapSize                          = 96468992                                  {product} {ergonomic}
   size_t MarkStackSize                            = 4194304                                   {product} {ergonomic}
   size_t MaxHeapSize                              = 1522532352                                {product} {ergonomic}
   size_t MaxNewSize                               = 913309696                                 {product} {ergonomic}
   size_t MinHeapDeltaBytes                        = 1048576                                   {product} {ergonomic}
    uintx NonNMethodCodeHeapSize                   = 5830732                                {pd product} {ergonomic}
    uintx NonProfiledCodeHeapSize                  = 122913754                              {pd product} {ergonomic}
    uintx ProfiledCodeHeapSize                     = 122913754                              {pd product} {ergonomic}
    uintx ReservedCodeCacheSize                    = 251658240                              {pd product} {ergonomic}
     bool SegmentedCodeCache                       = true                                      {product} {ergonomic}
     bool UseCompressedClassPointers               = true                                 {lp64_product} {ergonomic}
     bool UseCompressedOops                        = true                                 {lp64_product} {ergonomic}
     bool UseG1GC                                  = true                                      {product} {ergonomic}

Logging:
Log output configuration:
 #0: stdout all=warning uptime,level,tags
 #1: stderr all=off uptime,level,tags

Environment Variables:
JAVA_HOME=/usr/lib/jvm/jdk1.8.0_241-amd64
PATH=/usr/local/sbin:/usr/local/bin:/usr/sbin:/usr/bin:/sbin:/bin:/usr/games:/usr/local/games:/snap/bin
SHELL=/bin/bash
DISPLAY=:0
LANG=ru_RU.UTF-8

Signal Handlers:
SIGSEGV: [libjvm.so+0xe2a490], sa_mask[0]=11111111011111111101111111111110, sa_flags=SA_RESTART|SA_SIGINFO
SIGBUS: [libjvm.so+0xe2a490], sa_mask[0]=11111111011111111101111111111110, sa_flags=SA_RESTART|SA_SIGINFO
SIGFPE: [libjvm.so+0xe2a490], sa_mask[0]=11111111011111111101111111111110, sa_flags=SA_RESTART|SA_SIGINFO
SIGPIPE: [libjvm.so+0xb80870], sa_mask[0]=11111111011111111101111111111110, sa_flags=SA_RESTART|SA_SIGINFO
SIGXFSZ: [libjvm.so+0xb80870], sa_mask[0]=11111111011111111101111111111110, sa_flags=SA_RESTART|SA_SIGINFO
SIGILL: [libjvm.so+0xe2a490], sa_mask[0]=11111111011111111101111111111110, sa_flags=SA_RESTART|SA_SIGINFO
SIGUSR2: [libjvm.so+0xb80700], sa_mask[0]=00100000000000000000000000000000, sa_flags=SA_RESTART|SA_SIGINFO
SIGHUP: [libjvm.so+0xb80bc0], sa_mask[0]=11111111011111111101111111111110, sa_flags=SA_RESTART|SA_SIGINFO
SIGINT: [libjvm.so+0xb80bc0], sa_mask[0]=11111111011111111101111111111110, sa_flags=SA_RESTART|SA_SIGINFO
SIGTERM: [libjvm.so+0xb80bc0], sa_mask[0]=11111111011111111101111111111110, sa_flags=SA_RESTART|SA_SIGINFO
SIGQUIT: [libjvm.so+0xb80bc0], sa_mask[0]=11111111011111111101111111111110, sa_flags=SA_RESTART|SA_SIGINFO


---------------  S Y S T E M  ---------------

OS:DISTRIB_ID=LinuxMint
DISTRIB_RELEASE=19.3
DISTRIB_CODENAME=tricia
DISTRIB_DESCRIPTION="Linux Mint 19.3 Tricia"
uname:Linux 5.4.0-104-generic #118~18.04.1-Ubuntu SMP Thu Mar 3 13:53:15 UTC 2022 x86_64
OS uptime: 0 days 4:51 hours
libc:glibc 2.27 NPTL 2.27 
rlimit (soft/hard): STACK 8192k/infinity , CORE 0k/infinity , NPROC 22917/22917 , NOFILE 1048576/1048576 , AS infinity/infinity , CPU infinity/infinity , DATA infinity/infinity , FSIZE infinity/infinity , MEMLOCK 65536k/65536k
load average:3,24 2,80 2,29

/proc/meminfo:
MemTotal:        5943256 kB
MemFree:          216920 kB
MemAvailable:     633028 kB
Buffers:           26260 kB
Cached:           605264 kB
SwapCached:        21008 kB
Active:          4195768 kB
Inactive:        1126536 kB
Active(anon):    4067844 kB
Inactive(anon):   659636 kB
Active(file):     127924 kB
Inactive(file):   466900 kB
Unevictable:         808 kB
Mlocked:             544 kB
SwapTotal:       1952764 kB
SwapFree:         812284 kB
Dirty:             40652 kB
Writeback:           132 kB
AnonPages:       4682040 kB
Mapped:           326316 kB
Shmem:             36412 kB
KReclaimable:      66620 kB
Slab:             163920 kB
SReclaimable:      66620 kB
SUnreclaim:        97300 kB
KernelStack:       22992 kB
PageTables:        76372 kB
NFS_Unstable:          0 kB
Bounce:                0 kB
WritebackTmp:          0 kB
CommitLimit:     4924392 kB
Committed_AS:   11572624 kB
VmallocTotal:   34359738367 kB
VmallocUsed:       56744 kB
VmallocChunk:          0 kB
Percpu:             3360 kB
HardwareCorrupted:     0 kB
AnonHugePages:         0 kB
ShmemHugePages:        0 kB
ShmemPmdMapped:        0 kB
FileHugePages:         0 kB
FilePmdMapped:         0 kB
CmaTotal:              0 kB
CmaFree:               0 kB
HugePages_Total:       0
HugePages_Free:        0
HugePages_Rsvd:        0
HugePages_Surp:        0
Hugepagesize:       2048 kB
Hugetlb:               0 kB
DirectMap4k:      452376 kB
DirectMap2M:     5699584 kB

/sys/kernel/mm/transparent_hugepage/enabled:
always [madvise] never
/sys/kernel/mm/transparent_hugepage/defrag (defrag/compaction efforts parameter):
always defer defer+madvise [madvise] never

Process Memory:
Virtual Size: 4444392K (peak: 12936604K)
Resident Set Size: 73736K (peak: 73736K) (anon: 41300K, file: 32436K, shmem: 0K)
Swapped out: 0K
C-Heap outstanding allocations: 11729K

/proc/sys/kernel/threads-max (system-wide limit on the number of threads):
45834
/proc/sys/vm/max_map_count (maximum number of memory map areas a process may have):
65530
/proc/sys/kernel/pid_max (system-wide limit on number of process identifiers):
32768

container (cgroup) information:
container_type: cgroupv1
cpu_cpuset_cpus: 0-3
cpu_memory_nodes: 0
active_processor_count: 4
cpu_quota: -1
cpu_period: 100000
cpu_shares: -1
memory_limit_in_bytes: -1
memory_and_swap_limit_in_bytes: -2
memory_soft_limit_in_bytes: -1
memory_usage_in_bytes: 5450375168
memory_max_usage_in_bytes: 0

Steal ticks since vm start: 0
Steal ticks percentage since vm start:  0,000

CPU:total 4 (initial active 4) (2 cores per cpu, 2 threads per core) family 6 model 58 stepping 9 microcode 0x21, cmov, cx8, fxsr, mmx, sse, sse2, sse3, ssse3, sse4.1, sse4.2, popcnt, avx, aes, clmul, erms, ht, tsc, tscinvbit, tscinv
CPU Model and flags from /proc/cpuinfo:
model name	: Intel(R) Core(TM) i5-3210M CPU @ 2.50GHz
flags		: fpu vme de pse tsc msr pae mce cx8 apic sep mtrr pge mca cmov pat pse36 clflush dts acpi mmx fxsr sse sse2 ss ht tm pbe syscall nx rdtscp lm constant_tsc arch_perfmon pebs bts rep_good nopl xtopology nonstop_tsc cpuid aperfmperf pni pclmulqdq dtes64 monitor ds_cpl vmx est tm2 ssse3 cx16 xtpr pdcm pcid sse4_1 sse4_2 x2apic popcnt tsc_deadline_timer aes xsave avx f16c rdrand lahf_lm cpuid_fault epb pti ssbd ibrs ibpb stibp tpr_shadow vnmi flexpriority ept vpid fsgsbase smep erms xsaveopt dtherm ida arat pln pts md_clear flush_l1d
Online cpus:
0-3
Offline cpus:
4-7
BIOS frequency limitation:
<Not Available>
Frequency switch latency (ns):
0
Available cpu frequencies:
<Not Available>
Current governor:
powersave
Core performance/turbo boost:
<Not Available>

Memory: 4k page, physical 5943256k(216980k free), swap 1952764k(812284k free)

vm_info: OpenJDK 64-Bit Server VM (11.0.14+9-Ubuntu-0ubuntu2.18.04) for linux-amd64 JRE (11.0.14+9-Ubuntu-0ubuntu2.18.04), built on Jan 25 2022 14:03:04 by "unknown" with gcc 8.4.0

END.
