#
# A fatal error has been detected by the Java Runtime Environment:
#
#  SIGSEGV (0xb) at pc=0x00007fe4188a3c27, pid=21994, tid=21997
#
# JRE version: OpenJDK Runtime Environment (11.0.14+9) (build 11.0.14+9-Ubuntu-0ubuntu2.18.04)
# Java VM: OpenJDK 64-Bit Server VM (11.0.14+9-Ubuntu-0ubuntu2.18.04, mixed mode, sharing, tiered, compressed oops, g1 gc, linux-amd64)
# Problematic frame:
# C  [libtesseract.so.4.0.0+0xa1c27]  tesseract::Tesseract::recog_all_words(PAGE_RES*, ETEXT_DESC*, TBOX const*, char const*, int)+0x437
#
# Core dump will be written. Default location: Core dumps may be processed with "/lib/systemd/systemd-coredump %P %u %g %s %t 9223372036854775808 %e" (or dumping to /home/dmitry/Документы/IdeaProjects/sudoky/core.21994)
#
# If you would like to submit a bug report, please visit:
#   https://bugs.launchpad.net/ubuntu/+source/openjdk-lts
# The crash happened outside the Java Virtual Machine in native code.
# See problematic frame for where to report the bug.
#

---------------  S U M M A R Y ------------

Command Line: -javaagent:/home/dmitry/Programs/apps/IDEA-C/ch-0/213.7172.25/lib/idea_rt.jar=40649:/home/dmitry/Programs/apps/IDEA-C/ch-0/213.7172.25/bin -Dfile.encoding=UTF-8 MainKt

Host: Intel(R) Core(TM) i5-3210M CPU @ 2.50GHz, 4 cores, 5G, Linux Mint 19.3 Tricia
Time: Sat Mar 26 13:44:44 2022 +03 elapsed time: 0.937310 seconds (0d 0h 0m 0s)

---------------  T H R E A D  ---------------

Current thread (0x00007fe450019000):  JavaThread "main" [_thread_in_native, id=21997, stack(0x00007fe45a681000,0x00007fe45a782000)]

Stack: [0x00007fe45a681000,0x00007fe45a782000],  sp=0x00007fe45a77f620,  free space=1017k
Native frames: (J=compiled Java code, A=aot compiled Java code, j=interpreted, Vv=VM code, C=native code)
C  [libtesseract.so.4.0.0+0xa1c27]  tesseract::Tesseract::recog_all_words(PAGE_RES*, ETEXT_DESC*, TBOX const*, char const*, int)+0x437

Java frames: (J=compiled Java code, j=interpreted, Vv=VM code)
j  com.sun.jna.Native.invokePointer(Lcom/sun/jna/Function;JI[Ljava/lang/Object;)J+0
j  com.sun.jna.Function.invokePointer(I[Ljava/lang/Object;)Lcom/sun/jna/Pointer;+7
j  com.sun.jna.Function.invoke([Ljava/lang/Object;Ljava/lang/Class;ZI)Ljava/lang/Object;+385
j  com.sun.jna.Function.invoke(Ljava/lang/reflect/Method;[Ljava/lang/Class;Ljava/lang/Class;[Ljava/lang/Object;Ljava/util/Map;)Ljava/lang/Object;+271
j  com.sun.jna.Library$Handler.invoke(Ljava/lang/Object;Ljava/lang/reflect/Method;[Ljava/lang/Object;)Ljava/lang/Object;+390
j  com.sun.proxy.$Proxy0.TessBaseAPIGetUTF8Text(Lnet/sourceforge/tess4j/ITessAPI$TessBaseAPI;)Lcom/sun/jna/Pointer;+16
j  net.sourceforge.tess4j.Tesseract.getOCRText(Ljava/lang/String;I)Ljava/lang/String;+269
j  net.sourceforge.tess4j.Tesseract.doOCR(Ljavax/imageio/IIOImage;Ljava/lang/String;Ljava/awt/Rectangle;I)Ljava/lang/String;+18
j  net.sourceforge.tess4j.Tesseract.doOCR(Ljava/io/File;Ljava/awt/Rectangle;)Ljava/lang/String;+126
j  net.sourceforge.tess4j.Tesseract.doOCR(Ljava/io/File;)Ljava/lang/String;+3
j  MainKt.main([Ljava/lang/String;)V+144
v  ~StubRoutines::call_stub

siginfo: si_signo: 11 (SIGSEGV), si_code: 1 (SEGV_MAPERR), si_addr: 0x000000000000000c

Register to memory mapping:

RAX=0x0 is NULL
RBX=0x00007fe45062bf70 points into unknown readable memory: 0x00007fe418d0fb88 | 88 fb d0 18 e4 7f 00 00
RCX=0x0 is NULL
RDX=0x00007fe45064db68 points into unknown readable memory: 0x0000000000000000 | 00 00 00 00 00 00 00 00
RSP=0x00007fe45a77f620 is pointing into the stack for thread: 0x00007fe450019000
RBP=0x00007fe45a77f670 is pointing into the stack for thread: 0x00007fe450019000
RSI=0x0 is NULL
RDI=0x00007fe45a77f730 is pointing into the stack for thread: 0x00007fe450019000
R8 =0x0 is NULL
R9 =0x0 is NULL
R10=0x00007fe4500008d0 points into unknown readable memory: 0x0702040100000002 | 02 00 00 00 01 04 02 07
R11=0x0 is NULL
R12=0x00007fe450687f30 points into unknown readable memory: 0x0000000000000000 | 00 00 00 00 00 00 00 00
R13=0x0 is NULL
R14=0x0 is NULL
R15=0x00007fe450687f30 points into unknown readable memory: 0x0000000000000000 | 00 00 00 00 00 00 00 00


Registers:
RAX=0x0000000000000000, RBX=0x00007fe45062bf70, RCX=0x0000000000000000, RDX=0x00007fe45064db68
RSP=0x00007fe45a77f620, RBP=0x00007fe45a77f670, RSI=0x0000000000000000, RDI=0x00007fe45a77f730
R8 =0x0000000000000000, R9 =0x0000000000000000, R10=0x00007fe4500008d0, R11=0x0000000000000000
R12=0x00007fe450687f30, R13=0x0000000000000000, R14=0x0000000000000000, R15=0x00007fe450687f30
RIP=0x00007fe4188a3c27, EFLAGS=0x0000000000010246, CSGSFS=0x002b000000000033, ERR=0x0000000000000004
  TRAPNO=0x000000000000000e

Top of Stack: (sp=0x00007fe45a77f620)
0x00007fe45a77f620:   0000000000000000 0000000000000000
0x00007fe45a77f630:   0000000000000000 00007fe45072b200
0x00007fe45a77f640:   00007fe450690ed0 00007fe450677390
0x00007fe45a77f650:   0000000000000001 00007fe45a77f680 

Instructions: (pc=0x00007fe4188a3c27)
0x00007fe4188a3b27:   89 e6 48 89 df e8 af 87 ff ff 4c 89 e6 48 89 df
0x00007fe4188a3b37:   e8 b4 8b ff ff 4c 89 e6 48 89 df e8 f9 72 ff ff
0x00007fe4188a3b47:   4c 89 e6 48 89 df e8 7e 74 ff ff e9 a9 fd ff ff
0x00007fe4188a3b57:   66 0f 1f 84 00 00 00 00 00 48 8b 40 10 7e 2a 8b
0x00007fe4188a3b67:   38 85 ff 75 4c 48 83 c0 04 83 ea 01 48 8d 14 90
0x00007fe4188a3b77:   eb 12 0f 1f 80 00 00 00 00 48 83 c0 04 8b 70 fc
0x00007fe4188a3b87:   85 f6 75 2d 48 39 c2 75 f0 48 85 c9 74 1b 8b 41
0x00007fe4188a3b97:   10 8d 50 ff 83 fa 02 76 10 83 e8 05 83 f8 03 77
0x00007fe4188a3ba7:   10 0f 1f 84 00 00 00 00 00 48 89 ef e8 e8 2d 19
0x00007fe4188a3bb7:   00 31 d2 31 f6 48 89 ef e8 2c f6 18 00 48 8b 44
0x00007fe4188a3bc7:   24 70 48 85 c0 0f 84 8e fd ff ff 48 8b 94 24 80
0x00007fe4188a3bd7:   00 00 00 31 c9 48 8b 52 08 48 85 d2 74 04 48 8b
0x00007fe4188a3be7:   4a 08 48 8b 80 e8 00 00 00 48 85 c0 74 bb 8b 50
0x00007fe4188a3bf7:   34 83 fa 00 74 b3 e9 5e ff ff ff 66 0f 1f 44 00
0x00007fe4188a3c07:   00 31 f6 48 89 ef e8 ce f9 18 00 8b 83 a0 15 00
0x00007fe4188a3c17:   00 85 c0 0f 8f c0 00 00 00 48 8b 83 40 0a 00 00
0x00007fe4188a3c27:   80 78 0c 00 0f 85 a7 02 00 00 8b 83 58 47 02 00
0x00007fe4188a3c37:   85 c0 0f 8e b1 00 00 00 31 d2 45 31 ff eb 2c 66
0x00007fe4188a3c47:   2e 0f 1f 84 00 00 00 00 00 48 8b 8f 40 0a 00 00
0x00007fe4188a3c57:   80 79 0c 00 0f 85 ff 01 00 00 41 83 c7 01 48 83
0x00007fe4188a3c67:   c2 08 44 3b bb 58 47 02 00 7d 7e 48 8b 8b 60 47
0x00007fe4188a3c77:   02 00 48 8b 3c 11 8b 87 a0 15 00 00 85 c0 7e c9
0x00007fe4188a3c87:   48 89 54 24 10 e8 8f 46 0f 00 48 8b 54 24 10 eb
0x00007fe4188a3c97:   c9 0f 1f 84 00 00 00 00 00 80 bb 72 30 02 00 00
0x00007fe4188a3ca7:   0f 85 73 fc ff ff 8b b3 04 1d 02 00 4c 89 e2 4c
0x00007fe4188a3cb7:   89 ff e8 32 d4 0b 00 31 f6 48 89 ef e8 18 f9 18
0x00007fe4188a3cc7:   00 48 8b 44 24 70 48 85 c0 0f 85 fc fe ff ff e9
0x00007fe4188a3cd7:   94 fc ff ff 0f 1f 44 00 00 48 89 df e8 38 46 0f
0x00007fe4188a3ce7:   00 e9 44 ff ff ff 0f 1f 00 4c 8d 7c 24 30 be 04
0x00007fe4188a3cf7:   00 00 00 48 c7 44 24 30 00 00 00 00 48 c7 44 24
0x00007fe4188a3d07:   38 00 00 00 00 48 c7 44 24 40 00 00 00 00 4c 89
0x00007fe4188a3d17:   ff 48 c7 44 24 48 00 00 00 00 e8 3a 19 00 00 48 


Stack slot to memory mapping:
stack at sp + 0 slots: 0x0 is NULL
stack at sp + 1 slots: 0x0 is NULL
stack at sp + 2 slots: 0x0 is NULL
stack at sp + 3 slots: 0x00007fe45072b200 points into unknown readable memory: 0x00007fe45067d4e0 | e0 d4 67 50 e4 7f 00 00
stack at sp + 4 slots: 0x00007fe450690ed0 points into unknown readable memory: 0x00007fe45067dda0 | a0 dd 67 50 e4 7f 00 00
stack at sp + 5 slots: 0x00007fe450677390 points into unknown readable memory: 0x00007fe450677390 | 90 73 67 50 e4 7f 00 00
stack at sp + 6 slots: 0x0000000000000001 is an unknown value
stack at sp + 7 slots: 0x00007fe45a77f680 is pointing into the stack for thread: 0x00007fe450019000


---------------  P R O C E S S  ---------------

Threads class SMR info:
_java_thread_list=0x00007fe4504004e0, length=12, elements={
0x00007fe450019000, 0x00007fe45014f800, 0x00007fe450159800, 0x00007fe450160000,
0x00007fe450162000, 0x00007fe450164800, 0x00007fe450166800, 0x00007fe450168800,
0x00007fe450177000, 0x00007fe4502bf800, 0x00007fe4503c1000, 0x00007fe4503ff000
}

Java Threads: ( => current thread )
=>0x00007fe450019000 JavaThread "main" [_thread_in_native, id=21997, stack(0x00007fe45a681000,0x00007fe45a782000)]
  0x00007fe45014f800 JavaThread "Reference Handler" daemon [_thread_blocked, id=22004, stack(0x00007fe41beff000,0x00007fe41c000000)]
  0x00007fe450159800 JavaThread "Finalizer" daemon [_thread_blocked, id=22005, stack(0x00007fe41bdfe000,0x00007fe41beff000)]
  0x00007fe450160000 JavaThread "Signal Dispatcher" daemon [_thread_blocked, id=22006, stack(0x00007fe41b8ec000,0x00007fe41b9ed000)]
  0x00007fe450162000 JavaThread "Service Thread" daemon [_thread_blocked, id=22007, stack(0x00007fe41b7eb000,0x00007fe41b8ec000)]
  0x00007fe450164800 JavaThread "C2 CompilerThread0" daemon [_thread_in_native, id=22008, stack(0x00007fe41b6ea000,0x00007fe41b7eb000)]
  0x00007fe450166800 JavaThread "C1 CompilerThread0" daemon [_thread_blocked, id=22009, stack(0x00007fe41b5e9000,0x00007fe41b6ea000)]
  0x00007fe450168800 JavaThread "Sweeper thread" daemon [_thread_blocked, id=22010, stack(0x00007fe41b4e8000,0x00007fe41b5e9000)]
  0x00007fe450177000 JavaThread "Common-Cleaner" daemon [_thread_blocked, id=22011, stack(0x00007fe41b3e7000,0x00007fe41b4e8000)]
  0x00007fe4502bf800 JavaThread "Monitor Ctrl-Break" daemon [_thread_in_native, id=22012, stack(0x00007fe41aebf000,0x00007fe41afc0000)]
  0x00007fe4503c1000 JavaThread "Java2D Disposer" daemon [_thread_blocked, id=22015, stack(0x00007fe4191d7000,0x00007fe4192d8000)]
  0x00007fe4503ff000 JavaThread "process reaper" daemon [_thread_blocked, id=22017, stack(0x00007fe43808f000,0x00007fe4380b1000)]

Other Threads:
  0x00007fe45014c800 VMThread "VM Thread" [stack: 0x00007fe430050000,0x00007fe430150000] [id=22003]
  0x00007fe4502c0800 WatcherThread [stack: 0x00007fe41adbf000,0x00007fe41aebf000] [id=22013]
  0x00007fe450030800 GCTaskThread "GC Thread#0" [stack: 0x00007fe456439000,0x00007fe456539000] [id=21998]
  0x00007fe450056800 ConcurrentGCThread "G1 Main Marker" [stack: 0x00007fe43873d000,0x00007fe43883d000] [id=21999]
  0x00007fe450058000 ConcurrentGCThread "G1 Conc#0" [stack: 0x00007fe43863b000,0x00007fe43873b000] [id=22000]
  0x00007fe4500b4800 ConcurrentGCThread "G1 Refine#0" [stack: 0x00007fe438236000,0x00007fe438336000] [id=22001]
  0x00007fe4500b6800 ConcurrentGCThread "G1 Young RemSet Sampling" [stack: 0x00007fe438134000,0x00007fe438234000] [id=22002]

Threads with active compile tasks:
C2 CompilerThread0    943  902 %     4       sun.awt.image.ByteInterleavedRaster::getByteData @ 646 (851 bytes)

VM state:not at safepoint (normal execution)

VM Mutex/Monitor currently owned by a thread: None

Heap address: 0x00000000a5400000, size: 1452 MB, Compressed Oops mode: 32-bit
Narrow klass base: 0x0000000800000000, Narrow klass shift: 3
Compressed class space size: 1073741824 Address: 0x0000000840000000

Heap:
 garbage-first heap   total 96256K, used 14024K [0x00000000a5400000, 0x0000000100000000)
  region size 1024K, 14 young (14336K), 0 survivors (0K)
 Metaspace       used 5065K, capacity 5976K, committed 6016K, reserved 1056768K
  class space    used 493K, capacity 639K, committed 640K, reserved 1048576K
Heap Regions: E=young(eden), S=young(survivor), O=old, HS=humongous(starts), HC=humongous(continues), CS=collection set, F=free, A=archive, TAMS=top-at-mark-start (previous, next)
|   0|0x00000000a5400000, 0x00000000a5400000, 0x00000000a5500000|  0%| F|  |TAMS 0x00000000a5400000, 0x00000000a5400000| Untracked 
|   1|0x00000000a5500000, 0x00000000a5500000, 0x00000000a5600000|  0%| F|  |TAMS 0x00000000a5500000, 0x00000000a5500000| Untracked 
|   2|0x00000000a5600000, 0x00000000a5600000, 0x00000000a5700000|  0%| F|  |TAMS 0x00000000a5600000, 0x00000000a5600000| Untracked 
|   3|0x00000000a5700000, 0x00000000a5700000, 0x00000000a5800000|  0%| F|  |TAMS 0x00000000a5700000, 0x00000000a5700000| Untracked 
|   4|0x00000000a5800000, 0x00000000a5800000, 0x00000000a5900000|  0%| F|  |TAMS 0x00000000a5800000, 0x00000000a5800000| Untracked 
|   5|0x00000000a5900000, 0x00000000a5900000, 0x00000000a5a00000|  0%| F|  |TAMS 0x00000000a5900000, 0x00000000a5900000| Untracked 
|   6|0x00000000a5a00000, 0x00000000a5a00000, 0x00000000a5b00000|  0%| F|  |TAMS 0x00000000a5a00000, 0x00000000a5a00000| Untracked 
|   7|0x00000000a5b00000, 0x00000000a5b00000, 0x00000000a5c00000|  0%| F|  |TAMS 0x00000000a5b00000, 0x00000000a5b00000| Untracked 
|   8|0x00000000a5c00000, 0x00000000a5c00000, 0x00000000a5d00000|  0%| F|  |TAMS 0x00000000a5c00000, 0x00000000a5c00000| Untracked 
|   9|0x00000000a5d00000, 0x00000000a5d00000, 0x00000000a5e00000|  0%| F|  |TAMS 0x00000000a5d00000, 0x00000000a5d00000| Untracked 
|  10|0x00000000a5e00000, 0x00000000a5e00000, 0x00000000a5f00000|  0%| F|  |TAMS 0x00000000a5e00000, 0x00000000a5e00000| Untracked 
|  11|0x00000000a5f00000, 0x00000000a5f00000, 0x00000000a6000000|  0%| F|  |TAMS 0x00000000a5f00000, 0x00000000a5f00000| Untracked 
|  12|0x00000000a6000000, 0x00000000a6000000, 0x00000000a6100000|  0%| F|  |TAMS 0x00000000a6000000, 0x00000000a6000000| Untracked 
|  13|0x00000000a6100000, 0x00000000a6100000, 0x00000000a6200000|  0%| F|  |TAMS 0x00000000a6100000, 0x00000000a6100000| Untracked 
|  14|0x00000000a6200000, 0x00000000a6200000, 0x00000000a6300000|  0%| F|  |TAMS 0x00000000a6200000, 0x00000000a6200000| Untracked 
|  15|0x00000000a6300000, 0x00000000a6300000, 0x00000000a6400000|  0%| F|  |TAMS 0x00000000a6300000, 0x00000000a6300000| Untracked 
|  16|0x00000000a6400000, 0x00000000a6400000, 0x00000000a6500000|  0%| F|  |TAMS 0x00000000a6400000, 0x00000000a6400000| Untracked 
|  17|0x00000000a6500000, 0x00000000a6500000, 0x00000000a6600000|  0%| F|  |TAMS 0x00000000a6500000, 0x00000000a6500000| Untracked 
|  18|0x00000000a6600000, 0x00000000a6600000, 0x00000000a6700000|  0%| F|  |TAMS 0x00000000a6600000, 0x00000000a6600000| Untracked 
|  19|0x00000000a6700000, 0x00000000a6700000, 0x00000000a6800000|  0%| F|  |TAMS 0x00000000a6700000, 0x00000000a6700000| Untracked 
|  20|0x00000000a6800000, 0x00000000a6800000, 0x00000000a6900000|  0%| F|  |TAMS 0x00000000a6800000, 0x00000000a6800000| Untracked 
|  21|0x00000000a6900000, 0x00000000a6900000, 0x00000000a6a00000|  0%| F|  |TAMS 0x00000000a6900000, 0x00000000a6900000| Untracked 
|  22|0x00000000a6a00000, 0x00000000a6a00000, 0x00000000a6b00000|  0%| F|  |TAMS 0x00000000a6a00000, 0x00000000a6a00000| Untracked 
|  23|0x00000000a6b00000, 0x00000000a6b00000, 0x00000000a6c00000|  0%| F|  |TAMS 0x00000000a6b00000, 0x00000000a6b00000| Untracked 
|  24|0x00000000a6c00000, 0x00000000a6c00000, 0x00000000a6d00000|  0%| F|  |TAMS 0x00000000a6c00000, 0x00000000a6c00000| Untracked 
|  25|0x00000000a6d00000, 0x00000000a6d00000, 0x00000000a6e00000|  0%| F|  |TAMS 0x00000000a6d00000, 0x00000000a6d00000| Untracked 
|  26|0x00000000a6e00000, 0x00000000a6e00000, 0x00000000a6f00000|  0%| F|  |TAMS 0x00000000a6e00000, 0x00000000a6e00000| Untracked 
|  27|0x00000000a6f00000, 0x00000000a6f00000, 0x00000000a7000000|  0%| F|  |TAMS 0x00000000a6f00000, 0x00000000a6f00000| Untracked 
|  28|0x00000000a7000000, 0x00000000a7000000, 0x00000000a7100000|  0%| F|  |TAMS 0x00000000a7000000, 0x00000000a7000000| Untracked 
|  29|0x00000000a7100000, 0x00000000a7100000, 0x00000000a7200000|  0%| F|  |TAMS 0x00000000a7100000, 0x00000000a7100000| Untracked 
|  30|0x00000000a7200000, 0x00000000a7200000, 0x00000000a7300000|  0%| F|  |TAMS 0x00000000a7200000, 0x00000000a7200000| Untracked 
|  31|0x00000000a7300000, 0x00000000a7300000, 0x00000000a7400000|  0%| F|  |TAMS 0x00000000a7300000, 0x00000000a7300000| Untracked 
|  32|0x00000000a7400000, 0x00000000a7400000, 0x00000000a7500000|  0%| F|  |TAMS 0x00000000a7400000, 0x00000000a7400000| Untracked 
|  33|0x00000000a7500000, 0x00000000a7500000, 0x00000000a7600000|  0%| F|  |TAMS 0x00000000a7500000, 0x00000000a7500000| Untracked 
|  34|0x00000000a7600000, 0x00000000a7600000, 0x00000000a7700000|  0%| F|  |TAMS 0x00000000a7600000, 0x00000000a7600000| Untracked 
|  35|0x00000000a7700000, 0x00000000a7700000, 0x00000000a7800000|  0%| F|  |TAMS 0x00000000a7700000, 0x00000000a7700000| Untracked 
|  36|0x00000000a7800000, 0x00000000a7800000, 0x00000000a7900000|  0%| F|  |TAMS 0x00000000a7800000, 0x00000000a7800000| Untracked 
|  37|0x00000000a7900000, 0x00000000a7900000, 0x00000000a7a00000|  0%| F|  |TAMS 0x00000000a7900000, 0x00000000a7900000| Untracked 
|  38|0x00000000a7a00000, 0x00000000a7a00000, 0x00000000a7b00000|  0%| F|  |TAMS 0x00000000a7a00000, 0x00000000a7a00000| Untracked 
|  39|0x00000000a7b00000, 0x00000000a7b00000, 0x00000000a7c00000|  0%| F|  |TAMS 0x00000000a7b00000, 0x00000000a7b00000| Untracked 
|  40|0x00000000a7c00000, 0x00000000a7c00000, 0x00000000a7d00000|  0%| F|  |TAMS 0x00000000a7c00000, 0x00000000a7c00000| Untracked 
|  41|0x00000000a7d00000, 0x00000000a7d00000, 0x00000000a7e00000|  0%| F|  |TAMS 0x00000000a7d00000, 0x00000000a7d00000| Untracked 
|  42|0x00000000a7e00000, 0x00000000a7e00000, 0x00000000a7f00000|  0%| F|  |TAMS 0x00000000a7e00000, 0x00000000a7e00000| Untracked 
|  43|0x00000000a7f00000, 0x00000000a7f00000, 0x00000000a8000000|  0%| F|  |TAMS 0x00000000a7f00000, 0x00000000a7f00000| Untracked 
|  44|0x00000000a8000000, 0x00000000a8000000, 0x00000000a8100000|  0%| F|  |TAMS 0x00000000a8000000, 0x00000000a8000000| Untracked 
|  45|0x00000000a8100000, 0x00000000a8100000, 0x00000000a8200000|  0%| F|  |TAMS 0x00000000a8100000, 0x00000000a8100000| Untracked 
|  46|0x00000000a8200000, 0x00000000a8200000, 0x00000000a8300000|  0%| F|  |TAMS 0x00000000a8200000, 0x00000000a8200000| Untracked 
|  47|0x00000000a8300000, 0x00000000a8300000, 0x00000000a8400000|  0%| F|  |TAMS 0x00000000a8300000, 0x00000000a8300000| Untracked 
|  48|0x00000000a8400000, 0x00000000a8400000, 0x00000000a8500000|  0%| F|  |TAMS 0x00000000a8400000, 0x00000000a8400000| Untracked 
|  49|0x00000000a8500000, 0x00000000a8500000, 0x00000000a8600000|  0%| F|  |TAMS 0x00000000a8500000, 0x00000000a8500000| Untracked 
|  50|0x00000000a8600000, 0x00000000a8600000, 0x00000000a8700000|  0%| F|  |TAMS 0x00000000a8600000, 0x00000000a8600000| Untracked 
|  51|0x00000000a8700000, 0x00000000a8700000, 0x00000000a8800000|  0%| F|  |TAMS 0x00000000a8700000, 0x00000000a8700000| Untracked 
|  52|0x00000000a8800000, 0x00000000a8800000, 0x00000000a8900000|  0%| F|  |TAMS 0x00000000a8800000, 0x00000000a8800000| Untracked 
|  53|0x00000000a8900000, 0x00000000a8900000, 0x00000000a8a00000|  0%| F|  |TAMS 0x00000000a8900000, 0x00000000a8900000| Untracked 
|  54|0x00000000a8a00000, 0x00000000a8a00000, 0x00000000a8b00000|  0%| F|  |TAMS 0x00000000a8a00000, 0x00000000a8a00000| Untracked 
|  55|0x00000000a8b00000, 0x00000000a8b00000, 0x00000000a8c00000|  0%| F|  |TAMS 0x00000000a8b00000, 0x00000000a8b00000| Untracked 
|  56|0x00000000a8c00000, 0x00000000a8c00000, 0x00000000a8d00000|  0%| F|  |TAMS 0x00000000a8c00000, 0x00000000a8c00000| Untracked 
|  57|0x00000000a8d00000, 0x00000000a8d00000, 0x00000000a8e00000|  0%| F|  |TAMS 0x00000000a8d00000, 0x00000000a8d00000| Untracked 
|  58|0x00000000a8e00000, 0x00000000a8e00000, 0x00000000a8f00000|  0%| F|  |TAMS 0x00000000a8e00000, 0x00000000a8e00000| Untracked 
|  59|0x00000000a8f00000, 0x00000000a8f00000, 0x00000000a9000000|  0%| F|  |TAMS 0x00000000a8f00000, 0x00000000a8f00000| Untracked 
|  60|0x00000000a9000000, 0x00000000a9000000, 0x00000000a9100000|  0%| F|  |TAMS 0x00000000a9000000, 0x00000000a9000000| Untracked 
|  61|0x00000000a9100000, 0x00000000a9100000, 0x00000000a9200000|  0%| F|  |TAMS 0x00000000a9100000, 0x00000000a9100000| Untracked 
|  62|0x00000000a9200000, 0x00000000a9200000, 0x00000000a9300000|  0%| F|  |TAMS 0x00000000a9200000, 0x00000000a9200000| Untracked 
|  63|0x00000000a9300000, 0x00000000a9300000, 0x00000000a9400000|  0%| F|  |TAMS 0x00000000a9300000, 0x00000000a9300000| Untracked 
|  64|0x00000000a9400000, 0x00000000a9400000, 0x00000000a9500000|  0%| F|  |TAMS 0x00000000a9400000, 0x00000000a9400000| Untracked 
|  65|0x00000000a9500000, 0x00000000a9500000, 0x00000000a9600000|  0%| F|  |TAMS 0x00000000a9500000, 0x00000000a9500000| Untracked 
|  66|0x00000000a9600000, 0x00000000a9600000, 0x00000000a9700000|  0%| F|  |TAMS 0x00000000a9600000, 0x00000000a9600000| Untracked 
|  67|0x00000000a9700000, 0x00000000a9700000, 0x00000000a9800000|  0%| F|  |TAMS 0x00000000a9700000, 0x00000000a9700000| Untracked 
|  68|0x00000000a9800000, 0x00000000a9800000, 0x00000000a9900000|  0%| F|  |TAMS 0x00000000a9800000, 0x00000000a9800000| Untracked 
|  69|0x00000000a9900000, 0x00000000a9900000, 0x00000000a9a00000|  0%| F|  |TAMS 0x00000000a9900000, 0x00000000a9900000| Untracked 
|  70|0x00000000a9a00000, 0x00000000a9a00000, 0x00000000a9b00000|  0%| F|  |TAMS 0x00000000a9a00000, 0x00000000a9a00000| Untracked 
|  71|0x00000000a9b00000, 0x00000000a9b00000, 0x00000000a9c00000|  0%| F|  |TAMS 0x00000000a9b00000, 0x00000000a9b00000| Untracked 
|  72|0x00000000a9c00000, 0x00000000a9c00000, 0x00000000a9d00000|  0%| F|  |TAMS 0x00000000a9c00000, 0x00000000a9c00000| Untracked 
|  73|0x00000000a9d00000, 0x00000000a9d00000, 0x00000000a9e00000|  0%| F|  |TAMS 0x00000000a9d00000, 0x00000000a9d00000| Untracked 
|  74|0x00000000a9e00000, 0x00000000a9e00000, 0x00000000a9f00000|  0%| F|  |TAMS 0x00000000a9e00000, 0x00000000a9e00000| Untracked 
|  75|0x00000000a9f00000, 0x00000000a9f00000, 0x00000000aa000000|  0%| F|  |TAMS 0x00000000a9f00000, 0x00000000a9f00000| Untracked 
|  76|0x00000000aa000000, 0x00000000aa000000, 0x00000000aa100000|  0%| F|  |TAMS 0x00000000aa000000, 0x00000000aa000000| Untracked 
|  77|0x00000000aa100000, 0x00000000aa100000, 0x00000000aa200000|  0%| F|  |TAMS 0x00000000aa100000, 0x00000000aa100000| Untracked 
|  78|0x00000000aa200000, 0x00000000aa2dd8c8, 0x00000000aa300000| 86%| E|  |TAMS 0x00000000aa200000, 0x00000000aa200000| Complete 
|  79|0x00000000aa300000, 0x00000000aa400000, 0x00000000aa400000|100%| E|CS|TAMS 0x00000000aa300000, 0x00000000aa300000| Complete 
|  80|0x00000000aa400000, 0x00000000aa500000, 0x00000000aa500000|100%| E|CS|TAMS 0x00000000aa400000, 0x00000000aa400000| Complete 
|  81|0x00000000aa500000, 0x00000000aa600000, 0x00000000aa600000|100%| E|CS|TAMS 0x00000000aa500000, 0x00000000aa500000| Complete 
|  82|0x00000000aa600000, 0x00000000aa700000, 0x00000000aa700000|100%| E|CS|TAMS 0x00000000aa600000, 0x00000000aa600000| Complete 
|  83|0x00000000aa700000, 0x00000000aa800000, 0x00000000aa800000|100%| E|CS|TAMS 0x00000000aa700000, 0x00000000aa700000| Complete 
|  84|0x00000000aa800000, 0x00000000aa900000, 0x00000000aa900000|100%| E|CS|TAMS 0x00000000aa800000, 0x00000000aa800000| Complete 
|  85|0x00000000aa900000, 0x00000000aaa00000, 0x00000000aaa00000|100%| E|CS|TAMS 0x00000000aa900000, 0x00000000aa900000| Complete 
|  86|0x00000000aaa00000, 0x00000000aab00000, 0x00000000aab00000|100%| E|CS|TAMS 0x00000000aaa00000, 0x00000000aaa00000| Complete 
|  87|0x00000000aab00000, 0x00000000aac00000, 0x00000000aac00000|100%| E|CS|TAMS 0x00000000aab00000, 0x00000000aab00000| Complete 
|  88|0x00000000aac00000, 0x00000000aad00000, 0x00000000aad00000|100%| E|CS|TAMS 0x00000000aac00000, 0x00000000aac00000| Complete 
|  89|0x00000000aad00000, 0x00000000aae00000, 0x00000000aae00000|100%| E|CS|TAMS 0x00000000aad00000, 0x00000000aad00000| Complete 
|  90|0x00000000aae00000, 0x00000000aaf00000, 0x00000000aaf00000|100%| E|CS|TAMS 0x00000000aae00000, 0x00000000aae00000| Complete 
|  91|0x00000000aaf00000, 0x00000000ab000000, 0x00000000ab000000|100%| E|CS|TAMS 0x00000000aaf00000, 0x00000000aaf00000| Complete 
|1450|0x00000000ffe00000, 0x00000000ffe47000, 0x00000000fff00000| 27%|OA|  |TAMS 0x00000000ffe00000, 0x00000000ffe00000| Untracked 
|1451|0x00000000fff00000, 0x00000000fff6b000, 0x0000000100000000| 41%|CA|  |TAMS 0x00000000fff00000, 0x00000000fff00000| Untracked 

Card table byte_map: [0x00007fe455a87000,0x00007fe455d5d000] _byte_map_base: 0x00007fe45555d000

Marking Bits (Prev, Next): (CMBitMap*) 0x00007fe45004fc78, (CMBitMap*) 0x00007fe45004fcb0
 Prev Bits: [0x00007fe454101000, 0x00007fe4557b1000)
 Next Bits: [0x00007fe432950000, 0x00007fe434000000)

Polling page: 0x00007fe45a7a0000

Metaspace:

Usage:
  Non-class:      5,21 MB capacity,     4,47 MB ( 86%) used,   750,28 KB ( 14%) free+waste,    13,88 KB ( <1%) overhead. 
      Class:    639,00 KB capacity,   493,03 KB ( 77%) used,   137,97 KB ( 22%) free+waste,     8,00 KB (  1%) overhead. 
       Both:      5,84 MB capacity,     4,95 MB ( 85%) used,   888,25 KB ( 15%) free+waste,    21,88 KB ( <1%) overhead. 

Virtual space:
  Non-class space:        8,00 MB reserved,       5,25 MB ( 66%) committed 
      Class space:        1,00 GB reserved,     640,00 KB ( <1%) committed 
             Both:        1,01 GB reserved,       5,88 MB ( <1%) committed 

Chunk freelists:
   Non-Class:  39,00 KB
       Class:  1,00 KB
        Both:  40,00 KB

MaxMetaspaceSize: unlimited
CompressedClassSpaceSize: 1,00 GB
Initial GC threshold: 20,80 MB
Current GC threshold: 20,80 MB
CDS: on

CodeHeap 'non-profiled nmethods': size=120032Kb used=291Kb max_used=291Kb free=119741Kb
 bounds [0x00007fe440305000, 0x00007fe440575000, 0x00007fe44783d000]
CodeHeap 'profiled nmethods': size=120032Kb used=1538Kb max_used=1538Kb free=118493Kb
 bounds [0x00007fe438dcd000, 0x00007fe43903d000, 0x00007fe440305000]
CodeHeap 'non-nmethods': size=5696Kb used=1162Kb max_used=1175Kb free=4533Kb
 bounds [0x00007fe43883d000, 0x00007fe438aad000, 0x00007fe438dcd000]
 total_blobs=1325 nmethods=899 adapters=340
 compilation: enabled
              stopped_count=0, restarted_count=0
 full_count=0

Compilation events (20 events):
Event: 0,903 Thread 0x00007fe450166800  894  s    3       java.io.BufferedInputStream::read (113 bytes)
Event: 0,904 Thread 0x00007fe450166800 nmethod 894 0x00007fe438f48690 code [0x00007fe438f488c0, 0x00007fe438f49290]
Event: 0,905 Thread 0x00007fe450166800  895       3       java.awt.image.BufferedImage::getSampleModel (8 bytes)
Event: 0,905 Thread 0x00007fe450166800 nmethod 895 0x00007fe438f49510 code [0x00007fe438f496c0, 0x00007fe438f49890]
Event: 0,905 Thread 0x00007fe450166800  896       3       com.sun.imageio.plugins.png.PNGImageReader::updateImageProgress (29 bytes)
Event: 0,905 Thread 0x00007fe450166800 nmethod 896 0x00007fe438f49990 code [0x00007fe438f49b60, 0x00007fe438f49d60]
Event: 0,905 Thread 0x00007fe450166800  897       3       javax.imageio.ImageReader::processImageProgress (56 bytes)
Event: 0,905 Thread 0x00007fe450166800 nmethod 897 0x00007fe438f49e10 code [0x00007fe438f4a000, 0x00007fe438f4a540]
Event: 0,906 Thread 0x00007fe450164800 nmethod 788 0x00007fe44034ba10 code [0x00007fe44034bbe0, 0x00007fe44034c3c8]
Event: 0,906 Thread 0x00007fe450164800  890 %     4       com.sun.imageio.plugins.png.PNGImageReader::decodeUpFilter @ 3 (53 bytes)
Event: 0,907 Thread 0x00007fe450166800  898       3       sun.awt.image.ByteInterleavedRaster::getByteData (851 bytes)
Event: 0,909 Thread 0x00007fe450166800 nmethod 898 0x00007fe438f4a710 code [0x00007fe438f4aa20, 0x00007fe438f4c3a0]
Event: 0,909 Thread 0x00007fe450166800  900       3       sun.awt.image.ByteInterleavedRaster::getDataElements (15 bytes)
Event: 0,910 Thread 0x00007fe450166800 nmethod 900 0x00007fe438f4cf10 code [0x00007fe438f4d0e0, 0x00007fe438f4d340]
Event: 0,910 Thread 0x00007fe450166800  901       3       sun.awt.image.ByteInterleavedRaster::setDataElements (15 bytes)
Event: 0,910 Thread 0x00007fe450166800 nmethod 901 0x00007fe438f4d410 code [0x00007fe438f4d5e0, 0x00007fe438f4d840]
Event: 0,919 Thread 0x00007fe450164800 nmethod 890% 0x00007fe44034c710 code [0x00007fe44034c8c0, 0x00007fe44034ccd8]
Event: 0,919 Thread 0x00007fe450164800  899 %     4       sun.awt.image.ByteInterleavedRaster::putByteData @ 627 (834 bytes)
Event: 0,935 Thread 0x00007fe450164800 nmethod 899% 0x00007fe44034ce10 code [0x00007fe44034cfc0, 0x00007fe44034d8f8]
Event: 0,935 Thread 0x00007fe450164800  902 %     4       sun.awt.image.ByteInterleavedRaster::getByteData @ 646 (851 bytes)

GC Heap History (0 events):
No events

Deoptimization events (20 events):
Event: 0,466 Thread 0x00007fe450019000 Uncommon trap: trap_request=0xffffffc6 fr.pc=0x00007fe44030f424 relative=0x0000000000000084
Event: 0,466 Thread 0x00007fe450019000 Uncommon trap: reason=bimorphic_or_optimized_type_check action=maybe_recompile pc=0x00007fe44030f424 method=java.util.AbstractCollection.isEmpty()Z @ 1 c2
Event: 0,466 Thread 0x00007fe450019000 DEOPT PACKING pc=0x00007fe44030f424 sp=0x00007fe45a77a310
Event: 0,466 Thread 0x00007fe450019000 DEOPT UNPACKING pc=0x00007fe438886ea5 sp=0x00007fe45a77a2c0 mode 2
Event: 0,469 Thread 0x00007fe450019000 Uncommon trap: trap_request=0xffffffc6 fr.pc=0x00007fe44030f424 relative=0x0000000000000084
Event: 0,469 Thread 0x00007fe450019000 Uncommon trap: reason=bimorphic_or_optimized_type_check action=maybe_recompile pc=0x00007fe44030f424 method=java.util.AbstractCollection.isEmpty()Z @ 1 c2
Event: 0,469 Thread 0x00007fe450019000 DEOPT PACKING pc=0x00007fe44030f424 sp=0x00007fe45a77a140
Event: 0,469 Thread 0x00007fe450019000 DEOPT UNPACKING pc=0x00007fe438886ea5 sp=0x00007fe45a77a0f0 mode 2
Event: 0,469 Thread 0x00007fe450019000 Uncommon trap: trap_request=0xffffffc6 fr.pc=0x00007fe44030f424 relative=0x0000000000000084
Event: 0,469 Thread 0x00007fe450019000 Uncommon trap: reason=bimorphic_or_optimized_type_check action=maybe_recompile pc=0x00007fe44030f424 method=java.util.AbstractCollection.isEmpty()Z @ 1 c2
Event: 0,469 Thread 0x00007fe450019000 DEOPT PACKING pc=0x00007fe44030f424 sp=0x00007fe45a77a310
Event: 0,469 Thread 0x00007fe450019000 DEOPT UNPACKING pc=0x00007fe438886ea5 sp=0x00007fe45a77a2c0 mode 2
Event: 0,603 Thread 0x00007fe450019000 DEOPT PACKING pc=0x00007fe438e1dc42 sp=0x00007fe45a77eec0
Event: 0,603 Thread 0x00007fe450019000 DEOPT UNPACKING pc=0x00007fe43888764a sp=0x00007fe45a77e348 mode 0
Event: 0,699 Thread 0x00007fe450019000 Uncommon trap: trap_request=0xffffff4d fr.pc=0x00007fe440312a94 relative=0x0000000000000d14
Event: 0,699 Thread 0x00007fe450019000 Uncommon trap: reason=unstable_if action=reinterpret pc=0x00007fe440312a94 method=java.util.HashMap.putVal(ILjava/lang/Object;Ljava/lang/Object;ZZ)Ljava/lang/Object; @ 181 c2
Event: 0,699 Thread 0x00007fe450019000 DEOPT PACKING pc=0x00007fe440312a94 sp=0x00007fe45a77ea70
Event: 0,699 Thread 0x00007fe450019000 DEOPT UNPACKING pc=0x00007fe438886ea5 sp=0x00007fe45a77ea10 mode 2
Event: 0,726 Thread 0x00007fe450019000 DEOPT PACKING pc=0x00007fe438e1ce88 sp=0x00007fe45a77e930
Event: 0,726 Thread 0x00007fe450019000 DEOPT UNPACKING pc=0x00007fe43888764a sp=0x00007fe45a77dda0 mode 0

Classes redefined (0 events):
No events

Internal exceptions (17 events):
Event: 0,417 Thread 0x00007fe450019000 Exception <a 'java/security/PrivilegedActionException'{0x00000000aac94340}> (0x00000000aac94340) thrown at [src/hotspot/share/prims/jvm.cpp, line 1306]
Event: 0,417 Thread 0x00007fe450019000 Exception <a 'java/security/PrivilegedActionException'{0x00000000aac94610}> (0x00000000aac94610) thrown at [src/hotspot/share/prims/jvm.cpp, line 1306]
Event: 0,417 Thread 0x00007fe450019000 Exception <a 'java/lang/NoClassDefFoundError'{0x00000000aac99f50}: org/slf4j/impl/StaticLoggerBinder> (0x00000000aac99f50) thrown at [src/hotspot/share/classfile/systemDictionary.cpp, line 219]
Event: 0,442 Thread 0x00007fe450019000 Exception <a 'java/lang/ClassNotFoundException'{0x00000000aace3180}: sun/awt/resources/spi/awtProvider> (0x00000000aace3180) thrown at [src/hotspot/share/classfile/systemDictionary.cpp, line 230]
Event: 0,502 Thread 0x00007fe450019000 Exception <a 'java/io/FileNotFoundException'{0x00000000aab77a78}> (0x00000000aab77a78) thrown at [src/hotspot/share/prims/jni.cpp, line 616]
Event: 0,521 Thread 0x00007fe450019000 Exception <a 'java/lang/NoSuchMethodError'{0x00000000aabd29b8}: 'java.lang.Object java.lang.invoke.DirectMethodHandle$Holder.invokeStatic(java.lang.Object, java.lang.Object, java.lang.Object, java.lang.Object, java.lang.Object, java.lang.Object, java.lang.Object, java.lang.Object, java.lang.Object, java.lang.Object, java.lang.Object, java.lang.Object, java.lang.Object, java.lang.Object, java.lang.Object)'> (0x00000000aabd29b8) thrown at [src/hotspot/share/interpreter/linkResolver.cpp, line 773]
Event: 0,524 Thread 0x00007fe450019000 Exception <a 'java/lang/NoSuchMethodError'{0x00000000aabe08b0}: 'java.lang.Object java.lang.invoke.DirectMethodHandle$Holder.invokeStatic(java.lang.Object, java.lang.Object, java.lang.Object, java.lang.Object, java.lang.Object, java.lang.Object, java.lang.Object, java.lang.Object, java.lang.Object, java.lang.Object, java.lang.Object, java.lang.Object, java.lang.Object, java.lang.Object, java.lang.Object, java.lang.Object)'> (0x00000000aabe08b0) thrown at [src/hotspot/share/interpreter/linkResolver.cpp, lin
Event: 0,526 Thread 0x00007fe450019000 Exception <a 'java/lang/NoSuchMethodError'{0x00000000aabee520}: 'java.lang.Object java.lang.invoke.DirectMethodHandle$Holder.invokeSpecial(java.lang.Object, java.lang.Object, int, int, java.lang.Object, java.lang.Object, java.lang.Object)'> (0x00000000aabee520) thrown at [src/hotspot/share/interpreter/linkResolver.cpp, line 773]
Event: 0,527 Thread 0x00007fe450019000 Exception <a 'java/lang/NoSuchMethodError'{0x00000000aabf1ab0}: 'java.lang.Object java.lang.invoke.DelegatingMethodHandle$Holder.reinvoke_L(java.lang.Object, int, int, java.lang.Object, java.lang.Object, java.lang.Object)'> (0x00000000aabf1ab0) thrown at [src/hotspot/share/interpreter/linkResolver.cpp, line 773]
Event: 0,528 Thread 0x00007fe450019000 Exception <a 'java/lang/NoSuchMethodError'{0x00000000aabf5e38}: 'java.lang.Object java.lang.invoke.DirectMethodHandle$Holder.invokeStatic(java.lang.Object, java.lang.Object, java.lang.Object, java.lang.Object, int)'> (0x00000000aabf5e38) thrown at [src/hotspot/share/interpreter/linkResolver.cpp, line 773]
Event: 0,739 Thread 0x00007fe450019000 Exception <a 'java/lang/NoSuchMethodError'{0x00000000aa614538}: 'java.lang.Object java.lang.invoke.DirectMethodHandle$Holder.invokeStaticInit(java.lang.Object, java.lang.Object, long, java.lang.Object)'> (0x00000000aa614538) thrown at [src/hotspot/share/interpreter/linkResolver.cpp, line 773]
Event: 0,740 Thread 0x00007fe450019000 Exception <a 'java/lang/NoSuchMethodError'{0x00000000aa620698}: 'java.lang.Object java.lang.invoke.Invokers$Holder.linkToTargetMethod(java.lang.Object, long, java.lang.Object)'> (0x00000000aa620698) thrown at [src/hotspot/share/interpreter/linkResolver.cpp, line 773]
Event: 0,744 Thread 0x00007fe450019000 Exception <a 'java/lang/NoSuchMethodError'{0x00000000aa627488}: 'java.lang.Object java.lang.invoke.DirectMethodHandle$Holder.invokeStatic(java.lang.Object, java.lang.Object, java.lang.Object, int)'> (0x00000000aa627488) thrown at [src/hotspot/share/interpreter/linkResolver.cpp, line 773]
Event: 0,745 Thread 0x00007fe450019000 Exception <a 'java/lang/NoSuchMethodError'{0x00000000aa62ada0}: 'java.lang.Object java.lang.invoke.DirectMethodHandle$Holder.invokeSpecial(java.lang.Object, java.lang.Object, java.lang.Object, java.lang.Object, int)'> (0x00000000aa62ada0) thrown at [src/hotspot/share/interpreter/linkResolver.cpp, line 773]
Event: 0,745 Thread 0x00007fe450019000 Exception <a 'java/lang/NoSuchMethodError'{0x00000000aa62de08}: 'java.lang.Object java.lang.invoke.Invokers$Holder.linkToTargetMethod(java.lang.Object, java.lang.Object, int, java.lang.Object)'> (0x00000000aa62de08) thrown at [src/hotspot/share/interpreter/linkResolver.cpp, line 773]
Event: 0,764 Thread 0x00007fe450019000 Exception <a 'java/lang/UnsatisfiedLinkError'{0x00000000aa689d08}: libtesseract.so: невозможно открыть разделяемый объектный файл: Нет такого файла или каталога> (0x00000000aa689d08) thrown at [src/hotspot/share/prims/jni.cpp, line 637]
Event: 0,766 Thread 0x00007fe450019000 Exception <a 'java/lang/UnsatisfiedLinkError'{0x00000000aa68bfe0}: libtesseract.so: невозможно открыть разделяемый объектный файл: Нет такого файла или каталога> (0x00000000aa68bfe0) thrown at [src/hotspot/share/prims/jni.cpp, line 637]

Events (20 events):
Event: 0,869 loading class sun/awt/image/SurfaceManager$ImageAccessor done
Event: 0,869 loading class java/awt/Image$1 done
Event: 0,869 loading class sun/awt/image/SurfaceManager
Event: 0,869 loading class sun/awt/image/SurfaceManager done
Event: 0,870 loading class java/awt/image/BufferedImage$1
Event: 0,870 loading class java/awt/image/BufferedImage$1 done
Event: 0,870 loading class sun/awt/image/IntegerComponentRaster
Event: 0,870 loading class sun/awt/image/IntegerComponentRaster done
Event: 0,870 loading class sun/awt/image/ShortComponentRaster
Event: 0,870 loading class sun/awt/image/ShortComponentRaster done
Event: 0,871 loading class com/sun/imageio/plugins/common/ReaderUtil
Event: 0,871 loading class com/sun/imageio/plugins/common/ReaderUtil done
Event: 0,907 loading class javax/imageio/IIOImage
Event: 0,907 loading class javax/imageio/IIOImage done
Event: 0,916 loading class java/nio/DirectByteBuffer$Deallocator
Event: 0,916 loading class java/nio/DirectByteBuffer$Deallocator done
Event: 0,917 loading class java/lang/StrictMath
Event: 0,917 loading class java/lang/StrictMath done
Event: 0,918 loading class com/sun/jna/Native$Buffers
Event: 0,918 loading class com/sun/jna/Native$Buffers done


Dynamic libraries:
a5400000-ab000000 rw-p 00000000 00:00 0 
ab000000-ffe00000 ---p 00000000 00:00 0 
ffe00000-ffe47000 rw-p 01118000 08:03 1046969                            /usr/lib/jvm/java-11-openjdk-amd64/lib/server/classes.jsa
ffe47000-fff00000 rw-p 00000000 00:00 0 
fff00000-fff6b000 rw-p 010ad000 08:03 1046969                            /usr/lib/jvm/java-11-openjdk-amd64/lib/server/classes.jsa
fff6b000-100000000 rw-p 00000000 00:00 0 
800000000-800002000 rwxp 00001000 08:03 1046969                          /usr/lib/jvm/java-11-openjdk-amd64/lib/server/classes.jsa
800002000-8003cb000 rw-p 00003000 08:03 1046969                          /usr/lib/jvm/java-11-openjdk-amd64/lib/server/classes.jsa
8003cb000-800a99000 r--p 003cc000 08:03 1046969                          /usr/lib/jvm/java-11-openjdk-amd64/lib/server/classes.jsa
800a99000-800a9a000 rw-p 00a9a000 08:03 1046969                          /usr/lib/jvm/java-11-openjdk-amd64/lib/server/classes.jsa
800a9a000-8010ac000 r--p 00a9b000 08:03 1046969                          /usr/lib/jvm/java-11-openjdk-amd64/lib/server/classes.jsa
840000000-8400a0000 rw-p 00000000 00:00 0 
8400a0000-880000000 ---p 00000000 00:00 0 
5612adf31000-5612adf32000 r-xp 00000000 08:03 1047422                    /usr/lib/jvm/java-11-openjdk-amd64/bin/java
5612ae132000-5612ae133000 r--p 00001000 08:03 1047422                    /usr/lib/jvm/java-11-openjdk-amd64/bin/java
5612ae133000-5612ae134000 rw-p 00002000 08:03 1047422                    /usr/lib/jvm/java-11-openjdk-amd64/bin/java
5612b0091000-5612b00b2000 rw-p 00000000 00:00 0                          [heap]
7fe3e4000000-7fe3e4021000 rw-p 00000000 00:00 0 
7fe3e4021000-7fe3e8000000 ---p 00000000 00:00 0 
7fe3eadf3000-7fe3eadfe000 r-xp 00000000 08:03 1056662                    /usr/lib/x86_64-linux-gnu/libjbig.so.0
7fe3eadfe000-7fe3eaffd000 ---p 0000b000 08:03 1056662                    /usr/lib/x86_64-linux-gnu/libjbig.so.0
7fe3eaffd000-7fe3eaffe000 r--p 0000a000 08:03 1056662                    /usr/lib/x86_64-linux-gnu/libjbig.so.0
7fe3eaffe000-7fe3eb001000 rw-p 0000b000 08:03 1056662                    /usr/lib/x86_64-linux-gnu/libjbig.so.0
7fe3eb001000-7fe3eb025000 r-xp 00000000 08:03 1445099                    /lib/x86_64-linux-gnu/liblzma.so.5.2.2
7fe3eb025000-7fe3eb225000 ---p 00024000 08:03 1445099                    /lib/x86_64-linux-gnu/liblzma.so.5.2.2
7fe3eb225000-7fe3eb226000 r--p 00024000 08:03 1445099                    /lib/x86_64-linux-gnu/liblzma.so.5.2.2
7fe3eb226000-7fe3eb227000 rw-p 00025000 08:03 1445099                    /lib/x86_64-linux-gnu/liblzma.so.5.2.2
7fe3eb227000-7fe3eb27b000 r-xp 00000000 08:03 1056845                    /usr/lib/x86_64-linux-gnu/libopenjp2.so.2.3.0
7fe3eb27b000-7fe3eb47b000 ---p 00054000 08:03 1056845                    /usr/lib/x86_64-linux-gnu/libopenjp2.so.2.3.0
7fe3eb47b000-7fe3eb47c000 r--p 00054000 08:03 1056845                    /usr/lib/x86_64-linux-gnu/libopenjp2.so.2.3.0
7fe3eb47c000-7fe3eb47d000 rw-p 00055000 08:03 1056845                    /usr/lib/x86_64-linux-gnu/libopenjp2.so.2.3.0
7fe3eb47d000-7fe3eb4e3000 r-xp 00000000 08:03 1047223                    /usr/lib/x86_64-linux-gnu/libwebp.so.6.0.2
7fe3eb4e3000-7fe3eb6e2000 ---p 00066000 08:03 1047223                    /usr/lib/x86_64-linux-gnu/libwebp.so.6.0.2
7fe3eb6e2000-7fe3eb6e3000 r--p 00065000 08:03 1047223                    /usr/lib/x86_64-linux-gnu/libwebp.so.6.0.2
7fe3eb6e3000-7fe3eb6e4000 rw-p 00066000 08:03 1047223                    /usr/lib/x86_64-linux-gnu/libwebp.so.6.0.2
7fe3eb6e4000-7fe3eb6e6000 rw-p 00000000 00:00 0 
7fe3eb6e6000-7fe3eb759000 r-xp 00000000 08:03 1047057                    /usr/lib/x86_64-linux-gnu/libtiff.so.5.3.0
7fe3eb759000-7fe3eb958000 ---p 00073000 08:03 1047057                    /usr/lib/x86_64-linux-gnu/libtiff.so.5.3.0
7fe3eb958000-7fe3eb95c000 r--p 00072000 08:03 1047057                    /usr/lib/x86_64-linux-gnu/libtiff.so.5.3.0
7fe3eb95c000-7fe3eb95d000 rw-p 00076000 08:03 1047057                    /usr/lib/x86_64-linux-gnu/libtiff.so.5.3.0
7fe3eb95d000-7fe3eb965000 r-xp 00000000 08:03 1056416                    /usr/lib/x86_64-linux-gnu/libgif.so.7.0.0
7fe3eb965000-7fe3ebb64000 ---p 00008000 08:03 1056416                    /usr/lib/x86_64-linux-gnu/libgif.so.7.0.0
7fe3ebb64000-7fe3ebb65000 r--p 00007000 08:03 1056416                    /usr/lib/x86_64-linux-gnu/libgif.so.7.0.0
7fe3ebb65000-7fe3ebb66000 rw-p 00008000 08:03 1056416                    /usr/lib/x86_64-linux-gnu/libgif.so.7.0.0
7fe3ebb66000-7fe3ebbcd000 r-xp 00000000 08:03 1046712                    /usr/lib/x86_64-linux-gnu/libjpeg.so.8.1.2
7fe3ebbcd000-7fe3ebdcc000 ---p 00067000 08:03 1046712                    /usr/lib/x86_64-linux-gnu/libjpeg.so.8.1.2
7fe3ebdcc000-7fe3ebdcd000 r--p 00066000 08:03 1046712                    /usr/lib/x86_64-linux-gnu/libjpeg.so.8.1.2
7fe3ebdcd000-7fe3ebdce000 rw-p 00067000 08:03 1046712                    /usr/lib/x86_64-linux-gnu/libjpeg.so.8.1.2
7fe3ebdce000-7fe3ebdff000 r-xp 00000000 08:03 1056918                    /usr/lib/x86_64-linux-gnu/libpng16.so.16.34.0
7fe3ebdff000-7fe3ebffe000 ---p 00031000 08:03 1056918                    /usr/lib/x86_64-linux-gnu/libpng16.so.16.34.0
7fe3ebffe000-7fe3ebfff000 r--p 00030000 08:03 1056918                    /usr/lib/x86_64-linux-gnu/libpng16.so.16.34.0
7fe3ebfff000-7fe3ec000000 rw-p 00031000 08:03 1056918                    /usr/lib/x86_64-linux-gnu/libpng16.so.16.34.0
7fe3ec000000-7fe3ec021000 rw-p 00000000 00:00 0 
7fe3ec021000-7fe3f0000000 ---p 00000000 00:00 0 
7fe3f0000000-7fe3f0021000 rw-p 00000000 00:00 0 
7fe3f0021000-7fe3f4000000 ---p 00000000 00:00 0 
7fe3f4000000-7fe3f4021000 rw-p 00000000 00:00 0 
7fe3f4021000-7fe3f8000000 ---p 00000000 00:00 0 
7fe3f8000000-7fe3f8021000 rw-p 00000000 00:00 0 
7fe3f8021000-7fe3fc000000 ---p 00000000 00:00 0 
7fe3fc000000-7fe3fc272000 rw-p 00000000 00:00 0 
7fe3fc272000-7fe400000000 ---p 00000000 00:00 0 
7fe400000000-7fe400021000 rw-p 00000000 00:00 0 
7fe400021000-7fe404000000 ---p 00000000 00:00 0 
7fe404000000-7fe404021000 rw-p 00000000 00:00 0 
7fe404021000-7fe408000000 ---p 00000000 00:00 0 
7fe408000000-7fe40833d000 rw-p 00000000 00:00 0 
7fe40833d000-7fe40c000000 ---p 00000000 00:00 0 
7fe40c000000-7fe40c021000 rw-p 00000000 00:00 0 
7fe40c021000-7fe410000000 ---p 00000000 00:00 0 
7fe410000000-7fe410021000 rw-p 00000000 00:00 0 
7fe410021000-7fe414000000 ---p 00000000 00:00 0 
7fe414000000-7fe414021000 rw-p 00000000 00:00 0 
7fe414021000-7fe418000000 ---p 00000000 00:00 0 
7fe418171000-7fe41819f000 r-xp 00000000 08:03 1049624                    /usr/lib/x86_64-linux-gnu/libgomp.so.1.0.0
7fe41819f000-7fe41839e000 ---p 0002e000 08:03 1049624                    /usr/lib/x86_64-linux-gnu/libgomp.so.1.0.0
7fe41839e000-7fe41839f000 r--p 0002d000 08:03 1049624                    /usr/lib/x86_64-linux-gnu/libgomp.so.1.0.0
7fe41839f000-7fe4183a0000 rw-p 0002e000 08:03 1049624                    /usr/lib/x86_64-linux-gnu/libgomp.so.1.0.0
7fe4183a0000-7fe4185fc000 r-xp 00000000 08:03 1046789                    /usr/lib/x86_64-linux-gnu/liblept.so.5.0.2
7fe4185fc000-7fe4187fb000 ---p 0025c000 08:03 1046789                    /usr/lib/x86_64-linux-gnu/liblept.so.5.0.2
7fe4187fb000-7fe4187fc000 r--p 0025b000 08:03 1046789                    /usr/lib/x86_64-linux-gnu/liblept.so.5.0.2
7fe4187fc000-7fe418802000 rw-p 0025c000 08:03 1046789                    /usr/lib/x86_64-linux-gnu/liblept.so.5.0.2
7fe418802000-7fe418b0f000 r-xp 00000000 08:03 1049117                    /usr/lib/x86_64-linux-gnu/libtesseract.so.4.0.0
7fe418b0f000-7fe418d0e000 ---p 0030d000 08:03 1049117                    /usr/lib/x86_64-linux-gnu/libtesseract.so.4.0.0
7fe418d0e000-7fe418d13000 r--p 0030c000 08:03 1049117                    /usr/lib/x86_64-linux-gnu/libtesseract.so.4.0.0
7fe418d13000-7fe418d14000 rw-p 00311000 08:03 1049117                    /usr/lib/x86_64-linux-gnu/libtesseract.so.4.0.0
7fe418d14000-7fe418fb8000 rw-p 00000000 00:00 0 
7fe418fb8000-7fe418fd6000 r-xp 00000000 08:04 929705                     /home/dmitry/.cache/JNA/temp/jna17424165285932848842.tmp (deleted)
7fe418fd6000-7fe4191d5000 ---p 0001e000 08:04 929705                     /home/dmitry/.cache/JNA/temp/jna17424165285932848842.tmp (deleted)
7fe4191d5000-7fe4191d6000 rw-p 0001d000 08:04 929705                     /home/dmitry/.cache/JNA/temp/jna17424165285932848842.tmp (deleted)
7fe4191d6000-7fe4191d7000 rw-p 00000000 00:00 0 
7fe4191d7000-7fe4191db000 ---p 00000000 00:00 0 
7fe4191db000-7fe4192d8000 rw-p 00000000 00:00 0 
7fe4192d8000-7fe4192eb000 r-xp 00000000 08:03 1460576                    /lib/x86_64-linux-gnu/libbsd.so.0.8.7
7fe4192eb000-7fe4194ea000 ---p 00013000 08:03 1460576                    /lib/x86_64-linux-gnu/libbsd.so.0.8.7
7fe4194ea000-7fe4194eb000 r--p 00012000 08:03 1460576                    /lib/x86_64-linux-gnu/libbsd.so.0.8.7
7fe4194eb000-7fe4194ec000 rw-p 00013000 08:03 1460576                    /lib/x86_64-linux-gnu/libbsd.so.0.8.7
7fe4194ec000-7fe4194ed000 rw-p 00000000 00:00 0 
7fe4194ed000-7fe4194f2000 r-xp 00000000 08:03 1055915                    /usr/lib/x86_64-linux-gnu/libXdmcp.so.6.0.0
7fe4194f2000-7fe4196f1000 ---p 00005000 08:03 1055915                    /usr/lib/x86_64-linux-gnu/libXdmcp.so.6.0.0
7fe4196f1000-7fe4196f2000 r--p 00004000 08:03 1055915                    /usr/lib/x86_64-linux-gnu/libXdmcp.so.6.0.0
7fe4196f2000-7fe4196f3000 rw-p 00005000 08:03 1055915                    /usr/lib/x86_64-linux-gnu/libXdmcp.so.6.0.0
7fe4196f3000-7fe4196f5000 r-xp 00000000 08:03 1047740                    /usr/lib/x86_64-linux-gnu/libXau.so.6.0.0
7fe4196f5000-7fe4198f5000 ---p 00002000 08:03 1047740                    /usr/lib/x86_64-linux-gnu/libXau.so.6.0.0
7fe4198f5000-7fe4198f6000 r--p 00002000 08:03 1047740                    /usr/lib/x86_64-linux-gnu/libXau.so.6.0.0
7fe4198f6000-7fe4198f7000 rw-p 00003000 08:03 1047740                    /usr/lib/x86_64-linux-gnu/libXau.so.6.0.0
7fe4198f7000-7fe41991d000 r-xp 00000000 08:03 1057277                    /usr/lib/x86_64-linux-gnu/libxcb.so.1.1.0
7fe41991d000-7fe419b1d000 ---p 00026000 08:03 1057277                    /usr/lib/x86_64-linux-gnu/libxcb.so.1.1.0
7fe419b1d000-7fe419b1e000 r--p 00026000 08:03 1057277                    /usr/lib/x86_64-linux-gnu/libxcb.so.1.1.0
7fe419b1e000-7fe419b1f000 rw-p 00027000 08:03 1057277                    /usr/lib/x86_64-linux-gnu/libxcb.so.1.1.0
7fe419b1f000-7fe419b2e000 r-xp 00000000 08:03 1055925                    /usr/lib/x86_64-linux-gnu/libXi.so.6.1.0
7fe419b2e000-7fe419d2d000 ---p 0000f000 08:03 1055925                    /usr/lib/x86_64-linux-gnu/libXi.so.6.1.0
7fe419d2d000-7fe419d2e000 r--p 0000e000 08:03 1055925                    /usr/lib/x86_64-linux-gnu/libXi.so.6.1.0
7fe419d2e000-7fe419d2f000 rw-p 0000f000 08:03 1055925                    /usr/lib/x86_64-linux-gnu/libXi.so.6.1.0
7fe419d2f000-7fe419d34000 r-xp 00000000 08:03 1055943                    /usr/lib/x86_64-linux-gnu/libXtst.so.6.1.0
7fe419d34000-7fe419f33000 ---p 00005000 08:03 1055943                    /usr/lib/x86_64-linux-gnu/libXtst.so.6.1.0
7fe419f33000-7fe419f34000 r--p 00004000 08:03 1055943                    /usr/lib/x86_64-linux-gnu/libXtst.so.6.1.0
7fe419f34000-7fe419f35000 rw-p 00005000 08:03 1055943                    /usr/lib/x86_64-linux-gnu/libXtst.so.6.1.0
7fe419f35000-7fe419f3e000 r-xp 00000000 08:03 1055937                    /usr/lib/x86_64-linux-gnu/libXrender.so.1.3.0
7fe419f3e000-7fe41a13d000 ---p 00009000 08:03 1055937                    /usr/lib/x86_64-linux-gnu/libXrender.so.1.3.0
7fe41a13d000-7fe41a13e000 r--p 00008000 08:03 1055937                    /usr/lib/x86_64-linux-gnu/libXrender.so.1.3.0
7fe41a13e000-7fe41a13f000 rw-p 00009000 08:03 1055937                    /usr/lib/x86_64-linux-gnu/libXrender.so.1.3.0
7fe41a13f000-7fe41a272000 r-xp 00000000 08:03 1047403                    /usr/lib/x86_64-linux-gnu/libX11.so.6.3.0
7fe41a272000-7fe41a472000 ---p 00133000 08:03 1047403                    /usr/lib/x86_64-linux-gnu/libX11.so.6.3.0
7fe41a472000-7fe41a473000 r--p 00133000 08:03 1047403                    /usr/lib/x86_64-linux-gnu/libX11.so.6.3.0
7fe41a473000-7fe41a477000 rw-p 00134000 08:03 1047403                    /usr/lib/x86_64-linux-gnu/libX11.so.6.3.0
7fe41a477000-7fe41a488000 r-xp 00000000 08:03 1055917                    /usr/lib/x86_64-linux-gnu/libXext.so.6.4.0
7fe41a488000-7fe41a687000 ---p 00011000 08:03 1055917                    /usr/lib/x86_64-linux-gnu/libXext.so.6.4.0
7fe41a687000-7fe41a688000 r--p 00010000 08:03 1055917                    /usr/lib/x86_64-linux-gnu/libXext.so.6.4.0
7fe41a688000-7fe41a689000 rw-p 00011000 08:03 1055917                    /usr/lib/x86_64-linux-gnu/libXext.so.6.4.0
7fe41a689000-7fe41a6e7000 r-xp 00000000 08:03 1046689                    /usr/lib/jvm/java-11-openjdk-amd64/lib/libawt_xawt.so
7fe41a6e7000-7fe41a8e7000 ---p 0005e000 08:03 1046689                    /usr/lib/jvm/java-11-openjdk-amd64/lib/libawt_xawt.so
7fe41a8e7000-7fe41a8e8000 r--p 0005e000 08:03 1046689                    /usr/lib/jvm/java-11-openjdk-amd64/lib/libawt_xawt.so
7fe41a8e8000-7fe41a8ea000 rw-p 0005f000 08:03 1046689                    /usr/lib/jvm/java-11-openjdk-amd64/lib/libawt_xawt.so
7fe41a8ea000-7fe41a8ec000 rw-p 00000000 00:00 0 
7fe41a8ec000-7fe41a98a000 r-xp 00000000 08:03 1059552                    /usr/lib/jvm/java-11-openjdk-amd64/lib/libawt.so
7fe41a98a000-7fe41ab89000 ---p 0009e000 08:03 1059552                    /usr/lib/jvm/java-11-openjdk-amd64/lib/libawt.so
7fe41ab89000-7fe41ab8a000 r--p 0009d000 08:03 1059552                    /usr/lib/jvm/java-11-openjdk-amd64/lib/libawt.so
7fe41ab8a000-7fe41ab95000 rw-p 0009e000 08:03 1059552                    /usr/lib/jvm/java-11-openjdk-amd64/lib/libawt.so
7fe41ab95000-7fe41abba000 rw-p 00000000 00:00 0 
7fe41abba000-7fe41abbc000 r-xp 00000000 08:03 1059555                    /usr/lib/jvm/java-11-openjdk-amd64/lib/libextnet.so
7fe41abbc000-7fe41adbb000 ---p 00002000 08:03 1059555                    /usr/lib/jvm/java-11-openjdk-amd64/lib/libextnet.so
7fe41adbb000-7fe41adbc000 r--p 00001000 08:03 1059555                    /usr/lib/jvm/java-11-openjdk-amd64/lib/libextnet.so
7fe41adbc000-7fe41adbd000 rw-p 00002000 08:03 1059555                    /usr/lib/jvm/java-11-openjdk-amd64/lib/libextnet.so
7fe41adbd000-7fe41adbe000 ---p 00000000 00:00 0 
7fe41adbe000-7fe41aebf000 rw-p 00000000 00:00 0 
7fe41aebf000-7fe41aec3000 ---p 00000000 00:00 0 
7fe41aec3000-7fe41afc0000 rw-p 00000000 00:00 0 
7fe41afc0000-7fe41afd5000 r-xp 00000000 08:03 1103086                    /usr/lib/jvm/java-11-openjdk-amd64/lib/libnet.so
7fe41afd5000-7fe41b1d4000 ---p 00015000 08:03 1103086                    /usr/lib/jvm/java-11-openjdk-amd64/lib/libnet.so
7fe41b1d4000-7fe41b1d5000 r--p 00014000 08:03 1103086                    /usr/lib/jvm/java-11-openjdk-amd64/lib/libnet.so
7fe41b1d5000-7fe41b1d6000 rw-p 00015000 08:03 1103086                    /usr/lib/jvm/java-11-openjdk-amd64/lib/libnet.so
7fe41b1d6000-7fe41b1e6000 r-xp 00000000 08:03 1103087                    /usr/lib/jvm/java-11-openjdk-amd64/lib/libnio.so
7fe41b1e6000-7fe41b3e5000 ---p 00010000 08:03 1103087                    /usr/lib/jvm/java-11-openjdk-amd64/lib/libnio.so
7fe41b3e5000-7fe41b3e6000 r--p 0000f000 08:03 1103087                    /usr/lib/jvm/java-11-openjdk-amd64/lib/libnio.so
7fe41b3e6000-7fe41b3e7000 rw-p 00010000 08:03 1103087                    /usr/lib/jvm/java-11-openjdk-amd64/lib/libnio.so
7fe41b3e7000-7fe41b3eb000 ---p 00000000 00:00 0 
7fe41b3eb000-7fe41b4e8000 rw-p 00000000 00:00 0 
7fe41b4e8000-7fe41b4ec000 ---p 00000000 00:00 0 
7fe41b4ec000-7fe41b5e9000 rw-p 00000000 00:00 0 
7fe41b5e9000-7fe41b5ed000 ---p 00000000 00:00 0 
7fe41b5ed000-7fe41b6ea000 rw-p 00000000 00:00 0 
7fe41b6ea000-7fe41b6ee000 ---p 00000000 00:00 0 
7fe41b6ee000-7fe41b7eb000 rw-p 00000000 00:00 0 
7fe41b7eb000-7fe41b7ef000 ---p 00000000 00:00 0 
7fe41b7ef000-7fe41b8ec000 rw-p 00000000 00:00 0 
7fe41b8ec000-7fe41b8f0000 ---p 00000000 00:00 0 
7fe41b8f0000-7fe41b9ed000 rw-p 00000000 00:00 0 
7fe41b9ed000-7fe41bdfe000 r--p 00000000 08:03 1047807                    /usr/lib/locale/locale-archive
7fe41bdfe000-7fe41be02000 ---p 00000000 00:00 0 
7fe41be02000-7fe41beff000 rw-p 00000000 00:00 0 
7fe41beff000-7fe41bf03000 ---p 00000000 00:00 0 
7fe41bf03000-7fe41c000000 rw-p 00000000 00:00 0 
7fe41c000000-7fe41c021000 rw-p 00000000 00:00 0 
7fe41c021000-7fe420000000 ---p 00000000 00:00 0 
7fe420000000-7fe420021000 rw-p 00000000 00:00 0 
7fe420021000-7fe424000000 ---p 00000000 00:00 0 
7fe424000000-7fe424021000 rw-p 00000000 00:00 0 
7fe424021000-7fe428000000 ---p 00000000 00:00 0 
7fe428000000-7fe428021000 rw-p 00000000 00:00 0 
7fe428021000-7fe42c000000 ---p 00000000 00:00 0 
7fe42c000000-7fe42c021000 rw-p 00000000 00:00 0 
7fe42c021000-7fe430000000 ---p 00000000 00:00 0 
7fe43004e000-7fe43004f000 ---p 00000000 00:00 0 
7fe43004f000-7fe430690000 rw-p 00000000 00:00 0 
7fe430690000-7fe430950000 ---p 00000000 00:00 0 
7fe430950000-7fe432ac0000 rw-p 00000000 00:00 0 
7fe432ac0000-7fe433ff8000 ---p 00000000 00:00 0 
7fe433ff8000-7fe434000000 rw-p 00000000 00:00 0 
7fe434000000-7fe434021000 rw-p 00000000 00:00 0 
7fe434021000-7fe438000000 ---p 00000000 00:00 0 
7fe43808f000-7fe438093000 ---p 00000000 00:00 0 
7fe438093000-7fe438132000 rw-p 00000000 00:00 0 
7fe438132000-7fe438133000 ---p 00000000 00:00 0 
7fe438133000-7fe438234000 rw-p 00000000 00:00 0 
7fe438234000-7fe438235000 ---p 00000000 00:00 0 
7fe438235000-7fe438639000 rw-p 00000000 00:00 0 
7fe438639000-7fe43863a000 ---p 00000000 00:00 0 
7fe43863a000-7fe43873b000 rw-p 00000000 00:00 0 
7fe43873b000-7fe43873c000 ---p 00000000 00:00 0 
7fe43873c000-7fe43883d000 rw-p 00000000 00:00 0 
7fe43883d000-7fe438aad000 rwxp 00000000 00:00 0 
7fe438aad000-7fe438dcd000 ---p 00000000 00:00 0 
7fe438dcd000-7fe43903d000 rwxp 00000000 00:00 0 
7fe43903d000-7fe440305000 ---p 00000000 00:00 0 
7fe440305000-7fe440575000 rwxp 00000000 00:00 0 
7fe440575000-7fe44783d000 ---p 00000000 00:00 0 
7fe44783d000-7fe450000000 r--s 00000000 08:03 1103096                    /usr/lib/jvm/java-11-openjdk-amd64/lib/modules
7fe450000000-7fe4507ac000 rw-p 00000000 00:00 0 
7fe4507ac000-7fe454000000 ---p 00000000 00:00 0 
7fe454000000-7fe454271000 rw-p 00000000 00:00 0 
7fe454271000-7fe4557a9000 ---p 00000000 00:00 0 
7fe4557a9000-7fe4557df000 rw-p 00000000 00:00 0 
7fe4557df000-7fe455a86000 ---p 00000000 00:00 0 
7fe455a86000-7fe455ab5000 rw-p 00000000 00:00 0 
7fe455ab5000-7fe455d5c000 ---p 00000000 00:00 0 
7fe455d5c000-7fe455d8b000 rw-p 00000000 00:00 0 
7fe455d8b000-7fe456032000 ---p 00000000 00:00 0 
7fe456032000-7fe456437000 rw-p 00000000 00:00 0 
7fe456437000-7fe456438000 ---p 00000000 00:00 0 
7fe456438000-7fe45653e000 rw-p 00000000 00:00 0 
7fe45653e000-7fe456624000 ---p 00000000 00:00 0 
7fe456624000-7fe456629000 rw-p 00000000 00:00 0 
7fe456629000-7fe45670f000 ---p 00000000 00:00 0 
7fe45670f000-7fe456716000 r-xp 00000000 08:03 1103095                    /usr/lib/jvm/java-11-openjdk-amd64/lib/libzip.so
7fe456716000-7fe456916000 ---p 00007000 08:03 1103095                    /usr/lib/jvm/java-11-openjdk-amd64/lib/libzip.so
7fe456916000-7fe456917000 r--p 00007000 08:03 1103095                    /usr/lib/jvm/java-11-openjdk-amd64/lib/libzip.so
7fe456917000-7fe456918000 rw-p 00008000 08:03 1103095                    /usr/lib/jvm/java-11-openjdk-amd64/lib/libzip.so
7fe456918000-7fe456923000 r-xp 00000000 08:03 1442762                    /lib/x86_64-linux-gnu/libnss_files-2.27.so
7fe456923000-7fe456b22000 ---p 0000b000 08:03 1442762                    /lib/x86_64-linux-gnu/libnss_files-2.27.so
7fe456b22000-7fe456b23000 r--p 0000a000 08:03 1442762                    /lib/x86_64-linux-gnu/libnss_files-2.27.so
7fe456b23000-7fe456b24000 rw-p 0000b000 08:03 1442762                    /lib/x86_64-linux-gnu/libnss_files-2.27.so
7fe456b24000-7fe456b2a000 rw-p 00000000 00:00 0 
7fe456b2a000-7fe456b41000 r-xp 00000000 08:03 1442756                    /lib/x86_64-linux-gnu/libnsl-2.27.so
7fe456b41000-7fe456d40000 ---p 00017000 08:03 1442756                    /lib/x86_64-linux-gnu/libnsl-2.27.so
7fe456d40000-7fe456d41000 r--p 00016000 08:03 1442756                    /lib/x86_64-linux-gnu/libnsl-2.27.so
7fe456d41000-7fe456d42000 rw-p 00017000 08:03 1442756                    /lib/x86_64-linux-gnu/libnsl-2.27.so
7fe456d42000-7fe456d44000 rw-p 00000000 00:00 0 
7fe456d44000-7fe456d4f000 r-xp 00000000 08:03 1442766                    /lib/x86_64-linux-gnu/libnss_nis-2.27.so
7fe456d4f000-7fe456f4e000 ---p 0000b000 08:03 1442766                    /lib/x86_64-linux-gnu/libnss_nis-2.27.so
7fe456f4e000-7fe456f4f000 r--p 0000a000 08:03 1442766                    /lib/x86_64-linux-gnu/libnss_nis-2.27.so
7fe456f4f000-7fe456f50000 rw-p 0000b000 08:03 1442766                    /lib/x86_64-linux-gnu/libnss_nis-2.27.so
7fe456f50000-7fe456f58000 r-xp 00000000 08:03 1442758                    /lib/x86_64-linux-gnu/libnss_compat-2.27.so
7fe456f58000-7fe457158000 ---p 00008000 08:03 1442758                    /lib/x86_64-linux-gnu/libnss_compat-2.27.so
7fe457158000-7fe457159000 r--p 00008000 08:03 1442758                    /lib/x86_64-linux-gnu/libnss_compat-2.27.so
7fe457159000-7fe45715a000 rw-p 00009000 08:03 1442758                    /lib/x86_64-linux-gnu/libnss_compat-2.27.so
7fe45715a000-7fe457164000 r-xp 00000000 08:03 1059557                    /usr/lib/jvm/java-11-openjdk-amd64/lib/libinstrument.so
7fe457164000-7fe457363000 ---p 0000a000 08:03 1059557                    /usr/lib/jvm/java-11-openjdk-amd64/lib/libinstrument.so
7fe457363000-7fe457364000 r--p 00009000 08:03 1059557                    /usr/lib/jvm/java-11-openjdk-amd64/lib/libinstrument.so
7fe457364000-7fe457365000 rw-p 0000a000 08:03 1059557                    /usr/lib/jvm/java-11-openjdk-amd64/lib/libinstrument.so
7fe457365000-7fe45736a000 r-xp 00000000 08:03 1103078                    /usr/lib/jvm/java-11-openjdk-amd64/lib/libjimage.so
7fe45736a000-7fe457569000 ---p 00005000 08:03 1103078                    /usr/lib/jvm/java-11-openjdk-amd64/lib/libjimage.so
7fe457569000-7fe45756a000 r--p 00004000 08:03 1103078                    /usr/lib/jvm/java-11-openjdk-amd64/lib/libjimage.so
7fe45756a000-7fe45756b000 rw-p 00005000 08:03 1103078                    /usr/lib/jvm/java-11-openjdk-amd64/lib/libjimage.so
7fe45756b000-7fe457593000 r-xp 00000000 08:03 1059562                    /usr/lib/jvm/java-11-openjdk-amd64/lib/libjava.so
7fe457593000-7fe457793000 ---p 00028000 08:03 1059562                    /usr/lib/jvm/java-11-openjdk-amd64/lib/libjava.so
7fe457793000-7fe457794000 r--p 00028000 08:03 1059562                    /usr/lib/jvm/java-11-openjdk-amd64/lib/libjava.so
7fe457794000-7fe457795000 rw-p 00029000 08:03 1059562                    /usr/lib/jvm/java-11-openjdk-amd64/lib/libjava.so
7fe457795000-7fe457796000 rw-p 00000000 00:00 0 
7fe457796000-7fe4577a3000 r-xp 00000000 08:03 1103094                    /usr/lib/jvm/java-11-openjdk-amd64/lib/libverify.so
7fe4577a3000-7fe4579a2000 ---p 0000d000 08:03 1103094                    /usr/lib/jvm/java-11-openjdk-amd64/lib/libverify.so
7fe4579a2000-7fe4579a4000 r--p 0000c000 08:03 1103094                    /usr/lib/jvm/java-11-openjdk-amd64/lib/libverify.so
7fe4579a4000-7fe4579a5000 rw-p 0000e000 08:03 1103094                    /usr/lib/jvm/java-11-openjdk-amd64/lib/libverify.so
7fe4579a5000-7fe4579ac000 r-xp 00000000 08:03 1442775                    /lib/x86_64-linux-gnu/librt-2.27.so
7fe4579ac000-7fe457bab000 ---p 00007000 08:03 1442775                    /lib/x86_64-linux-gnu/librt-2.27.so
7fe457bab000-7fe457bac000 r--p 00006000 08:03 1442775                    /lib/x86_64-linux-gnu/librt-2.27.so
7fe457bac000-7fe457bad000 rw-p 00007000 08:03 1442775                    /lib/x86_64-linux-gnu/librt-2.27.so
7fe457bad000-7fe457bc4000 r-xp 00000000 08:03 1444715                    /lib/x86_64-linux-gnu/libgcc_s.so.1
7fe457bc4000-7fe457dc3000 ---p 00017000 08:03 1444715                    /lib/x86_64-linux-gnu/libgcc_s.so.1
7fe457dc3000-7fe457dc4000 r--p 00016000 08:03 1444715                    /lib/x86_64-linux-gnu/libgcc_s.so.1
7fe457dc4000-7fe457dc5000 rw-p 00017000 08:03 1444715                    /lib/x86_64-linux-gnu/libgcc_s.so.1
7fe457dc5000-7fe457f62000 r-xp 00000000 08:03 1442750                    /lib/x86_64-linux-gnu/libm-2.27.so
7fe457f62000-7fe458161000 ---p 0019d000 08:03 1442750                    /lib/x86_64-linux-gnu/libm-2.27.so
7fe458161000-7fe458162000 r--p 0019c000 08:03 1442750                    /lib/x86_64-linux-gnu/libm-2.27.so
7fe458162000-7fe458163000 rw-p 0019d000 08:03 1442750                    /lib/x86_64-linux-gnu/libm-2.27.so
7fe458163000-7fe4582dc000 r-xp 00000000 08:03 1049420                    /usr/lib/x86_64-linux-gnu/libstdc++.so.6.0.25
7fe4582dc000-7fe4584dc000 ---p 00179000 08:03 1049420                    /usr/lib/x86_64-linux-gnu/libstdc++.so.6.0.25
7fe4584dc000-7fe4584e6000 r--p 00179000 08:03 1049420                    /usr/lib/x86_64-linux-gnu/libstdc++.so.6.0.25
7fe4584e6000-7fe4584e8000 rw-p 00183000 08:03 1049420                    /usr/lib/x86_64-linux-gnu/libstdc++.so.6.0.25
7fe4584e8000-7fe4584ec000 rw-p 00000000 00:00 0 
7fe4584ec000-7fe4595e5000 r-xp 00000000 08:03 1103099                    /usr/lib/jvm/java-11-openjdk-amd64/lib/server/libjvm.so
7fe4595e5000-7fe4597e4000 ---p 010f9000 08:03 1103099                    /usr/lib/jvm/java-11-openjdk-amd64/lib/server/libjvm.so
7fe4597e4000-7fe4598a8000 r--p 010f8000 08:03 1103099                    /usr/lib/jvm/java-11-openjdk-amd64/lib/server/libjvm.so
7fe4598a8000-7fe4598e3000 rw-p 011bc000 08:03 1103099                    /usr/lib/jvm/java-11-openjdk-amd64/lib/server/libjvm.so
7fe4598e3000-7fe45993a000 rw-p 00000000 00:00 0 
7fe45993a000-7fe459954000 r-xp 00000000 08:03 1442772                    /lib/x86_64-linux-gnu/libpthread-2.27.so
7fe459954000-7fe459b53000 ---p 0001a000 08:03 1442772                    /lib/x86_64-linux-gnu/libpthread-2.27.so
7fe459b53000-7fe459b54000 r--p 00019000 08:03 1442772                    /lib/x86_64-linux-gnu/libpthread-2.27.so
7fe459b54000-7fe459b55000 rw-p 0001a000 08:03 1442772                    /lib/x86_64-linux-gnu/libpthread-2.27.so
7fe459b55000-7fe459b59000 rw-p 00000000 00:00 0 
7fe459b59000-7fe459b5c000 r-xp 00000000 08:03 1442748                    /lib/x86_64-linux-gnu/libdl-2.27.so
7fe459b5c000-7fe459d5b000 ---p 00003000 08:03 1442748                    /lib/x86_64-linux-gnu/libdl-2.27.so
7fe459d5b000-7fe459d5c000 r--p 00002000 08:03 1442748                    /lib/x86_64-linux-gnu/libdl-2.27.so
7fe459d5c000-7fe459d5d000 rw-p 00003000 08:03 1442748                    /lib/x86_64-linux-gnu/libdl-2.27.so
7fe459d5d000-7fe459d79000 r-xp 00000000 08:03 1445213                    /lib/x86_64-linux-gnu/libz.so.1.2.11
7fe459d79000-7fe459f78000 ---p 0001c000 08:03 1445213                    /lib/x86_64-linux-gnu/libz.so.1.2.11
7fe459f78000-7fe459f79000 r--p 0001b000 08:03 1445213                    /lib/x86_64-linux-gnu/libz.so.1.2.11
7fe459f79000-7fe459f7a000 rw-p 0001c000 08:03 1445213                    /lib/x86_64-linux-gnu/libz.so.1.2.11
7fe459f7a000-7fe45a161000 r-xp 00000000 08:03 1442742                    /lib/x86_64-linux-gnu/libc-2.27.so
7fe45a161000-7fe45a361000 ---p 001e7000 08:03 1442742                    /lib/x86_64-linux-gnu/libc-2.27.so
7fe45a361000-7fe45a365000 r--p 001e7000 08:03 1442742                    /lib/x86_64-linux-gnu/libc-2.27.so
7fe45a365000-7fe45a367000 rw-p 001eb000 08:03 1442742                    /lib/x86_64-linux-gnu/libc-2.27.so
7fe45a367000-7fe45a36b000 rw-p 00000000 00:00 0 
7fe45a36b000-7fe45a37a000 r-xp 00000000 08:03 1059547                    /usr/lib/jvm/java-11-openjdk-amd64/lib/jli/libjli.so
7fe45a37a000-7fe45a579000 ---p 0000f000 08:03 1059547                    /usr/lib/jvm/java-11-openjdk-amd64/lib/jli/libjli.so
7fe45a579000-7fe45a57a000 r--p 0000e000 08:03 1059547                    /usr/lib/jvm/java-11-openjdk-amd64/lib/jli/libjli.so
7fe45a57a000-7fe45a57b000 rw-p 0000f000 08:03 1059547                    /usr/lib/jvm/java-11-openjdk-amd64/lib/jli/libjli.so
7fe45a57b000-7fe45a5a4000 r-xp 00000000 08:03 1442677                    /lib/x86_64-linux-gnu/ld-2.27.so
7fe45a5c5000-7fe45a5f5000 r--p 00000000 08:03 1342963                    /usr/share/locale-langpack/ru/LC_MESSAGES/libc.mo
7fe45a5f5000-7fe45a681000 rw-p 00000000 00:00 0 
7fe45a681000-7fe45a685000 ---p 00000000 00:00 0 
7fe45a685000-7fe45a784000 rw-p 00000000 00:00 0 
7fe45a785000-7fe45a78c000 r--s 00000000 08:03 1220578                    /usr/lib/x86_64-linux-gnu/gconv/gconv-modules.cache
7fe45a78c000-7fe45a791000 rw-p 00000000 00:00 0 
7fe45a791000-7fe45a798000 ---p 00000000 00:00 0 
7fe45a798000-7fe45a7a0000 rw-s 00000000 08:03 671894                     /tmp/hsperfdata_dmitry/21994
7fe45a7a0000-7fe45a7a1000 ---p 00000000 00:00 0 
7fe45a7a1000-7fe45a7a2000 r--p 00000000 00:00 0 
7fe45a7a2000-7fe45a7a4000 rw-p 00000000 00:00 0 
7fe45a7a4000-7fe45a7a5000 r--p 00029000 08:03 1442677                    /lib/x86_64-linux-gnu/ld-2.27.so
7fe45a7a5000-7fe45a7a6000 rw-p 0002a000 08:03 1442677                    /lib/x86_64-linux-gnu/ld-2.27.so
7fe45a7a6000-7fe45a7a7000 rw-p 00000000 00:00 0 
7ffeded27000-7ffeded49000 rw-p 00000000 00:00 0                          [stack]
7ffeded4d000-7ffeded50000 r--p 00000000 00:00 0                          [vvar]
7ffeded50000-7ffeded51000 r-xp 00000000 00:00 0                          [vdso]
ffffffffff600000-ffffffffff601000 --xp 00000000 00:00 0                  [vsyscall]


VM Arguments:
jvm_args: -javaagent:/home/dmitry/Programs/apps/IDEA-C/ch-0/213.7172.25/lib/idea_rt.jar=40649:/home/dmitry/Programs/apps/IDEA-C/ch-0/213.7172.25/bin -Dfile.encoding=UTF-8 
java_command: MainKt
java_class_path (initial): /home/dmitry/Документы/IdeaProjects/sudoky/build/classes/kotlin/main:/home/dmitry/.gradle/caches/modules-2/files-2.1/org.jetbrains.kotlin/kotlin-stdlib-jdk8/1.5.10/3f4af7aff21c4ec46e3cdd645639d0a63a68d3d0/kotlin-stdlib-jdk8-1.5.10.jar:/home/dmitry/.gradle/caches/modules-2/files-2.1/net.sourceforge.tess4j/tess4j/5.1.1/e574ec7e29f7395216a75eaed80196ab5fd0b6c2/tess4j-5.1.1.jar:/home/dmitry/.gradle/caches/modules-2/files-2.1/org.jetbrains.kotlin/kotlin-stdlib-jdk7/1.5.10/c49d0703d16c6cb1526cc07b9b46486da1dd8a60/kotlin-stdlib-jdk7-1.5.10.jar:/home/dmitry/.gradle/caches/modules-2/files-2.1/org.jetbrains.kotlin/kotlin-stdlib/1.5.10/da6a904b132f0402fa4d79169a3c1770598d4702/kotlin-stdlib-1.5.10.jar:/home/dmitry/.gradle/caches/modules-2/files-2.1/net.sourceforge.lept4j/lept4j/1.16.1/bd84a282f8ea431a4fdeca9b72fedee4b20a5b38/lept4j-1.16.1.jar:/home/dmitry/.gradle/caches/modules-2/files-2.1/net.java.dev.jna/jna/5.10.0/7cf4c87dd802db50721db66947aa237d7ad09418/jna-5.10.0.jar:/home/dmitry/.gradle/caches/modules-2/files-2.1/com.github.jai-imageio/jai-imageio-core/1.4.0/fb6d79b929556362a241b2f65a04e538062f0077/jai-imageio-core-1.4.0.jar:/home/dmitry/.gradle/caches/modules-2/files-2.1/org.apache.pdfbox/pdfbox-tools/2.0.25/baf53c291ed43c13a1230de3ce33711f441ab999/pdfbox-tools-2.0.25.jar:/home/dmitry/.gradle/caches/modules-2/files-2.1/org.apache.pdfbox/pdfbox/2.0.25/c18cd03ff3a2dfc3c4a30d3a35173bd2690bcb92/pdfbox-2.0.25.jar:/home/dmitry/.gradle/caches/modules-2/files-2.1/org.apache.pdfbox/jbig2-imageio/3.0.3/1719861ff0b86162c5b391fb4d1084c05ff72b35/jbig2-imageio-3.0.3.jar:/home/dmitry/.gradle/caches/modules-2/files-2.1/commons-io/commons-io/2.11.0/a2503f302b11ebde7ebc3df41daebe0e4eea3689/commons-io-2.11.0.jar:/home/dmitry/.gradle/caches/modules-2/files-2.1/org.jboss/jboss-vfs/3.2.16.Final/3624c3de6f7730903b7d0c604ba0db32d61ec8b9/jboss-vfs-3.2.16.Final.jar:/home/dmitry/.gradle/caches/modules-2/files-2.1/org.slf4j/slf4j-api/1.7.35/517f3a0687490b72d0e5
Launcher Type: SUN_STANDARD

[Global flags]
     intx CICompilerCount                          = 3                                         {product} {ergonomic}
     uint ConcGCThreads                            = 1                                         {product} {ergonomic}
     uint G1ConcRefinementThreads                  = 4                                         {product} {ergonomic}
   size_t G1HeapRegionSize                         = 1048576                                   {product} {ergonomic}
    uintx GCDrainStackTargetSize                   = 64                                        {product} {ergonomic}
   size_t InitialHeapSize                          = 96468992                                  {product} {ergonomic}
   size_t MarkStackSize                            = 4194304                                   {product} {ergonomic}
   size_t MaxHeapSize                              = 1522532352                                {product} {ergonomic}
   size_t MaxNewSize                               = 913309696                                 {product} {ergonomic}
   size_t MinHeapDeltaBytes                        = 1048576                                   {product} {ergonomic}
    uintx NonNMethodCodeHeapSize                   = 5830732                                {pd product} {ergonomic}
    uintx NonProfiledCodeHeapSize                  = 122913754                              {pd product} {ergonomic}
    uintx ProfiledCodeHeapSize                     = 122913754                              {pd product} {ergonomic}
    uintx ReservedCodeCacheSize                    = 251658240                              {pd product} {ergonomic}
     bool SegmentedCodeCache                       = true                                      {product} {ergonomic}
     bool UseCompressedClassPointers               = true                                 {lp64_product} {ergonomic}
     bool UseCompressedOops                        = true                                 {lp64_product} {ergonomic}
     bool UseG1GC                                  = true                                      {product} {ergonomic}

Logging:
Log output configuration:
 #0: stdout all=warning uptime,level,tags
 #1: stderr all=off uptime,level,tags

Environment Variables:
JAVA_HOME=/usr/lib/jvm/jdk1.8.0_241-amd64
PATH=/usr/local/sbin:/usr/local/bin:/usr/sbin:/usr/bin:/sbin:/bin:/usr/games:/usr/local/games:/snap/bin
SHELL=/bin/bash
DISPLAY=:0
LANG=ru_RU.UTF-8

Signal Handlers:
SIGSEGV: [libjvm.so+0xe2a490], sa_mask[0]=11111111011111111101111111111110, sa_flags=SA_RESTART|SA_SIGINFO
SIGBUS: [libjvm.so+0xe2a490], sa_mask[0]=11111111011111111101111111111110, sa_flags=SA_RESTART|SA_SIGINFO
SIGFPE: [libjvm.so+0xe2a490], sa_mask[0]=11111111011111111101111111111110, sa_flags=SA_RESTART|SA_SIGINFO
SIGPIPE: [libjvm.so+0xb80870], sa_mask[0]=11111111011111111101111111111110, sa_flags=SA_RESTART|SA_SIGINFO
SIGXFSZ: [libjvm.so+0xb80870], sa_mask[0]=11111111011111111101111111111110, sa_flags=SA_RESTART|SA_SIGINFO
SIGILL: [libjvm.so+0xe2a490], sa_mask[0]=11111111011111111101111111111110, sa_flags=SA_RESTART|SA_SIGINFO
SIGUSR2: [libjvm.so+0xb80700], sa_mask[0]=00100000000000000000000000000000, sa_flags=SA_RESTART|SA_SIGINFO
SIGHUP: [libjvm.so+0xb80bc0], sa_mask[0]=11111111011111111101111111111110, sa_flags=SA_RESTART|SA_SIGINFO
SIGINT: [libjvm.so+0xb80bc0], sa_mask[0]=11111111011111111101111111111110, sa_flags=SA_RESTART|SA_SIGINFO
SIGTERM: [libjvm.so+0xb80bc0], sa_mask[0]=11111111011111111101111111111110, sa_flags=SA_RESTART|SA_SIGINFO
SIGQUIT: [libjvm.so+0xb80bc0], sa_mask[0]=11111111011111111101111111111110, sa_flags=SA_RESTART|SA_SIGINFO


---------------  S Y S T E M  ---------------

OS:DISTRIB_ID=LinuxMint
DISTRIB_RELEASE=19.3
DISTRIB_CODENAME=tricia
DISTRIB_DESCRIPTION="Linux Mint 19.3 Tricia"
uname:Linux 5.4.0-104-generic #118~18.04.1-Ubuntu SMP Thu Mar 3 13:53:15 UTC 2022 x86_64
OS uptime: 0 days 4:36 hours
libc:glibc 2.27 NPTL 2.27 
rlimit (soft/hard): STACK 8192k/infinity , CORE 0k/infinity , NPROC 22917/22917 , NOFILE 1048576/1048576 , AS infinity/infinity , CPU infinity/infinity , DATA infinity/infinity , FSIZE infinity/infinity , MEMLOCK 65536k/65536k
load average:1,10 1,21 1,36

/proc/meminfo:
MemTotal:        5943256 kB
MemFree:          127096 kB
MemAvailable:     587052 kB
Buffers:           81256 kB
Cached:           633080 kB
SwapCached:        23376 kB
Active:          4429220 kB
Inactive:         995920 kB
Active(anon):    4102512 kB
Inactive(anon):   683808 kB
Active(file):     326708 kB
Inactive(file):   312112 kB
Unevictable:         552 kB
Mlocked:             544 kB
SwapTotal:       1952764 kB
SwapFree:         748028 kB
Dirty:              1008 kB
Writeback:             0 kB
AnonPages:       4699788 kB
Mapped:           310724 kB
Shmem:             75300 kB
KReclaimable:      66328 kB
Slab:             159940 kB
SReclaimable:      66328 kB
SUnreclaim:        93612 kB
KernelStack:       20576 kB
PageTables:        71952 kB
NFS_Unstable:          0 kB
Bounce:                0 kB
WritebackTmp:          0 kB
CommitLimit:     4924392 kB
Committed_AS:   11162480 kB
VmallocTotal:   34359738367 kB
VmallocUsed:       54232 kB
VmallocChunk:          0 kB
Percpu:             3264 kB
HardwareCorrupted:     0 kB
AnonHugePages:         0 kB
ShmemHugePages:        0 kB
ShmemPmdMapped:        0 kB
FileHugePages:         0 kB
FilePmdMapped:         0 kB
CmaTotal:              0 kB
CmaFree:               0 kB
HugePages_Total:       0
HugePages_Free:        0
HugePages_Rsvd:        0
HugePages_Surp:        0
Hugepagesize:       2048 kB
Hugetlb:               0 kB
DirectMap4k:      431896 kB
DirectMap2M:     5720064 kB

/sys/kernel/mm/transparent_hugepage/enabled:
always [madvise] never
/sys/kernel/mm/transparent_hugepage/defrag (defrag/compaction efforts parameter):
always defer defer+madvise [madvise] never

Process Memory:
Virtual Size: 4444392K (peak: 12936604K)
Resident Set Size: 75364K (peak: 75364K) (anon: 42808K, file: 32556K, shmem: 0K)
Swapped out: 0K
C-Heap outstanding allocations: 12161K

/proc/sys/kernel/threads-max (system-wide limit on the number of threads):
45834
/proc/sys/vm/max_map_count (maximum number of memory map areas a process may have):
65530
/proc/sys/kernel/pid_max (system-wide limit on number of process identifiers):
32768

container (cgroup) information:
container_type: cgroupv1
cpu_cpuset_cpus: 0-3
cpu_memory_nodes: 0
active_processor_count: 4
cpu_quota: -1
cpu_period: 100000
cpu_shares: -1
memory_limit_in_bytes: -1
memory_and_swap_limit_in_bytes: -2
memory_soft_limit_in_bytes: -1
memory_usage_in_bytes: 5552795648
memory_max_usage_in_bytes: 0

Steal ticks since vm start: 0
Steal ticks percentage since vm start:  0,000

CPU:total 4 (initial active 4) (2 cores per cpu, 2 threads per core) family 6 model 58 stepping 9 microcode 0x21, cmov, cx8, fxsr, mmx, sse, sse2, sse3, ssse3, sse4.1, sse4.2, popcnt, avx, aes, clmul, erms, ht, tsc, tscinvbit, tscinv
CPU Model and flags from /proc/cpuinfo:
model name	: Intel(R) Core(TM) i5-3210M CPU @ 2.50GHz
flags		: fpu vme de pse tsc msr pae mce cx8 apic sep mtrr pge mca cmov pat pse36 clflush dts acpi mmx fxsr sse sse2 ss ht tm pbe syscall nx rdtscp lm constant_tsc arch_perfmon pebs bts rep_good nopl xtopology nonstop_tsc cpuid aperfmperf pni pclmulqdq dtes64 monitor ds_cpl vmx est tm2 ssse3 cx16 xtpr pdcm pcid sse4_1 sse4_2 x2apic popcnt tsc_deadline_timer aes xsave avx f16c rdrand lahf_lm cpuid_fault epb pti ssbd ibrs ibpb stibp tpr_shadow vnmi flexpriority ept vpid fsgsbase smep erms xsaveopt dtherm ida arat pln pts md_clear flush_l1d
Online cpus:
0-3
Offline cpus:
4-7
BIOS frequency limitation:
<Not Available>
Frequency switch latency (ns):
0
Available cpu frequencies:
<Not Available>
Current governor:
powersave
Core performance/turbo boost:
<Not Available>

Memory: 4k page, physical 5943256k(127096k free), swap 1952764k(748028k free)

vm_info: OpenJDK 64-Bit Server VM (11.0.14+9-Ubuntu-0ubuntu2.18.04) for linux-amd64 JRE (11.0.14+9-Ubuntu-0ubuntu2.18.04), built on Jan 25 2022 14:03:04 by "unknown" with gcc 8.4.0

END.
