#
# A fatal error has been detected by the Java Runtime Environment:
#
#  SIGSEGV (0xb) at pc=0x00007fc3a8bacc27, pid=23678, tid=23679
#
# JRE version: OpenJDK Runtime Environment (11.0.14+9) (build 11.0.14+9-Ubuntu-0ubuntu2.18.04)
# Java VM: OpenJDK 64-Bit Server VM (11.0.14+9-Ubuntu-0ubuntu2.18.04, mixed mode, sharing, tiered, compressed oops, g1 gc, linux-amd64)
# Problematic frame:
# C  [libtesseract.so.4.0.0+0xa1c27]  tesseract::Tesseract::recog_all_words(PAGE_RES*, ETEXT_DESC*, TBOX const*, char const*, int)+0x437
#
# Core dump will be written. Default location: Core dumps may be processed with "/lib/systemd/systemd-coredump %P %u %g %s %t 9223372036854775808 %e" (or dumping to /home/dmitry/Документы/IdeaProjects/sudoky/core.23678)
#
# If you would like to submit a bug report, please visit:
#   https://bugs.launchpad.net/ubuntu/+source/openjdk-lts
# The crash happened outside the Java Virtual Machine in native code.
# See problematic frame for where to report the bug.
#

---------------  S U M M A R Y ------------

Command Line: -javaagent:/home/dmitry/Programs/apps/IDEA-C/ch-0/213.7172.25/lib/idea_rt.jar=41291:/home/dmitry/Programs/apps/IDEA-C/ch-0/213.7172.25/bin -Dfile.encoding=UTF-8 MainKt

Host: Intel(R) Core(TM) i5-3210M CPU @ 2.50GHz, 4 cores, 5G, Linux Mint 19.3 Tricia
Time: Sat Mar 26 13:51:26 2022 +03 elapsed time: 1.395865 seconds (0d 0h 0m 1s)

---------------  T H R E A D  ---------------

Current thread (0x00007fc3e8019000):  JavaThread "main" [_thread_in_native, id=23679, stack(0x00007fc3f28b5000,0x00007fc3f29b6000)]

Stack: [0x00007fc3f28b5000,0x00007fc3f29b6000],  sp=0x00007fc3f29b3700,  free space=1017k
Native frames: (J=compiled Java code, A=aot compiled Java code, j=interpreted, Vv=VM code, C=native code)
C  [libtesseract.so.4.0.0+0xa1c27]  tesseract::Tesseract::recog_all_words(PAGE_RES*, ETEXT_DESC*, TBOX const*, char const*, int)+0x437

Java frames: (J=compiled Java code, j=interpreted, Vv=VM code)
j  com.sun.jna.Native.invokePointer(JI[Ljava/lang/Object;)J+0
j  com.sun.jna.Function.invokePointer(I[Ljava/lang/Object;)Lcom/sun/jna/Pointer;+6
j  com.sun.jna.Function.invoke([Ljava/lang/Object;Ljava/lang/Class;Z)Ljava/lang/Object;+426
j  com.sun.jna.Function.invoke(Ljava/lang/Class;[Ljava/lang/Object;Ljava/util/Map;)Ljava/lang/Object;+262
j  com.sun.jna.Library$Handler.invoke(Ljava/lang/Object;Ljava/lang/reflect/Method;[Ljava/lang/Object;)Ljava/lang/Object;+316
j  com.sun.proxy.$Proxy0.TessBaseAPIGetUTF8Text(Lnet/sourceforge/tess4j/ITessAPI$TessBaseAPI;)Lcom/sun/jna/Pointer;+16
j  net.sourceforge.tess4j.Tesseract.getOCRText(Ljava/lang/String;I)Ljava/lang/String;+62
j  net.sourceforge.tess4j.Tesseract.doOCR(Ljava/util/List;Ljava/lang/String;Ljava/awt/Rectangle;)Ljava/lang/String;+69
j  net.sourceforge.tess4j.Tesseract.doOCR(Ljava/io/File;Ljava/awt/Rectangle;)Ljava/lang/String;+10
j  net.sourceforge.tess4j.Tesseract.doOCR(Ljava/io/File;)Ljava/lang/String;+3
j  MainKt.main([Ljava/lang/String;)V+150
v  ~StubRoutines::call_stub

siginfo: si_signo: 11 (SIGSEGV), si_code: 1 (SEGV_MAPERR), si_addr: 0x000000000000000c

Register to memory mapping:

RAX=0x0 is NULL
RBX=0x00007fc3e86ef720 points into unknown readable memory: 0x00007fc3a9018b88 | 88 8b 01 a9 c3 7f 00 00
RCX=0x0 is NULL
RDX=0x00007fc3e8711318 points into unknown readable memory: 0x0000000000000000 | 00 00 00 00 00 00 00 00
RSP=0x00007fc3f29b3700 is pointing into the stack for thread: 0x00007fc3e8019000
RBP=0x00007fc3f29b3750 is pointing into the stack for thread: 0x00007fc3e8019000
RSI=0x0 is NULL
RDI=0x00007fc3f29b3810 is pointing into the stack for thread: 0x00007fc3e8019000
R8 =0x0 is NULL
R9 =0x0 is NULL
R10=0x00007fc3e80008d0 points into unknown readable memory: 0x0701000100000002 | 02 00 00 00 01 00 01 07
R11=0x0 is NULL
R12=0x00007fc3e87a8f20 points into unknown readable memory: 0x0000000000000000 | 00 00 00 00 00 00 00 00
R13=0x0 is NULL
R14=0x0 is NULL
R15=0x00007fc3e87a8f20 points into unknown readable memory: 0x0000000000000000 | 00 00 00 00 00 00 00 00


Registers:
RAX=0x0000000000000000, RBX=0x00007fc3e86ef720, RCX=0x0000000000000000, RDX=0x00007fc3e8711318
RSP=0x00007fc3f29b3700, RBP=0x00007fc3f29b3750, RSI=0x0000000000000000, RDI=0x00007fc3f29b3810
R8 =0x0000000000000000, R9 =0x0000000000000000, R10=0x00007fc3e80008d0, R11=0x0000000000000000
R12=0x00007fc3e87a8f20, R13=0x0000000000000000, R14=0x0000000000000000, R15=0x00007fc3e87a8f20
RIP=0x00007fc3a8bacc27, EFLAGS=0x0000000000010246, CSGSFS=0x002b000000000033, ERR=0x0000000000000004
  TRAPNO=0x000000000000000e

Top of Stack: (sp=0x00007fc3f29b3700)
0x00007fc3f29b3700:   0000000000000000 0000000000000000
0x00007fc3f29b3710:   0000000000000000 00007fc3e87b8f20
0x00007fc3f29b3720:   00007fc3e87259f0 00007fc3e87a7300
0x00007fc3f29b3730:   0000000000000001 00007fc3f29b3760 

Instructions: (pc=0x00007fc3a8bacc27)
0x00007fc3a8bacb27:   89 e6 48 89 df e8 af 87 ff ff 4c 89 e6 48 89 df
0x00007fc3a8bacb37:   e8 b4 8b ff ff 4c 89 e6 48 89 df e8 f9 72 ff ff
0x00007fc3a8bacb47:   4c 89 e6 48 89 df e8 7e 74 ff ff e9 a9 fd ff ff
0x00007fc3a8bacb57:   66 0f 1f 84 00 00 00 00 00 48 8b 40 10 7e 2a 8b
0x00007fc3a8bacb67:   38 85 ff 75 4c 48 83 c0 04 83 ea 01 48 8d 14 90
0x00007fc3a8bacb77:   eb 12 0f 1f 80 00 00 00 00 48 83 c0 04 8b 70 fc
0x00007fc3a8bacb87:   85 f6 75 2d 48 39 c2 75 f0 48 85 c9 74 1b 8b 41
0x00007fc3a8bacb97:   10 8d 50 ff 83 fa 02 76 10 83 e8 05 83 f8 03 77
0x00007fc3a8bacba7:   10 0f 1f 84 00 00 00 00 00 48 89 ef e8 e8 2d 19
0x00007fc3a8bacbb7:   00 31 d2 31 f6 48 89 ef e8 2c f6 18 00 48 8b 44
0x00007fc3a8bacbc7:   24 70 48 85 c0 0f 84 8e fd ff ff 48 8b 94 24 80
0x00007fc3a8bacbd7:   00 00 00 31 c9 48 8b 52 08 48 85 d2 74 04 48 8b
0x00007fc3a8bacbe7:   4a 08 48 8b 80 e8 00 00 00 48 85 c0 74 bb 8b 50
0x00007fc3a8bacbf7:   34 83 fa 00 74 b3 e9 5e ff ff ff 66 0f 1f 44 00
0x00007fc3a8bacc07:   00 31 f6 48 89 ef e8 ce f9 18 00 8b 83 a0 15 00
0x00007fc3a8bacc17:   00 85 c0 0f 8f c0 00 00 00 48 8b 83 40 0a 00 00
0x00007fc3a8bacc27:   80 78 0c 00 0f 85 a7 02 00 00 8b 83 58 47 02 00
0x00007fc3a8bacc37:   85 c0 0f 8e b1 00 00 00 31 d2 45 31 ff eb 2c 66
0x00007fc3a8bacc47:   2e 0f 1f 84 00 00 00 00 00 48 8b 8f 40 0a 00 00
0x00007fc3a8bacc57:   80 79 0c 00 0f 85 ff 01 00 00 41 83 c7 01 48 83
0x00007fc3a8bacc67:   c2 08 44 3b bb 58 47 02 00 7d 7e 48 8b 8b 60 47
0x00007fc3a8bacc77:   02 00 48 8b 3c 11 8b 87 a0 15 00 00 85 c0 7e c9
0x00007fc3a8bacc87:   48 89 54 24 10 e8 8f 46 0f 00 48 8b 54 24 10 eb
0x00007fc3a8bacc97:   c9 0f 1f 84 00 00 00 00 00 80 bb 72 30 02 00 00
0x00007fc3a8bacca7:   0f 85 73 fc ff ff 8b b3 04 1d 02 00 4c 89 e2 4c
0x00007fc3a8baccb7:   89 ff e8 32 d4 0b 00 31 f6 48 89 ef e8 18 f9 18
0x00007fc3a8baccc7:   00 48 8b 44 24 70 48 85 c0 0f 85 fc fe ff ff e9
0x00007fc3a8baccd7:   94 fc ff ff 0f 1f 44 00 00 48 89 df e8 38 46 0f
0x00007fc3a8bacce7:   00 e9 44 ff ff ff 0f 1f 00 4c 8d 7c 24 30 be 04
0x00007fc3a8baccf7:   00 00 00 48 c7 44 24 30 00 00 00 00 48 c7 44 24
0x00007fc3a8bacd07:   38 00 00 00 00 48 c7 44 24 40 00 00 00 00 4c 89
0x00007fc3a8bacd17:   ff 48 c7 44 24 48 00 00 00 00 e8 3a 19 00 00 48 


Stack slot to memory mapping:
stack at sp + 0 slots: 0x0 is NULL
stack at sp + 1 slots: 0x0 is NULL
stack at sp + 2 slots: 0x0 is NULL
stack at sp + 3 slots: 0x00007fc3e87b8f20 points into unknown readable memory: 0x00007fc3e87a4140 | 40 41 7a e8 c3 7f 00 00
stack at sp + 4 slots: 0x00007fc3e87259f0 points into unknown readable memory: 0x00007fc3e87a5f00 | 00 5f 7a e8 c3 7f 00 00
stack at sp + 5 slots: 0x00007fc3e87a7300 points into unknown readable memory: 0x00007fc3e87a7300 | 00 73 7a e8 c3 7f 00 00
stack at sp + 6 slots: 0x0000000000000001 is an unknown value
stack at sp + 7 slots: 0x00007fc3f29b3760 is pointing into the stack for thread: 0x00007fc3e8019000


---------------  P R O C E S S  ---------------

Threads class SMR info:
_java_thread_list=0x00007fc3a40029f0, length=12, elements={
0x00007fc3e8019000, 0x00007fc3e814f800, 0x00007fc3e8151800, 0x00007fc3e8158800,
0x00007fc3e815a800, 0x00007fc3e815c800, 0x00007fc3e815f000, 0x00007fc3e8161000,
0x00007fc3e8186800, 0x00007fc3e8333000, 0x00007fc3e8471000, 0x00007fc3a4001000
}

Java Threads: ( => current thread )
=>0x00007fc3e8019000 JavaThread "main" [_thread_in_native, id=23679, stack(0x00007fc3f28b5000,0x00007fc3f29b6000)]
  0x00007fc3e814f800 JavaThread "Reference Handler" daemon [_thread_blocked, id=23686, stack(0x00007fc3d00b2000,0x00007fc3d01b3000)]
  0x00007fc3e8151800 JavaThread "Finalizer" daemon [_thread_blocked, id=23687, stack(0x00007fc3c804f000,0x00007fc3c8150000)]
  0x00007fc3e8158800 JavaThread "Signal Dispatcher" daemon [_thread_blocked, id=23688, stack(0x00007fc3abaee000,0x00007fc3abbef000)]
  0x00007fc3e815a800 JavaThread "Service Thread" daemon [_thread_blocked, id=23689, stack(0x00007fc3ab9ed000,0x00007fc3abaee000)]
  0x00007fc3e815c800 JavaThread "C2 CompilerThread0" daemon [_thread_in_vm, id=23690, stack(0x00007fc3ab8ec000,0x00007fc3ab9ed000)]
  0x00007fc3e815f000 JavaThread "C1 CompilerThread0" daemon [_thread_blocked, id=23691, stack(0x00007fc3ab7eb000,0x00007fc3ab8ec000)]
  0x00007fc3e8161000 JavaThread "Sweeper thread" daemon [_thread_blocked, id=23692, stack(0x00007fc3ab6ea000,0x00007fc3ab7eb000)]
  0x00007fc3e8186800 JavaThread "Common-Cleaner" daemon [_thread_blocked, id=23693, stack(0x00007fc3ab5e9000,0x00007fc3ab6ea000)]
  0x00007fc3e8333000 JavaThread "Monitor Ctrl-Break" daemon [_thread_in_native, id=23694, stack(0x00007fc3ab0c1000,0x00007fc3ab1c2000)]
  0x00007fc3e8471000 JavaThread "Java2D Disposer" daemon [_thread_blocked, id=23696, stack(0x00007fc3a93d9000,0x00007fc3a94da000)]
  0x00007fc3a4001000 JavaThread "Attach Listener" daemon [_thread_blocked, id=23698, stack(0x00007fc38302b000,0x00007fc38312c000)]

Other Threads:
  0x00007fc3e814d000 VMThread "VM Thread" [stack: 0x00007fc3d01b5000,0x00007fc3d02b5000] [id=23685]
  0x00007fc3e8334800 WatcherThread [stack: 0x00007fc3aafc1000,0x00007fc3ab0c1000] [id=23695]
  0x00007fc3e8031000 GCTaskThread "GC Thread#0" [stack: 0x00007fc3ee66d000,0x00007fc3ee76d000] [id=23680]
  0x00007fc3b8001000 GCTaskThread "GC Thread#1" [stack: 0x00007fc38312e000,0x00007fc38322e000] [id=23697]
  0x00007fc3e8056800 ConcurrentGCThread "G1 Main Marker" [stack: 0x00007fc3ec235000,0x00007fc3ec335000] [id=23681]
  0x00007fc3e8058800 ConcurrentGCThread "G1 Conc#0" [stack: 0x00007fc3ec133000,0x00007fc3ec233000] [id=23682]
  0x00007fc3e80b5000 ConcurrentGCThread "G1 Refine#0" [stack: 0x00007fc3d043a000,0x00007fc3d053a000] [id=23683]
  0x00007fc3e80b7000 ConcurrentGCThread "G1 Young RemSet Sampling" [stack: 0x00007fc3d0338000,0x00007fc3d0438000] [id=23684]

Threads with active compile tasks:
C2 CompilerThread0   1400 1143       4       java.lang.StringBuilder::append (8 bytes)

VM state:not at safepoint (normal execution)

VM Mutex/Monitor currently owned by a thread: None

Heap address: 0x00000000a5400000, size: 1452 MB, Compressed Oops mode: 32-bit
Narrow klass base: 0x0000000800000000, Narrow klass shift: 3
Compressed class space size: 1073741824 Address: 0x0000000840000000

Heap:
 garbage-first heap   total 96256K, used 14242K [0x00000000a5400000, 0x0000000100000000)
  region size 1024K, 12 young (12288K), 2 survivors (2048K)
 Metaspace       used 6822K, capacity 7059K, committed 7296K, reserved 1056768K
  class space    used 734K, capacity 803K, committed 896K, reserved 1048576K
Heap Regions: E=young(eden), S=young(survivor), O=old, HS=humongous(starts), HC=humongous(continues), CS=collection set, F=free, A=archive, TAMS=top-at-mark-start (previous, next)
|   0|0x00000000a5400000, 0x00000000a5500000, 0x00000000a5500000|100%| O|  |TAMS 0x00000000a5400000, 0x00000000a5400000| Untracked 
|   1|0x00000000a5500000, 0x00000000a5536800, 0x00000000a5600000| 21%| O|  |TAMS 0x00000000a5500000, 0x00000000a5500000| Untracked 
|   2|0x00000000a5600000, 0x00000000a5700000, 0x00000000a5700000|100%|HS|  |TAMS 0x00000000a5600000, 0x00000000a5600000| Complete 
|   3|0x00000000a5700000, 0x00000000a5700000, 0x00000000a5800000|  0%| F|  |TAMS 0x00000000a5700000, 0x00000000a5700000| Untracked 
|   4|0x00000000a5800000, 0x00000000a5800000, 0x00000000a5900000|  0%| F|  |TAMS 0x00000000a5800000, 0x00000000a5800000| Untracked 
|   5|0x00000000a5900000, 0x00000000a5900000, 0x00000000a5a00000|  0%| F|  |TAMS 0x00000000a5900000, 0x00000000a5900000| Untracked 
|   6|0x00000000a5a00000, 0x00000000a5a00000, 0x00000000a5b00000|  0%| F|  |TAMS 0x00000000a5a00000, 0x00000000a5a00000| Untracked 
|   7|0x00000000a5b00000, 0x00000000a5b00000, 0x00000000a5c00000|  0%| F|  |TAMS 0x00000000a5b00000, 0x00000000a5b00000| Untracked 
|   8|0x00000000a5c00000, 0x00000000a5c00000, 0x00000000a5d00000|  0%| F|  |TAMS 0x00000000a5c00000, 0x00000000a5c00000| Untracked 
|   9|0x00000000a5d00000, 0x00000000a5d00000, 0x00000000a5e00000|  0%| F|  |TAMS 0x00000000a5d00000, 0x00000000a5d00000| Untracked 
|  10|0x00000000a5e00000, 0x00000000a5e00000, 0x00000000a5f00000|  0%| F|  |TAMS 0x00000000a5e00000, 0x00000000a5e00000| Untracked 
|  11|0x00000000a5f00000, 0x00000000a5f00000, 0x00000000a6000000|  0%| F|  |TAMS 0x00000000a5f00000, 0x00000000a5f00000| Untracked 
|  12|0x00000000a6000000, 0x00000000a6000000, 0x00000000a6100000|  0%| F|  |TAMS 0x00000000a6000000, 0x00000000a6000000| Untracked 
|  13|0x00000000a6100000, 0x00000000a6100000, 0x00000000a6200000|  0%| F|  |TAMS 0x00000000a6100000, 0x00000000a6100000| Untracked 
|  14|0x00000000a6200000, 0x00000000a6200000, 0x00000000a6300000|  0%| F|  |TAMS 0x00000000a6200000, 0x00000000a6200000| Untracked 
|  15|0x00000000a6300000, 0x00000000a6300000, 0x00000000a6400000|  0%| F|  |TAMS 0x00000000a6300000, 0x00000000a6300000| Untracked 
|  16|0x00000000a6400000, 0x00000000a6400000, 0x00000000a6500000|  0%| F|  |TAMS 0x00000000a6400000, 0x00000000a6400000| Untracked 
|  17|0x00000000a6500000, 0x00000000a6500000, 0x00000000a6600000|  0%| F|  |TAMS 0x00000000a6500000, 0x00000000a6500000| Untracked 
|  18|0x00000000a6600000, 0x00000000a6600000, 0x00000000a6700000|  0%| F|  |TAMS 0x00000000a6600000, 0x00000000a6600000| Untracked 
|  19|0x00000000a6700000, 0x00000000a6700000, 0x00000000a6800000|  0%| F|  |TAMS 0x00000000a6700000, 0x00000000a6700000| Untracked 
|  20|0x00000000a6800000, 0x00000000a6800000, 0x00000000a6900000|  0%| F|  |TAMS 0x00000000a6800000, 0x00000000a6800000| Untracked 
|  21|0x00000000a6900000, 0x00000000a6900000, 0x00000000a6a00000|  0%| F|  |TAMS 0x00000000a6900000, 0x00000000a6900000| Untracked 
|  22|0x00000000a6a00000, 0x00000000a6a00000, 0x00000000a6b00000|  0%| F|  |TAMS 0x00000000a6a00000, 0x00000000a6a00000| Untracked 
|  23|0x00000000a6b00000, 0x00000000a6b00000, 0x00000000a6c00000|  0%| F|  |TAMS 0x00000000a6b00000, 0x00000000a6b00000| Untracked 
|  24|0x00000000a6c00000, 0x00000000a6c00000, 0x00000000a6d00000|  0%| F|  |TAMS 0x00000000a6c00000, 0x00000000a6c00000| Untracked 
|  25|0x00000000a6d00000, 0x00000000a6d00000, 0x00000000a6e00000|  0%| F|  |TAMS 0x00000000a6d00000, 0x00000000a6d00000| Untracked 
|  26|0x00000000a6e00000, 0x00000000a6e00000, 0x00000000a6f00000|  0%| F|  |TAMS 0x00000000a6e00000, 0x00000000a6e00000| Untracked 
|  27|0x00000000a6f00000, 0x00000000a6f00000, 0x00000000a7000000|  0%| F|  |TAMS 0x00000000a6f00000, 0x00000000a6f00000| Untracked 
|  28|0x00000000a7000000, 0x00000000a7000000, 0x00000000a7100000|  0%| F|  |TAMS 0x00000000a7000000, 0x00000000a7000000| Untracked 
|  29|0x00000000a7100000, 0x00000000a7100000, 0x00000000a7200000|  0%| F|  |TAMS 0x00000000a7100000, 0x00000000a7100000| Untracked 
|  30|0x00000000a7200000, 0x00000000a7200000, 0x00000000a7300000|  0%| F|  |TAMS 0x00000000a7200000, 0x00000000a7200000| Untracked 
|  31|0x00000000a7300000, 0x00000000a7300000, 0x00000000a7400000|  0%| F|  |TAMS 0x00000000a7300000, 0x00000000a7300000| Untracked 
|  32|0x00000000a7400000, 0x00000000a7400000, 0x00000000a7500000|  0%| F|  |TAMS 0x00000000a7400000, 0x00000000a7400000| Untracked 
|  33|0x00000000a7500000, 0x00000000a7500000, 0x00000000a7600000|  0%| F|  |TAMS 0x00000000a7500000, 0x00000000a7500000| Untracked 
|  34|0x00000000a7600000, 0x00000000a7600000, 0x00000000a7700000|  0%| F|  |TAMS 0x00000000a7600000, 0x00000000a7600000| Untracked 
|  35|0x00000000a7700000, 0x00000000a7700000, 0x00000000a7800000|  0%| F|  |TAMS 0x00000000a7700000, 0x00000000a7700000| Untracked 
|  36|0x00000000a7800000, 0x00000000a7800000, 0x00000000a7900000|  0%| F|  |TAMS 0x00000000a7800000, 0x00000000a7800000| Untracked 
|  37|0x00000000a7900000, 0x00000000a7900000, 0x00000000a7a00000|  0%| F|  |TAMS 0x00000000a7900000, 0x00000000a7900000| Untracked 
|  38|0x00000000a7a00000, 0x00000000a7a00000, 0x00000000a7b00000|  0%| F|  |TAMS 0x00000000a7a00000, 0x00000000a7a00000| Untracked 
|  39|0x00000000a7b00000, 0x00000000a7b00000, 0x00000000a7c00000|  0%| F|  |TAMS 0x00000000a7b00000, 0x00000000a7b00000| Untracked 
|  40|0x00000000a7c00000, 0x00000000a7c00000, 0x00000000a7d00000|  0%| F|  |TAMS 0x00000000a7c00000, 0x00000000a7c00000| Untracked 
|  41|0x00000000a7d00000, 0x00000000a7d00000, 0x00000000a7e00000|  0%| F|  |TAMS 0x00000000a7d00000, 0x00000000a7d00000| Untracked 
|  42|0x00000000a7e00000, 0x00000000a7e00000, 0x00000000a7f00000|  0%| F|  |TAMS 0x00000000a7e00000, 0x00000000a7e00000| Untracked 
|  43|0x00000000a7f00000, 0x00000000a7f00000, 0x00000000a8000000|  0%| F|  |TAMS 0x00000000a7f00000, 0x00000000a7f00000| Untracked 
|  44|0x00000000a8000000, 0x00000000a8000000, 0x00000000a8100000|  0%| F|  |TAMS 0x00000000a8000000, 0x00000000a8000000| Untracked 
|  45|0x00000000a8100000, 0x00000000a8100000, 0x00000000a8200000|  0%| F|  |TAMS 0x00000000a8100000, 0x00000000a8100000| Untracked 
|  46|0x00000000a8200000, 0x00000000a8200000, 0x00000000a8300000|  0%| F|  |TAMS 0x00000000a8200000, 0x00000000a8200000| Untracked 
|  47|0x00000000a8300000, 0x00000000a8300000, 0x00000000a8400000|  0%| F|  |TAMS 0x00000000a8300000, 0x00000000a8300000| Untracked 
|  48|0x00000000a8400000, 0x00000000a8400000, 0x00000000a8500000|  0%| F|  |TAMS 0x00000000a8400000, 0x00000000a8400000| Untracked 
|  49|0x00000000a8500000, 0x00000000a8500000, 0x00000000a8600000|  0%| F|  |TAMS 0x00000000a8500000, 0x00000000a8500000| Untracked 
|  50|0x00000000a8600000, 0x00000000a8600000, 0x00000000a8700000|  0%| F|  |TAMS 0x00000000a8600000, 0x00000000a8600000| Untracked 
|  51|0x00000000a8700000, 0x00000000a8700000, 0x00000000a8800000|  0%| F|  |TAMS 0x00000000a8700000, 0x00000000a8700000| Untracked 
|  52|0x00000000a8800000, 0x00000000a8800000, 0x00000000a8900000|  0%| F|  |TAMS 0x00000000a8800000, 0x00000000a8800000| Untracked 
|  53|0x00000000a8900000, 0x00000000a8900000, 0x00000000a8a00000|  0%| F|  |TAMS 0x00000000a8900000, 0x00000000a8900000| Untracked 
|  54|0x00000000a8a00000, 0x00000000a8a00000, 0x00000000a8b00000|  0%| F|  |TAMS 0x00000000a8a00000, 0x00000000a8a00000| Untracked 
|  55|0x00000000a8b00000, 0x00000000a8b00000, 0x00000000a8c00000|  0%| F|  |TAMS 0x00000000a8b00000, 0x00000000a8b00000| Untracked 
|  56|0x00000000a8c00000, 0x00000000a8c00000, 0x00000000a8d00000|  0%| F|  |TAMS 0x00000000a8c00000, 0x00000000a8c00000| Untracked 
|  57|0x00000000a8d00000, 0x00000000a8d00000, 0x00000000a8e00000|  0%| F|  |TAMS 0x00000000a8d00000, 0x00000000a8d00000| Untracked 
|  58|0x00000000a8e00000, 0x00000000a8e00000, 0x00000000a8f00000|  0%| F|  |TAMS 0x00000000a8e00000, 0x00000000a8e00000| Untracked 
|  59|0x00000000a8f00000, 0x00000000a8f00000, 0x00000000a9000000|  0%| F|  |TAMS 0x00000000a8f00000, 0x00000000a8f00000| Untracked 
|  60|0x00000000a9000000, 0x00000000a9000000, 0x00000000a9100000|  0%| F|  |TAMS 0x00000000a9000000, 0x00000000a9000000| Untracked 
|  61|0x00000000a9100000, 0x00000000a9100000, 0x00000000a9200000|  0%| F|  |TAMS 0x00000000a9100000, 0x00000000a9100000| Untracked 
|  62|0x00000000a9200000, 0x00000000a9200000, 0x00000000a9300000|  0%| F|  |TAMS 0x00000000a9200000, 0x00000000a9200000| Untracked 
|  63|0x00000000a9300000, 0x00000000a9300000, 0x00000000a9400000|  0%| F|  |TAMS 0x00000000a9300000, 0x00000000a9300000| Untracked 
|  64|0x00000000a9400000, 0x00000000a9400000, 0x00000000a9500000|  0%| F|  |TAMS 0x00000000a9400000, 0x00000000a9400000| Untracked 
|  65|0x00000000a9500000, 0x00000000a9500000, 0x00000000a9600000|  0%| F|  |TAMS 0x00000000a9500000, 0x00000000a9500000| Untracked 
|  66|0x00000000a9600000, 0x00000000a9600000, 0x00000000a9700000|  0%| F|  |TAMS 0x00000000a9600000, 0x00000000a9600000| Untracked 
|  67|0x00000000a9700000, 0x00000000a9700000, 0x00000000a9800000|  0%| F|  |TAMS 0x00000000a9700000, 0x00000000a9700000| Untracked 
|  68|0x00000000a9800000, 0x00000000a9800000, 0x00000000a9900000|  0%| F|  |TAMS 0x00000000a9800000, 0x00000000a9800000| Untracked 
|  69|0x00000000a9900000, 0x00000000a9900000, 0x00000000a9a00000|  0%| F|  |TAMS 0x00000000a9900000, 0x00000000a9900000| Untracked 
|  70|0x00000000a9a00000, 0x00000000a9a00000, 0x00000000a9b00000|  0%| F|  |TAMS 0x00000000a9a00000, 0x00000000a9a00000| Untracked 
|  71|0x00000000a9b00000, 0x00000000a9b00000, 0x00000000a9c00000|  0%| F|  |TAMS 0x00000000a9b00000, 0x00000000a9b00000| Untracked 
|  72|0x00000000a9c00000, 0x00000000a9c00000, 0x00000000a9d00000|  0%| F|  |TAMS 0x00000000a9c00000, 0x00000000a9c00000| Untracked 
|  73|0x00000000a9d00000, 0x00000000a9d00000, 0x00000000a9e00000|  0%| F|  |TAMS 0x00000000a9d00000, 0x00000000a9d00000| Untracked 
|  74|0x00000000a9e00000, 0x00000000a9e00000, 0x00000000a9f00000|  0%| F|  |TAMS 0x00000000a9e00000, 0x00000000a9e00000| Untracked 
|  75|0x00000000a9f00000, 0x00000000a9f00000, 0x00000000aa000000|  0%| F|  |TAMS 0x00000000a9f00000, 0x00000000a9f00000| Untracked 
|  76|0x00000000aa000000, 0x00000000aa100000, 0x00000000aa100000|100%| S|CS|TAMS 0x00000000aa000000, 0x00000000aa000000| Complete 
|  77|0x00000000aa100000, 0x00000000aa200000, 0x00000000aa200000|100%| S|CS|TAMS 0x00000000aa100000, 0x00000000aa100000| Complete 
|  78|0x00000000aa200000, 0x00000000aa200000, 0x00000000aa300000|  0%| F|  |TAMS 0x00000000aa200000, 0x00000000aa200000| Untracked 
|  79|0x00000000aa300000, 0x00000000aa300000, 0x00000000aa400000|  0%| F|  |TAMS 0x00000000aa300000, 0x00000000aa300000| Untracked 
|  80|0x00000000aa400000, 0x00000000aa400000, 0x00000000aa500000|  0%| F|  |TAMS 0x00000000aa400000, 0x00000000aa400000| Untracked 
|  81|0x00000000aa500000, 0x00000000aa500000, 0x00000000aa600000|  0%| F|  |TAMS 0x00000000aa500000, 0x00000000aa500000| Untracked 
|  82|0x00000000aa600000, 0x00000000aa624508, 0x00000000aa700000| 14%| E|  |TAMS 0x00000000aa600000, 0x00000000aa600000| Complete 
|  83|0x00000000aa700000, 0x00000000aa800000, 0x00000000aa800000|100%| E|CS|TAMS 0x00000000aa700000, 0x00000000aa700000| Complete 
|  84|0x00000000aa800000, 0x00000000aa900000, 0x00000000aa900000|100%| E|CS|TAMS 0x00000000aa800000, 0x00000000aa800000| Complete 
|  85|0x00000000aa900000, 0x00000000aaa00000, 0x00000000aaa00000|100%| E|CS|TAMS 0x00000000aa900000, 0x00000000aa900000| Complete 
|  86|0x00000000aaa00000, 0x00000000aab00000, 0x00000000aab00000|100%| E|CS|TAMS 0x00000000aaa00000, 0x00000000aaa00000| Complete 
|  87|0x00000000aab00000, 0x00000000aac00000, 0x00000000aac00000|100%| E|CS|TAMS 0x00000000aab00000, 0x00000000aab00000| Complete 
|  88|0x00000000aac00000, 0x00000000aad00000, 0x00000000aad00000|100%| E|CS|TAMS 0x00000000aac00000, 0x00000000aac00000| Complete 
|  89|0x00000000aad00000, 0x00000000aae00000, 0x00000000aae00000|100%| E|CS|TAMS 0x00000000aad00000, 0x00000000aad00000| Complete 
|  90|0x00000000aae00000, 0x00000000aaf00000, 0x00000000aaf00000|100%| E|CS|TAMS 0x00000000aae00000, 0x00000000aae00000| Complete 
|  91|0x00000000aaf00000, 0x00000000ab000000, 0x00000000ab000000|100%| E|CS|TAMS 0x00000000aaf00000, 0x00000000aaf00000| Complete 
|1450|0x00000000ffe00000, 0x00000000ffe47000, 0x00000000fff00000| 27%|OA|  |TAMS 0x00000000ffe00000, 0x00000000ffe00000| Untracked 
|1451|0x00000000fff00000, 0x00000000fff6b000, 0x0000000100000000| 41%|CA|  |TAMS 0x00000000fff00000, 0x00000000fff00000| Untracked 

Card table byte_map: [0x00007fc3edcbb000,0x00007fc3edf91000] _byte_map_base: 0x00007fc3ed791000

Marking Bits (Prev, Next): (CMBitMap*) 0x00007fc3e80502b8, (CMBitMap*) 0x00007fc3e80502f0
 Prev Bits: [0x00007fc3ec335000, 0x00007fc3ed9e5000)
 Next Bits: [0x00007fc3ca950000, 0x00007fc3cc000000)

Polling page: 0x00007fc3f29d4000

Metaspace:

Usage:
  Non-class:      6,11 MB capacity,     5,95 MB ( 97%) used,   152,65 KB (  2%) free+waste,    15,44 KB ( <1%) overhead. 
      Class:    803,00 KB capacity,   734,34 KB ( 91%) used,    60,23 KB (  8%) free+waste,     8,44 KB (  1%) overhead. 
       Both:      6,89 MB capacity,     6,66 MB ( 97%) used,   212,88 KB (  3%) free+waste,    23,88 KB ( <1%) overhead. 

Virtual space:
  Non-class space:        8,00 MB reserved,       6,25 MB ( 78%) committed 
      Class space:        1,00 GB reserved,     896,00 KB ( <1%) committed 
             Both:        1,01 GB reserved,       7,12 MB ( <1%) committed 

Chunk freelists:
   Non-Class:  16,00 KB
       Class:  1,00 KB
        Both:  17,00 KB

MaxMetaspaceSize: unlimited
CompressedClassSpaceSize: 1,00 GB
Initial GC threshold: 20,80 MB
Current GC threshold: 20,80 MB
CDS: on

CodeHeap 'non-profiled nmethods': size=120032Kb used=362Kb max_used=362Kb free=119669Kb
 bounds [0x00007fc3d8305000, 0x00007fc3d8575000, 0x00007fc3df83d000]
CodeHeap 'profiled nmethods': size=120032Kb used=2208Kb max_used=2208Kb free=117823Kb
 bounds [0x00007fc3d0dcd000, 0x00007fc3d103d000, 0x00007fc3d8305000]
CodeHeap 'non-nmethods': size=5696Kb used=1175Kb max_used=1189Kb free=4520Kb
 bounds [0x00007fc3d083d000, 0x00007fc3d0aad000, 0x00007fc3d0dcd000]
 total_blobs=1586 nmethods=1142 adapters=358
 compilation: enabled
              stopped_count=0, restarted_count=0
 full_count=0

Compilation events (20 events):
Event: 1,332 Thread 0x00007fc3e815f000 nmethod 1128 0x00007fc3d0fef110 code [0x00007fc3d0fef2c0, 0x00007fc3d0fef430]
Event: 1,332 Thread 0x00007fc3e815c800 nmethod 1119 0x00007fc3d835c810 code [0x00007fc3d835c9e0, 0x00007fc3d835d208]
Event: 1,332 Thread 0x00007fc3e815f000 1130       1       java.awt.image.DataBuffer::getOffset (5 bytes)
Event: 1,332 Thread 0x00007fc3e815f000 nmethod 1130 0x00007fc3d835d990 code [0x00007fc3d835db40, 0x00007fc3d835dc10]
Event: 1,333 Thread 0x00007fc3e815f000 1131       3       javax.imageio.stream.FileCacheImageOutputStream::seek (61 bytes)
Event: 1,333 Thread 0x00007fc3e815f000 nmethod 1131 0x00007fc3d0fef510 code [0x00007fc3d0fef740, 0x00007fc3d0fefde0]
Event: 1,333 Thread 0x00007fc3e815f000 1132       3       com.github.jaiimageio.plugins.tiff.TIFFField::getAsInt (249 bytes)
Event: 1,334 Thread 0x00007fc3e815f000 nmethod 1132 0x00007fc3d0ff0090 code [0x00007fc3d0ff0380, 0x00007fc3d0ff1770]
Event: 1,334 Thread 0x00007fc3e815f000 1134       1       java.awt.image.BufferedImage::getRaster (5 bytes)
Event: 1,334 Thread 0x00007fc3e815f000 nmethod 1134 0x00007fc3d835dc90 code [0x00007fc3d835de40, 0x00007fc3d835df10]
Event: 1,334 Thread 0x00007fc3e815f000 1133       1       java.lang.Long::longValue (5 bytes)
Event: 1,334 Thread 0x00007fc3e815f000 nmethod 1133 0x00007fc3d835df90 code [0x00007fc3d835e140, 0x00007fc3d835e210]
Event: 1,335 Thread 0x00007fc3e815f000 1135       3       java.lang.Math::min (12 bytes)
Event: 1,335 Thread 0x00007fc3e815f000 nmethod 1135 0x00007fc3d0ff1d90 code [0x00007fc3d0ff1f40, 0x00007fc3d0ff2070]
Event: 1,338 Thread 0x00007fc3e815f000 1136       3       java.lang.reflect.Modifier::isPublic (12 bytes)
Event: 1,338 Thread 0x00007fc3e815f000 nmethod 1136 0x00007fc3d0ff2110 code [0x00007fc3d0ff22c0, 0x00007fc3d0ff23f0]
Event: 1,340 Thread 0x00007fc3e815f000 1138       3       jdk.internal.reflect.ClassFileAssembler::emitShort (24 bytes)
Event: 1,341 Thread 0x00007fc3e815f000 nmethod 1138 0x00007fc3d0ff2490 code [0x00007fc3d0ff2680, 0x00007fc3d0ff2990]
Event: 1,372 Thread 0x00007fc3e815f000 1139       3       java.lang.invoke.DirectMethodHandle::shouldBeInitialized (123 bytes)
Event: 1,375 Thread 0x00007fc3e815f000 nmethod 1139 0x00007fc3d0ff2b10 code [0x00007fc3d0ff2f00, 0x00007fc3d0ff4590]

GC Heap History (2 events):
Event: 0,980 GC heap before
{Heap before GC invocations=0 (full 0):
 garbage-first heap   total 96256K, used 14024K [0x00000000a5400000, 0x0000000100000000)
  region size 1024K, 14 young (14336K), 0 survivors (0K)
 Metaspace       used 5449K, capacity 6258K, committed 6400K, reserved 1056768K
  class space    used 535K, capacity 665K, committed 768K, reserved 1048576K
}
Event: 0,998 GC heap after
{Heap after GC invocations=1 (full 0):
 garbage-first heap   total 96256K, used 4002K [0x00000000a5400000, 0x0000000100000000)
  region size 1024K, 2 young (2048K), 2 survivors (2048K)
 Metaspace       used 5449K, capacity 6258K, committed 6400K, reserved 1056768K
  class space    used 535K, capacity 665K, committed 768K, reserved 1048576K
}

Deoptimization events (20 events):
Event: 0,479 Thread 0x00007fc3e8019000 DEOPT PACKING pc=0x00007fc3d0e6a54f sp=0x00007fc3f29b2ba0
Event: 0,479 Thread 0x00007fc3e8019000 DEOPT UNPACKING pc=0x00007fc3d088764a sp=0x00007fc3f29b2048 mode 0
Event: 0,481 Thread 0x00007fc3e8019000 DEOPT PACKING pc=0x00007fc3d0e6a54f sp=0x00007fc3f29b1980
Event: 0,481 Thread 0x00007fc3e8019000 DEOPT UNPACKING pc=0x00007fc3d088764a sp=0x00007fc3f29b0e28 mode 0
Event: 0,564 Thread 0x00007fc3e8019000 DEOPT PACKING pc=0x00007fc3d0e19c08 sp=0x00007fc3f29b2d90
Event: 0,564 Thread 0x00007fc3e8019000 DEOPT UNPACKING pc=0x00007fc3d088764a sp=0x00007fc3f29b2200 mode 0
Event: 0,895 Thread 0x00007fc3e8019000 Uncommon trap: trap_request=0xffffff4d fr.pc=0x00007fc3d8314f14 relative=0x0000000000000d14
Event: 0,895 Thread 0x00007fc3e8019000 Uncommon trap: reason=unstable_if action=reinterpret pc=0x00007fc3d8314f14 method=java.util.HashMap.putVal(ILjava/lang/Object;Ljava/lang/Object;ZZ)Ljava/lang/Object; @ 181 c2
Event: 0,895 Thread 0x00007fc3e8019000 DEOPT PACKING pc=0x00007fc3d8314f14 sp=0x00007fc3f29b2a20
Event: 0,895 Thread 0x00007fc3e8019000 DEOPT UNPACKING pc=0x00007fc3d0886ea5 sp=0x00007fc3f29b29c0 mode 2
Event: 1,009 Thread 0x00007fc3e8019000 Uncommon trap: trap_request=0xffffff4d fr.pc=0x00007fc3d834d89c relative=0x00000000000002bc
Event: 1,010 Thread 0x00007fc3e8019000 Uncommon trap: reason=unstable_if action=reinterpret pc=0x00007fc3d834d89c method=java.util.HashMap.getNode(ILjava/lang/Object;)Ljava/util/HashMap$Node; @ 62 c2
Event: 1,010 Thread 0x00007fc3e8019000 DEOPT PACKING pc=0x00007fc3d834d89c sp=0x00007fc3f29b3650
Event: 1,010 Thread 0x00007fc3e8019000 DEOPT UNPACKING pc=0x00007fc3d0886ea5 sp=0x00007fc3f29b35e0 mode 2
Event: 1,239 Thread 0x00007fc3e8019000 DEOPT PACKING pc=0x00007fc3d0f49340 sp=0x00007fc3f29b4170
Event: 1,239 Thread 0x00007fc3e8019000 DEOPT UNPACKING pc=0x00007fc3d088764a sp=0x00007fc3f29b3698 mode 0
Event: 1,243 Thread 0x00007fc3e8019000 DEOPT PACKING pc=0x00007fc3d0f49340 sp=0x00007fc3f29b4170
Event: 1,243 Thread 0x00007fc3e8019000 DEOPT UNPACKING pc=0x00007fc3d088764a sp=0x00007fc3f29b3698 mode 0
Event: 1,250 Thread 0x00007fc3e8019000 DEOPT PACKING pc=0x00007fc3d0f49340 sp=0x00007fc3f29b4170
Event: 1,251 Thread 0x00007fc3e8019000 DEOPT UNPACKING pc=0x00007fc3d088764a sp=0x00007fc3f29b3698 mode 0

Classes redefined (0 events):
No events

Internal exceptions (13 events):
Event: 0,334 Thread 0x00007fc3e8019000 Exception <a 'java/security/PrivilegedActionException'{0x00000000aacaaa90}> (0x00000000aacaaa90) thrown at [src/hotspot/share/prims/jvm.cpp, line 1306]
Event: 0,334 Thread 0x00007fc3e8019000 Exception <a 'java/security/PrivilegedActionException'{0x00000000aacab008}> (0x00000000aacab008) thrown at [src/hotspot/share/prims/jvm.cpp, line 1306]
Event: 0,443 Thread 0x00007fc3e8019000 Exception <a 'java/lang/ClassNotFoundException'{0x00000000aabecbc0}: javax/smartcardio/CardPermission> (0x00000000aabecbc0) thrown at [src/hotspot/share/classfile/systemDictionary.cpp, line 230]
Event: 0,447 Thread 0x00007fc3e8019000 Exception <a 'java/io/FileNotFoundException'{0x00000000aabf9d18}> (0x00000000aabf9d18) thrown at [src/hotspot/share/prims/jni.cpp, line 616]
Event: 0,605 Thread 0x00007fc3e8019000 Exception <a 'java/lang/ClassNotFoundException'{0x00000000aa812600}: sun/awt/resources/spi/awtProvider> (0x00000000aa812600) thrown at [src/hotspot/share/classfile/systemDictionary.cpp, line 230]
Event: 0,647 Thread 0x00007fc3e8019000 Exception <a 'java/io/FileNotFoundException'{0x00000000aa8851a8}> (0x00000000aa8851a8) thrown at [src/hotspot/share/prims/jni.cpp, line 616]
Event: 0,666 Thread 0x00007fc3e8019000 Exception <a 'java/lang/NoSuchMethodError'{0x00000000aa8e05e0}: 'java.lang.Object java.lang.invoke.DirectMethodHandle$Holder.invokeStatic(java.lang.Object, java.lang.Object, java.lang.Object, java.lang.Object, java.lang.Object, java.lang.Object, java.lang.Object, java.lang.Object, java.lang.Object, java.lang.Object, java.lang.Object, java.lang.Object, java.lang.Object, java.lang.Object, java.lang.Object)'> (0x00000000aa8e05e0) thrown at [src/hotspot/share/interpreter/linkResolver.cpp, line 773]
Event: 0,670 Thread 0x00007fc3e8019000 Exception <a 'java/lang/NoSuchMethodError'{0x00000000aa8ee270}: 'java.lang.Object java.lang.invoke.DirectMethodHandle$Holder.invokeStatic(java.lang.Object, java.lang.Object, java.lang.Object, java.lang.Object, java.lang.Object, java.lang.Object, java.lang.Object, java.lang.Object, java.lang.Object, java.lang.Object, java.lang.Object, java.lang.Object, java.lang.Object, java.lang.Object, java.lang.Object, java.lang.Object)'> (0x00000000aa8ee270) thrown at [src/hotspot/share/interpreter/linkResolver.cpp, lin
Event: 0,672 Thread 0x00007fc3e8019000 Exception <a 'java/lang/NoSuchMethodError'{0x00000000aa8fbee0}: 'java.lang.Object java.lang.invoke.DirectMethodHandle$Holder.invokeSpecial(java.lang.Object, java.lang.Object, int, int, java.lang.Object, java.lang.Object, java.lang.Object)'> (0x00000000aa8fbee0) thrown at [src/hotspot/share/interpreter/linkResolver.cpp, line 773]
Event: 0,673 Thread 0x00007fc3e8019000 Exception <a 'java/lang/NoSuchMethodError'{0x00000000aa8ff470}: 'java.lang.Object java.lang.invoke.DelegatingMethodHandle$Holder.reinvoke_L(java.lang.Object, int, int, java.lang.Object, java.lang.Object, java.lang.Object)'> (0x00000000aa8ff470) thrown at [src/hotspot/share/interpreter/linkResolver.cpp, line 773]
Event: 0,674 Thread 0x00007fc3e8019000 Exception <a 'java/lang/NoSuchMethodError'{0x00000000aa703e28}: 'java.lang.Object java.lang.invoke.DirectMethodHandle$Holder.invokeStatic(java.lang.Object, java.lang.Object, java.lang.Object, java.lang.Object, int)'> (0x00000000aa703e28) thrown at [src/hotspot/share/interpreter/linkResolver.cpp, line 773]
Event: 0,933 Thread 0x00007fc3e8019000 Exception <a 'java/lang/UnsatisfiedLinkError'{0x00000000aa2152f0}: libtesseract.so: невозможно открыть разделяемый объектный файл: Нет такого файла или каталога> (0x00000000aa2152f0) thrown at [src/hotspot/share/prims/jni.cpp, line 637]
Event: 0,933 Thread 0x00007fc3e8019000 Exception <a 'java/lang/UnsatisfiedLinkError'{0x00000000aa215fe0}: libtesseract.so: невозможно открыть разделяемый объектный файл: Нет такого файла или каталога> (0x00000000aa215fe0) thrown at [src/hotspot/share/prims/jni.cpp, line 637]

Events (20 events):
Event: 1,368 loading class jdk/internal/vm/VMSupport
Event: 1,368 loading class jdk/internal/vm/VMSupport done
Event: 1,369 loading class sun/nio/cs/ISO_8859_1$Encoder
Event: 1,369 loading class sun/nio/cs/ISO_8859_1$Encoder done
Event: 1,369 loading class sun/util/locale/provider/TimeZoneNameUtility
Event: 1,369 loading class sun/util/locale/provider/TimeZoneNameUtility done
Event: 1,369 loading class sun/util/locale/provider/TimeZoneNameUtility$TimeZoneNameGetter
Event: 1,369 loading class sun/util/locale/provider/TimeZoneNameUtility$TimeZoneNameGetter done
Event: 1,370 loading class sun/util/cldr/CLDRTimeZoneNameProviderImpl
Event: 1,370 loading class sun/util/locale/provider/TimeZoneNameProviderImpl
Event: 1,370 loading class sun/util/locale/provider/TimeZoneNameProviderImpl done
Event: 1,370 loading class sun/util/cldr/CLDRTimeZoneNameProviderImpl done
Event: 1,371 Executing VM operation: RevokeBias
Event: 1,371 Executing VM operation: RevokeBias done
Event: 1,371 Executing VM operation: RevokeBias
Event: 1,371 Executing VM operation: RevokeBias done
Event: 1,372 loading class sun/util/locale/provider/BaseLocaleDataMetaInfo
Event: 1,372 loading class sun/util/locale/provider/BaseLocaleDataMetaInfo done
Event: 1,372 Executing VM operation: RevokeBias
Event: 1,372 Executing VM operation: RevokeBias done


Dynamic libraries:
a5400000-ab000000 rw-p 00000000 00:00 0 
ab000000-ffe00000 ---p 00000000 00:00 0 
ffe00000-ffe47000 rw-p 01118000 08:03 1046969                            /usr/lib/jvm/java-11-openjdk-amd64/lib/server/classes.jsa
ffe47000-fff00000 rw-p 00000000 00:00 0 
fff00000-fff6b000 rw-p 010ad000 08:03 1046969                            /usr/lib/jvm/java-11-openjdk-amd64/lib/server/classes.jsa
fff6b000-100000000 rw-p 00000000 00:00 0 
800000000-800002000 rwxp 00001000 08:03 1046969                          /usr/lib/jvm/java-11-openjdk-amd64/lib/server/classes.jsa
800002000-8003cb000 rw-p 00003000 08:03 1046969                          /usr/lib/jvm/java-11-openjdk-amd64/lib/server/classes.jsa
8003cb000-800a99000 r--p 003cc000 08:03 1046969                          /usr/lib/jvm/java-11-openjdk-amd64/lib/server/classes.jsa
800a99000-800a9a000 rw-p 00a9a000 08:03 1046969                          /usr/lib/jvm/java-11-openjdk-amd64/lib/server/classes.jsa
800a9a000-8010ac000 r--p 00a9b000 08:03 1046969                          /usr/lib/jvm/java-11-openjdk-amd64/lib/server/classes.jsa
840000000-8400e0000 rw-p 00000000 00:00 0 
8400e0000-880000000 ---p 00000000 00:00 0 
559c38a21000-559c38a22000 r-xp 00000000 08:03 1047422                    /usr/lib/jvm/java-11-openjdk-amd64/bin/java
559c38c22000-559c38c23000 r--p 00001000 08:03 1047422                    /usr/lib/jvm/java-11-openjdk-amd64/bin/java
559c38c23000-559c38c24000 rw-p 00002000 08:03 1047422                    /usr/lib/jvm/java-11-openjdk-amd64/bin/java
559c3922f000-559c39250000 rw-p 00000000 00:00 0                          [heap]
7fc374000000-7fc374023000 rw-p 00000000 00:00 0 
7fc374023000-7fc378000000 ---p 00000000 00:00 0 
7fc37c000000-7fc37c021000 rw-p 00000000 00:00 0 
7fc37c021000-7fc380000000 ---p 00000000 00:00 0 
7fc382f6f000-7fc382fcd000 rw-p 00000000 00:00 0 
7fc38302b000-7fc38302f000 ---p 00000000 00:00 0 
7fc38302f000-7fc38312c000 rw-p 00000000 00:00 0 
7fc38312c000-7fc38312d000 ---p 00000000 00:00 0 
7fc38312d000-7fc38322e000 rw-p 00000000 00:00 0 
7fc38322e000-7fc383239000 r-xp 00000000 08:03 1056662                    /usr/lib/x86_64-linux-gnu/libjbig.so.0
7fc383239000-7fc383438000 ---p 0000b000 08:03 1056662                    /usr/lib/x86_64-linux-gnu/libjbig.so.0
7fc383438000-7fc383439000 r--p 0000a000 08:03 1056662                    /usr/lib/x86_64-linux-gnu/libjbig.so.0
7fc383439000-7fc38343c000 rw-p 0000b000 08:03 1056662                    /usr/lib/x86_64-linux-gnu/libjbig.so.0
7fc38343c000-7fc383460000 r-xp 00000000 08:03 1445099                    /lib/x86_64-linux-gnu/liblzma.so.5.2.2
7fc383460000-7fc383660000 ---p 00024000 08:03 1445099                    /lib/x86_64-linux-gnu/liblzma.so.5.2.2
7fc383660000-7fc383661000 r--p 00024000 08:03 1445099                    /lib/x86_64-linux-gnu/liblzma.so.5.2.2
7fc383661000-7fc383662000 rw-p 00025000 08:03 1445099                    /lib/x86_64-linux-gnu/liblzma.so.5.2.2
7fc383662000-7fc3836b6000 r-xp 00000000 08:03 1056845                    /usr/lib/x86_64-linux-gnu/libopenjp2.so.2.3.0
7fc3836b6000-7fc3838b6000 ---p 00054000 08:03 1056845                    /usr/lib/x86_64-linux-gnu/libopenjp2.so.2.3.0
7fc3838b6000-7fc3838b7000 r--p 00054000 08:03 1056845                    /usr/lib/x86_64-linux-gnu/libopenjp2.so.2.3.0
7fc3838b7000-7fc3838b8000 rw-p 00055000 08:03 1056845                    /usr/lib/x86_64-linux-gnu/libopenjp2.so.2.3.0
7fc3838b8000-7fc38391e000 r-xp 00000000 08:03 1047223                    /usr/lib/x86_64-linux-gnu/libwebp.so.6.0.2
7fc38391e000-7fc383b1d000 ---p 00066000 08:03 1047223                    /usr/lib/x86_64-linux-gnu/libwebp.so.6.0.2
7fc383b1d000-7fc383b1e000 r--p 00065000 08:03 1047223                    /usr/lib/x86_64-linux-gnu/libwebp.so.6.0.2
7fc383b1e000-7fc383b1f000 rw-p 00066000 08:03 1047223                    /usr/lib/x86_64-linux-gnu/libwebp.so.6.0.2
7fc383b1f000-7fc383b21000 rw-p 00000000 00:00 0 
7fc383b21000-7fc383b94000 r-xp 00000000 08:03 1047057                    /usr/lib/x86_64-linux-gnu/libtiff.so.5.3.0
7fc383b94000-7fc383d93000 ---p 00073000 08:03 1047057                    /usr/lib/x86_64-linux-gnu/libtiff.so.5.3.0
7fc383d93000-7fc383d97000 r--p 00072000 08:03 1047057                    /usr/lib/x86_64-linux-gnu/libtiff.so.5.3.0
7fc383d97000-7fc383d98000 rw-p 00076000 08:03 1047057                    /usr/lib/x86_64-linux-gnu/libtiff.so.5.3.0
7fc383d98000-7fc383dff000 r-xp 00000000 08:03 1046712                    /usr/lib/x86_64-linux-gnu/libjpeg.so.8.1.2
7fc383dff000-7fc383ffe000 ---p 00067000 08:03 1046712                    /usr/lib/x86_64-linux-gnu/libjpeg.so.8.1.2
7fc383ffe000-7fc383fff000 r--p 00066000 08:03 1046712                    /usr/lib/x86_64-linux-gnu/libjpeg.so.8.1.2
7fc383fff000-7fc384000000 rw-p 00067000 08:03 1046712                    /usr/lib/x86_64-linux-gnu/libjpeg.so.8.1.2
7fc384000000-7fc384021000 rw-p 00000000 00:00 0 
7fc384021000-7fc388000000 ---p 00000000 00:00 0 
7fc388000000-7fc388021000 rw-p 00000000 00:00 0 
7fc388021000-7fc38c000000 ---p 00000000 00:00 0 
7fc38c000000-7fc38c021000 rw-p 00000000 00:00 0 
7fc38c021000-7fc390000000 ---p 00000000 00:00 0 
7fc390000000-7fc390021000 rw-p 00000000 00:00 0 
7fc390021000-7fc394000000 ---p 00000000 00:00 0 
7fc394000000-7fc394381000 rw-p 00000000 00:00 0 
7fc394381000-7fc398000000 ---p 00000000 00:00 0 
7fc398000000-7fc398021000 rw-p 00000000 00:00 0 
7fc398021000-7fc39c000000 ---p 00000000 00:00 0 
7fc39c000000-7fc39c021000 rw-p 00000000 00:00 0 
7fc39c021000-7fc3a0000000 ---p 00000000 00:00 0 
7fc3a0000000-7fc3a044e000 rw-p 00000000 00:00 0 
7fc3a044e000-7fc3a4000000 ---p 00000000 00:00 0 
7fc3a4000000-7fc3a4021000 rw-p 00000000 00:00 0 
7fc3a4021000-7fc3a8000000 ---p 00000000 00:00 0 
7fc3a803f000-7fc3a8047000 r-xp 00000000 08:03 1056416                    /usr/lib/x86_64-linux-gnu/libgif.so.7.0.0
7fc3a8047000-7fc3a8246000 ---p 00008000 08:03 1056416                    /usr/lib/x86_64-linux-gnu/libgif.so.7.0.0
7fc3a8246000-7fc3a8247000 r--p 00007000 08:03 1056416                    /usr/lib/x86_64-linux-gnu/libgif.so.7.0.0
7fc3a8247000-7fc3a8248000 rw-p 00008000 08:03 1056416                    /usr/lib/x86_64-linux-gnu/libgif.so.7.0.0
7fc3a8248000-7fc3a8279000 r-xp 00000000 08:03 1056918                    /usr/lib/x86_64-linux-gnu/libpng16.so.16.34.0
7fc3a8279000-7fc3a8478000 ---p 00031000 08:03 1056918                    /usr/lib/x86_64-linux-gnu/libpng16.so.16.34.0
7fc3a8478000-7fc3a8479000 r--p 00030000 08:03 1056918                    /usr/lib/x86_64-linux-gnu/libpng16.so.16.34.0
7fc3a8479000-7fc3a847a000 rw-p 00031000 08:03 1056918                    /usr/lib/x86_64-linux-gnu/libpng16.so.16.34.0
7fc3a847a000-7fc3a84a8000 r-xp 00000000 08:03 1049624                    /usr/lib/x86_64-linux-gnu/libgomp.so.1.0.0
7fc3a84a8000-7fc3a86a7000 ---p 0002e000 08:03 1049624                    /usr/lib/x86_64-linux-gnu/libgomp.so.1.0.0
7fc3a86a7000-7fc3a86a8000 r--p 0002d000 08:03 1049624                    /usr/lib/x86_64-linux-gnu/libgomp.so.1.0.0
7fc3a86a8000-7fc3a86a9000 rw-p 0002e000 08:03 1049624                    /usr/lib/x86_64-linux-gnu/libgomp.so.1.0.0
7fc3a86a9000-7fc3a8905000 r-xp 00000000 08:03 1046789                    /usr/lib/x86_64-linux-gnu/liblept.so.5.0.2
7fc3a8905000-7fc3a8b04000 ---p 0025c000 08:03 1046789                    /usr/lib/x86_64-linux-gnu/liblept.so.5.0.2
7fc3a8b04000-7fc3a8b05000 r--p 0025b000 08:03 1046789                    /usr/lib/x86_64-linux-gnu/liblept.so.5.0.2
7fc3a8b05000-7fc3a8b0b000 rw-p 0025c000 08:03 1046789                    /usr/lib/x86_64-linux-gnu/liblept.so.5.0.2
7fc3a8b0b000-7fc3a8e18000 r-xp 00000000 08:03 1049117                    /usr/lib/x86_64-linux-gnu/libtesseract.so.4.0.0
7fc3a8e18000-7fc3a9017000 ---p 0030d000 08:03 1049117                    /usr/lib/x86_64-linux-gnu/libtesseract.so.4.0.0
7fc3a9017000-7fc3a901c000 r--p 0030c000 08:03 1049117                    /usr/lib/x86_64-linux-gnu/libtesseract.so.4.0.0
7fc3a901c000-7fc3a901d000 rw-p 00311000 08:03 1049117                    /usr/lib/x86_64-linux-gnu/libtesseract.so.4.0.0
7fc3a901d000-7fc3a92c1000 rw-p 00000000 00:00 0 
7fc3a92c1000-7fc3a92d8000 r-xp 00000000 08:03 671631                     /tmp/jna--1328145221/jna16991912631541106735.tmp (deleted)
7fc3a92d8000-7fc3a93d7000 ---p 00017000 08:03 671631                     /tmp/jna--1328145221/jna16991912631541106735.tmp (deleted)
7fc3a93d7000-7fc3a93d9000 rw-p 00016000 08:03 671631                     /tmp/jna--1328145221/jna16991912631541106735.tmp (deleted)
7fc3a93d9000-7fc3a93dd000 ---p 00000000 00:00 0 
7fc3a93dd000-7fc3a94da000 rw-p 00000000 00:00 0 
7fc3a94da000-7fc3a94ed000 r-xp 00000000 08:03 1460576                    /lib/x86_64-linux-gnu/libbsd.so.0.8.7
7fc3a94ed000-7fc3a96ec000 ---p 00013000 08:03 1460576                    /lib/x86_64-linux-gnu/libbsd.so.0.8.7
7fc3a96ec000-7fc3a96ed000 r--p 00012000 08:03 1460576                    /lib/x86_64-linux-gnu/libbsd.so.0.8.7
7fc3a96ed000-7fc3a96ee000 rw-p 00013000 08:03 1460576                    /lib/x86_64-linux-gnu/libbsd.so.0.8.7
7fc3a96ee000-7fc3a96ef000 rw-p 00000000 00:00 0 
7fc3a96ef000-7fc3a96f4000 r-xp 00000000 08:03 1055915                    /usr/lib/x86_64-linux-gnu/libXdmcp.so.6.0.0
7fc3a96f4000-7fc3a98f3000 ---p 00005000 08:03 1055915                    /usr/lib/x86_64-linux-gnu/libXdmcp.so.6.0.0
7fc3a98f3000-7fc3a98f4000 r--p 00004000 08:03 1055915                    /usr/lib/x86_64-linux-gnu/libXdmcp.so.6.0.0
7fc3a98f4000-7fc3a98f5000 rw-p 00005000 08:03 1055915                    /usr/lib/x86_64-linux-gnu/libXdmcp.so.6.0.0
7fc3a98f5000-7fc3a98f7000 r-xp 00000000 08:03 1047740                    /usr/lib/x86_64-linux-gnu/libXau.so.6.0.0
7fc3a98f7000-7fc3a9af7000 ---p 00002000 08:03 1047740                    /usr/lib/x86_64-linux-gnu/libXau.so.6.0.0
7fc3a9af7000-7fc3a9af8000 r--p 00002000 08:03 1047740                    /usr/lib/x86_64-linux-gnu/libXau.so.6.0.0
7fc3a9af8000-7fc3a9af9000 rw-p 00003000 08:03 1047740                    /usr/lib/x86_64-linux-gnu/libXau.so.6.0.0
7fc3a9af9000-7fc3a9b1f000 r-xp 00000000 08:03 1057277                    /usr/lib/x86_64-linux-gnu/libxcb.so.1.1.0
7fc3a9b1f000-7fc3a9d1f000 ---p 00026000 08:03 1057277                    /usr/lib/x86_64-linux-gnu/libxcb.so.1.1.0
7fc3a9d1f000-7fc3a9d20000 r--p 00026000 08:03 1057277                    /usr/lib/x86_64-linux-gnu/libxcb.so.1.1.0
7fc3a9d20000-7fc3a9d21000 rw-p 00027000 08:03 1057277                    /usr/lib/x86_64-linux-gnu/libxcb.so.1.1.0
7fc3a9d21000-7fc3a9d30000 r-xp 00000000 08:03 1055925                    /usr/lib/x86_64-linux-gnu/libXi.so.6.1.0
7fc3a9d30000-7fc3a9f2f000 ---p 0000f000 08:03 1055925                    /usr/lib/x86_64-linux-gnu/libXi.so.6.1.0
7fc3a9f2f000-7fc3a9f30000 r--p 0000e000 08:03 1055925                    /usr/lib/x86_64-linux-gnu/libXi.so.6.1.0
7fc3a9f30000-7fc3a9f31000 rw-p 0000f000 08:03 1055925                    /usr/lib/x86_64-linux-gnu/libXi.so.6.1.0
7fc3a9f31000-7fc3a9f36000 r-xp 00000000 08:03 1055943                    /usr/lib/x86_64-linux-gnu/libXtst.so.6.1.0
7fc3a9f36000-7fc3aa135000 ---p 00005000 08:03 1055943                    /usr/lib/x86_64-linux-gnu/libXtst.so.6.1.0
7fc3aa135000-7fc3aa136000 r--p 00004000 08:03 1055943                    /usr/lib/x86_64-linux-gnu/libXtst.so.6.1.0
7fc3aa136000-7fc3aa137000 rw-p 00005000 08:03 1055943                    /usr/lib/x86_64-linux-gnu/libXtst.so.6.1.0
7fc3aa137000-7fc3aa140000 r-xp 00000000 08:03 1055937                    /usr/lib/x86_64-linux-gnu/libXrender.so.1.3.0
7fc3aa140000-7fc3aa33f000 ---p 00009000 08:03 1055937                    /usr/lib/x86_64-linux-gnu/libXrender.so.1.3.0
7fc3aa33f000-7fc3aa340000 r--p 00008000 08:03 1055937                    /usr/lib/x86_64-linux-gnu/libXrender.so.1.3.0
7fc3aa340000-7fc3aa341000 rw-p 00009000 08:03 1055937                    /usr/lib/x86_64-linux-gnu/libXrender.so.1.3.0
7fc3aa341000-7fc3aa474000 r-xp 00000000 08:03 1047403                    /usr/lib/x86_64-linux-gnu/libX11.so.6.3.0
7fc3aa474000-7fc3aa674000 ---p 00133000 08:03 1047403                    /usr/lib/x86_64-linux-gnu/libX11.so.6.3.0
7fc3aa674000-7fc3aa675000 r--p 00133000 08:03 1047403                    /usr/lib/x86_64-linux-gnu/libX11.so.6.3.0
7fc3aa675000-7fc3aa679000 rw-p 00134000 08:03 1047403                    /usr/lib/x86_64-linux-gnu/libX11.so.6.3.0
7fc3aa679000-7fc3aa68a000 r-xp 00000000 08:03 1055917                    /usr/lib/x86_64-linux-gnu/libXext.so.6.4.0
7fc3aa68a000-7fc3aa889000 ---p 00011000 08:03 1055917                    /usr/lib/x86_64-linux-gnu/libXext.so.6.4.0
7fc3aa889000-7fc3aa88a000 r--p 00010000 08:03 1055917                    /usr/lib/x86_64-linux-gnu/libXext.so.6.4.0
7fc3aa88a000-7fc3aa88b000 rw-p 00011000 08:03 1055917                    /usr/lib/x86_64-linux-gnu/libXext.so.6.4.0
7fc3aa88b000-7fc3aa8e9000 r-xp 00000000 08:03 1046689                    /usr/lib/jvm/java-11-openjdk-amd64/lib/libawt_xawt.so
7fc3aa8e9000-7fc3aaae9000 ---p 0005e000 08:03 1046689                    /usr/lib/jvm/java-11-openjdk-amd64/lib/libawt_xawt.so
7fc3aaae9000-7fc3aaaea000 r--p 0005e000 08:03 1046689                    /usr/lib/jvm/java-11-openjdk-amd64/lib/libawt_xawt.so
7fc3aaaea000-7fc3aaaec000 rw-p 0005f000 08:03 1046689                    /usr/lib/jvm/java-11-openjdk-amd64/lib/libawt_xawt.so
7fc3aaaec000-7fc3aaaee000 rw-p 00000000 00:00 0 
7fc3aaaee000-7fc3aab8c000 r-xp 00000000 08:03 1059552                    /usr/lib/jvm/java-11-openjdk-amd64/lib/libawt.so
7fc3aab8c000-7fc3aad8b000 ---p 0009e000 08:03 1059552                    /usr/lib/jvm/java-11-openjdk-amd64/lib/libawt.so
7fc3aad8b000-7fc3aad8c000 r--p 0009d000 08:03 1059552                    /usr/lib/jvm/java-11-openjdk-amd64/lib/libawt.so
7fc3aad8c000-7fc3aad97000 rw-p 0009e000 08:03 1059552                    /usr/lib/jvm/java-11-openjdk-amd64/lib/libawt.so
7fc3aad97000-7fc3aadbc000 rw-p 00000000 00:00 0 
7fc3aadbc000-7fc3aadbe000 r-xp 00000000 08:03 1059555                    /usr/lib/jvm/java-11-openjdk-amd64/lib/libextnet.so
7fc3aadbe000-7fc3aafbd000 ---p 00002000 08:03 1059555                    /usr/lib/jvm/java-11-openjdk-amd64/lib/libextnet.so
7fc3aafbd000-7fc3aafbe000 r--p 00001000 08:03 1059555                    /usr/lib/jvm/java-11-openjdk-amd64/lib/libextnet.so
7fc3aafbe000-7fc3aafbf000 rw-p 00002000 08:03 1059555                    /usr/lib/jvm/java-11-openjdk-amd64/lib/libextnet.so
7fc3aafbf000-7fc3aafc0000 ---p 00000000 00:00 0 
7fc3aafc0000-7fc3ab0c1000 rw-p 00000000 00:00 0 
7fc3ab0c1000-7fc3ab0c5000 ---p 00000000 00:00 0 
7fc3ab0c5000-7fc3ab1c2000 rw-p 00000000 00:00 0 
7fc3ab1c2000-7fc3ab1d7000 r-xp 00000000 08:03 1103086                    /usr/lib/jvm/java-11-openjdk-amd64/lib/libnet.so
7fc3ab1d7000-7fc3ab3d6000 ---p 00015000 08:03 1103086                    /usr/lib/jvm/java-11-openjdk-amd64/lib/libnet.so
7fc3ab3d6000-7fc3ab3d7000 r--p 00014000 08:03 1103086                    /usr/lib/jvm/java-11-openjdk-amd64/lib/libnet.so
7fc3ab3d7000-7fc3ab3d8000 rw-p 00015000 08:03 1103086                    /usr/lib/jvm/java-11-openjdk-amd64/lib/libnet.so
7fc3ab3d8000-7fc3ab3e8000 r-xp 00000000 08:03 1103087                    /usr/lib/jvm/java-11-openjdk-amd64/lib/libnio.so
7fc3ab3e8000-7fc3ab5e7000 ---p 00010000 08:03 1103087                    /usr/lib/jvm/java-11-openjdk-amd64/lib/libnio.so
7fc3ab5e7000-7fc3ab5e8000 r--p 0000f000 08:03 1103087                    /usr/lib/jvm/java-11-openjdk-amd64/lib/libnio.so
7fc3ab5e8000-7fc3ab5e9000 rw-p 00010000 08:03 1103087                    /usr/lib/jvm/java-11-openjdk-amd64/lib/libnio.so
7fc3ab5e9000-7fc3ab5ed000 ---p 00000000 00:00 0 
7fc3ab5ed000-7fc3ab6ea000 rw-p 00000000 00:00 0 
7fc3ab6ea000-7fc3ab6ee000 ---p 00000000 00:00 0 
7fc3ab6ee000-7fc3ab7eb000 rw-p 00000000 00:00 0 
7fc3ab7eb000-7fc3ab7ef000 ---p 00000000 00:00 0 
7fc3ab7ef000-7fc3ab8ec000 rw-p 00000000 00:00 0 
7fc3ab8ec000-7fc3ab8f0000 ---p 00000000 00:00 0 
7fc3ab8f0000-7fc3ab9ed000 rw-p 00000000 00:00 0 
7fc3ab9ed000-7fc3ab9f1000 ---p 00000000 00:00 0 
7fc3ab9f1000-7fc3abaee000 rw-p 00000000 00:00 0 
7fc3abaee000-7fc3abaf2000 ---p 00000000 00:00 0 
7fc3abaf2000-7fc3abbef000 rw-p 00000000 00:00 0 
7fc3abbef000-7fc3ac000000 r--p 00000000 08:03 1047807                    /usr/lib/locale/locale-archive
7fc3ac000000-7fc3ac021000 rw-p 00000000 00:00 0 
7fc3ac021000-7fc3b0000000 ---p 00000000 00:00 0 
7fc3b0000000-7fc3b0021000 rw-p 00000000 00:00 0 
7fc3b0021000-7fc3b4000000 ---p 00000000 00:00 0 
7fc3b4000000-7fc3b4021000 rw-p 00000000 00:00 0 
7fc3b4021000-7fc3b8000000 ---p 00000000 00:00 0 
7fc3b8000000-7fc3b8021000 rw-p 00000000 00:00 0 
7fc3b8021000-7fc3bc000000 ---p 00000000 00:00 0 
7fc3bc000000-7fc3bc021000 rw-p 00000000 00:00 0 
7fc3bc021000-7fc3c0000000 ---p 00000000 00:00 0 
7fc3c0000000-7fc3c0021000 rw-p 00000000 00:00 0 
7fc3c0021000-7fc3c4000000 ---p 00000000 00:00 0 
7fc3c4000000-7fc3c4021000 rw-p 00000000 00:00 0 
7fc3c4021000-7fc3c8000000 ---p 00000000 00:00 0 
7fc3c804f000-7fc3c8053000 ---p 00000000 00:00 0 
7fc3c8053000-7fc3c8790000 rw-p 00000000 00:00 0 
7fc3c8790000-7fc3c8950000 ---p 00000000 00:00 0 
7fc3c8950000-7fc3caac0000 rw-p 00000000 00:00 0 
7fc3caac0000-7fc3cbff8000 ---p 00000000 00:00 0 
7fc3cbff8000-7fc3cc000000 rw-p 00000000 00:00 0 
7fc3cc000000-7fc3cc021000 rw-p 00000000 00:00 0 
7fc3cc021000-7fc3d0000000 ---p 00000000 00:00 0 
7fc3d0054000-7fc3d00b2000 rw-p 00000000 00:00 0 
7fc3d00b2000-7fc3d00b6000 ---p 00000000 00:00 0 
7fc3d00b6000-7fc3d01b3000 rw-p 00000000 00:00 0 
7fc3d01b3000-7fc3d01b4000 ---p 00000000 00:00 0 
7fc3d01b4000-7fc3d0336000 rw-p 00000000 00:00 0 
7fc3d0336000-7fc3d0337000 ---p 00000000 00:00 0 
7fc3d0337000-7fc3d0438000 rw-p 00000000 00:00 0 
7fc3d0438000-7fc3d0439000 ---p 00000000 00:00 0 
7fc3d0439000-7fc3d083d000 rw-p 00000000 00:00 0 
7fc3d083d000-7fc3d0aad000 rwxp 00000000 00:00 0 
7fc3d0aad000-7fc3d0dcd000 ---p 00000000 00:00 0 
7fc3d0dcd000-7fc3d103d000 rwxp 00000000 00:00 0 
7fc3d103d000-7fc3d8305000 ---p 00000000 00:00 0 
7fc3d8305000-7fc3d8575000 rwxp 00000000 00:00 0 
7fc3d8575000-7fc3df83d000 ---p 00000000 00:00 0 
7fc3df83d000-7fc3e8000000 r--s 00000000 08:03 1103096                    /usr/lib/jvm/java-11-openjdk-amd64/lib/modules
7fc3e8000000-7fc3e87bc000 rw-p 00000000 00:00 0 
7fc3e87bc000-7fc3ec000000 ---p 00000000 00:00 0 
7fc3ec030000-7fc3ec131000 rw-p 00000000 00:00 0 
7fc3ec131000-7fc3ec132000 ---p 00000000 00:00 0 
7fc3ec132000-7fc3ec233000 rw-p 00000000 00:00 0 
7fc3ec233000-7fc3ec234000 ---p 00000000 00:00 0 
7fc3ec234000-7fc3ec4a5000 rw-p 00000000 00:00 0 
7fc3ec4a5000-7fc3ed9dd000 ---p 00000000 00:00 0 
7fc3ed9dd000-7fc3eda13000 rw-p 00000000 00:00 0 
7fc3eda13000-7fc3edcba000 ---p 00000000 00:00 0 
7fc3edcba000-7fc3edce9000 rw-p 00000000 00:00 0 
7fc3edce9000-7fc3edf90000 ---p 00000000 00:00 0 
7fc3edf90000-7fc3edfbf000 rw-p 00000000 00:00 0 
7fc3edfbf000-7fc3ee266000 ---p 00000000 00:00 0 
7fc3ee266000-7fc3ee66b000 rw-p 00000000 00:00 0 
7fc3ee66b000-7fc3ee66c000 ---p 00000000 00:00 0 
7fc3ee66c000-7fc3ee772000 rw-p 00000000 00:00 0 
7fc3ee772000-7fc3ee858000 ---p 00000000 00:00 0 
7fc3ee858000-7fc3ee85d000 rw-p 00000000 00:00 0 
7fc3ee85d000-7fc3ee943000 ---p 00000000 00:00 0 
7fc3ee943000-7fc3ee94a000 r-xp 00000000 08:03 1103095                    /usr/lib/jvm/java-11-openjdk-amd64/lib/libzip.so
7fc3ee94a000-7fc3eeb4a000 ---p 00007000 08:03 1103095                    /usr/lib/jvm/java-11-openjdk-amd64/lib/libzip.so
7fc3eeb4a000-7fc3eeb4b000 r--p 00007000 08:03 1103095                    /usr/lib/jvm/java-11-openjdk-amd64/lib/libzip.so
7fc3eeb4b000-7fc3eeb4c000 rw-p 00008000 08:03 1103095                    /usr/lib/jvm/java-11-openjdk-amd64/lib/libzip.so
7fc3eeb4c000-7fc3eeb57000 r-xp 00000000 08:03 1442762                    /lib/x86_64-linux-gnu/libnss_files-2.27.so
7fc3eeb57000-7fc3eed56000 ---p 0000b000 08:03 1442762                    /lib/x86_64-linux-gnu/libnss_files-2.27.so
7fc3eed56000-7fc3eed57000 r--p 0000a000 08:03 1442762                    /lib/x86_64-linux-gnu/libnss_files-2.27.so
7fc3eed57000-7fc3eed58000 rw-p 0000b000 08:03 1442762                    /lib/x86_64-linux-gnu/libnss_files-2.27.so
7fc3eed58000-7fc3eed5e000 rw-p 00000000 00:00 0 
7fc3eed5e000-7fc3eed75000 r-xp 00000000 08:03 1442756                    /lib/x86_64-linux-gnu/libnsl-2.27.so
7fc3eed75000-7fc3eef74000 ---p 00017000 08:03 1442756                    /lib/x86_64-linux-gnu/libnsl-2.27.so
7fc3eef74000-7fc3eef75000 r--p 00016000 08:03 1442756                    /lib/x86_64-linux-gnu/libnsl-2.27.so
7fc3eef75000-7fc3eef76000 rw-p 00017000 08:03 1442756                    /lib/x86_64-linux-gnu/libnsl-2.27.so
7fc3eef76000-7fc3eef78000 rw-p 00000000 00:00 0 
7fc3eef78000-7fc3eef83000 r-xp 00000000 08:03 1442766                    /lib/x86_64-linux-gnu/libnss_nis-2.27.so
7fc3eef83000-7fc3ef182000 ---p 0000b000 08:03 1442766                    /lib/x86_64-linux-gnu/libnss_nis-2.27.so
7fc3ef182000-7fc3ef183000 r--p 0000a000 08:03 1442766                    /lib/x86_64-linux-gnu/libnss_nis-2.27.so
7fc3ef183000-7fc3ef184000 rw-p 0000b000 08:03 1442766                    /lib/x86_64-linux-gnu/libnss_nis-2.27.so
7fc3ef184000-7fc3ef18c000 r-xp 00000000 08:03 1442758                    /lib/x86_64-linux-gnu/libnss_compat-2.27.so
7fc3ef18c000-7fc3ef38c000 ---p 00008000 08:03 1442758                    /lib/x86_64-linux-gnu/libnss_compat-2.27.so
7fc3ef38c000-7fc3ef38d000 r--p 00008000 08:03 1442758                    /lib/x86_64-linux-gnu/libnss_compat-2.27.so
7fc3ef38d000-7fc3ef38e000 rw-p 00009000 08:03 1442758                    /lib/x86_64-linux-gnu/libnss_compat-2.27.so
7fc3ef38e000-7fc3ef398000 r-xp 00000000 08:03 1059557                    /usr/lib/jvm/java-11-openjdk-amd64/lib/libinstrument.so
7fc3ef398000-7fc3ef597000 ---p 0000a000 08:03 1059557                    /usr/lib/jvm/java-11-openjdk-amd64/lib/libinstrument.so
7fc3ef597000-7fc3ef598000 r--p 00009000 08:03 1059557                    /usr/lib/jvm/java-11-openjdk-amd64/lib/libinstrument.so
7fc3ef598000-7fc3ef599000 rw-p 0000a000 08:03 1059557                    /usr/lib/jvm/java-11-openjdk-amd64/lib/libinstrument.so
7fc3ef599000-7fc3ef59e000 r-xp 00000000 08:03 1103078                    /usr/lib/jvm/java-11-openjdk-amd64/lib/libjimage.so
7fc3ef59e000-7fc3ef79d000 ---p 00005000 08:03 1103078                    /usr/lib/jvm/java-11-openjdk-amd64/lib/libjimage.so
7fc3ef79d000-7fc3ef79e000 r--p 00004000 08:03 1103078                    /usr/lib/jvm/java-11-openjdk-amd64/lib/libjimage.so
7fc3ef79e000-7fc3ef79f000 rw-p 00005000 08:03 1103078                    /usr/lib/jvm/java-11-openjdk-amd64/lib/libjimage.so
7fc3ef79f000-7fc3ef7c7000 r-xp 00000000 08:03 1059562                    /usr/lib/jvm/java-11-openjdk-amd64/lib/libjava.so
7fc3ef7c7000-7fc3ef9c7000 ---p 00028000 08:03 1059562                    /usr/lib/jvm/java-11-openjdk-amd64/lib/libjava.so
7fc3ef9c7000-7fc3ef9c8000 r--p 00028000 08:03 1059562                    /usr/lib/jvm/java-11-openjdk-amd64/lib/libjava.so
7fc3ef9c8000-7fc3ef9c9000 rw-p 00029000 08:03 1059562                    /usr/lib/jvm/java-11-openjdk-amd64/lib/libjava.so
7fc3ef9c9000-7fc3ef9ca000 rw-p 00000000 00:00 0 
7fc3ef9ca000-7fc3ef9d7000 r-xp 00000000 08:03 1103094                    /usr/lib/jvm/java-11-openjdk-amd64/lib/libverify.so
7fc3ef9d7000-7fc3efbd6000 ---p 0000d000 08:03 1103094                    /usr/lib/jvm/java-11-openjdk-amd64/lib/libverify.so
7fc3efbd6000-7fc3efbd8000 r--p 0000c000 08:03 1103094                    /usr/lib/jvm/java-11-openjdk-amd64/lib/libverify.so
7fc3efbd8000-7fc3efbd9000 rw-p 0000e000 08:03 1103094                    /usr/lib/jvm/java-11-openjdk-amd64/lib/libverify.so
7fc3efbd9000-7fc3efbe0000 r-xp 00000000 08:03 1442775                    /lib/x86_64-linux-gnu/librt-2.27.so
7fc3efbe0000-7fc3efddf000 ---p 00007000 08:03 1442775                    /lib/x86_64-linux-gnu/librt-2.27.so
7fc3efddf000-7fc3efde0000 r--p 00006000 08:03 1442775                    /lib/x86_64-linux-gnu/librt-2.27.so
7fc3efde0000-7fc3efde1000 rw-p 00007000 08:03 1442775                    /lib/x86_64-linux-gnu/librt-2.27.so
7fc3efde1000-7fc3efdf8000 r-xp 00000000 08:03 1444715                    /lib/x86_64-linux-gnu/libgcc_s.so.1
7fc3efdf8000-7fc3efff7000 ---p 00017000 08:03 1444715                    /lib/x86_64-linux-gnu/libgcc_s.so.1
7fc3efff7000-7fc3efff8000 r--p 00016000 08:03 1444715                    /lib/x86_64-linux-gnu/libgcc_s.so.1
7fc3efff8000-7fc3efff9000 rw-p 00017000 08:03 1444715                    /lib/x86_64-linux-gnu/libgcc_s.so.1
7fc3efff9000-7fc3f0196000 r-xp 00000000 08:03 1442750                    /lib/x86_64-linux-gnu/libm-2.27.so
7fc3f0196000-7fc3f0395000 ---p 0019d000 08:03 1442750                    /lib/x86_64-linux-gnu/libm-2.27.so
7fc3f0395000-7fc3f0396000 r--p 0019c000 08:03 1442750                    /lib/x86_64-linux-gnu/libm-2.27.so
7fc3f0396000-7fc3f0397000 rw-p 0019d000 08:03 1442750                    /lib/x86_64-linux-gnu/libm-2.27.so
7fc3f0397000-7fc3f0510000 r-xp 00000000 08:03 1049420                    /usr/lib/x86_64-linux-gnu/libstdc++.so.6.0.25
7fc3f0510000-7fc3f0710000 ---p 00179000 08:03 1049420                    /usr/lib/x86_64-linux-gnu/libstdc++.so.6.0.25
7fc3f0710000-7fc3f071a000 r--p 00179000 08:03 1049420                    /usr/lib/x86_64-linux-gnu/libstdc++.so.6.0.25
7fc3f071a000-7fc3f071c000 rw-p 00183000 08:03 1049420                    /usr/lib/x86_64-linux-gnu/libstdc++.so.6.0.25
7fc3f071c000-7fc3f0720000 rw-p 00000000 00:00 0 
7fc3f0720000-7fc3f1819000 r-xp 00000000 08:03 1103099                    /usr/lib/jvm/java-11-openjdk-amd64/lib/server/libjvm.so
7fc3f1819000-7fc3f1a18000 ---p 010f9000 08:03 1103099                    /usr/lib/jvm/java-11-openjdk-amd64/lib/server/libjvm.so
7fc3f1a18000-7fc3f1adc000 r--p 010f8000 08:03 1103099                    /usr/lib/jvm/java-11-openjdk-amd64/lib/server/libjvm.so
7fc3f1adc000-7fc3f1b17000 rw-p 011bc000 08:03 1103099                    /usr/lib/jvm/java-11-openjdk-amd64/lib/server/libjvm.so
7fc3f1b17000-7fc3f1b6e000 rw-p 00000000 00:00 0 
7fc3f1b6e000-7fc3f1b88000 r-xp 00000000 08:03 1442772                    /lib/x86_64-linux-gnu/libpthread-2.27.so
7fc3f1b88000-7fc3f1d87000 ---p 0001a000 08:03 1442772                    /lib/x86_64-linux-gnu/libpthread-2.27.so
7fc3f1d87000-7fc3f1d88000 r--p 00019000 08:03 1442772                    /lib/x86_64-linux-gnu/libpthread-2.27.so
7fc3f1d88000-7fc3f1d89000 rw-p 0001a000 08:03 1442772                    /lib/x86_64-linux-gnu/libpthread-2.27.so
7fc3f1d89000-7fc3f1d8d000 rw-p 00000000 00:00 0 
7fc3f1d8d000-7fc3f1d90000 r-xp 00000000 08:03 1442748                    /lib/x86_64-linux-gnu/libdl-2.27.so
7fc3f1d90000-7fc3f1f8f000 ---p 00003000 08:03 1442748                    /lib/x86_64-linux-gnu/libdl-2.27.so
7fc3f1f8f000-7fc3f1f90000 r--p 00002000 08:03 1442748                    /lib/x86_64-linux-gnu/libdl-2.27.so
7fc3f1f90000-7fc3f1f91000 rw-p 00003000 08:03 1442748                    /lib/x86_64-linux-gnu/libdl-2.27.so
7fc3f1f91000-7fc3f1fad000 r-xp 00000000 08:03 1445213                    /lib/x86_64-linux-gnu/libz.so.1.2.11
7fc3f1fad000-7fc3f21ac000 ---p 0001c000 08:03 1445213                    /lib/x86_64-linux-gnu/libz.so.1.2.11
7fc3f21ac000-7fc3f21ad000 r--p 0001b000 08:03 1445213                    /lib/x86_64-linux-gnu/libz.so.1.2.11
7fc3f21ad000-7fc3f21ae000 rw-p 0001c000 08:03 1445213                    /lib/x86_64-linux-gnu/libz.so.1.2.11
7fc3f21ae000-7fc3f2395000 r-xp 00000000 08:03 1442742                    /lib/x86_64-linux-gnu/libc-2.27.so
7fc3f2395000-7fc3f2595000 ---p 001e7000 08:03 1442742                    /lib/x86_64-linux-gnu/libc-2.27.so
7fc3f2595000-7fc3f2599000 r--p 001e7000 08:03 1442742                    /lib/x86_64-linux-gnu/libc-2.27.so
7fc3f2599000-7fc3f259b000 rw-p 001eb000 08:03 1442742                    /lib/x86_64-linux-gnu/libc-2.27.so
7fc3f259b000-7fc3f259f000 rw-p 00000000 00:00 0 
7fc3f259f000-7fc3f25ae000 r-xp 00000000 08:03 1059547                    /usr/lib/jvm/java-11-openjdk-amd64/lib/jli/libjli.so
7fc3f25ae000-7fc3f27ad000 ---p 0000f000 08:03 1059547                    /usr/lib/jvm/java-11-openjdk-amd64/lib/jli/libjli.so
7fc3f27ad000-7fc3f27ae000 r--p 0000e000 08:03 1059547                    /usr/lib/jvm/java-11-openjdk-amd64/lib/jli/libjli.so
7fc3f27ae000-7fc3f27af000 rw-p 0000f000 08:03 1059547                    /usr/lib/jvm/java-11-openjdk-amd64/lib/jli/libjli.so
7fc3f27af000-7fc3f27d8000 r-xp 00000000 08:03 1442677                    /lib/x86_64-linux-gnu/ld-2.27.so
7fc3f27f9000-7fc3f2829000 r--p 00000000 08:03 1342963                    /usr/share/locale-langpack/ru/LC_MESSAGES/libc.mo
7fc3f2829000-7fc3f28b5000 rw-p 00000000 00:00 0 
7fc3f28b5000-7fc3f28b9000 ---p 00000000 00:00 0 
7fc3f28b9000-7fc3f29b8000 rw-p 00000000 00:00 0 
7fc3f29b9000-7fc3f29c0000 r--s 00000000 08:03 1220578                    /usr/lib/x86_64-linux-gnu/gconv/gconv-modules.cache
7fc3f29c0000-7fc3f29c5000 rw-p 00000000 00:00 0 
7fc3f29c5000-7fc3f29cc000 ---p 00000000 00:00 0 
7fc3f29cc000-7fc3f29d4000 rw-s 00000000 08:03 671627                     /tmp/hsperfdata_dmitry/23678
7fc3f29d4000-7fc3f29d5000 ---p 00000000 00:00 0 
7fc3f29d5000-7fc3f29d6000 r--p 00000000 00:00 0 
7fc3f29d6000-7fc3f29d8000 rw-p 00000000 00:00 0 
7fc3f29d8000-7fc3f29d9000 r--p 00029000 08:03 1442677                    /lib/x86_64-linux-gnu/ld-2.27.so
7fc3f29d9000-7fc3f29da000 rw-p 0002a000 08:03 1442677                    /lib/x86_64-linux-gnu/ld-2.27.so
7fc3f29da000-7fc3f29db000 rw-p 00000000 00:00 0 
7ffe9f259000-7ffe9f27b000 rw-p 00000000 00:00 0                          [stack]
7ffe9f377000-7ffe9f37a000 r--p 00000000 00:00 0                          [vvar]
7ffe9f37a000-7ffe9f37b000 r-xp 00000000 00:00 0                          [vdso]
ffffffffff600000-ffffffffff601000 --xp 00000000 00:00 0                  [vsyscall]


VM Arguments:
jvm_args: -javaagent:/home/dmitry/Programs/apps/IDEA-C/ch-0/213.7172.25/lib/idea_rt.jar=41291:/home/dmitry/Programs/apps/IDEA-C/ch-0/213.7172.25/bin -Dfile.encoding=UTF-8 
java_command: MainKt
java_class_path (initial): /home/dmitry/Документы/IdeaProjects/sudoky/build/classes/kotlin/main:/home/dmitry/.gradle/caches/modules-2/files-2.1/org.jetbrains.kotlin/kotlin-stdlib-jdk8/1.5.10/3f4af7aff21c4ec46e3cdd645639d0a63a68d3d0/kotlin-stdlib-jdk8-1.5.10.jar:/home/dmitry/.gradle/caches/modules-2/files-2.1/net.sourceforge.tess4j/tess4j/4.0.2/95516b133368840a0974ef5316fedd9c5e3aa635/tess4j-4.0.2.jar:/home/dmitry/.gradle/caches/modules-2/files-2.1/org.jetbrains.kotlin/kotlin-stdlib-jdk7/1.5.10/c49d0703d16c6cb1526cc07b9b46486da1dd8a60/kotlin-stdlib-jdk7-1.5.10.jar:/home/dmitry/.gradle/caches/modules-2/files-2.1/org.jetbrains.kotlin/kotlin-stdlib/1.5.10/da6a904b132f0402fa4d79169a3c1770598d4702/kotlin-stdlib-1.5.10.jar:/home/dmitry/.gradle/caches/modules-2/files-2.1/org.ghost4j/ghost4j/1.0.1/a026bc023a623b43df336670ceb00eba355bbc81/ghost4j-1.0.1.jar:/home/dmitry/.gradle/caches/modules-2/files-2.1/net.sourceforge.lept4j/lept4j/1.9.4/b7b28fde330197cd5c5419952f54bfa9459ce740/lept4j-1.9.4.jar:/home/dmitry/.gradle/caches/modules-2/files-2.1/net.java.dev.jna/jna/4.1.0/1c12d070e602efd8021891cdd7fd18bc129372d4/jna-4.1.0.jar:/home/dmitry/.gradle/caches/modules-2/files-2.1/com.github.jai-imageio/jai-imageio-core/1.4.0/fb6d79b929556362a241b2f65a04e538062f0077/jai-imageio-core-1.4.0.jar:/home/dmitry/.gradle/caches/modules-2/files-2.1/org.apache.pdfbox/pdfbox-tools/2.0.9/90a58b4daf37697488339845e0a3e0d3609eb781/pdfbox-tools-2.0.9.jar:/home/dmitry/.gradle/caches/modules-2/files-2.1/org.apache.pdfbox/pdfbox/2.0.9/d0425578218624388f2ec84a0b3a11efd55df0f5/pdfbox-2.0.9.jar:/home/dmitry/.gradle/caches/modules-2/files-2.1/org.apache.pdfbox/jbig2-imageio/3.0.0/59cba3c1e9d11c790c27be31b311cd3d729ca900/jbig2-imageio-3.0.0.jar:/home/dmitry/.gradle/caches/modules-2/files-2.1/commons-io/commons-io/2.6/815893df5f31da2ece4040fe0a12fd44b577afaf/commons-io-2.6.jar:/home/dmitry/.gradle/caches/modules-2/files-2.1/org.jboss/jboss-vfs/3.2.12.Final/51dcc622354dd0fc6eb7a42d499b68c4e345632c/jbo
Launcher Type: SUN_STANDARD

[Global flags]
     intx CICompilerCount                          = 3                                         {product} {ergonomic}
     uint ConcGCThreads                            = 1                                         {product} {ergonomic}
     uint G1ConcRefinementThreads                  = 4                                         {product} {ergonomic}
   size_t G1HeapRegionSize                         = 1048576                                   {product} {ergonomic}
    uintx GCDrainStackTargetSize                   = 64                                        {product} {ergonomic}
   size_t InitialHeapSize                          = 96468992                                  {product} {ergonomic}
   size_t MarkStackSize                            = 4194304                                   {product} {ergonomic}
   size_t MaxHeapSize                              = 1522532352                                {product} {ergonomic}
   size_t MaxNewSize                               = 913309696                                 {product} {ergonomic}
   size_t MinHeapDeltaBytes                        = 1048576                                   {product} {ergonomic}
    uintx NonNMethodCodeHeapSize                   = 5830732                                {pd product} {ergonomic}
    uintx NonProfiledCodeHeapSize                  = 122913754                              {pd product} {ergonomic}
    uintx ProfiledCodeHeapSize                     = 122913754                              {pd product} {ergonomic}
    uintx ReservedCodeCacheSize                    = 251658240                              {pd product} {ergonomic}
     bool SegmentedCodeCache                       = true                                      {product} {ergonomic}
     bool UseCompressedClassPointers               = true                                 {lp64_product} {ergonomic}
     bool UseCompressedOops                        = true                                 {lp64_product} {ergonomic}
     bool UseG1GC                                  = true                                      {product} {ergonomic}

Logging:
Log output configuration:
 #0: stdout all=warning uptime,level,tags
 #1: stderr all=off uptime,level,tags

Environment Variables:
JAVA_HOME=/usr/lib/jvm/jdk1.8.0_241-amd64
PATH=/usr/local/sbin:/usr/local/bin:/usr/sbin:/usr/bin:/sbin:/bin:/usr/games:/usr/local/games:/snap/bin
SHELL=/bin/bash
DISPLAY=:0
LANG=ru_RU.UTF-8

Signal Handlers:
SIGSEGV: [libjvm.so+0xe2a490], sa_mask[0]=11111111011111111101111111111110, sa_flags=SA_RESTART|SA_SIGINFO
SIGBUS: [libjvm.so+0xe2a490], sa_mask[0]=11111111011111111101111111111110, sa_flags=SA_RESTART|SA_SIGINFO
SIGFPE: [libjvm.so+0xe2a490], sa_mask[0]=11111111011111111101111111111110, sa_flags=SA_RESTART|SA_SIGINFO
SIGPIPE: [libjvm.so+0xb80870], sa_mask[0]=11111111011111111101111111111110, sa_flags=SA_RESTART|SA_SIGINFO
SIGXFSZ: [libjvm.so+0xb80870], sa_mask[0]=11111111011111111101111111111110, sa_flags=SA_RESTART|SA_SIGINFO
SIGILL: [libjvm.so+0xe2a490], sa_mask[0]=11111111011111111101111111111110, sa_flags=SA_RESTART|SA_SIGINFO
SIGUSR2: [libjvm.so+0xb80700], sa_mask[0]=00100000000000000000000000000000, sa_flags=SA_RESTART|SA_SIGINFO
SIGHUP: [libjvm.so+0xb80bc0], sa_mask[0]=11111111011111111101111111111110, sa_flags=SA_RESTART|SA_SIGINFO
SIGINT: [libjvm.so+0xb80bc0], sa_mask[0]=11111111011111111101111111111110, sa_flags=SA_RESTART|SA_SIGINFO
SIGTERM: [libjvm.so+0xb80bc0], sa_mask[0]=11111111011111111101111111111110, sa_flags=SA_RESTART|SA_SIGINFO
SIGQUIT: [libjvm.so+0xb80bc0], sa_mask[0]=11111111011111111101111111111110, sa_flags=SA_RESTART|SA_SIGINFO


---------------  S Y S T E M  ---------------

OS:DISTRIB_ID=LinuxMint
DISTRIB_RELEASE=19.3
DISTRIB_CODENAME=tricia
DISTRIB_DESCRIPTION="Linux Mint 19.3 Tricia"
uname:Linux 5.4.0-104-generic #118~18.04.1-Ubuntu SMP Thu Mar 3 13:53:15 UTC 2022 x86_64
OS uptime: 0 days 4:43 hours
libc:glibc 2.27 NPTL 2.27 
rlimit (soft/hard): STACK 8192k/infinity , CORE 0k/infinity , NPROC 22917/22917 , NOFILE 1048576/1048576 , AS infinity/infinity , CPU infinity/infinity , DATA infinity/infinity , FSIZE infinity/infinity , MEMLOCK 65536k/65536k
load average:3,50 2,65 2,01

/proc/meminfo:
MemTotal:        5943256 kB
MemFree:          120940 kB
MemAvailable:    1100536 kB
Buffers:           92508 kB
Cached:          1105268 kB
SwapCached:        25928 kB
Active:          4214744 kB
Inactive:        1183828 kB
Active(anon):    3765388 kB
Inactive(anon):   488996 kB
Active(file):     449356 kB
Inactive(file):   694832 kB
Unevictable:         552 kB
Mlocked:             544 kB
SwapTotal:       1952764 kB
SwapFree:         857084 kB
Dirty:             57464 kB
Writeback:             0 kB
AnonPages:       4187112 kB
Mapped:           610484 kB
Shmem:             53424 kB
KReclaimable:      94872 kB
Slab:             190256 kB
SReclaimable:      94872 kB
SUnreclaim:        95384 kB
KernelStack:       22032 kB
PageTables:        72804 kB
NFS_Unstable:          0 kB
Bounce:                0 kB
WritebackTmp:          0 kB
CommitLimit:     4924392 kB
Committed_AS:   10912324 kB
VmallocTotal:   34359738367 kB
VmallocUsed:       55752 kB
VmallocChunk:          0 kB
Percpu:             3264 kB
HardwareCorrupted:     0 kB
AnonHugePages:         0 kB
ShmemHugePages:        0 kB
ShmemPmdMapped:        0 kB
FileHugePages:         0 kB
FilePmdMapped:         0 kB
CmaTotal:              0 kB
CmaFree:               0 kB
HugePages_Total:       0
HugePages_Free:        0
HugePages_Rsvd:        0
HugePages_Surp:        0
Hugepagesize:       2048 kB
Hugetlb:               0 kB
DirectMap4k:      446232 kB
DirectMap2M:     5705728 kB

/sys/kernel/mm/transparent_hugepage/enabled:
always [madvise] never
/sys/kernel/mm/transparent_hugepage/defrag (defrag/compaction efforts parameter):
always defer defer+madvise [madvise] never

Process Memory:
Virtual Size: 4511552K (peak: 12936604K)
Resident Set Size: 85784K (peak: 85784K) (anon: 52052K, file: 33732K, shmem: 0K)
Swapped out: 0K
C-Heap outstanding allocations: 14624K

/proc/sys/kernel/threads-max (system-wide limit on the number of threads):
45834
/proc/sys/vm/max_map_count (maximum number of memory map areas a process may have):
65530
/proc/sys/kernel/pid_max (system-wide limit on number of process identifiers):
32768

container (cgroup) information:
container_type: cgroupv1
cpu_cpuset_cpus: 0-3
cpu_memory_nodes: 0
active_processor_count: 4
cpu_quota: -1
cpu_period: 100000
cpu_shares: -1
memory_limit_in_bytes: -1
memory_and_swap_limit_in_bytes: -2
memory_soft_limit_in_bytes: -1
memory_usage_in_bytes: 5523214336
memory_max_usage_in_bytes: 0

Steal ticks since vm start: 0
Steal ticks percentage since vm start:  0,000

CPU:total 4 (initial active 4) (2 cores per cpu, 2 threads per core) family 6 model 58 stepping 9 microcode 0x21, cmov, cx8, fxsr, mmx, sse, sse2, sse3, ssse3, sse4.1, sse4.2, popcnt, avx, aes, clmul, erms, ht, tsc, tscinvbit, tscinv
CPU Model and flags from /proc/cpuinfo:
model name	: Intel(R) Core(TM) i5-3210M CPU @ 2.50GHz
flags		: fpu vme de pse tsc msr pae mce cx8 apic sep mtrr pge mca cmov pat pse36 clflush dts acpi mmx fxsr sse sse2 ss ht tm pbe syscall nx rdtscp lm constant_tsc arch_perfmon pebs bts rep_good nopl xtopology nonstop_tsc cpuid aperfmperf pni pclmulqdq dtes64 monitor ds_cpl vmx est tm2 ssse3 cx16 xtpr pdcm pcid sse4_1 sse4_2 x2apic popcnt tsc_deadline_timer aes xsave avx f16c rdrand lahf_lm cpuid_fault epb pti ssbd ibrs ibpb stibp tpr_shadow vnmi flexpriority ept vpid fsgsbase smep erms xsaveopt dtherm ida arat pln pts md_clear flush_l1d
Online cpus:
0-3
Offline cpus:
4-7
BIOS frequency limitation:
<Not Available>
Frequency switch latency (ns):
0
Available cpu frequencies:
<Not Available>
Current governor:
powersave
Core performance/turbo boost:
<Not Available>

Memory: 4k page, physical 5943256k(120940k free), swap 1952764k(857084k free)

vm_info: OpenJDK 64-Bit Server VM (11.0.14+9-Ubuntu-0ubuntu2.18.04) for linux-amd64 JRE (11.0.14+9-Ubuntu-0ubuntu2.18.04), built on Jan 25 2022 14:03:04 by "unknown" with gcc 8.4.0

END.
