#
# A fatal error has been detected by the Java Runtime Environment:
#
#  SIGSEGV (0xb) at pc=0x00007fd2c78ebc27, pid=24948, tid=24950
#
# JRE version: OpenJDK Runtime Environment (11.0.14+9) (build 11.0.14+9-Ubuntu-0ubuntu2.18.04)
# Java VM: OpenJDK 64-Bit Server VM (11.0.14+9-Ubuntu-0ubuntu2.18.04, mixed mode, sharing, tiered, compressed oops, g1 gc, linux-amd64)
# Problematic frame:
# C  [libtesseract.so.4.0.0+0xa1c27]  tesseract::Tesseract::recog_all_words(PAGE_RES*, ETEXT_DESC*, TBOX const*, char const*, int)+0x437
#
# Core dump will be written. Default location: Core dumps may be processed with "/lib/systemd/systemd-coredump %P %u %g %s %t 9223372036854775808 %e" (or dumping to /home/dmitry/Документы/IdeaProjects/sudoky/core.24948)
#
# If you would like to submit a bug report, please visit:
#   https://bugs.launchpad.net/ubuntu/+source/openjdk-lts
# The crash happened outside the Java Virtual Machine in native code.
# See problematic frame for where to report the bug.
#

---------------  S U M M A R Y ------------

Command Line: -javaagent:/home/dmitry/Programs/apps/IDEA-C/ch-0/213.7172.25/lib/idea_rt.jar=41749:/home/dmitry/Programs/apps/IDEA-C/ch-0/213.7172.25/bin -Dfile.encoding=UTF-8 MainKt

Host: Intel(R) Core(TM) i5-3210M CPU @ 2.50GHz, 4 cores, 5G, Linux Mint 19.3 Tricia
Time: Sat Mar 26 13:58:58 2022 +03 elapsed time: 0.825944 seconds (0d 0h 0m 0s)

---------------  T H R E A D  ---------------

Current thread (0x00007fd330019000):  JavaThread "main" [_thread_in_native, id=24950, stack(0x00007fd3399c3000,0x00007fd339ac4000)]

Stack: [0x00007fd3399c3000,0x00007fd339ac4000],  sp=0x00007fd339ac1620,  free space=1017k
Native frames: (J=compiled Java code, A=aot compiled Java code, j=interpreted, Vv=VM code, C=native code)
C  [libtesseract.so.4.0.0+0xa1c27]  tesseract::Tesseract::recog_all_words(PAGE_RES*, ETEXT_DESC*, TBOX const*, char const*, int)+0x437

Java frames: (J=compiled Java code, j=interpreted, Vv=VM code)
j  com.sun.jna.Native.invokePointer(Lcom/sun/jna/Function;JI[Ljava/lang/Object;)J+0
j  com.sun.jna.Function.invokePointer(I[Ljava/lang/Object;)Lcom/sun/jna/Pointer;+7
j  com.sun.jna.Function.invoke([Ljava/lang/Object;Ljava/lang/Class;ZI)Ljava/lang/Object;+385
j  com.sun.jna.Function.invoke(Ljava/lang/reflect/Method;[Ljava/lang/Class;Ljava/lang/Class;[Ljava/lang/Object;Ljava/util/Map;)Ljava/lang/Object;+271
j  com.sun.jna.Library$Handler.invoke(Ljava/lang/Object;Ljava/lang/reflect/Method;[Ljava/lang/Object;)Ljava/lang/Object;+390
j  com.sun.proxy.$Proxy0.TessBaseAPIGetUTF8Text(Lnet/sourceforge/tess4j/ITessAPI$TessBaseAPI;)Lcom/sun/jna/Pointer;+16
j  net.sourceforge.tess4j.Tesseract.getOCRText(Ljava/lang/String;I)Ljava/lang/String;+269
j  net.sourceforge.tess4j.Tesseract.doOCR(Ljavax/imageio/IIOImage;Ljava/lang/String;Ljava/awt/Rectangle;I)Ljava/lang/String;+18
j  net.sourceforge.tess4j.Tesseract.doOCR(Ljava/io/File;Ljava/awt/Rectangle;)Ljava/lang/String;+126
j  net.sourceforge.tess4j.Tesseract.doOCR(Ljava/io/File;)Ljava/lang/String;+3
j  MainKt.main([Ljava/lang/String;)V+144
v  ~StubRoutines::call_stub

siginfo: si_signo: 11 (SIGSEGV), si_code: 1 (SEGV_MAPERR), si_addr: 0x000000000000000c

Register to memory mapping:

RAX=0x0 is NULL
RBX=0x00007fd330674710 points into unknown readable memory: 0x00007fd2c7d57b88 | 88 7b d5 c7 d2 7f 00 00
RCX=0x0 is NULL
RDX=0x00007fd330696308 points into unknown readable memory: 0x0000000000000000 | 00 00 00 00 00 00 00 00
RSP=0x00007fd339ac1620 is pointing into the stack for thread: 0x00007fd330019000
RBP=0x00007fd339ac1670 is pointing into the stack for thread: 0x00007fd330019000
RSI=0x0 is NULL
RDI=0x00007fd339ac1730 is pointing into the stack for thread: 0x00007fd330019000
R8 =0x0 is NULL
R9 =0x0 is NULL
R10=0x00007fd3300008d0 points into unknown readable memory: 0x0702040100000002 | 02 00 00 00 01 04 02 07
R11=0x0 is NULL
R12=0x00007fd3306d0230 points into unknown readable memory: 0x0000000000000000 | 00 00 00 00 00 00 00 00
R13=0x0 is NULL
R14=0x0 is NULL
R15=0x00007fd3306d0230 points into unknown readable memory: 0x0000000000000000 | 00 00 00 00 00 00 00 00


Registers:
RAX=0x0000000000000000, RBX=0x00007fd330674710, RCX=0x0000000000000000, RDX=0x00007fd330696308
RSP=0x00007fd339ac1620, RBP=0x00007fd339ac1670, RSI=0x0000000000000000, RDI=0x00007fd339ac1730
R8 =0x0000000000000000, R9 =0x0000000000000000, R10=0x00007fd3300008d0, R11=0x0000000000000000
R12=0x00007fd3306d0230, R13=0x0000000000000000, R14=0x0000000000000000, R15=0x00007fd3306d0230
RIP=0x00007fd2c78ebc27, EFLAGS=0x0000000000010246, CSGSFS=0x002b000000000033, ERR=0x0000000000000004
  TRAPNO=0x000000000000000e

Top of Stack: (sp=0x00007fd339ac1620)
0x00007fd339ac1620:   0000000000000000 0000000000000000
0x00007fd339ac1630:   0000000000000000 00007fd330773810
0x00007fd339ac1640:   00007fd3306d91d0 00007fd3306bf690
0x00007fd339ac1650:   0000000000000001 00007fd339ac1680 

Instructions: (pc=0x00007fd2c78ebc27)
0x00007fd2c78ebb27:   89 e6 48 89 df e8 af 87 ff ff 4c 89 e6 48 89 df
0x00007fd2c78ebb37:   e8 b4 8b ff ff 4c 89 e6 48 89 df e8 f9 72 ff ff
0x00007fd2c78ebb47:   4c 89 e6 48 89 df e8 7e 74 ff ff e9 a9 fd ff ff
0x00007fd2c78ebb57:   66 0f 1f 84 00 00 00 00 00 48 8b 40 10 7e 2a 8b
0x00007fd2c78ebb67:   38 85 ff 75 4c 48 83 c0 04 83 ea 01 48 8d 14 90
0x00007fd2c78ebb77:   eb 12 0f 1f 80 00 00 00 00 48 83 c0 04 8b 70 fc
0x00007fd2c78ebb87:   85 f6 75 2d 48 39 c2 75 f0 48 85 c9 74 1b 8b 41
0x00007fd2c78ebb97:   10 8d 50 ff 83 fa 02 76 10 83 e8 05 83 f8 03 77
0x00007fd2c78ebba7:   10 0f 1f 84 00 00 00 00 00 48 89 ef e8 e8 2d 19
0x00007fd2c78ebbb7:   00 31 d2 31 f6 48 89 ef e8 2c f6 18 00 48 8b 44
0x00007fd2c78ebbc7:   24 70 48 85 c0 0f 84 8e fd ff ff 48 8b 94 24 80
0x00007fd2c78ebbd7:   00 00 00 31 c9 48 8b 52 08 48 85 d2 74 04 48 8b
0x00007fd2c78ebbe7:   4a 08 48 8b 80 e8 00 00 00 48 85 c0 74 bb 8b 50
0x00007fd2c78ebbf7:   34 83 fa 00 74 b3 e9 5e ff ff ff 66 0f 1f 44 00
0x00007fd2c78ebc07:   00 31 f6 48 89 ef e8 ce f9 18 00 8b 83 a0 15 00
0x00007fd2c78ebc17:   00 85 c0 0f 8f c0 00 00 00 48 8b 83 40 0a 00 00
0x00007fd2c78ebc27:   80 78 0c 00 0f 85 a7 02 00 00 8b 83 58 47 02 00
0x00007fd2c78ebc37:   85 c0 0f 8e b1 00 00 00 31 d2 45 31 ff eb 2c 66
0x00007fd2c78ebc47:   2e 0f 1f 84 00 00 00 00 00 48 8b 8f 40 0a 00 00
0x00007fd2c78ebc57:   80 79 0c 00 0f 85 ff 01 00 00 41 83 c7 01 48 83
0x00007fd2c78ebc67:   c2 08 44 3b bb 58 47 02 00 7d 7e 48 8b 8b 60 47
0x00007fd2c78ebc77:   02 00 48 8b 3c 11 8b 87 a0 15 00 00 85 c0 7e c9
0x00007fd2c78ebc87:   48 89 54 24 10 e8 8f 46 0f 00 48 8b 54 24 10 eb
0x00007fd2c78ebc97:   c9 0f 1f 84 00 00 00 00 00 80 bb 72 30 02 00 00
0x00007fd2c78ebca7:   0f 85 73 fc ff ff 8b b3 04 1d 02 00 4c 89 e2 4c
0x00007fd2c78ebcb7:   89 ff e8 32 d4 0b 00 31 f6 48 89 ef e8 18 f9 18
0x00007fd2c78ebcc7:   00 48 8b 44 24 70 48 85 c0 0f 85 fc fe ff ff e9
0x00007fd2c78ebcd7:   94 fc ff ff 0f 1f 44 00 00 48 89 df e8 38 46 0f
0x00007fd2c78ebce7:   00 e9 44 ff ff ff 0f 1f 00 4c 8d 7c 24 30 be 04
0x00007fd2c78ebcf7:   00 00 00 48 c7 44 24 30 00 00 00 00 48 c7 44 24
0x00007fd2c78ebd07:   38 00 00 00 00 48 c7 44 24 40 00 00 00 00 4c 89
0x00007fd2c78ebd17:   ff 48 c7 44 24 48 00 00 00 00 e8 3a 19 00 00 48 


Stack slot to memory mapping:
stack at sp + 0 slots: 0x0 is NULL
stack at sp + 1 slots: 0x0 is NULL
stack at sp + 2 slots: 0x0 is NULL
stack at sp + 3 slots: 0x00007fd330773810 points into unknown readable memory: 0x00007fd3306c57e0 | e0 57 6c 30 d3 7f 00 00
stack at sp + 4 slots: 0x00007fd3306d91d0 points into unknown readable memory: 0x00007fd3306c60a0 | a0 60 6c 30 d3 7f 00 00
stack at sp + 5 slots: 0x00007fd3306bf690 points into unknown readable memory: 0x00007fd3306bf690 | 90 f6 6b 30 d3 7f 00 00
stack at sp + 6 slots: 0x0000000000000001 is an unknown value
stack at sp + 7 slots: 0x00007fd339ac1680 is pointing into the stack for thread: 0x00007fd330019000


---------------  P R O C E S S  ---------------

Threads class SMR info:
_java_thread_list=0x00007fd330428360, length=12, elements={
0x00007fd330019000, 0x00007fd33014f800, 0x00007fd330151800, 0x00007fd330158000,
0x00007fd33015a000, 0x00007fd33015c800, 0x00007fd33015e800, 0x00007fd330160800,
0x00007fd330186800, 0x00007fd3302fe000, 0x00007fd3303e9000, 0x00007fd330427000
}

Java Threads: ( => current thread )
=>0x00007fd330019000 JavaThread "main" [_thread_in_native, id=24950, stack(0x00007fd3399c3000,0x00007fd339ac4000)]
  0x00007fd33014f800 JavaThread "Reference Handler" daemon [_thread_blocked, id=24957, stack(0x00007fd334063000,0x00007fd334164000)]
  0x00007fd330151800 JavaThread "Finalizer" daemon [_thread_blocked, id=24958, stack(0x00007fd31119f000,0x00007fd3112a0000)]
  0x00007fd330158000 JavaThread "Signal Dispatcher" daemon [_thread_blocked, id=24959, stack(0x00007fd310c8d000,0x00007fd310d8e000)]
  0x00007fd33015a000 JavaThread "Service Thread" daemon [_thread_blocked, id=24960, stack(0x00007fd310b8c000,0x00007fd310c8d000)]
  0x00007fd33015c800 JavaThread "C2 CompilerThread0" daemon [_thread_in_native, id=24961, stack(0x00007fd310a8b000,0x00007fd310b8c000)]
  0x00007fd33015e800 JavaThread "C1 CompilerThread0" daemon [_thread_blocked, id=24962, stack(0x00007fd31098a000,0x00007fd310a8b000)]
  0x00007fd330160800 JavaThread "Sweeper thread" daemon [_thread_blocked, id=24963, stack(0x00007fd310889000,0x00007fd31098a000)]
  0x00007fd330186800 JavaThread "Common-Cleaner" daemon [_thread_blocked, id=24964, stack(0x00007fd310788000,0x00007fd310889000)]
  0x00007fd3302fe000 JavaThread "Monitor Ctrl-Break" daemon [_thread_in_native, id=24965, stack(0x00007fd310260000,0x00007fd310361000)]
  0x00007fd3303e9000 JavaThread "Java2D Disposer" daemon [_thread_blocked, id=24967, stack(0x00007fd31005d000,0x00007fd31015e000)]
  0x00007fd330427000 JavaThread "process reaper" daemon [_thread_blocked, id=24969, stack(0x00007fd334041000,0x00007fd334063000)]

Other Threads:
  0x00007fd33014c800 VMThread "VM Thread" [stack: 0x00007fd334166000,0x00007fd334266000] [id=24956]
  0x00007fd330300800 WatcherThread [stack: 0x00007fd310160000,0x00007fd310260000] [id=24966]
  0x00007fd330030800 GCTaskThread "GC Thread#0" [stack: 0x00007fd33577b000,0x00007fd33587b000] [id=24951]
  0x00007fd330056800 ConcurrentGCThread "G1 Main Marker" [stack: 0x00007fd3349f3000,0x00007fd334af3000] [id=24952]
  0x00007fd330058000 ConcurrentGCThread "G1 Conc#0" [stack: 0x00007fd3348f1000,0x00007fd3349f1000] [id=24953]
  0x00007fd3300b4800 ConcurrentGCThread "G1 Refine#0" [stack: 0x00007fd3343eb000,0x00007fd3344eb000] [id=24954]
  0x00007fd3300b6800 ConcurrentGCThread "G1 Young RemSet Sampling" [stack: 0x00007fd3342e9000,0x00007fd3343e9000] [id=24955]

Threads with active compile tasks:
C2 CompilerThread0    829  885 %     4       sun.awt.image.ByteInterleavedRaster::getByteData @ 646 (851 bytes)

VM state:not at safepoint (normal execution)

VM Mutex/Monitor currently owned by a thread: None

Heap address: 0x00000000a5400000, size: 1452 MB, Compressed Oops mode: 32-bit
Narrow klass base: 0x0000000800000000, Narrow klass shift: 3
Compressed class space size: 1073741824 Address: 0x0000000840000000

Heap:
 garbage-first heap   total 96256K, used 14024K [0x00000000a5400000, 0x0000000100000000)
  region size 1024K, 14 young (14336K), 0 survivors (0K)
 Metaspace       used 5052K, capacity 5976K, committed 6272K, reserved 1056768K
  class space    used 493K, capacity 639K, committed 640K, reserved 1048576K
Heap Regions: E=young(eden), S=young(survivor), O=old, HS=humongous(starts), HC=humongous(continues), CS=collection set, F=free, A=archive, TAMS=top-at-mark-start (previous, next)
|   0|0x00000000a5400000, 0x00000000a5400000, 0x00000000a5500000|  0%| F|  |TAMS 0x00000000a5400000, 0x00000000a5400000| Untracked 
|   1|0x00000000a5500000, 0x00000000a5500000, 0x00000000a5600000|  0%| F|  |TAMS 0x00000000a5500000, 0x00000000a5500000| Untracked 
|   2|0x00000000a5600000, 0x00000000a5600000, 0x00000000a5700000|  0%| F|  |TAMS 0x00000000a5600000, 0x00000000a5600000| Untracked 
|   3|0x00000000a5700000, 0x00000000a5700000, 0x00000000a5800000|  0%| F|  |TAMS 0x00000000a5700000, 0x00000000a5700000| Untracked 
|   4|0x00000000a5800000, 0x00000000a5800000, 0x00000000a5900000|  0%| F|  |TAMS 0x00000000a5800000, 0x00000000a5800000| Untracked 
|   5|0x00000000a5900000, 0x00000000a5900000, 0x00000000a5a00000|  0%| F|  |TAMS 0x00000000a5900000, 0x00000000a5900000| Untracked 
|   6|0x00000000a5a00000, 0x00000000a5a00000, 0x00000000a5b00000|  0%| F|  |TAMS 0x00000000a5a00000, 0x00000000a5a00000| Untracked 
|   7|0x00000000a5b00000, 0x00000000a5b00000, 0x00000000a5c00000|  0%| F|  |TAMS 0x00000000a5b00000, 0x00000000a5b00000| Untracked 
|   8|0x00000000a5c00000, 0x00000000a5c00000, 0x00000000a5d00000|  0%| F|  |TAMS 0x00000000a5c00000, 0x00000000a5c00000| Untracked 
|   9|0x00000000a5d00000, 0x00000000a5d00000, 0x00000000a5e00000|  0%| F|  |TAMS 0x00000000a5d00000, 0x00000000a5d00000| Untracked 
|  10|0x00000000a5e00000, 0x00000000a5e00000, 0x00000000a5f00000|  0%| F|  |TAMS 0x00000000a5e00000, 0x00000000a5e00000| Untracked 
|  11|0x00000000a5f00000, 0x00000000a5f00000, 0x00000000a6000000|  0%| F|  |TAMS 0x00000000a5f00000, 0x00000000a5f00000| Untracked 
|  12|0x00000000a6000000, 0x00000000a6000000, 0x00000000a6100000|  0%| F|  |TAMS 0x00000000a6000000, 0x00000000a6000000| Untracked 
|  13|0x00000000a6100000, 0x00000000a6100000, 0x00000000a6200000|  0%| F|  |TAMS 0x00000000a6100000, 0x00000000a6100000| Untracked 
|  14|0x00000000a6200000, 0x00000000a6200000, 0x00000000a6300000|  0%| F|  |TAMS 0x00000000a6200000, 0x00000000a6200000| Untracked 
|  15|0x00000000a6300000, 0x00000000a6300000, 0x00000000a6400000|  0%| F|  |TAMS 0x00000000a6300000, 0x00000000a6300000| Untracked 
|  16|0x00000000a6400000, 0x00000000a6400000, 0x00000000a6500000|  0%| F|  |TAMS 0x00000000a6400000, 0x00000000a6400000| Untracked 
|  17|0x00000000a6500000, 0x00000000a6500000, 0x00000000a6600000|  0%| F|  |TAMS 0x00000000a6500000, 0x00000000a6500000| Untracked 
|  18|0x00000000a6600000, 0x00000000a6600000, 0x00000000a6700000|  0%| F|  |TAMS 0x00000000a6600000, 0x00000000a6600000| Untracked 
|  19|0x00000000a6700000, 0x00000000a6700000, 0x00000000a6800000|  0%| F|  |TAMS 0x00000000a6700000, 0x00000000a6700000| Untracked 
|  20|0x00000000a6800000, 0x00000000a6800000, 0x00000000a6900000|  0%| F|  |TAMS 0x00000000a6800000, 0x00000000a6800000| Untracked 
|  21|0x00000000a6900000, 0x00000000a6900000, 0x00000000a6a00000|  0%| F|  |TAMS 0x00000000a6900000, 0x00000000a6900000| Untracked 
|  22|0x00000000a6a00000, 0x00000000a6a00000, 0x00000000a6b00000|  0%| F|  |TAMS 0x00000000a6a00000, 0x00000000a6a00000| Untracked 
|  23|0x00000000a6b00000, 0x00000000a6b00000, 0x00000000a6c00000|  0%| F|  |TAMS 0x00000000a6b00000, 0x00000000a6b00000| Untracked 
|  24|0x00000000a6c00000, 0x00000000a6c00000, 0x00000000a6d00000|  0%| F|  |TAMS 0x00000000a6c00000, 0x00000000a6c00000| Untracked 
|  25|0x00000000a6d00000, 0x00000000a6d00000, 0x00000000a6e00000|  0%| F|  |TAMS 0x00000000a6d00000, 0x00000000a6d00000| Untracked 
|  26|0x00000000a6e00000, 0x00000000a6e00000, 0x00000000a6f00000|  0%| F|  |TAMS 0x00000000a6e00000, 0x00000000a6e00000| Untracked 
|  27|0x00000000a6f00000, 0x00000000a6f00000, 0x00000000a7000000|  0%| F|  |TAMS 0x00000000a6f00000, 0x00000000a6f00000| Untracked 
|  28|0x00000000a7000000, 0x00000000a7000000, 0x00000000a7100000|  0%| F|  |TAMS 0x00000000a7000000, 0x00000000a7000000| Untracked 
|  29|0x00000000a7100000, 0x00000000a7100000, 0x00000000a7200000|  0%| F|  |TAMS 0x00000000a7100000, 0x00000000a7100000| Untracked 
|  30|0x00000000a7200000, 0x00000000a7200000, 0x00000000a7300000|  0%| F|  |TAMS 0x00000000a7200000, 0x00000000a7200000| Untracked 
|  31|0x00000000a7300000, 0x00000000a7300000, 0x00000000a7400000|  0%| F|  |TAMS 0x00000000a7300000, 0x00000000a7300000| Untracked 
|  32|0x00000000a7400000, 0x00000000a7400000, 0x00000000a7500000|  0%| F|  |TAMS 0x00000000a7400000, 0x00000000a7400000| Untracked 
|  33|0x00000000a7500000, 0x00000000a7500000, 0x00000000a7600000|  0%| F|  |TAMS 0x00000000a7500000, 0x00000000a7500000| Untracked 
|  34|0x00000000a7600000, 0x00000000a7600000, 0x00000000a7700000|  0%| F|  |TAMS 0x00000000a7600000, 0x00000000a7600000| Untracked 
|  35|0x00000000a7700000, 0x00000000a7700000, 0x00000000a7800000|  0%| F|  |TAMS 0x00000000a7700000, 0x00000000a7700000| Untracked 
|  36|0x00000000a7800000, 0x00000000a7800000, 0x00000000a7900000|  0%| F|  |TAMS 0x00000000a7800000, 0x00000000a7800000| Untracked 
|  37|0x00000000a7900000, 0x00000000a7900000, 0x00000000a7a00000|  0%| F|  |TAMS 0x00000000a7900000, 0x00000000a7900000| Untracked 
|  38|0x00000000a7a00000, 0x00000000a7a00000, 0x00000000a7b00000|  0%| F|  |TAMS 0x00000000a7a00000, 0x00000000a7a00000| Untracked 
|  39|0x00000000a7b00000, 0x00000000a7b00000, 0x00000000a7c00000|  0%| F|  |TAMS 0x00000000a7b00000, 0x00000000a7b00000| Untracked 
|  40|0x00000000a7c00000, 0x00000000a7c00000, 0x00000000a7d00000|  0%| F|  |TAMS 0x00000000a7c00000, 0x00000000a7c00000| Untracked 
|  41|0x00000000a7d00000, 0x00000000a7d00000, 0x00000000a7e00000|  0%| F|  |TAMS 0x00000000a7d00000, 0x00000000a7d00000| Untracked 
|  42|0x00000000a7e00000, 0x00000000a7e00000, 0x00000000a7f00000|  0%| F|  |TAMS 0x00000000a7e00000, 0x00000000a7e00000| Untracked 
|  43|0x00000000a7f00000, 0x00000000a7f00000, 0x00000000a8000000|  0%| F|  |TAMS 0x00000000a7f00000, 0x00000000a7f00000| Untracked 
|  44|0x00000000a8000000, 0x00000000a8000000, 0x00000000a8100000|  0%| F|  |TAMS 0x00000000a8000000, 0x00000000a8000000| Untracked 
|  45|0x00000000a8100000, 0x00000000a8100000, 0x00000000a8200000|  0%| F|  |TAMS 0x00000000a8100000, 0x00000000a8100000| Untracked 
|  46|0x00000000a8200000, 0x00000000a8200000, 0x00000000a8300000|  0%| F|  |TAMS 0x00000000a8200000, 0x00000000a8200000| Untracked 
|  47|0x00000000a8300000, 0x00000000a8300000, 0x00000000a8400000|  0%| F|  |TAMS 0x00000000a8300000, 0x00000000a8300000| Untracked 
|  48|0x00000000a8400000, 0x00000000a8400000, 0x00000000a8500000|  0%| F|  |TAMS 0x00000000a8400000, 0x00000000a8400000| Untracked 
|  49|0x00000000a8500000, 0x00000000a8500000, 0x00000000a8600000|  0%| F|  |TAMS 0x00000000a8500000, 0x00000000a8500000| Untracked 
|  50|0x00000000a8600000, 0x00000000a8600000, 0x00000000a8700000|  0%| F|  |TAMS 0x00000000a8600000, 0x00000000a8600000| Untracked 
|  51|0x00000000a8700000, 0x00000000a8700000, 0x00000000a8800000|  0%| F|  |TAMS 0x00000000a8700000, 0x00000000a8700000| Untracked 
|  52|0x00000000a8800000, 0x00000000a8800000, 0x00000000a8900000|  0%| F|  |TAMS 0x00000000a8800000, 0x00000000a8800000| Untracked 
|  53|0x00000000a8900000, 0x00000000a8900000, 0x00000000a8a00000|  0%| F|  |TAMS 0x00000000a8900000, 0x00000000a8900000| Untracked 
|  54|0x00000000a8a00000, 0x00000000a8a00000, 0x00000000a8b00000|  0%| F|  |TAMS 0x00000000a8a00000, 0x00000000a8a00000| Untracked 
|  55|0x00000000a8b00000, 0x00000000a8b00000, 0x00000000a8c00000|  0%| F|  |TAMS 0x00000000a8b00000, 0x00000000a8b00000| Untracked 
|  56|0x00000000a8c00000, 0x00000000a8c00000, 0x00000000a8d00000|  0%| F|  |TAMS 0x00000000a8c00000, 0x00000000a8c00000| Untracked 
|  57|0x00000000a8d00000, 0x00000000a8d00000, 0x00000000a8e00000|  0%| F|  |TAMS 0x00000000a8d00000, 0x00000000a8d00000| Untracked 
|  58|0x00000000a8e00000, 0x00000000a8e00000, 0x00000000a8f00000|  0%| F|  |TAMS 0x00000000a8e00000, 0x00000000a8e00000| Untracked 
|  59|0x00000000a8f00000, 0x00000000a8f00000, 0x00000000a9000000|  0%| F|  |TAMS 0x00000000a8f00000, 0x00000000a8f00000| Untracked 
|  60|0x00000000a9000000, 0x00000000a9000000, 0x00000000a9100000|  0%| F|  |TAMS 0x00000000a9000000, 0x00000000a9000000| Untracked 
|  61|0x00000000a9100000, 0x00000000a9100000, 0x00000000a9200000|  0%| F|  |TAMS 0x00000000a9100000, 0x00000000a9100000| Untracked 
|  62|0x00000000a9200000, 0x00000000a9200000, 0x00000000a9300000|  0%| F|  |TAMS 0x00000000a9200000, 0x00000000a9200000| Untracked 
|  63|0x00000000a9300000, 0x00000000a9300000, 0x00000000a9400000|  0%| F|  |TAMS 0x00000000a9300000, 0x00000000a9300000| Untracked 
|  64|0x00000000a9400000, 0x00000000a9400000, 0x00000000a9500000|  0%| F|  |TAMS 0x00000000a9400000, 0x00000000a9400000| Untracked 
|  65|0x00000000a9500000, 0x00000000a9500000, 0x00000000a9600000|  0%| F|  |TAMS 0x00000000a9500000, 0x00000000a9500000| Untracked 
|  66|0x00000000a9600000, 0x00000000a9600000, 0x00000000a9700000|  0%| F|  |TAMS 0x00000000a9600000, 0x00000000a9600000| Untracked 
|  67|0x00000000a9700000, 0x00000000a9700000, 0x00000000a9800000|  0%| F|  |TAMS 0x00000000a9700000, 0x00000000a9700000| Untracked 
|  68|0x00000000a9800000, 0x00000000a9800000, 0x00000000a9900000|  0%| F|  |TAMS 0x00000000a9800000, 0x00000000a9800000| Untracked 
|  69|0x00000000a9900000, 0x00000000a9900000, 0x00000000a9a00000|  0%| F|  |TAMS 0x00000000a9900000, 0x00000000a9900000| Untracked 
|  70|0x00000000a9a00000, 0x00000000a9a00000, 0x00000000a9b00000|  0%| F|  |TAMS 0x00000000a9a00000, 0x00000000a9a00000| Untracked 
|  71|0x00000000a9b00000, 0x00000000a9b00000, 0x00000000a9c00000|  0%| F|  |TAMS 0x00000000a9b00000, 0x00000000a9b00000| Untracked 
|  72|0x00000000a9c00000, 0x00000000a9c00000, 0x00000000a9d00000|  0%| F|  |TAMS 0x00000000a9c00000, 0x00000000a9c00000| Untracked 
|  73|0x00000000a9d00000, 0x00000000a9d00000, 0x00000000a9e00000|  0%| F|  |TAMS 0x00000000a9d00000, 0x00000000a9d00000| Untracked 
|  74|0x00000000a9e00000, 0x00000000a9e00000, 0x00000000a9f00000|  0%| F|  |TAMS 0x00000000a9e00000, 0x00000000a9e00000| Untracked 
|  75|0x00000000a9f00000, 0x00000000a9f00000, 0x00000000aa000000|  0%| F|  |TAMS 0x00000000a9f00000, 0x00000000a9f00000| Untracked 
|  76|0x00000000aa000000, 0x00000000aa000000, 0x00000000aa100000|  0%| F|  |TAMS 0x00000000aa000000, 0x00000000aa000000| Untracked 
|  77|0x00000000aa100000, 0x00000000aa100000, 0x00000000aa200000|  0%| F|  |TAMS 0x00000000aa100000, 0x00000000aa100000| Untracked 
|  78|0x00000000aa200000, 0x00000000aa2dd8c8, 0x00000000aa300000| 86%| E|  |TAMS 0x00000000aa200000, 0x00000000aa200000| Complete 
|  79|0x00000000aa300000, 0x00000000aa400000, 0x00000000aa400000|100%| E|CS|TAMS 0x00000000aa300000, 0x00000000aa300000| Complete 
|  80|0x00000000aa400000, 0x00000000aa500000, 0x00000000aa500000|100%| E|CS|TAMS 0x00000000aa400000, 0x00000000aa400000| Complete 
|  81|0x00000000aa500000, 0x00000000aa600000, 0x00000000aa600000|100%| E|CS|TAMS 0x00000000aa500000, 0x00000000aa500000| Complete 
|  82|0x00000000aa600000, 0x00000000aa700000, 0x00000000aa700000|100%| E|CS|TAMS 0x00000000aa600000, 0x00000000aa600000| Complete 
|  83|0x00000000aa700000, 0x00000000aa800000, 0x00000000aa800000|100%| E|CS|TAMS 0x00000000aa700000, 0x00000000aa700000| Complete 
|  84|0x00000000aa800000, 0x00000000aa900000, 0x00000000aa900000|100%| E|CS|TAMS 0x00000000aa800000, 0x00000000aa800000| Complete 
|  85|0x00000000aa900000, 0x00000000aaa00000, 0x00000000aaa00000|100%| E|CS|TAMS 0x00000000aa900000, 0x00000000aa900000| Complete 
|  86|0x00000000aaa00000, 0x00000000aab00000, 0x00000000aab00000|100%| E|CS|TAMS 0x00000000aaa00000, 0x00000000aaa00000| Complete 
|  87|0x00000000aab00000, 0x00000000aac00000, 0x00000000aac00000|100%| E|CS|TAMS 0x00000000aab00000, 0x00000000aab00000| Complete 
|  88|0x00000000aac00000, 0x00000000aad00000, 0x00000000aad00000|100%| E|CS|TAMS 0x00000000aac00000, 0x00000000aac00000| Complete 
|  89|0x00000000aad00000, 0x00000000aae00000, 0x00000000aae00000|100%| E|CS|TAMS 0x00000000aad00000, 0x00000000aad00000| Complete 
|  90|0x00000000aae00000, 0x00000000aaf00000, 0x00000000aaf00000|100%| E|CS|TAMS 0x00000000aae00000, 0x00000000aae00000| Complete 
|  91|0x00000000aaf00000, 0x00000000ab000000, 0x00000000ab000000|100%| E|CS|TAMS 0x00000000aaf00000, 0x00000000aaf00000| Complete 
|1450|0x00000000ffe00000, 0x00000000ffe47000, 0x00000000fff00000| 27%|OA|  |TAMS 0x00000000ffe00000, 0x00000000ffe00000| Untracked 
|1451|0x00000000fff00000, 0x00000000fff6b000, 0x0000000100000000| 41%|CA|  |TAMS 0x00000000fff00000, 0x00000000fff00000| Untracked 

Card table byte_map: [0x00007fd334dc9000,0x00007fd33509f000] _byte_map_base: 0x00007fd33489f000

Marking Bits (Prev, Next): (CMBitMap*) 0x00007fd33004fc78, (CMBitMap*) 0x00007fd33004fcb0
 Prev Bits: [0x00007fd312950000, 0x00007fd314000000)
 Next Bits: [0x00007fd3112a0000, 0x00007fd312950000)

Polling page: 0x00007fd339ae2000

Metaspace:

Usage:
  Non-class:      5,21 MB capacity,     4,45 MB ( 85%) used,   763,63 KB ( 14%) free+waste,    13,88 KB ( <1%) overhead. 
      Class:    639,00 KB capacity,   493,03 KB ( 77%) used,   137,97 KB ( 22%) free+waste,     8,00 KB (  1%) overhead. 
       Both:      5,84 MB capacity,     4,93 MB ( 85%) used,   901,60 KB ( 15%) free+waste,    21,88 KB ( <1%) overhead. 

Virtual space:
  Non-class space:        8,00 MB reserved,       5,50 MB ( 69%) committed 
      Class space:        1,00 GB reserved,     640,00 KB ( <1%) committed 
             Both:        1,01 GB reserved,       6,12 MB ( <1%) committed 

Chunk freelists:
   Non-Class:  51,00 KB
       Class:  1,00 KB
        Both:  52,00 KB

MaxMetaspaceSize: unlimited
CompressedClassSpaceSize: 1,00 GB
Initial GC threshold: 20,80 MB
Current GC threshold: 20,80 MB
CDS: on

CodeHeap 'non-profiled nmethods': size=120032Kb used=286Kb max_used=286Kb free=119745Kb
 bounds [0x00007fd320305000, 0x00007fd320575000, 0x00007fd32783d000]
CodeHeap 'profiled nmethods': size=120032Kb used=1468Kb max_used=1468Kb free=118563Kb
 bounds [0x00007fd318dcd000, 0x00007fd31903d000, 0x00007fd320305000]
CodeHeap 'non-nmethods': size=5696Kb used=1162Kb max_used=1176Kb free=4533Kb
 bounds [0x00007fd31883d000, 0x00007fd318aad000, 0x00007fd318dcd000]
 total_blobs=1306 nmethods=880 adapters=340
 compilation: enabled
              stopped_count=0, restarted_count=0
 full_count=0

Compilation events (20 events):
Event: 0,800 Thread 0x00007fd33015e800  877       3       com.sun.imageio.plugins.png.PNGImageReader::decodePaethFilter (143 bytes)
Event: 0,801 Thread 0x00007fd33015e800 nmethod 877 0x00007fd318f36f90 code [0x00007fd318f37180, 0x00007fd318f37580]
Event: 0,801 Thread 0x00007fd33015e800  878  s    3       java.io.BufferedInputStream::read (113 bytes)
Event: 0,801 Thread 0x00007fd33015c800 nmethod 844 0x00007fd32034ac10 code [0x00007fd32034adc0, 0x00007fd32034b1f8]
Event: 0,801 Thread 0x00007fd33015c800  874 %     4       com.sun.imageio.plugins.png.PNGImageReader::decodeUpFilter @ 3 (53 bytes)
Event: 0,802 Thread 0x00007fd33015e800 nmethod 878 0x00007fd318f37890 code [0x00007fd318f37ac0, 0x00007fd318f38490]
Event: 0,802 Thread 0x00007fd33015e800  879   !   3       java.util.zip.Inflater::finished (19 bytes)
Event: 0,802 Thread 0x00007fd33015e800 nmethod 879 0x00007fd318f38710 code [0x00007fd318f388c0, 0x00007fd318f38bb0]
Event: 0,802 Thread 0x00007fd33015e800  880       3       java.awt.image.BufferedImage::getSampleModel (8 bytes)
Event: 0,802 Thread 0x00007fd33015e800 nmethod 880 0x00007fd318f38c90 code [0x00007fd318f38e40, 0x00007fd318f39010]
Event: 0,803 Thread 0x00007fd33015e800  881       3       sun.awt.image.ByteInterleavedRaster::getByteData (851 bytes)
Event: 0,806 Thread 0x00007fd33015e800 nmethod 881 0x00007fd318f39110 code [0x00007fd318f39420, 0x00007fd318f3ada0]
Event: 0,806 Thread 0x00007fd33015e800  883       3       sun.awt.image.ByteInterleavedRaster::getDataElements (15 bytes)
Event: 0,806 Thread 0x00007fd33015e800 nmethod 883 0x00007fd318f3b910 code [0x00007fd318f3bae0, 0x00007fd318f3bd20]
Event: 0,806 Thread 0x00007fd33015e800  884       3       sun.awt.image.ByteInterleavedRaster::setDataElements (15 bytes)
Event: 0,806 Thread 0x00007fd33015e800 nmethod 884 0x00007fd318f3be10 code [0x00007fd318f3bfe0, 0x00007fd318f3c240]
Event: 0,811 Thread 0x00007fd33015c800 nmethod 874% 0x00007fd32034b410 code [0x00007fd32034b5c0, 0x00007fd32034b9d8]
Event: 0,811 Thread 0x00007fd33015c800  882 %     4       sun.awt.image.ByteInterleavedRaster::putByteData @ 627 (834 bytes)
Event: 0,823 Thread 0x00007fd33015c800 nmethod 882% 0x00007fd32034bb10 code [0x00007fd32034bcc0, 0x00007fd32034c5f8]
Event: 0,823 Thread 0x00007fd33015c800  885 %     4       sun.awt.image.ByteInterleavedRaster::getByteData @ 646 (851 bytes)

GC Heap History (0 events):
No events

Deoptimization events (20 events):
Event: 0,398 Thread 0x00007fd330019000 Uncommon trap: trap_request=0xffffffc6 fr.pc=0x00007fd32030e824 relative=0x0000000000000084
Event: 0,398 Thread 0x00007fd330019000 Uncommon trap: reason=bimorphic_or_optimized_type_check action=maybe_recompile pc=0x00007fd32030e824 method=java.util.AbstractCollection.isEmpty()Z @ 1 c2
Event: 0,398 Thread 0x00007fd330019000 DEOPT PACKING pc=0x00007fd32030e824 sp=0x00007fd339abc310
Event: 0,398 Thread 0x00007fd330019000 DEOPT UNPACKING pc=0x00007fd318886ea5 sp=0x00007fd339abc2c0 mode 2
Event: 0,522 Thread 0x00007fd330019000 DEOPT PACKING pc=0x00007fd318e235a4 sp=0x00007fd339ac0960
Event: 0,522 Thread 0x00007fd330019000 DEOPT UNPACKING pc=0x00007fd31888764a sp=0x00007fd339abfdd8 mode 0
Event: 0,543 Thread 0x00007fd330019000 DEOPT PACKING pc=0x00007fd318e1d742 sp=0x00007fd339abe260
Event: 0,543 Thread 0x00007fd330019000 DEOPT UNPACKING pc=0x00007fd31888764a sp=0x00007fd339abd6e8 mode 0
Event: 0,656 Thread 0x00007fd330019000 DEOPT PACKING pc=0x00007fd318e1c988 sp=0x00007fd339ac0930
Event: 0,656 Thread 0x00007fd330019000 DEOPT UNPACKING pc=0x00007fd31888764a sp=0x00007fd339abfda0 mode 0
Event: 0,677 Thread 0x00007fd330019000 DEOPT PACKING pc=0x00007fd318e1c988 sp=0x00007fd339ac1600
Event: 0,677 Thread 0x00007fd330019000 DEOPT UNPACKING pc=0x00007fd31888764a sp=0x00007fd339ac0a70 mode 0
Event: 0,679 Thread 0x00007fd330019000 DEOPT PACKING pc=0x00007fd318e1c988 sp=0x00007fd339ac1600
Event: 0,679 Thread 0x00007fd330019000 DEOPT UNPACKING pc=0x00007fd31888764a sp=0x00007fd339ac0a70 mode 0
Event: 0,682 Thread 0x00007fd330019000 DEOPT PACKING pc=0x00007fd318e1c988 sp=0x00007fd339ac1600
Event: 0,682 Thread 0x00007fd330019000 DEOPT UNPACKING pc=0x00007fd31888764a sp=0x00007fd339ac0a70 mode 0
Event: 0,683 Thread 0x00007fd330019000 DEOPT PACKING pc=0x00007fd318e1c988 sp=0x00007fd339ac1600
Event: 0,683 Thread 0x00007fd330019000 DEOPT UNPACKING pc=0x00007fd31888764a sp=0x00007fd339ac0a70 mode 0
Event: 0,684 Thread 0x00007fd330019000 DEOPT PACKING pc=0x00007fd318e1c988 sp=0x00007fd339ac1600
Event: 0,684 Thread 0x00007fd330019000 DEOPT UNPACKING pc=0x00007fd31888764a sp=0x00007fd339ac0a70 mode 0

Classes redefined (0 events):
No events

Internal exceptions (17 events):
Event: 0,350 Thread 0x00007fd330019000 Exception <a 'java/security/PrivilegedActionException'{0x00000000aac94340}> (0x00000000aac94340) thrown at [src/hotspot/share/prims/jvm.cpp, line 1306]
Event: 0,350 Thread 0x00007fd330019000 Exception <a 'java/security/PrivilegedActionException'{0x00000000aac94610}> (0x00000000aac94610) thrown at [src/hotspot/share/prims/jvm.cpp, line 1306]
Event: 0,350 Thread 0x00007fd330019000 Exception <a 'java/lang/NoClassDefFoundError'{0x00000000aac99f50}: org/slf4j/impl/StaticLoggerBinder> (0x00000000aac99f50) thrown at [src/hotspot/share/classfile/systemDictionary.cpp, line 219]
Event: 0,375 Thread 0x00007fd330019000 Exception <a 'java/lang/ClassNotFoundException'{0x00000000aace3180}: sun/awt/resources/spi/awtProvider> (0x00000000aace3180) thrown at [src/hotspot/share/classfile/systemDictionary.cpp, line 230]
Event: 0,437 Thread 0x00007fd330019000 Exception <a 'java/io/FileNotFoundException'{0x00000000aab77a78}> (0x00000000aab77a78) thrown at [src/hotspot/share/prims/jni.cpp, line 616]
Event: 0,459 Thread 0x00007fd330019000 Exception <a 'java/lang/NoSuchMethodError'{0x00000000aabd29b8}: 'java.lang.Object java.lang.invoke.DirectMethodHandle$Holder.invokeStatic(java.lang.Object, java.lang.Object, java.lang.Object, java.lang.Object, java.lang.Object, java.lang.Object, java.lang.Object, java.lang.Object, java.lang.Object, java.lang.Object, java.lang.Object, java.lang.Object, java.lang.Object, java.lang.Object, java.lang.Object)'> (0x00000000aabd29b8) thrown at [src/hotspot/share/interpreter/linkResolver.cpp, line 773]
Event: 0,463 Thread 0x00007fd330019000 Exception <a 'java/lang/NoSuchMethodError'{0x00000000aabe08b0}: 'java.lang.Object java.lang.invoke.DirectMethodHandle$Holder.invokeStatic(java.lang.Object, java.lang.Object, java.lang.Object, java.lang.Object, java.lang.Object, java.lang.Object, java.lang.Object, java.lang.Object, java.lang.Object, java.lang.Object, java.lang.Object, java.lang.Object, java.lang.Object, java.lang.Object, java.lang.Object, java.lang.Object)'> (0x00000000aabe08b0) thrown at [src/hotspot/share/interpreter/linkResolver.cpp, lin
Event: 0,466 Thread 0x00007fd330019000 Exception <a 'java/lang/NoSuchMethodError'{0x00000000aabee520}: 'java.lang.Object java.lang.invoke.DirectMethodHandle$Holder.invokeSpecial(java.lang.Object, java.lang.Object, int, int, java.lang.Object, java.lang.Object, java.lang.Object)'> (0x00000000aabee520) thrown at [src/hotspot/share/interpreter/linkResolver.cpp, line 773]
Event: 0,466 Thread 0x00007fd330019000 Exception <a 'java/lang/NoSuchMethodError'{0x00000000aabf1ab0}: 'java.lang.Object java.lang.invoke.DelegatingMethodHandle$Holder.reinvoke_L(java.lang.Object, int, int, java.lang.Object, java.lang.Object, java.lang.Object)'> (0x00000000aabf1ab0) thrown at [src/hotspot/share/interpreter/linkResolver.cpp, line 773]
Event: 0,467 Thread 0x00007fd330019000 Exception <a 'java/lang/NoSuchMethodError'{0x00000000aabf5e38}: 'java.lang.Object java.lang.invoke.DirectMethodHandle$Holder.invokeStatic(java.lang.Object, java.lang.Object, java.lang.Object, java.lang.Object, int)'> (0x00000000aabf5e38) thrown at [src/hotspot/share/interpreter/linkResolver.cpp, line 773]
Event: 0,666 Thread 0x00007fd330019000 Exception <a 'java/lang/NoSuchMethodError'{0x00000000aa614578}: 'java.lang.Object java.lang.invoke.DirectMethodHandle$Holder.invokeStaticInit(java.lang.Object, java.lang.Object, long, java.lang.Object)'> (0x00000000aa614578) thrown at [src/hotspot/share/interpreter/linkResolver.cpp, line 773]
Event: 0,667 Thread 0x00007fd330019000 Exception <a 'java/lang/NoSuchMethodError'{0x00000000aa6206d8}: 'java.lang.Object java.lang.invoke.Invokers$Holder.linkToTargetMethod(java.lang.Object, long, java.lang.Object)'> (0x00000000aa6206d8) thrown at [src/hotspot/share/interpreter/linkResolver.cpp, line 773]
Event: 0,670 Thread 0x00007fd330019000 Exception <a 'java/lang/NoSuchMethodError'{0x00000000aa6274c8}: 'java.lang.Object java.lang.invoke.DirectMethodHandle$Holder.invokeStatic(java.lang.Object, java.lang.Object, java.lang.Object, int)'> (0x00000000aa6274c8) thrown at [src/hotspot/share/interpreter/linkResolver.cpp, line 773]
Event: 0,671 Thread 0x00007fd330019000 Exception <a 'java/lang/NoSuchMethodError'{0x00000000aa62ade0}: 'java.lang.Object java.lang.invoke.DirectMethodHandle$Holder.invokeSpecial(java.lang.Object, java.lang.Object, java.lang.Object, java.lang.Object, int)'> (0x00000000aa62ade0) thrown at [src/hotspot/share/interpreter/linkResolver.cpp, line 773]
Event: 0,671 Thread 0x00007fd330019000 Exception <a 'java/lang/NoSuchMethodError'{0x00000000aa62de48}: 'java.lang.Object java.lang.invoke.Invokers$Holder.linkToTargetMethod(java.lang.Object, java.lang.Object, int, java.lang.Object)'> (0x00000000aa62de48) thrown at [src/hotspot/share/interpreter/linkResolver.cpp, line 773]
Event: 0,686 Thread 0x00007fd330019000 Exception <a 'java/lang/UnsatisfiedLinkError'{0x00000000aa689d38}: libtesseract.so: невозможно открыть разделяемый объектный файл: Нет такого файла или каталога> (0x00000000aa689d38) thrown at [src/hotspot/share/prims/jni.cpp, line 637]
Event: 0,686 Thread 0x00007fd330019000 Exception <a 'java/lang/UnsatisfiedLinkError'{0x00000000aa68c010}: libtesseract.so: невозможно открыть разделяемый объектный файл: Нет такого файла или каталога> (0x00000000aa68c010) thrown at [src/hotspot/share/prims/jni.cpp, line 637]

Events (20 events):
Event: 0,775 loading class sun/awt/image/SurfaceManager$ImageAccessor done
Event: 0,775 loading class java/awt/Image$1 done
Event: 0,775 loading class sun/awt/image/SurfaceManager
Event: 0,775 loading class sun/awt/image/SurfaceManager done
Event: 0,776 loading class java/awt/image/BufferedImage$1
Event: 0,776 loading class java/awt/image/BufferedImage$1 done
Event: 0,776 loading class sun/awt/image/IntegerComponentRaster
Event: 0,776 loading class sun/awt/image/IntegerComponentRaster done
Event: 0,776 loading class sun/awt/image/ShortComponentRaster
Event: 0,776 loading class sun/awt/image/ShortComponentRaster done
Event: 0,776 loading class com/sun/imageio/plugins/common/ReaderUtil
Event: 0,777 loading class com/sun/imageio/plugins/common/ReaderUtil done
Event: 0,803 loading class javax/imageio/IIOImage
Event: 0,803 loading class javax/imageio/IIOImage done
Event: 0,810 loading class java/nio/DirectByteBuffer$Deallocator
Event: 0,810 loading class java/nio/DirectByteBuffer$Deallocator done
Event: 0,810 loading class java/lang/StrictMath
Event: 0,810 loading class java/lang/StrictMath done
Event: 0,811 loading class com/sun/jna/Native$Buffers
Event: 0,811 loading class com/sun/jna/Native$Buffers done


Dynamic libraries:
a5400000-ab000000 rw-p 00000000 00:00 0 
ab000000-ffe00000 ---p 00000000 00:00 0 
ffe00000-ffe47000 rw-p 01118000 08:03 1046969                            /usr/lib/jvm/java-11-openjdk-amd64/lib/server/classes.jsa
ffe47000-fff00000 rw-p 00000000 00:00 0 
fff00000-fff6b000 rw-p 010ad000 08:03 1046969                            /usr/lib/jvm/java-11-openjdk-amd64/lib/server/classes.jsa
fff6b000-100000000 rw-p 00000000 00:00 0 
800000000-800002000 rwxp 00001000 08:03 1046969                          /usr/lib/jvm/java-11-openjdk-amd64/lib/server/classes.jsa
800002000-8003cb000 rw-p 00003000 08:03 1046969                          /usr/lib/jvm/java-11-openjdk-amd64/lib/server/classes.jsa
8003cb000-800a99000 r--p 003cc000 08:03 1046969                          /usr/lib/jvm/java-11-openjdk-amd64/lib/server/classes.jsa
800a99000-800a9a000 rw-p 00a9a000 08:03 1046969                          /usr/lib/jvm/java-11-openjdk-amd64/lib/server/classes.jsa
800a9a000-8010ac000 r--p 00a9b000 08:03 1046969                          /usr/lib/jvm/java-11-openjdk-amd64/lib/server/classes.jsa
840000000-8400a0000 rw-p 00000000 00:00 0 
8400a0000-880000000 ---p 00000000 00:00 0 
5602a6982000-5602a6983000 r-xp 00000000 08:03 1047422                    /usr/lib/jvm/java-11-openjdk-amd64/bin/java
5602a6b83000-5602a6b84000 r--p 00001000 08:03 1047422                    /usr/lib/jvm/java-11-openjdk-amd64/bin/java
5602a6b84000-5602a6b85000 rw-p 00002000 08:03 1047422                    /usr/lib/jvm/java-11-openjdk-amd64/bin/java
5602a822e000-5602a824f000 rw-p 00000000 00:00 0                          [heap]
7fd2c61db000-7fd2c61e6000 r-xp 00000000 08:03 1056662                    /usr/lib/x86_64-linux-gnu/libjbig.so.0
7fd2c61e6000-7fd2c63e5000 ---p 0000b000 08:03 1056662                    /usr/lib/x86_64-linux-gnu/libjbig.so.0
7fd2c63e5000-7fd2c63e6000 r--p 0000a000 08:03 1056662                    /usr/lib/x86_64-linux-gnu/libjbig.so.0
7fd2c63e6000-7fd2c63e9000 rw-p 0000b000 08:03 1056662                    /usr/lib/x86_64-linux-gnu/libjbig.so.0
7fd2c63e9000-7fd2c640d000 r-xp 00000000 08:03 1445099                    /lib/x86_64-linux-gnu/liblzma.so.5.2.2
7fd2c640d000-7fd2c660d000 ---p 00024000 08:03 1445099                    /lib/x86_64-linux-gnu/liblzma.so.5.2.2
7fd2c660d000-7fd2c660e000 r--p 00024000 08:03 1445099                    /lib/x86_64-linux-gnu/liblzma.so.5.2.2
7fd2c660e000-7fd2c660f000 rw-p 00025000 08:03 1445099                    /lib/x86_64-linux-gnu/liblzma.so.5.2.2
7fd2c660f000-7fd2c6663000 r-xp 00000000 08:03 1056845                    /usr/lib/x86_64-linux-gnu/libopenjp2.so.2.3.0
7fd2c6663000-7fd2c6863000 ---p 00054000 08:03 1056845                    /usr/lib/x86_64-linux-gnu/libopenjp2.so.2.3.0
7fd2c6863000-7fd2c6864000 r--p 00054000 08:03 1056845                    /usr/lib/x86_64-linux-gnu/libopenjp2.so.2.3.0
7fd2c6864000-7fd2c6865000 rw-p 00055000 08:03 1056845                    /usr/lib/x86_64-linux-gnu/libopenjp2.so.2.3.0
7fd2c6865000-7fd2c68cb000 r-xp 00000000 08:03 1047223                    /usr/lib/x86_64-linux-gnu/libwebp.so.6.0.2
7fd2c68cb000-7fd2c6aca000 ---p 00066000 08:03 1047223                    /usr/lib/x86_64-linux-gnu/libwebp.so.6.0.2
7fd2c6aca000-7fd2c6acb000 r--p 00065000 08:03 1047223                    /usr/lib/x86_64-linux-gnu/libwebp.so.6.0.2
7fd2c6acb000-7fd2c6acc000 rw-p 00066000 08:03 1047223                    /usr/lib/x86_64-linux-gnu/libwebp.so.6.0.2
7fd2c6acc000-7fd2c6ace000 rw-p 00000000 00:00 0 
7fd2c6ace000-7fd2c6b41000 r-xp 00000000 08:03 1047057                    /usr/lib/x86_64-linux-gnu/libtiff.so.5.3.0
7fd2c6b41000-7fd2c6d40000 ---p 00073000 08:03 1047057                    /usr/lib/x86_64-linux-gnu/libtiff.so.5.3.0
7fd2c6d40000-7fd2c6d44000 r--p 00072000 08:03 1047057                    /usr/lib/x86_64-linux-gnu/libtiff.so.5.3.0
7fd2c6d44000-7fd2c6d45000 rw-p 00076000 08:03 1047057                    /usr/lib/x86_64-linux-gnu/libtiff.so.5.3.0
7fd2c6d45000-7fd2c6d4d000 r-xp 00000000 08:03 1056416                    /usr/lib/x86_64-linux-gnu/libgif.so.7.0.0
7fd2c6d4d000-7fd2c6f4c000 ---p 00008000 08:03 1056416                    /usr/lib/x86_64-linux-gnu/libgif.so.7.0.0
7fd2c6f4c000-7fd2c6f4d000 r--p 00007000 08:03 1056416                    /usr/lib/x86_64-linux-gnu/libgif.so.7.0.0
7fd2c6f4d000-7fd2c6f4e000 rw-p 00008000 08:03 1056416                    /usr/lib/x86_64-linux-gnu/libgif.so.7.0.0
7fd2c6f4e000-7fd2c6fb5000 r-xp 00000000 08:03 1046712                    /usr/lib/x86_64-linux-gnu/libjpeg.so.8.1.2
7fd2c6fb5000-7fd2c71b4000 ---p 00067000 08:03 1046712                    /usr/lib/x86_64-linux-gnu/libjpeg.so.8.1.2
7fd2c71b4000-7fd2c71b5000 r--p 00066000 08:03 1046712                    /usr/lib/x86_64-linux-gnu/libjpeg.so.8.1.2
7fd2c71b5000-7fd2c71b6000 rw-p 00067000 08:03 1046712                    /usr/lib/x86_64-linux-gnu/libjpeg.so.8.1.2
7fd2c71b6000-7fd2c71e7000 r-xp 00000000 08:03 1056918                    /usr/lib/x86_64-linux-gnu/libpng16.so.16.34.0
7fd2c71e7000-7fd2c73e6000 ---p 00031000 08:03 1056918                    /usr/lib/x86_64-linux-gnu/libpng16.so.16.34.0
7fd2c73e6000-7fd2c73e7000 r--p 00030000 08:03 1056918                    /usr/lib/x86_64-linux-gnu/libpng16.so.16.34.0
7fd2c73e7000-7fd2c73e8000 rw-p 00031000 08:03 1056918                    /usr/lib/x86_64-linux-gnu/libpng16.so.16.34.0
7fd2c73e8000-7fd2c7644000 r-xp 00000000 08:03 1046789                    /usr/lib/x86_64-linux-gnu/liblept.so.5.0.2
7fd2c7644000-7fd2c7843000 ---p 0025c000 08:03 1046789                    /usr/lib/x86_64-linux-gnu/liblept.so.5.0.2
7fd2c7843000-7fd2c7844000 r--p 0025b000 08:03 1046789                    /usr/lib/x86_64-linux-gnu/liblept.so.5.0.2
7fd2c7844000-7fd2c784a000 rw-p 0025c000 08:03 1046789                    /usr/lib/x86_64-linux-gnu/liblept.so.5.0.2
7fd2c784a000-7fd2c7b57000 r-xp 00000000 08:03 1049117                    /usr/lib/x86_64-linux-gnu/libtesseract.so.4.0.0
7fd2c7b57000-7fd2c7d56000 ---p 0030d000 08:03 1049117                    /usr/lib/x86_64-linux-gnu/libtesseract.so.4.0.0
7fd2c7d56000-7fd2c7d5b000 r--p 0030c000 08:03 1049117                    /usr/lib/x86_64-linux-gnu/libtesseract.so.4.0.0
7fd2c7d5b000-7fd2c7d5c000 rw-p 00311000 08:03 1049117                    /usr/lib/x86_64-linux-gnu/libtesseract.so.4.0.0
7fd2c7d5c000-7fd2c8000000 rw-p 00000000 00:00 0 
7fd2c8000000-7fd2c8021000 rw-p 00000000 00:00 0 
7fd2c8021000-7fd2cc000000 ---p 00000000 00:00 0 
7fd2cc000000-7fd2cc021000 rw-p 00000000 00:00 0 
7fd2cc021000-7fd2d0000000 ---p 00000000 00:00 0 
7fd2d0000000-7fd2d0021000 rw-p 00000000 00:00 0 
7fd2d0021000-7fd2d4000000 ---p 00000000 00:00 0 
7fd2d4000000-7fd2d4021000 rw-p 00000000 00:00 0 
7fd2d4021000-7fd2d8000000 ---p 00000000 00:00 0 
7fd2d8000000-7fd2d8021000 rw-p 00000000 00:00 0 
7fd2d8021000-7fd2dc000000 ---p 00000000 00:00 0 
7fd2dc000000-7fd2dc021000 rw-p 00000000 00:00 0 
7fd2dc021000-7fd2e0000000 ---p 00000000 00:00 0 
7fd2e0000000-7fd2e0312000 rw-p 00000000 00:00 0 
7fd2e0312000-7fd2e4000000 ---p 00000000 00:00 0 
7fd2e4000000-7fd2e4228000 rw-p 00000000 00:00 0 
7fd2e4228000-7fd2e8000000 ---p 00000000 00:00 0 
7fd2e8000000-7fd2e8021000 rw-p 00000000 00:00 0 
7fd2e8021000-7fd2ec000000 ---p 00000000 00:00 0 
7fd2ec000000-7fd2ec021000 rw-p 00000000 00:00 0 
7fd2ec021000-7fd2f0000000 ---p 00000000 00:00 0 
7fd2f0000000-7fd2f0021000 rw-p 00000000 00:00 0 
7fd2f0021000-7fd2f4000000 ---p 00000000 00:00 0 
7fd2f4000000-7fd2f4021000 rw-p 00000000 00:00 0 
7fd2f4021000-7fd2f8000000 ---p 00000000 00:00 0 
7fd2f8000000-7fd2f8021000 rw-p 00000000 00:00 0 
7fd2f8021000-7fd2fc000000 ---p 00000000 00:00 0 
7fd2fc000000-7fd2fc021000 rw-p 00000000 00:00 0 
7fd2fc021000-7fd300000000 ---p 00000000 00:00 0 
7fd300000000-7fd300021000 rw-p 00000000 00:00 0 
7fd300021000-7fd304000000 ---p 00000000 00:00 0 
7fd304000000-7fd304021000 rw-p 00000000 00:00 0 
7fd304021000-7fd308000000 ---p 00000000 00:00 0 
7fd3080cd000-7fd3080fb000 r-xp 00000000 08:03 1049624                    /usr/lib/x86_64-linux-gnu/libgomp.so.1.0.0
7fd3080fb000-7fd3082fa000 ---p 0002e000 08:03 1049624                    /usr/lib/x86_64-linux-gnu/libgomp.so.1.0.0
7fd3082fa000-7fd3082fb000 r--p 0002d000 08:03 1049624                    /usr/lib/x86_64-linux-gnu/libgomp.so.1.0.0
7fd3082fb000-7fd3082fc000 rw-p 0002e000 08:03 1049624                    /usr/lib/x86_64-linux-gnu/libgomp.so.1.0.0
7fd3082fc000-7fd30831a000 r-xp 00000000 08:04 929705                     /home/dmitry/.cache/JNA/temp/jna1921443635334802373.tmp (deleted)
7fd30831a000-7fd308519000 ---p 0001e000 08:04 929705                     /home/dmitry/.cache/JNA/temp/jna1921443635334802373.tmp (deleted)
7fd308519000-7fd30851a000 rw-p 0001d000 08:04 929705                     /home/dmitry/.cache/JNA/temp/jna1921443635334802373.tmp (deleted)
7fd30851a000-7fd30851b000 rw-p 00000000 00:00 0 
7fd30851b000-7fd30852e000 r-xp 00000000 08:03 1460576                    /lib/x86_64-linux-gnu/libbsd.so.0.8.7
7fd30852e000-7fd30872d000 ---p 00013000 08:03 1460576                    /lib/x86_64-linux-gnu/libbsd.so.0.8.7
7fd30872d000-7fd30872e000 r--p 00012000 08:03 1460576                    /lib/x86_64-linux-gnu/libbsd.so.0.8.7
7fd30872e000-7fd30872f000 rw-p 00013000 08:03 1460576                    /lib/x86_64-linux-gnu/libbsd.so.0.8.7
7fd30872f000-7fd308730000 rw-p 00000000 00:00 0 
7fd308730000-7fd308735000 r-xp 00000000 08:03 1055915                    /usr/lib/x86_64-linux-gnu/libXdmcp.so.6.0.0
7fd308735000-7fd308934000 ---p 00005000 08:03 1055915                    /usr/lib/x86_64-linux-gnu/libXdmcp.so.6.0.0
7fd308934000-7fd308935000 r--p 00004000 08:03 1055915                    /usr/lib/x86_64-linux-gnu/libXdmcp.so.6.0.0
7fd308935000-7fd308936000 rw-p 00005000 08:03 1055915                    /usr/lib/x86_64-linux-gnu/libXdmcp.so.6.0.0
7fd308936000-7fd308938000 r-xp 00000000 08:03 1047740                    /usr/lib/x86_64-linux-gnu/libXau.so.6.0.0
7fd308938000-7fd308b38000 ---p 00002000 08:03 1047740                    /usr/lib/x86_64-linux-gnu/libXau.so.6.0.0
7fd308b38000-7fd308b39000 r--p 00002000 08:03 1047740                    /usr/lib/x86_64-linux-gnu/libXau.so.6.0.0
7fd308b39000-7fd308b3a000 rw-p 00003000 08:03 1047740                    /usr/lib/x86_64-linux-gnu/libXau.so.6.0.0
7fd308b3a000-7fd308b60000 r-xp 00000000 08:03 1057277                    /usr/lib/x86_64-linux-gnu/libxcb.so.1.1.0
7fd308b60000-7fd308d60000 ---p 00026000 08:03 1057277                    /usr/lib/x86_64-linux-gnu/libxcb.so.1.1.0
7fd308d60000-7fd308d61000 r--p 00026000 08:03 1057277                    /usr/lib/x86_64-linux-gnu/libxcb.so.1.1.0
7fd308d61000-7fd308d62000 rw-p 00027000 08:03 1057277                    /usr/lib/x86_64-linux-gnu/libxcb.so.1.1.0
7fd308d62000-7fd308d71000 r-xp 00000000 08:03 1055925                    /usr/lib/x86_64-linux-gnu/libXi.so.6.1.0
7fd308d71000-7fd308f70000 ---p 0000f000 08:03 1055925                    /usr/lib/x86_64-linux-gnu/libXi.so.6.1.0
7fd308f70000-7fd308f71000 r--p 0000e000 08:03 1055925                    /usr/lib/x86_64-linux-gnu/libXi.so.6.1.0
7fd308f71000-7fd308f72000 rw-p 0000f000 08:03 1055925                    /usr/lib/x86_64-linux-gnu/libXi.so.6.1.0
7fd308f72000-7fd308f77000 r-xp 00000000 08:03 1055943                    /usr/lib/x86_64-linux-gnu/libXtst.so.6.1.0
7fd308f77000-7fd309176000 ---p 00005000 08:03 1055943                    /usr/lib/x86_64-linux-gnu/libXtst.so.6.1.0
7fd309176000-7fd309177000 r--p 00004000 08:03 1055943                    /usr/lib/x86_64-linux-gnu/libXtst.so.6.1.0
7fd309177000-7fd309178000 rw-p 00005000 08:03 1055943                    /usr/lib/x86_64-linux-gnu/libXtst.so.6.1.0
7fd309178000-7fd309181000 r-xp 00000000 08:03 1055937                    /usr/lib/x86_64-linux-gnu/libXrender.so.1.3.0
7fd309181000-7fd309380000 ---p 00009000 08:03 1055937                    /usr/lib/x86_64-linux-gnu/libXrender.so.1.3.0
7fd309380000-7fd309381000 r--p 00008000 08:03 1055937                    /usr/lib/x86_64-linux-gnu/libXrender.so.1.3.0
7fd309381000-7fd309382000 rw-p 00009000 08:03 1055937                    /usr/lib/x86_64-linux-gnu/libXrender.so.1.3.0
7fd309382000-7fd3094b5000 r-xp 00000000 08:03 1047403                    /usr/lib/x86_64-linux-gnu/libX11.so.6.3.0
7fd3094b5000-7fd3096b5000 ---p 00133000 08:03 1047403                    /usr/lib/x86_64-linux-gnu/libX11.so.6.3.0
7fd3096b5000-7fd3096b6000 r--p 00133000 08:03 1047403                    /usr/lib/x86_64-linux-gnu/libX11.so.6.3.0
7fd3096b6000-7fd3096ba000 rw-p 00134000 08:03 1047403                    /usr/lib/x86_64-linux-gnu/libX11.so.6.3.0
7fd3096ba000-7fd3096cb000 r-xp 00000000 08:03 1055917                    /usr/lib/x86_64-linux-gnu/libXext.so.6.4.0
7fd3096cb000-7fd3098ca000 ---p 00011000 08:03 1055917                    /usr/lib/x86_64-linux-gnu/libXext.so.6.4.0
7fd3098ca000-7fd3098cb000 r--p 00010000 08:03 1055917                    /usr/lib/x86_64-linux-gnu/libXext.so.6.4.0
7fd3098cb000-7fd3098cc000 rw-p 00011000 08:03 1055917                    /usr/lib/x86_64-linux-gnu/libXext.so.6.4.0
7fd3098cc000-7fd30992a000 r-xp 00000000 08:03 1046689                    /usr/lib/jvm/java-11-openjdk-amd64/lib/libawt_xawt.so
7fd30992a000-7fd309b2a000 ---p 0005e000 08:03 1046689                    /usr/lib/jvm/java-11-openjdk-amd64/lib/libawt_xawt.so
7fd309b2a000-7fd309b2b000 r--p 0005e000 08:03 1046689                    /usr/lib/jvm/java-11-openjdk-amd64/lib/libawt_xawt.so
7fd309b2b000-7fd309b2d000 rw-p 0005f000 08:03 1046689                    /usr/lib/jvm/java-11-openjdk-amd64/lib/libawt_xawt.so
7fd309b2d000-7fd309b2f000 rw-p 00000000 00:00 0 
7fd309b2f000-7fd309bcd000 r-xp 00000000 08:03 1059552                    /usr/lib/jvm/java-11-openjdk-amd64/lib/libawt.so
7fd309bcd000-7fd309dcc000 ---p 0009e000 08:03 1059552                    /usr/lib/jvm/java-11-openjdk-amd64/lib/libawt.so
7fd309dcc000-7fd309dcd000 r--p 0009d000 08:03 1059552                    /usr/lib/jvm/java-11-openjdk-amd64/lib/libawt.so
7fd309dcd000-7fd309dd8000 rw-p 0009e000 08:03 1059552                    /usr/lib/jvm/java-11-openjdk-amd64/lib/libawt.so
7fd309dd8000-7fd309dfd000 rw-p 00000000 00:00 0 
7fd309dfd000-7fd309dff000 r-xp 00000000 08:03 1059555                    /usr/lib/jvm/java-11-openjdk-amd64/lib/libextnet.so
7fd309dff000-7fd309ffe000 ---p 00002000 08:03 1059555                    /usr/lib/jvm/java-11-openjdk-amd64/lib/libextnet.so
7fd309ffe000-7fd309fff000 r--p 00001000 08:03 1059555                    /usr/lib/jvm/java-11-openjdk-amd64/lib/libextnet.so
7fd309fff000-7fd30a000000 rw-p 00002000 08:03 1059555                    /usr/lib/jvm/java-11-openjdk-amd64/lib/libextnet.so
7fd30a000000-7fd30c000000 rw-p 00000000 00:00 0 
7fd30c000000-7fd30c021000 rw-p 00000000 00:00 0 
7fd30c021000-7fd310000000 ---p 00000000 00:00 0 
7fd31005d000-7fd310061000 ---p 00000000 00:00 0 
7fd310061000-7fd31015e000 rw-p 00000000 00:00 0 
7fd31015e000-7fd31015f000 ---p 00000000 00:00 0 
7fd31015f000-7fd310260000 rw-p 00000000 00:00 0 
7fd310260000-7fd310264000 ---p 00000000 00:00 0 
7fd310264000-7fd310361000 rw-p 00000000 00:00 0 
7fd310361000-7fd310376000 r-xp 00000000 08:03 1103086                    /usr/lib/jvm/java-11-openjdk-amd64/lib/libnet.so
7fd310376000-7fd310575000 ---p 00015000 08:03 1103086                    /usr/lib/jvm/java-11-openjdk-amd64/lib/libnet.so
7fd310575000-7fd310576000 r--p 00014000 08:03 1103086                    /usr/lib/jvm/java-11-openjdk-amd64/lib/libnet.so
7fd310576000-7fd310577000 rw-p 00015000 08:03 1103086                    /usr/lib/jvm/java-11-openjdk-amd64/lib/libnet.so
7fd310577000-7fd310587000 r-xp 00000000 08:03 1103087                    /usr/lib/jvm/java-11-openjdk-amd64/lib/libnio.so
7fd310587000-7fd310786000 ---p 00010000 08:03 1103087                    /usr/lib/jvm/java-11-openjdk-amd64/lib/libnio.so
7fd310786000-7fd310787000 r--p 0000f000 08:03 1103087                    /usr/lib/jvm/java-11-openjdk-amd64/lib/libnio.so
7fd310787000-7fd310788000 rw-p 00010000 08:03 1103087                    /usr/lib/jvm/java-11-openjdk-amd64/lib/libnio.so
7fd310788000-7fd31078c000 ---p 00000000 00:00 0 
7fd31078c000-7fd310889000 rw-p 00000000 00:00 0 
7fd310889000-7fd31088d000 ---p 00000000 00:00 0 
7fd31088d000-7fd31098a000 rw-p 00000000 00:00 0 
7fd31098a000-7fd31098e000 ---p 00000000 00:00 0 
7fd31098e000-7fd310a8b000 rw-p 00000000 00:00 0 
7fd310a8b000-7fd310a8f000 ---p 00000000 00:00 0 
7fd310a8f000-7fd310b8c000 rw-p 00000000 00:00 0 
7fd310b8c000-7fd310b90000 ---p 00000000 00:00 0 
7fd310b90000-7fd310c8d000 rw-p 00000000 00:00 0 
7fd310c8d000-7fd310c91000 ---p 00000000 00:00 0 
7fd310c91000-7fd310d8e000 rw-p 00000000 00:00 0 
7fd310d8e000-7fd31119f000 r--p 00000000 08:03 1047807                    /usr/lib/locale/locale-archive
7fd31119f000-7fd3111a3000 ---p 00000000 00:00 0 
7fd3111a3000-7fd311410000 rw-p 00000000 00:00 0 
7fd311410000-7fd312948000 ---p 00000000 00:00 0 
7fd312948000-7fd312ac0000 rw-p 00000000 00:00 0 
7fd312ac0000-7fd313ff8000 ---p 00000000 00:00 0 
7fd313ff8000-7fd314000000 rw-p 00000000 00:00 0 
7fd314000000-7fd314021000 rw-p 00000000 00:00 0 
7fd314021000-7fd318000000 ---p 00000000 00:00 0 
7fd31803d000-7fd3185bd000 rw-p 00000000 00:00 0 
7fd3185bd000-7fd31883d000 ---p 00000000 00:00 0 
7fd31883d000-7fd318aad000 rwxp 00000000 00:00 0 
7fd318aad000-7fd318dcd000 ---p 00000000 00:00 0 
7fd318dcd000-7fd31903d000 rwxp 00000000 00:00 0 
7fd31903d000-7fd320305000 ---p 00000000 00:00 0 
7fd320305000-7fd320575000 rwxp 00000000 00:00 0 
7fd320575000-7fd32783d000 ---p 00000000 00:00 0 
7fd32783d000-7fd330000000 r--s 00000000 08:03 1103096                    /usr/lib/jvm/java-11-openjdk-amd64/lib/modules
7fd330000000-7fd3307f4000 rw-p 00000000 00:00 0 
7fd3307f4000-7fd334000000 ---p 00000000 00:00 0 
7fd334041000-7fd334045000 ---p 00000000 00:00 0 
7fd334045000-7fd334063000 rw-p 00000000 00:00 0 
7fd334063000-7fd334067000 ---p 00000000 00:00 0 
7fd334067000-7fd334164000 rw-p 00000000 00:00 0 
7fd334164000-7fd334165000 ---p 00000000 00:00 0 
7fd334165000-7fd3342e7000 rw-p 00000000 00:00 0 
7fd3342e7000-7fd3342e8000 ---p 00000000 00:00 0 
7fd3342e8000-7fd3343e9000 rw-p 00000000 00:00 0 
7fd3343e9000-7fd3343ea000 ---p 00000000 00:00 0 
7fd3343ea000-7fd3348ef000 rw-p 00000000 00:00 0 
7fd3348ef000-7fd3348f0000 ---p 00000000 00:00 0 
7fd3348f0000-7fd3349f1000 rw-p 00000000 00:00 0 
7fd3349f1000-7fd3349f2000 ---p 00000000 00:00 0 
7fd3349f2000-7fd334b21000 rw-p 00000000 00:00 0 
7fd334b21000-7fd334dc8000 ---p 00000000 00:00 0 
7fd334dc8000-7fd334df7000 rw-p 00000000 00:00 0 
7fd334df7000-7fd33509e000 ---p 00000000 00:00 0 
7fd33509e000-7fd3350cd000 rw-p 00000000 00:00 0 
7fd3350cd000-7fd335374000 ---p 00000000 00:00 0 
7fd335374000-7fd335779000 rw-p 00000000 00:00 0 
7fd335779000-7fd33577a000 ---p 00000000 00:00 0 
7fd33577a000-7fd335880000 rw-p 00000000 00:00 0 
7fd335880000-7fd335966000 ---p 00000000 00:00 0 
7fd335966000-7fd33596b000 rw-p 00000000 00:00 0 
7fd33596b000-7fd335a51000 ---p 00000000 00:00 0 
7fd335a51000-7fd335a58000 r-xp 00000000 08:03 1103095                    /usr/lib/jvm/java-11-openjdk-amd64/lib/libzip.so
7fd335a58000-7fd335c58000 ---p 00007000 08:03 1103095                    /usr/lib/jvm/java-11-openjdk-amd64/lib/libzip.so
7fd335c58000-7fd335c59000 r--p 00007000 08:03 1103095                    /usr/lib/jvm/java-11-openjdk-amd64/lib/libzip.so
7fd335c59000-7fd335c5a000 rw-p 00008000 08:03 1103095                    /usr/lib/jvm/java-11-openjdk-amd64/lib/libzip.so
7fd335c5a000-7fd335c65000 r-xp 00000000 08:03 1442762                    /lib/x86_64-linux-gnu/libnss_files-2.27.so
7fd335c65000-7fd335e64000 ---p 0000b000 08:03 1442762                    /lib/x86_64-linux-gnu/libnss_files-2.27.so
7fd335e64000-7fd335e65000 r--p 0000a000 08:03 1442762                    /lib/x86_64-linux-gnu/libnss_files-2.27.so
7fd335e65000-7fd335e66000 rw-p 0000b000 08:03 1442762                    /lib/x86_64-linux-gnu/libnss_files-2.27.so
7fd335e66000-7fd335e6c000 rw-p 00000000 00:00 0 
7fd335e6c000-7fd335e83000 r-xp 00000000 08:03 1442756                    /lib/x86_64-linux-gnu/libnsl-2.27.so
7fd335e83000-7fd336082000 ---p 00017000 08:03 1442756                    /lib/x86_64-linux-gnu/libnsl-2.27.so
7fd336082000-7fd336083000 r--p 00016000 08:03 1442756                    /lib/x86_64-linux-gnu/libnsl-2.27.so
7fd336083000-7fd336084000 rw-p 00017000 08:03 1442756                    /lib/x86_64-linux-gnu/libnsl-2.27.so
7fd336084000-7fd336086000 rw-p 00000000 00:00 0 
7fd336086000-7fd336091000 r-xp 00000000 08:03 1442766                    /lib/x86_64-linux-gnu/libnss_nis-2.27.so
7fd336091000-7fd336290000 ---p 0000b000 08:03 1442766                    /lib/x86_64-linux-gnu/libnss_nis-2.27.so
7fd336290000-7fd336291000 r--p 0000a000 08:03 1442766                    /lib/x86_64-linux-gnu/libnss_nis-2.27.so
7fd336291000-7fd336292000 rw-p 0000b000 08:03 1442766                    /lib/x86_64-linux-gnu/libnss_nis-2.27.so
7fd336292000-7fd33629a000 r-xp 00000000 08:03 1442758                    /lib/x86_64-linux-gnu/libnss_compat-2.27.so
7fd33629a000-7fd33649a000 ---p 00008000 08:03 1442758                    /lib/x86_64-linux-gnu/libnss_compat-2.27.so
7fd33649a000-7fd33649b000 r--p 00008000 08:03 1442758                    /lib/x86_64-linux-gnu/libnss_compat-2.27.so
7fd33649b000-7fd33649c000 rw-p 00009000 08:03 1442758                    /lib/x86_64-linux-gnu/libnss_compat-2.27.so
7fd33649c000-7fd3364a6000 r-xp 00000000 08:03 1059557                    /usr/lib/jvm/java-11-openjdk-amd64/lib/libinstrument.so
7fd3364a6000-7fd3366a5000 ---p 0000a000 08:03 1059557                    /usr/lib/jvm/java-11-openjdk-amd64/lib/libinstrument.so
7fd3366a5000-7fd3366a6000 r--p 00009000 08:03 1059557                    /usr/lib/jvm/java-11-openjdk-amd64/lib/libinstrument.so
7fd3366a6000-7fd3366a7000 rw-p 0000a000 08:03 1059557                    /usr/lib/jvm/java-11-openjdk-amd64/lib/libinstrument.so
7fd3366a7000-7fd3366ac000 r-xp 00000000 08:03 1103078                    /usr/lib/jvm/java-11-openjdk-amd64/lib/libjimage.so
7fd3366ac000-7fd3368ab000 ---p 00005000 08:03 1103078                    /usr/lib/jvm/java-11-openjdk-amd64/lib/libjimage.so
7fd3368ab000-7fd3368ac000 r--p 00004000 08:03 1103078                    /usr/lib/jvm/java-11-openjdk-amd64/lib/libjimage.so
7fd3368ac000-7fd3368ad000 rw-p 00005000 08:03 1103078                    /usr/lib/jvm/java-11-openjdk-amd64/lib/libjimage.so
7fd3368ad000-7fd3368d5000 r-xp 00000000 08:03 1059562                    /usr/lib/jvm/java-11-openjdk-amd64/lib/libjava.so
7fd3368d5000-7fd336ad5000 ---p 00028000 08:03 1059562                    /usr/lib/jvm/java-11-openjdk-amd64/lib/libjava.so
7fd336ad5000-7fd336ad6000 r--p 00028000 08:03 1059562                    /usr/lib/jvm/java-11-openjdk-amd64/lib/libjava.so
7fd336ad6000-7fd336ad7000 rw-p 00029000 08:03 1059562                    /usr/lib/jvm/java-11-openjdk-amd64/lib/libjava.so
7fd336ad7000-7fd336ad8000 rw-p 00000000 00:00 0 
7fd336ad8000-7fd336ae5000 r-xp 00000000 08:03 1103094                    /usr/lib/jvm/java-11-openjdk-amd64/lib/libverify.so
7fd336ae5000-7fd336ce4000 ---p 0000d000 08:03 1103094                    /usr/lib/jvm/java-11-openjdk-amd64/lib/libverify.so
7fd336ce4000-7fd336ce6000 r--p 0000c000 08:03 1103094                    /usr/lib/jvm/java-11-openjdk-amd64/lib/libverify.so
7fd336ce6000-7fd336ce7000 rw-p 0000e000 08:03 1103094                    /usr/lib/jvm/java-11-openjdk-amd64/lib/libverify.so
7fd336ce7000-7fd336cee000 r-xp 00000000 08:03 1442775                    /lib/x86_64-linux-gnu/librt-2.27.so
7fd336cee000-7fd336eed000 ---p 00007000 08:03 1442775                    /lib/x86_64-linux-gnu/librt-2.27.so
7fd336eed000-7fd336eee000 r--p 00006000 08:03 1442775                    /lib/x86_64-linux-gnu/librt-2.27.so
7fd336eee000-7fd336eef000 rw-p 00007000 08:03 1442775                    /lib/x86_64-linux-gnu/librt-2.27.so
7fd336eef000-7fd336f06000 r-xp 00000000 08:03 1444715                    /lib/x86_64-linux-gnu/libgcc_s.so.1
7fd336f06000-7fd337105000 ---p 00017000 08:03 1444715                    /lib/x86_64-linux-gnu/libgcc_s.so.1
7fd337105000-7fd337106000 r--p 00016000 08:03 1444715                    /lib/x86_64-linux-gnu/libgcc_s.so.1
7fd337106000-7fd337107000 rw-p 00017000 08:03 1444715                    /lib/x86_64-linux-gnu/libgcc_s.so.1
7fd337107000-7fd3372a4000 r-xp 00000000 08:03 1442750                    /lib/x86_64-linux-gnu/libm-2.27.so
7fd3372a4000-7fd3374a3000 ---p 0019d000 08:03 1442750                    /lib/x86_64-linux-gnu/libm-2.27.so
7fd3374a3000-7fd3374a4000 r--p 0019c000 08:03 1442750                    /lib/x86_64-linux-gnu/libm-2.27.so
7fd3374a4000-7fd3374a5000 rw-p 0019d000 08:03 1442750                    /lib/x86_64-linux-gnu/libm-2.27.so
7fd3374a5000-7fd33761e000 r-xp 00000000 08:03 1049420                    /usr/lib/x86_64-linux-gnu/libstdc++.so.6.0.25
7fd33761e000-7fd33781e000 ---p 00179000 08:03 1049420                    /usr/lib/x86_64-linux-gnu/libstdc++.so.6.0.25
7fd33781e000-7fd337828000 r--p 00179000 08:03 1049420                    /usr/lib/x86_64-linux-gnu/libstdc++.so.6.0.25
7fd337828000-7fd33782a000 rw-p 00183000 08:03 1049420                    /usr/lib/x86_64-linux-gnu/libstdc++.so.6.0.25
7fd33782a000-7fd33782e000 rw-p 00000000 00:00 0 
7fd33782e000-7fd338927000 r-xp 00000000 08:03 1103099                    /usr/lib/jvm/java-11-openjdk-amd64/lib/server/libjvm.so
7fd338927000-7fd338b26000 ---p 010f9000 08:03 1103099                    /usr/lib/jvm/java-11-openjdk-amd64/lib/server/libjvm.so
7fd338b26000-7fd338bea000 r--p 010f8000 08:03 1103099                    /usr/lib/jvm/java-11-openjdk-amd64/lib/server/libjvm.so
7fd338bea000-7fd338c25000 rw-p 011bc000 08:03 1103099                    /usr/lib/jvm/java-11-openjdk-amd64/lib/server/libjvm.so
7fd338c25000-7fd338c7c000 rw-p 00000000 00:00 0 
7fd338c7c000-7fd338c96000 r-xp 00000000 08:03 1442772                    /lib/x86_64-linux-gnu/libpthread-2.27.so
7fd338c96000-7fd338e95000 ---p 0001a000 08:03 1442772                    /lib/x86_64-linux-gnu/libpthread-2.27.so
7fd338e95000-7fd338e96000 r--p 00019000 08:03 1442772                    /lib/x86_64-linux-gnu/libpthread-2.27.so
7fd338e96000-7fd338e97000 rw-p 0001a000 08:03 1442772                    /lib/x86_64-linux-gnu/libpthread-2.27.so
7fd338e97000-7fd338e9b000 rw-p 00000000 00:00 0 
7fd338e9b000-7fd338e9e000 r-xp 00000000 08:03 1442748                    /lib/x86_64-linux-gnu/libdl-2.27.so
7fd338e9e000-7fd33909d000 ---p 00003000 08:03 1442748                    /lib/x86_64-linux-gnu/libdl-2.27.so
7fd33909d000-7fd33909e000 r--p 00002000 08:03 1442748                    /lib/x86_64-linux-gnu/libdl-2.27.so
7fd33909e000-7fd33909f000 rw-p 00003000 08:03 1442748                    /lib/x86_64-linux-gnu/libdl-2.27.so
7fd33909f000-7fd3390bb000 r-xp 00000000 08:03 1445213                    /lib/x86_64-linux-gnu/libz.so.1.2.11
7fd3390bb000-7fd3392ba000 ---p 0001c000 08:03 1445213                    /lib/x86_64-linux-gnu/libz.so.1.2.11
7fd3392ba000-7fd3392bb000 r--p 0001b000 08:03 1445213                    /lib/x86_64-linux-gnu/libz.so.1.2.11
7fd3392bb000-7fd3392bc000 rw-p 0001c000 08:03 1445213                    /lib/x86_64-linux-gnu/libz.so.1.2.11
7fd3392bc000-7fd3394a3000 r-xp 00000000 08:03 1442742                    /lib/x86_64-linux-gnu/libc-2.27.so
7fd3394a3000-7fd3396a3000 ---p 001e7000 08:03 1442742                    /lib/x86_64-linux-gnu/libc-2.27.so
7fd3396a3000-7fd3396a7000 r--p 001e7000 08:03 1442742                    /lib/x86_64-linux-gnu/libc-2.27.so
7fd3396a7000-7fd3396a9000 rw-p 001eb000 08:03 1442742                    /lib/x86_64-linux-gnu/libc-2.27.so
7fd3396a9000-7fd3396ad000 rw-p 00000000 00:00 0 
7fd3396ad000-7fd3396bc000 r-xp 00000000 08:03 1059547                    /usr/lib/jvm/java-11-openjdk-amd64/lib/jli/libjli.so
7fd3396bc000-7fd3398bb000 ---p 0000f000 08:03 1059547                    /usr/lib/jvm/java-11-openjdk-amd64/lib/jli/libjli.so
7fd3398bb000-7fd3398bc000 r--p 0000e000 08:03 1059547                    /usr/lib/jvm/java-11-openjdk-amd64/lib/jli/libjli.so
7fd3398bc000-7fd3398bd000 rw-p 0000f000 08:03 1059547                    /usr/lib/jvm/java-11-openjdk-amd64/lib/jli/libjli.so
7fd3398bd000-7fd3398e6000 r-xp 00000000 08:03 1442677                    /lib/x86_64-linux-gnu/ld-2.27.so
7fd339907000-7fd339937000 r--p 00000000 08:03 1342963                    /usr/share/locale-langpack/ru/LC_MESSAGES/libc.mo
7fd339937000-7fd3399c3000 rw-p 00000000 00:00 0 
7fd3399c3000-7fd3399c7000 ---p 00000000 00:00 0 
7fd3399c7000-7fd339ac6000 rw-p 00000000 00:00 0 
7fd339ac7000-7fd339ace000 r--s 00000000 08:03 1220578                    /usr/lib/x86_64-linux-gnu/gconv/gconv-modules.cache
7fd339ace000-7fd339ad3000 rw-p 00000000 00:00 0 
7fd339ad3000-7fd339ada000 ---p 00000000 00:00 0 
7fd339ada000-7fd339ae2000 rw-s 00000000 08:03 671691                     /tmp/hsperfdata_dmitry/24948
7fd339ae2000-7fd339ae3000 ---p 00000000 00:00 0 
7fd339ae3000-7fd339ae4000 r--p 00000000 00:00 0 
7fd339ae4000-7fd339ae6000 rw-p 00000000 00:00 0 
7fd339ae6000-7fd339ae7000 r--p 00029000 08:03 1442677                    /lib/x86_64-linux-gnu/ld-2.27.so
7fd339ae7000-7fd339ae8000 rw-p 0002a000 08:03 1442677                    /lib/x86_64-linux-gnu/ld-2.27.so
7fd339ae8000-7fd339ae9000 rw-p 00000000 00:00 0 
7fffefc56000-7fffefc78000 rw-p 00000000 00:00 0                          [stack]
7fffefc96000-7fffefc99000 r--p 00000000 00:00 0                          [vvar]
7fffefc99000-7fffefc9a000 r-xp 00000000 00:00 0                          [vdso]
ffffffffff600000-ffffffffff601000 --xp 00000000 00:00 0                  [vsyscall]


VM Arguments:
jvm_args: -javaagent:/home/dmitry/Programs/apps/IDEA-C/ch-0/213.7172.25/lib/idea_rt.jar=41749:/home/dmitry/Programs/apps/IDEA-C/ch-0/213.7172.25/bin -Dfile.encoding=UTF-8 
java_command: MainKt
java_class_path (initial): /home/dmitry/Документы/IdeaProjects/sudoky/build/classes/kotlin/main:/home/dmitry/.gradle/caches/modules-2/files-2.1/org.jetbrains.kotlin/kotlin-stdlib-jdk8/1.5.10/3f4af7aff21c4ec46e3cdd645639d0a63a68d3d0/kotlin-stdlib-jdk8-1.5.10.jar:/home/dmitry/.gradle/caches/modules-2/files-2.1/net.sourceforge.tess4j/tess4j/5.1.1/e574ec7e29f7395216a75eaed80196ab5fd0b6c2/tess4j-5.1.1.jar:/home/dmitry/.gradle/caches/modules-2/files-2.1/org.jetbrains.kotlin/kotlin-stdlib-jdk7/1.5.10/c49d0703d16c6cb1526cc07b9b46486da1dd8a60/kotlin-stdlib-jdk7-1.5.10.jar:/home/dmitry/.gradle/caches/modules-2/files-2.1/org.jetbrains.kotlin/kotlin-stdlib/1.5.10/da6a904b132f0402fa4d79169a3c1770598d4702/kotlin-stdlib-1.5.10.jar:/home/dmitry/.gradle/caches/modules-2/files-2.1/net.sourceforge.lept4j/lept4j/1.16.1/bd84a282f8ea431a4fdeca9b72fedee4b20a5b38/lept4j-1.16.1.jar:/home/dmitry/.gradle/caches/modules-2/files-2.1/net.java.dev.jna/jna/5.10.0/7cf4c87dd802db50721db66947aa237d7ad09418/jna-5.10.0.jar:/home/dmitry/.gradle/caches/modules-2/files-2.1/com.github.jai-imageio/jai-imageio-core/1.4.0/fb6d79b929556362a241b2f65a04e538062f0077/jai-imageio-core-1.4.0.jar:/home/dmitry/.gradle/caches/modules-2/files-2.1/org.apache.pdfbox/pdfbox-tools/2.0.25/baf53c291ed43c13a1230de3ce33711f441ab999/pdfbox-tools-2.0.25.jar:/home/dmitry/.gradle/caches/modules-2/files-2.1/org.apache.pdfbox/pdfbox/2.0.25/c18cd03ff3a2dfc3c4a30d3a35173bd2690bcb92/pdfbox-2.0.25.jar:/home/dmitry/.gradle/caches/modules-2/files-2.1/org.apache.pdfbox/jbig2-imageio/3.0.3/1719861ff0b86162c5b391fb4d1084c05ff72b35/jbig2-imageio-3.0.3.jar:/home/dmitry/.gradle/caches/modules-2/files-2.1/commons-io/commons-io/2.11.0/a2503f302b11ebde7ebc3df41daebe0e4eea3689/commons-io-2.11.0.jar:/home/dmitry/.gradle/caches/modules-2/files-2.1/org.jboss/jboss-vfs/3.2.16.Final/3624c3de6f7730903b7d0c604ba0db32d61ec8b9/jboss-vfs-3.2.16.Final.jar:/home/dmitry/.gradle/caches/modules-2/files-2.1/org.slf4j/slf4j-api/1.7.35/517f3a0687490b72d0e5
Launcher Type: SUN_STANDARD

[Global flags]
     intx CICompilerCount                          = 3                                         {product} {ergonomic}
     uint ConcGCThreads                            = 1                                         {product} {ergonomic}
     uint G1ConcRefinementThreads                  = 4                                         {product} {ergonomic}
   size_t G1HeapRegionSize                         = 1048576                                   {product} {ergonomic}
    uintx GCDrainStackTargetSize                   = 64                                        {product} {ergonomic}
   size_t InitialHeapSize                          = 96468992                                  {product} {ergonomic}
   size_t MarkStackSize                            = 4194304                                   {product} {ergonomic}
   size_t MaxHeapSize                              = 1522532352                                {product} {ergonomic}
   size_t MaxNewSize                               = 913309696                                 {product} {ergonomic}
   size_t MinHeapDeltaBytes                        = 1048576                                   {product} {ergonomic}
    uintx NonNMethodCodeHeapSize                   = 5830732                                {pd product} {ergonomic}
    uintx NonProfiledCodeHeapSize                  = 122913754                              {pd product} {ergonomic}
    uintx ProfiledCodeHeapSize                     = 122913754                              {pd product} {ergonomic}
    uintx ReservedCodeCacheSize                    = 251658240                              {pd product} {ergonomic}
     bool SegmentedCodeCache                       = true                                      {product} {ergonomic}
     bool UseCompressedClassPointers               = true                                 {lp64_product} {ergonomic}
     bool UseCompressedOops                        = true                                 {lp64_product} {ergonomic}
     bool UseG1GC                                  = true                                      {product} {ergonomic}

Logging:
Log output configuration:
 #0: stdout all=warning uptime,level,tags
 #1: stderr all=off uptime,level,tags

Environment Variables:
JAVA_HOME=/usr/lib/jvm/jdk1.8.0_241-amd64
PATH=/usr/local/sbin:/usr/local/bin:/usr/sbin:/usr/bin:/sbin:/bin:/usr/games:/usr/local/games:/snap/bin
SHELL=/bin/bash
DISPLAY=:0
LANG=ru_RU.UTF-8

Signal Handlers:
SIGSEGV: [libjvm.so+0xe2a490], sa_mask[0]=11111111011111111101111111111110, sa_flags=SA_RESTART|SA_SIGINFO
SIGBUS: [libjvm.so+0xe2a490], sa_mask[0]=11111111011111111101111111111110, sa_flags=SA_RESTART|SA_SIGINFO
SIGFPE: [libjvm.so+0xe2a490], sa_mask[0]=11111111011111111101111111111110, sa_flags=SA_RESTART|SA_SIGINFO
SIGPIPE: [libjvm.so+0xb80870], sa_mask[0]=11111111011111111101111111111110, sa_flags=SA_RESTART|SA_SIGINFO
SIGXFSZ: [libjvm.so+0xb80870], sa_mask[0]=11111111011111111101111111111110, sa_flags=SA_RESTART|SA_SIGINFO
SIGILL: [libjvm.so+0xe2a490], sa_mask[0]=11111111011111111101111111111110, sa_flags=SA_RESTART|SA_SIGINFO
SIGUSR2: [libjvm.so+0xb80700], sa_mask[0]=00100000000000000000000000000000, sa_flags=SA_RESTART|SA_SIGINFO
SIGHUP: [libjvm.so+0xb80bc0], sa_mask[0]=11111111011111111101111111111110, sa_flags=SA_RESTART|SA_SIGINFO
SIGINT: [libjvm.so+0xb80bc0], sa_mask[0]=11111111011111111101111111111110, sa_flags=SA_RESTART|SA_SIGINFO
SIGTERM: [libjvm.so+0xb80bc0], sa_mask[0]=11111111011111111101111111111110, sa_flags=SA_RESTART|SA_SIGINFO
SIGQUIT: [libjvm.so+0xb80bc0], sa_mask[0]=11111111011111111101111111111110, sa_flags=SA_RESTART|SA_SIGINFO


---------------  S Y S T E M  ---------------

OS:DISTRIB_ID=LinuxMint
DISTRIB_RELEASE=19.3
DISTRIB_CODENAME=tricia
DISTRIB_DESCRIPTION="Linux Mint 19.3 Tricia"
uname:Linux 5.4.0-104-generic #118~18.04.1-Ubuntu SMP Thu Mar 3 13:53:15 UTC 2022 x86_64
OS uptime: 0 days 4:50 hours
libc:glibc 2.27 NPTL 2.27 
rlimit (soft/hard): STACK 8192k/infinity , CORE 0k/infinity , NPROC 22917/22917 , NOFILE 1048576/1048576 , AS infinity/infinity , CPU infinity/infinity , DATA infinity/infinity , FSIZE infinity/infinity , MEMLOCK 65536k/65536k
load average:2,94 2,42 2,12

/proc/meminfo:
MemTotal:        5943256 kB
MemFree:          117952 kB
MemAvailable:     658452 kB
Buffers:           21224 kB
Cached:           742884 kB
SwapCached:        20980 kB
Active:          4261984 kB
Inactive:        1162832 kB
Active(anon):    4031020 kB
Inactive(anon):   674576 kB
Active(file):     230964 kB
Inactive(file):   488256 kB
Unevictable:         808 kB
Mlocked:             544 kB
SwapTotal:       1952764 kB
SwapFree:         851964 kB
Dirty:             59836 kB
Writeback:             0 kB
AnonPages:       4652208 kB
Mapped:           362020 kB
Shmem:             44780 kB
KReclaimable:      66612 kB
Slab:             163212 kB
SReclaimable:      66612 kB
SUnreclaim:        96600 kB
KernelStack:       22624 kB
PageTables:        75504 kB
NFS_Unstable:          0 kB
Bounce:                0 kB
WritebackTmp:          0 kB
CommitLimit:     4924392 kB
Committed_AS:   11447012 kB
VmallocTotal:   34359738367 kB
VmallocUsed:       56392 kB
VmallocChunk:          0 kB
Percpu:             3264 kB
HardwareCorrupted:     0 kB
AnonHugePages:         0 kB
ShmemHugePages:        0 kB
ShmemPmdMapped:        0 kB
FileHugePages:         0 kB
FilePmdMapped:         0 kB
CmaTotal:              0 kB
CmaFree:               0 kB
HugePages_Total:       0
HugePages_Free:        0
HugePages_Rsvd:        0
HugePages_Surp:        0
Hugepagesize:       2048 kB
Hugetlb:               0 kB
DirectMap4k:      448280 kB
DirectMap2M:     5703680 kB

/sys/kernel/mm/transparent_hugepage/enabled:
always [madvise] never
/sys/kernel/mm/transparent_hugepage/defrag (defrag/compaction efforts parameter):
always defer defer+madvise [madvise] never

Process Memory:
Virtual Size: 4444392K (peak: 12936604K)
Resident Set Size: 74832K (peak: 74832K) (anon: 42652K, file: 32180K, shmem: 0K)
Swapped out: 0K
C-Heap outstanding allocations: 11792K

/proc/sys/kernel/threads-max (system-wide limit on the number of threads):
45834
/proc/sys/vm/max_map_count (maximum number of memory map areas a process may have):
65530
/proc/sys/kernel/pid_max (system-wide limit on number of process identifiers):
32768

container (cgroup) information:
container_type: cgroupv1
cpu_cpuset_cpus: 0-3
cpu_memory_nodes: 0
active_processor_count: 4
cpu_quota: -1
cpu_period: 100000
cpu_shares: -1
memory_limit_in_bytes: -1
memory_and_swap_limit_in_bytes: -2
memory_soft_limit_in_bytes: -1
memory_usage_in_bytes: 5555232768
memory_max_usage_in_bytes: 0

Steal ticks since vm start: 0
Steal ticks percentage since vm start:  0,000

CPU:total 4 (initial active 4) (2 cores per cpu, 2 threads per core) family 6 model 58 stepping 9 microcode 0x21, cmov, cx8, fxsr, mmx, sse, sse2, sse3, ssse3, sse4.1, sse4.2, popcnt, avx, aes, clmul, erms, ht, tsc, tscinvbit, tscinv
CPU Model and flags from /proc/cpuinfo:
model name	: Intel(R) Core(TM) i5-3210M CPU @ 2.50GHz
flags		: fpu vme de pse tsc msr pae mce cx8 apic sep mtrr pge mca cmov pat pse36 clflush dts acpi mmx fxsr sse sse2 ss ht tm pbe syscall nx rdtscp lm constant_tsc arch_perfmon pebs bts rep_good nopl xtopology nonstop_tsc cpuid aperfmperf pni pclmulqdq dtes64 monitor ds_cpl vmx est tm2 ssse3 cx16 xtpr pdcm pcid sse4_1 sse4_2 x2apic popcnt tsc_deadline_timer aes xsave avx f16c rdrand lahf_lm cpuid_fault epb pti ssbd ibrs ibpb stibp tpr_shadow vnmi flexpriority ept vpid fsgsbase smep erms xsaveopt dtherm ida arat pln pts md_clear flush_l1d
Online cpus:
0-3
Offline cpus:
4-7
BIOS frequency limitation:
<Not Available>
Frequency switch latency (ns):
0
Available cpu frequencies:
<Not Available>
Current governor:
powersave
Core performance/turbo boost:
<Not Available>

Memory: 4k page, physical 5943256k(117952k free), swap 1952764k(851964k free)

vm_info: OpenJDK 64-Bit Server VM (11.0.14+9-Ubuntu-0ubuntu2.18.04) for linux-amd64 JRE (11.0.14+9-Ubuntu-0ubuntu2.18.04), built on Jan 25 2022 14:03:04 by "unknown" with gcc 8.4.0

END.
