#
# A fatal error has been detected by the Java Runtime Environment:
#
#  SIGSEGV (0xb) at pc=0x00007fd690daec27, pid=23837, tid=23840
#
# JRE version: OpenJDK Runtime Environment (11.0.14+9) (build 11.0.14+9-Ubuntu-0ubuntu2.18.04)
# Java VM: OpenJDK 64-Bit Server VM (11.0.14+9-Ubuntu-0ubuntu2.18.04, mixed mode, sharing, tiered, compressed oops, g1 gc, linux-amd64)
# Problematic frame:
# C  [libtesseract.so.4.0.0+0xa1c27]  tesseract::Tesseract::recog_all_words(PAGE_RES*, ETEXT_DESC*, TBOX const*, char const*, int)+0x437
#
# Core dump will be written. Default location: Core dumps may be processed with "/lib/systemd/systemd-coredump %P %u %g %s %t 9223372036854775808 %e" (or dumping to /home/dmitry/Документы/IdeaProjects/sudoky/core.23837)
#
# If you would like to submit a bug report, please visit:
#   https://bugs.launchpad.net/ubuntu/+source/openjdk-lts
# The crash happened outside the Java Virtual Machine in native code.
# See problematic frame for where to report the bug.
#

---------------  S U M M A R Y ------------

Command Line: -javaagent:/home/dmitry/Programs/apps/IDEA-C/ch-0/213.7172.25/lib/idea_rt.jar=38057:/home/dmitry/Programs/apps/IDEA-C/ch-0/213.7172.25/bin -Dfile.encoding=UTF-8 MainKt

Host: Intel(R) Core(TM) i5-3210M CPU @ 2.50GHz, 4 cores, 5G, Linux Mint 19.3 Tricia
Time: Sat Mar 26 13:52:38 2022 +03 elapsed time: 1.093845 seconds (0d 0h 0m 1s)

---------------  T H R E A D  ---------------

Current thread (0x00007fd6d4019000):  JavaThread "main" [_thread_in_native, id=23840, stack(0x00007fd6dab94000,0x00007fd6dac95000)]

Stack: [0x00007fd6dab94000,0x00007fd6dac95000],  sp=0x00007fd6dac92700,  free space=1017k
Native frames: (J=compiled Java code, A=aot compiled Java code, j=interpreted, Vv=VM code, C=native code)
C  [libtesseract.so.4.0.0+0xa1c27]  tesseract::Tesseract::recog_all_words(PAGE_RES*, ETEXT_DESC*, TBOX const*, char const*, int)+0x437

Java frames: (J=compiled Java code, j=interpreted, Vv=VM code)
j  com.sun.jna.Native.invokePointer(JI[Ljava/lang/Object;)J+0
j  com.sun.jna.Function.invokePointer(I[Ljava/lang/Object;)Lcom/sun/jna/Pointer;+6
j  com.sun.jna.Function.invoke([Ljava/lang/Object;Ljava/lang/Class;Z)Ljava/lang/Object;+426
j  com.sun.jna.Function.invoke(Ljava/lang/Class;[Ljava/lang/Object;Ljava/util/Map;)Ljava/lang/Object;+262
j  com.sun.jna.Library$Handler.invoke(Ljava/lang/Object;Ljava/lang/reflect/Method;[Ljava/lang/Object;)Ljava/lang/Object;+316
j  com.sun.proxy.$Proxy0.TessBaseAPIGetUTF8Text(Lnet/sourceforge/tess4j/ITessAPI$TessBaseAPI;)Lcom/sun/jna/Pointer;+16
j  net.sourceforge.tess4j.Tesseract.getOCRText(Ljava/lang/String;I)Ljava/lang/String;+62
j  net.sourceforge.tess4j.Tesseract.doOCR(Ljava/util/List;Ljava/lang/String;Ljava/awt/Rectangle;)Ljava/lang/String;+69
j  net.sourceforge.tess4j.Tesseract.doOCR(Ljava/io/File;Ljava/awt/Rectangle;)Ljava/lang/String;+10
j  net.sourceforge.tess4j.Tesseract.doOCR(Ljava/io/File;)Ljava/lang/String;+3
j  MainKt.main([Ljava/lang/String;)V+144
v  ~StubRoutines::call_stub

siginfo: si_signo: 11 (SIGSEGV), si_code: 1 (SEGV_MAPERR), si_addr: 0x000000000000000c

Register to memory mapping:

RAX=0x0 is NULL
RBX=0x00007fd6d4735ae0 points into unknown readable memory: 0x00007fd69121ab88 | 88 ab 21 91 d6 7f 00 00
RCX=0x0 is NULL
RDX=0x00007fd6d47576d8 points into unknown readable memory: 0x0000000000000000 | 00 00 00 00 00 00 00 00
RSP=0x00007fd6dac92700 is pointing into the stack for thread: 0x00007fd6d4019000
RBP=0x00007fd6dac92750 is pointing into the stack for thread: 0x00007fd6d4019000
RSI=0x0 is NULL
RDI=0x00007fd6dac92810 is pointing into the stack for thread: 0x00007fd6d4019000
R8 =0x0 is NULL
R9 =0x0 is NULL
R10=0x00007fd6d40008d0 points into unknown readable memory: 0x0701000100000002 | 02 00 00 00 01 00 01 07
R11=0x0 is NULL
R12=0x00007fd6d47ef260 points into unknown readable memory: 0x0000000000000000 | 00 00 00 00 00 00 00 00
R13=0x0 is NULL
R14=0x0 is NULL
R15=0x00007fd6d47ef260 points into unknown readable memory: 0x0000000000000000 | 00 00 00 00 00 00 00 00


Registers:
RAX=0x0000000000000000, RBX=0x00007fd6d4735ae0, RCX=0x0000000000000000, RDX=0x00007fd6d47576d8
RSP=0x00007fd6dac92700, RBP=0x00007fd6dac92750, RSI=0x0000000000000000, RDI=0x00007fd6dac92810
R8 =0x0000000000000000, R9 =0x0000000000000000, R10=0x00007fd6d40008d0, R11=0x0000000000000000
R12=0x00007fd6d47ef260, R13=0x0000000000000000, R14=0x0000000000000000, R15=0x00007fd6d47ef260
RIP=0x00007fd690daec27, EFLAGS=0x0000000000010246, CSGSFS=0x002b000000000033, ERR=0x0000000000000004
  TRAPNO=0x000000000000000e

Top of Stack: (sp=0x00007fd6dac92700)
0x00007fd6dac92700:   0000000000000000 0000000000000000
0x00007fd6dac92710:   0000000000000000 00007fd6d47ff260
0x00007fd6dac92720:   00007fd6d4769c30 00007fd6d47ed640
0x00007fd6dac92730:   0000000000000001 00007fd6dac92760 

Instructions: (pc=0x00007fd690daec27)
0x00007fd690daeb27:   89 e6 48 89 df e8 af 87 ff ff 4c 89 e6 48 89 df
0x00007fd690daeb37:   e8 b4 8b ff ff 4c 89 e6 48 89 df e8 f9 72 ff ff
0x00007fd690daeb47:   4c 89 e6 48 89 df e8 7e 74 ff ff e9 a9 fd ff ff
0x00007fd690daeb57:   66 0f 1f 84 00 00 00 00 00 48 8b 40 10 7e 2a 8b
0x00007fd690daeb67:   38 85 ff 75 4c 48 83 c0 04 83 ea 01 48 8d 14 90
0x00007fd690daeb77:   eb 12 0f 1f 80 00 00 00 00 48 83 c0 04 8b 70 fc
0x00007fd690daeb87:   85 f6 75 2d 48 39 c2 75 f0 48 85 c9 74 1b 8b 41
0x00007fd690daeb97:   10 8d 50 ff 83 fa 02 76 10 83 e8 05 83 f8 03 77
0x00007fd690daeba7:   10 0f 1f 84 00 00 00 00 00 48 89 ef e8 e8 2d 19
0x00007fd690daebb7:   00 31 d2 31 f6 48 89 ef e8 2c f6 18 00 48 8b 44
0x00007fd690daebc7:   24 70 48 85 c0 0f 84 8e fd ff ff 48 8b 94 24 80
0x00007fd690daebd7:   00 00 00 31 c9 48 8b 52 08 48 85 d2 74 04 48 8b
0x00007fd690daebe7:   4a 08 48 8b 80 e8 00 00 00 48 85 c0 74 bb 8b 50
0x00007fd690daebf7:   34 83 fa 00 74 b3 e9 5e ff ff ff 66 0f 1f 44 00
0x00007fd690daec07:   00 31 f6 48 89 ef e8 ce f9 18 00 8b 83 a0 15 00
0x00007fd690daec17:   00 85 c0 0f 8f c0 00 00 00 48 8b 83 40 0a 00 00
0x00007fd690daec27:   80 78 0c 00 0f 85 a7 02 00 00 8b 83 58 47 02 00
0x00007fd690daec37:   85 c0 0f 8e b1 00 00 00 31 d2 45 31 ff eb 2c 66
0x00007fd690daec47:   2e 0f 1f 84 00 00 00 00 00 48 8b 8f 40 0a 00 00
0x00007fd690daec57:   80 79 0c 00 0f 85 ff 01 00 00 41 83 c7 01 48 83
0x00007fd690daec67:   c2 08 44 3b bb 58 47 02 00 7d 7e 48 8b 8b 60 47
0x00007fd690daec77:   02 00 48 8b 3c 11 8b 87 a0 15 00 00 85 c0 7e c9
0x00007fd690daec87:   48 89 54 24 10 e8 8f 46 0f 00 48 8b 54 24 10 eb
0x00007fd690daec97:   c9 0f 1f 84 00 00 00 00 00 80 bb 72 30 02 00 00
0x00007fd690daeca7:   0f 85 73 fc ff ff 8b b3 04 1d 02 00 4c 89 e2 4c
0x00007fd690daecb7:   89 ff e8 32 d4 0b 00 31 f6 48 89 ef e8 18 f9 18
0x00007fd690daecc7:   00 48 8b 44 24 70 48 85 c0 0f 85 fc fe ff ff e9
0x00007fd690daecd7:   94 fc ff ff 0f 1f 44 00 00 48 89 df e8 38 46 0f
0x00007fd690daece7:   00 e9 44 ff ff ff 0f 1f 00 4c 8d 7c 24 30 be 04
0x00007fd690daecf7:   00 00 00 48 c7 44 24 30 00 00 00 00 48 c7 44 24
0x00007fd690daed07:   38 00 00 00 00 48 c7 44 24 40 00 00 00 00 4c 89
0x00007fd690daed17:   ff 48 c7 44 24 48 00 00 00 00 e8 3a 19 00 00 48 


Stack slot to memory mapping:
stack at sp + 0 slots: 0x0 is NULL
stack at sp + 1 slots: 0x0 is NULL
stack at sp + 2 slots: 0x0 is NULL
stack at sp + 3 slots: 0x00007fd6d47ff260 points into unknown readable memory: 0x00007fd6d47ea480 | 80 a4 7e d4 d6 7f 00 00
stack at sp + 4 slots: 0x00007fd6d4769c30 points into unknown readable memory: 0x00007fd6d47ec240 | 40 c2 7e d4 d6 7f 00 00
stack at sp + 5 slots: 0x00007fd6d47ed640 points into unknown readable memory: 0x00007fd6d47ed640 | 40 d6 7e d4 d6 7f 00 00
stack at sp + 6 slots: 0x0000000000000001 is an unknown value
stack at sp + 7 slots: 0x00007fd6dac92760 is pointing into the stack for thread: 0x00007fd6d4019000


---------------  P R O C E S S  ---------------

Threads class SMR info:
_java_thread_list=0x00007fd6d44df4e0, length=12, elements={
0x00007fd6d4019000, 0x00007fd6d414f800, 0x00007fd6d415a000, 0x00007fd6d4160800,
0x00007fd6d4162800, 0x00007fd6d4164800, 0x00007fd6d4167000, 0x00007fd6d4169000,
0x00007fd6d418e800, 0x00007fd688113000, 0x00007fd6d435a000, 0x00007fd6d44ca800
}

Java Threads: ( => current thread )
=>0x00007fd6d4019000 JavaThread "main" [_thread_in_native, id=23840, stack(0x00007fd6dab94000,0x00007fd6dac95000)]
  0x00007fd6d414f800 JavaThread "Reference Handler" daemon [_thread_blocked, id=23847, stack(0x00007fd6b8382000,0x00007fd6b8483000)]
  0x00007fd6d415a000 JavaThread "Finalizer" daemon [_thread_blocked, id=23848, stack(0x00007fd6b8281000,0x00007fd6b8382000)]
  0x00007fd6d4160800 JavaThread "Signal Dispatcher" daemon [_thread_blocked, id=23849, stack(0x00007fd6b8180000,0x00007fd6b8281000)]
  0x00007fd6d4162800 JavaThread "Service Thread" daemon [_thread_blocked, id=23850, stack(0x00007fd6b807f000,0x00007fd6b8180000)]
  0x00007fd6d4164800 JavaThread "C2 CompilerThread0" daemon [_thread_blocked, id=23851, stack(0x00007fd6b004f000,0x00007fd6b0150000)]
  0x00007fd6d4167000 JavaThread "C1 CompilerThread0" daemon [_thread_blocked, id=23852, stack(0x00007fd693aee000,0x00007fd693bef000)]
  0x00007fd6d4169000 JavaThread "Sweeper thread" daemon [_thread_blocked, id=23853, stack(0x00007fd6939ed000,0x00007fd693aee000)]
  0x00007fd6d418e800 JavaThread "Common-Cleaner" daemon [_thread_blocked, id=23854, stack(0x00007fd6938ec000,0x00007fd6939ed000)]
  0x00007fd688113000 JavaThread "C2 CompilerThread1" daemon [_thread_blocked, id=23855, stack(0x00007fd6933c4000,0x00007fd6934c5000)]
  0x00007fd6d435a000 JavaThread "Monitor Ctrl-Break" daemon [_thread_in_native, id=23856, stack(0x00007fd6932c3000,0x00007fd6933c4000)]
  0x00007fd6d44ca800 JavaThread "Java2D Disposer" daemon [_thread_blocked, id=23858, stack(0x00007fd6915db000,0x00007fd6916dc000)]

Other Threads:
  0x00007fd6d414d000 VMThread "VM Thread" [stack: 0x00007fd6b8485000,0x00007fd6b8585000] [id=23846]
  0x00007fd6d435c800 WatcherThread [stack: 0x00007fd6931c3000,0x00007fd6932c3000] [id=23857]
  0x00007fd6d4031000 GCTaskThread "GC Thread#0" [stack: 0x00007fd6bb0c9000,0x00007fd6bb1c9000] [id=23841]
  0x00007fd6a0001000 GCTaskThread "GC Thread#1" [stack: 0x00007fd6900e2000,0x00007fd6901e2000] [id=23859]
  0x00007fd6d4056800 ConcurrentGCThread "G1 Main Marker" [stack: 0x00007fd6b8c91000,0x00007fd6b8d91000] [id=23842]
  0x00007fd6d4058800 ConcurrentGCThread "G1 Conc#0" [stack: 0x00007fd6b8b8f000,0x00007fd6b8c8f000] [id=23843]
  0x00007fd6d40b5000 ConcurrentGCThread "G1 Refine#0" [stack: 0x00007fd6b8689000,0x00007fd6b8789000] [id=23844]
  0x00007fd6d40b7000 ConcurrentGCThread "G1 Young RemSet Sampling" [stack: 0x00007fd6b8587000,0x00007fd6b8687000] [id=23845]

Threads with active compile tasks:

VM state:not at safepoint (normal execution)

VM Mutex/Monitor currently owned by a thread: None

Heap address: 0x00000000a5400000, size: 1452 MB, Compressed Oops mode: 32-bit
Narrow klass base: 0x0000000800000000, Narrow klass shift: 3
Compressed class space size: 1073741824 Address: 0x0000000840000000

Heap:
 garbage-first heap   total 96256K, used 11953K [0x00000000a5400000, 0x0000000100000000)
  region size 1024K, 11 young (11264K), 2 survivors (2048K)
 Metaspace       used 6519K, capacity 6916K, committed 7040K, reserved 1056768K
  class space    used 717K, capacity 798K, committed 896K, reserved 1048576K
Heap Regions: E=young(eden), S=young(survivor), O=old, HS=humongous(starts), HC=humongous(continues), CS=collection set, F=free, A=archive, TAMS=top-at-mark-start (previous, next)
|   0|0x00000000a5400000, 0x00000000a54fa400, 0x00000000a5500000| 97%| O|  |TAMS 0x00000000a5400000, 0x00000000a5400000| Untracked 
|   1|0x00000000a5500000, 0x00000000a5600000, 0x00000000a5600000|100%|HS|  |TAMS 0x00000000a5500000, 0x00000000a5500000| Complete 
|   2|0x00000000a5600000, 0x00000000a5600000, 0x00000000a5700000|  0%| F|  |TAMS 0x00000000a5600000, 0x00000000a5600000| Untracked 
|   3|0x00000000a5700000, 0x00000000a5700000, 0x00000000a5800000|  0%| F|  |TAMS 0x00000000a5700000, 0x00000000a5700000| Untracked 
|   4|0x00000000a5800000, 0x00000000a5800000, 0x00000000a5900000|  0%| F|  |TAMS 0x00000000a5800000, 0x00000000a5800000| Untracked 
|   5|0x00000000a5900000, 0x00000000a5900000, 0x00000000a5a00000|  0%| F|  |TAMS 0x00000000a5900000, 0x00000000a5900000| Untracked 
|   6|0x00000000a5a00000, 0x00000000a5a00000, 0x00000000a5b00000|  0%| F|  |TAMS 0x00000000a5a00000, 0x00000000a5a00000| Untracked 
|   7|0x00000000a5b00000, 0x00000000a5b00000, 0x00000000a5c00000|  0%| F|  |TAMS 0x00000000a5b00000, 0x00000000a5b00000| Untracked 
|   8|0x00000000a5c00000, 0x00000000a5c00000, 0x00000000a5d00000|  0%| F|  |TAMS 0x00000000a5c00000, 0x00000000a5c00000| Untracked 
|   9|0x00000000a5d00000, 0x00000000a5d00000, 0x00000000a5e00000|  0%| F|  |TAMS 0x00000000a5d00000, 0x00000000a5d00000| Untracked 
|  10|0x00000000a5e00000, 0x00000000a5e00000, 0x00000000a5f00000|  0%| F|  |TAMS 0x00000000a5e00000, 0x00000000a5e00000| Untracked 
|  11|0x00000000a5f00000, 0x00000000a5f00000, 0x00000000a6000000|  0%| F|  |TAMS 0x00000000a5f00000, 0x00000000a5f00000| Untracked 
|  12|0x00000000a6000000, 0x00000000a6000000, 0x00000000a6100000|  0%| F|  |TAMS 0x00000000a6000000, 0x00000000a6000000| Untracked 
|  13|0x00000000a6100000, 0x00000000a6100000, 0x00000000a6200000|  0%| F|  |TAMS 0x00000000a6100000, 0x00000000a6100000| Untracked 
|  14|0x00000000a6200000, 0x00000000a6200000, 0x00000000a6300000|  0%| F|  |TAMS 0x00000000a6200000, 0x00000000a6200000| Untracked 
|  15|0x00000000a6300000, 0x00000000a6300000, 0x00000000a6400000|  0%| F|  |TAMS 0x00000000a6300000, 0x00000000a6300000| Untracked 
|  16|0x00000000a6400000, 0x00000000a6400000, 0x00000000a6500000|  0%| F|  |TAMS 0x00000000a6400000, 0x00000000a6400000| Untracked 
|  17|0x00000000a6500000, 0x00000000a6500000, 0x00000000a6600000|  0%| F|  |TAMS 0x00000000a6500000, 0x00000000a6500000| Untracked 
|  18|0x00000000a6600000, 0x00000000a6600000, 0x00000000a6700000|  0%| F|  |TAMS 0x00000000a6600000, 0x00000000a6600000| Untracked 
|  19|0x00000000a6700000, 0x00000000a6700000, 0x00000000a6800000|  0%| F|  |TAMS 0x00000000a6700000, 0x00000000a6700000| Untracked 
|  20|0x00000000a6800000, 0x00000000a6800000, 0x00000000a6900000|  0%| F|  |TAMS 0x00000000a6800000, 0x00000000a6800000| Untracked 
|  21|0x00000000a6900000, 0x00000000a6900000, 0x00000000a6a00000|  0%| F|  |TAMS 0x00000000a6900000, 0x00000000a6900000| Untracked 
|  22|0x00000000a6a00000, 0x00000000a6a00000, 0x00000000a6b00000|  0%| F|  |TAMS 0x00000000a6a00000, 0x00000000a6a00000| Untracked 
|  23|0x00000000a6b00000, 0x00000000a6b00000, 0x00000000a6c00000|  0%| F|  |TAMS 0x00000000a6b00000, 0x00000000a6b00000| Untracked 
|  24|0x00000000a6c00000, 0x00000000a6c00000, 0x00000000a6d00000|  0%| F|  |TAMS 0x00000000a6c00000, 0x00000000a6c00000| Untracked 
|  25|0x00000000a6d00000, 0x00000000a6d00000, 0x00000000a6e00000|  0%| F|  |TAMS 0x00000000a6d00000, 0x00000000a6d00000| Untracked 
|  26|0x00000000a6e00000, 0x00000000a6e00000, 0x00000000a6f00000|  0%| F|  |TAMS 0x00000000a6e00000, 0x00000000a6e00000| Untracked 
|  27|0x00000000a6f00000, 0x00000000a6f00000, 0x00000000a7000000|  0%| F|  |TAMS 0x00000000a6f00000, 0x00000000a6f00000| Untracked 
|  28|0x00000000a7000000, 0x00000000a7000000, 0x00000000a7100000|  0%| F|  |TAMS 0x00000000a7000000, 0x00000000a7000000| Untracked 
|  29|0x00000000a7100000, 0x00000000a7100000, 0x00000000a7200000|  0%| F|  |TAMS 0x00000000a7100000, 0x00000000a7100000| Untracked 
|  30|0x00000000a7200000, 0x00000000a7200000, 0x00000000a7300000|  0%| F|  |TAMS 0x00000000a7200000, 0x00000000a7200000| Untracked 
|  31|0x00000000a7300000, 0x00000000a7300000, 0x00000000a7400000|  0%| F|  |TAMS 0x00000000a7300000, 0x00000000a7300000| Untracked 
|  32|0x00000000a7400000, 0x00000000a7400000, 0x00000000a7500000|  0%| F|  |TAMS 0x00000000a7400000, 0x00000000a7400000| Untracked 
|  33|0x00000000a7500000, 0x00000000a7500000, 0x00000000a7600000|  0%| F|  |TAMS 0x00000000a7500000, 0x00000000a7500000| Untracked 
|  34|0x00000000a7600000, 0x00000000a7600000, 0x00000000a7700000|  0%| F|  |TAMS 0x00000000a7600000, 0x00000000a7600000| Untracked 
|  35|0x00000000a7700000, 0x00000000a7700000, 0x00000000a7800000|  0%| F|  |TAMS 0x00000000a7700000, 0x00000000a7700000| Untracked 
|  36|0x00000000a7800000, 0x00000000a7800000, 0x00000000a7900000|  0%| F|  |TAMS 0x00000000a7800000, 0x00000000a7800000| Untracked 
|  37|0x00000000a7900000, 0x00000000a7900000, 0x00000000a7a00000|  0%| F|  |TAMS 0x00000000a7900000, 0x00000000a7900000| Untracked 
|  38|0x00000000a7a00000, 0x00000000a7a00000, 0x00000000a7b00000|  0%| F|  |TAMS 0x00000000a7a00000, 0x00000000a7a00000| Untracked 
|  39|0x00000000a7b00000, 0x00000000a7b00000, 0x00000000a7c00000|  0%| F|  |TAMS 0x00000000a7b00000, 0x00000000a7b00000| Untracked 
|  40|0x00000000a7c00000, 0x00000000a7c00000, 0x00000000a7d00000|  0%| F|  |TAMS 0x00000000a7c00000, 0x00000000a7c00000| Untracked 
|  41|0x00000000a7d00000, 0x00000000a7d00000, 0x00000000a7e00000|  0%| F|  |TAMS 0x00000000a7d00000, 0x00000000a7d00000| Untracked 
|  42|0x00000000a7e00000, 0x00000000a7e00000, 0x00000000a7f00000|  0%| F|  |TAMS 0x00000000a7e00000, 0x00000000a7e00000| Untracked 
|  43|0x00000000a7f00000, 0x00000000a7f00000, 0x00000000a8000000|  0%| F|  |TAMS 0x00000000a7f00000, 0x00000000a7f00000| Untracked 
|  44|0x00000000a8000000, 0x00000000a8000000, 0x00000000a8100000|  0%| F|  |TAMS 0x00000000a8000000, 0x00000000a8000000| Untracked 
|  45|0x00000000a8100000, 0x00000000a8100000, 0x00000000a8200000|  0%| F|  |TAMS 0x00000000a8100000, 0x00000000a8100000| Untracked 
|  46|0x00000000a8200000, 0x00000000a8200000, 0x00000000a8300000|  0%| F|  |TAMS 0x00000000a8200000, 0x00000000a8200000| Untracked 
|  47|0x00000000a8300000, 0x00000000a8300000, 0x00000000a8400000|  0%| F|  |TAMS 0x00000000a8300000, 0x00000000a8300000| Untracked 
|  48|0x00000000a8400000, 0x00000000a8400000, 0x00000000a8500000|  0%| F|  |TAMS 0x00000000a8400000, 0x00000000a8400000| Untracked 
|  49|0x00000000a8500000, 0x00000000a8500000, 0x00000000a8600000|  0%| F|  |TAMS 0x00000000a8500000, 0x00000000a8500000| Untracked 
|  50|0x00000000a8600000, 0x00000000a8600000, 0x00000000a8700000|  0%| F|  |TAMS 0x00000000a8600000, 0x00000000a8600000| Untracked 
|  51|0x00000000a8700000, 0x00000000a8700000, 0x00000000a8800000|  0%| F|  |TAMS 0x00000000a8700000, 0x00000000a8700000| Untracked 
|  52|0x00000000a8800000, 0x00000000a8800000, 0x00000000a8900000|  0%| F|  |TAMS 0x00000000a8800000, 0x00000000a8800000| Untracked 
|  53|0x00000000a8900000, 0x00000000a8900000, 0x00000000a8a00000|  0%| F|  |TAMS 0x00000000a8900000, 0x00000000a8900000| Untracked 
|  54|0x00000000a8a00000, 0x00000000a8a00000, 0x00000000a8b00000|  0%| F|  |TAMS 0x00000000a8a00000, 0x00000000a8a00000| Untracked 
|  55|0x00000000a8b00000, 0x00000000a8b00000, 0x00000000a8c00000|  0%| F|  |TAMS 0x00000000a8b00000, 0x00000000a8b00000| Untracked 
|  56|0x00000000a8c00000, 0x00000000a8c00000, 0x00000000a8d00000|  0%| F|  |TAMS 0x00000000a8c00000, 0x00000000a8c00000| Untracked 
|  57|0x00000000a8d00000, 0x00000000a8d00000, 0x00000000a8e00000|  0%| F|  |TAMS 0x00000000a8d00000, 0x00000000a8d00000| Untracked 
|  58|0x00000000a8e00000, 0x00000000a8e00000, 0x00000000a8f00000|  0%| F|  |TAMS 0x00000000a8e00000, 0x00000000a8e00000| Untracked 
|  59|0x00000000a8f00000, 0x00000000a8f00000, 0x00000000a9000000|  0%| F|  |TAMS 0x00000000a8f00000, 0x00000000a8f00000| Untracked 
|  60|0x00000000a9000000, 0x00000000a9000000, 0x00000000a9100000|  0%| F|  |TAMS 0x00000000a9000000, 0x00000000a9000000| Untracked 
|  61|0x00000000a9100000, 0x00000000a9100000, 0x00000000a9200000|  0%| F|  |TAMS 0x00000000a9100000, 0x00000000a9100000| Untracked 
|  62|0x00000000a9200000, 0x00000000a9200000, 0x00000000a9300000|  0%| F|  |TAMS 0x00000000a9200000, 0x00000000a9200000| Untracked 
|  63|0x00000000a9300000, 0x00000000a9300000, 0x00000000a9400000|  0%| F|  |TAMS 0x00000000a9300000, 0x00000000a9300000| Untracked 
|  64|0x00000000a9400000, 0x00000000a9400000, 0x00000000a9500000|  0%| F|  |TAMS 0x00000000a9400000, 0x00000000a9400000| Untracked 
|  65|0x00000000a9500000, 0x00000000a9500000, 0x00000000a9600000|  0%| F|  |TAMS 0x00000000a9500000, 0x00000000a9500000| Untracked 
|  66|0x00000000a9600000, 0x00000000a9600000, 0x00000000a9700000|  0%| F|  |TAMS 0x00000000a9600000, 0x00000000a9600000| Untracked 
|  67|0x00000000a9700000, 0x00000000a9700000, 0x00000000a9800000|  0%| F|  |TAMS 0x00000000a9700000, 0x00000000a9700000| Untracked 
|  68|0x00000000a9800000, 0x00000000a9800000, 0x00000000a9900000|  0%| F|  |TAMS 0x00000000a9800000, 0x00000000a9800000| Untracked 
|  69|0x00000000a9900000, 0x00000000a9900000, 0x00000000a9a00000|  0%| F|  |TAMS 0x00000000a9900000, 0x00000000a9900000| Untracked 
|  70|0x00000000a9a00000, 0x00000000a9a00000, 0x00000000a9b00000|  0%| F|  |TAMS 0x00000000a9a00000, 0x00000000a9a00000| Untracked 
|  71|0x00000000a9b00000, 0x00000000a9b00000, 0x00000000a9c00000|  0%| F|  |TAMS 0x00000000a9b00000, 0x00000000a9b00000| Untracked 
|  72|0x00000000a9c00000, 0x00000000a9c00000, 0x00000000a9d00000|  0%| F|  |TAMS 0x00000000a9c00000, 0x00000000a9c00000| Untracked 
|  73|0x00000000a9d00000, 0x00000000a9d00000, 0x00000000a9e00000|  0%| F|  |TAMS 0x00000000a9d00000, 0x00000000a9d00000| Untracked 
|  74|0x00000000a9e00000, 0x00000000a9e00000, 0x00000000a9f00000|  0%| F|  |TAMS 0x00000000a9e00000, 0x00000000a9e00000| Untracked 
|  75|0x00000000a9f00000, 0x00000000a9f00000, 0x00000000aa000000|  0%| F|  |TAMS 0x00000000a9f00000, 0x00000000a9f00000| Untracked 
|  76|0x00000000aa000000, 0x00000000aa100000, 0x00000000aa100000|100%| S|CS|TAMS 0x00000000aa000000, 0x00000000aa000000| Complete 
|  77|0x00000000aa100000, 0x00000000aa200000, 0x00000000aa200000|100%| S|CS|TAMS 0x00000000aa100000, 0x00000000aa100000| Complete 
|  78|0x00000000aa200000, 0x00000000aa200000, 0x00000000aa300000|  0%| F|  |TAMS 0x00000000aa200000, 0x00000000aa200000| Untracked 
|  79|0x00000000aa300000, 0x00000000aa300000, 0x00000000aa400000|  0%| F|  |TAMS 0x00000000aa300000, 0x00000000aa300000| Untracked 
|  80|0x00000000aa400000, 0x00000000aa400000, 0x00000000aa500000|  0%| F|  |TAMS 0x00000000aa400000, 0x00000000aa400000| Untracked 
|  81|0x00000000aa500000, 0x00000000aa500000, 0x00000000aa600000|  0%| F|  |TAMS 0x00000000aa500000, 0x00000000aa500000| Untracked 
|  82|0x00000000aa600000, 0x00000000aa600000, 0x00000000aa700000|  0%| F|  |TAMS 0x00000000aa600000, 0x00000000aa600000| Untracked 
|  83|0x00000000aa700000, 0x00000000aa740010, 0x00000000aa800000| 25%| E|  |TAMS 0x00000000aa700000, 0x00000000aa700000| Complete 
|  84|0x00000000aa800000, 0x00000000aa8de0c8, 0x00000000aa900000| 86%| E|  |TAMS 0x00000000aa800000, 0x00000000aa800000| Complete 
|  85|0x00000000aa900000, 0x00000000aaa00000, 0x00000000aaa00000|100%| E|CS|TAMS 0x00000000aa900000, 0x00000000aa900000| Complete 
|  86|0x00000000aaa00000, 0x00000000aab00000, 0x00000000aab00000|100%| E|CS|TAMS 0x00000000aaa00000, 0x00000000aaa00000| Complete 
|  87|0x00000000aab00000, 0x00000000aac00000, 0x00000000aac00000|100%| E|CS|TAMS 0x00000000aab00000, 0x00000000aab00000| Complete 
|  88|0x00000000aac00000, 0x00000000aad00000, 0x00000000aad00000|100%| E|CS|TAMS 0x00000000aac00000, 0x00000000aac00000| Complete 
|  89|0x00000000aad00000, 0x00000000aae00000, 0x00000000aae00000|100%| E|CS|TAMS 0x00000000aad00000, 0x00000000aad00000| Complete 
|  90|0x00000000aae00000, 0x00000000aaf00000, 0x00000000aaf00000|100%| E|CS|TAMS 0x00000000aae00000, 0x00000000aae00000| Complete 
|  91|0x00000000aaf00000, 0x00000000ab000000, 0x00000000ab000000|100%| E|CS|TAMS 0x00000000aaf00000, 0x00000000aaf00000| Complete 
|1450|0x00000000ffe00000, 0x00000000ffe47000, 0x00000000fff00000| 27%|OA|  |TAMS 0x00000000ffe00000, 0x00000000ffe00000| Untracked 
|1451|0x00000000fff00000, 0x00000000fff6b000, 0x0000000100000000| 41%|CA|  |TAMS 0x00000000fff00000, 0x00000000fff00000| Untracked 

Card table byte_map: [0x00007fd6ba717000,0x00007fd6ba9ed000] _byte_map_base: 0x00007fd6ba1ed000

Marking Bits (Prev, Next): (CMBitMap*) 0x00007fd6d40502b8, (CMBitMap*) 0x00007fd6d40502f0
 Prev Bits: [0x00007fd6b8d91000, 0x00007fd6ba441000)
 Next Bits: [0x00007fd6b2950000, 0x00007fd6b4000000)

Polling page: 0x00007fd6dacb3000

Metaspace:

Usage:
  Non-class:      5,97 MB capacity,     5,67 MB ( 95%) used,   300,48 KB (  5%) free+waste,    14,88 KB ( <1%) overhead. 
      Class:    798,00 KB capacity,   717,07 KB ( 90%) used,    72,74 KB (  9%) free+waste,     8,19 KB (  1%) overhead. 
       Both:      6,75 MB capacity,     6,37 MB ( 94%) used,   373,23 KB (  5%) free+waste,    23,06 KB ( <1%) overhead. 

Virtual space:
  Non-class space:        8,00 MB reserved,       6,00 MB ( 75%) committed 
      Class space:        1,00 GB reserved,     896,00 KB ( <1%) committed 
             Both:        1,01 GB reserved,       6,88 MB ( <1%) committed 

Chunk freelists:
   Non-Class:  26,00 KB
       Class:  2,00 KB
        Both:  28,00 KB

MaxMetaspaceSize: unlimited
CompressedClassSpaceSize: 1,00 GB
Initial GC threshold: 20,80 MB
Current GC threshold: 20,80 MB
CDS: on

CodeHeap 'non-profiled nmethods': size=120032Kb used=367Kb max_used=367Kb free=119665Kb
 bounds [0x00007fd6c2e67000, 0x00007fd6c30d7000, 0x00007fd6ca39f000]
CodeHeap 'profiled nmethods': size=120032Kb used=2120Kb max_used=2120Kb free=117911Kb
 bounds [0x00007fd6bb92f000, 0x00007fd6bbb9f000, 0x00007fd6c2e67000]
CodeHeap 'non-nmethods': size=5696Kb used=1176Kb max_used=1190Kb free=4519Kb
 bounds [0x00007fd6bb39f000, 0x00007fd6bb60f000, 0x00007fd6bb92f000]
 total_blobs=1550 nmethods=1107 adapters=357
 compilation: enabled
              stopped_count=0, restarted_count=0
 full_count=0

Compilation events (20 events):
Event: 1,055 Thread 0x00007fd6d4167000 1099       1       java.awt.image.DataBuffer::getOffset (5 bytes)
Event: 1,055 Thread 0x00007fd6d4167000 nmethod 1099 0x00007fd6c2ec0d10 code [0x00007fd6c2ec0ec0, 0x00007fd6c2ec0f90]
Event: 1,055 Thread 0x00007fd6d4167000 1100       3       javax.imageio.stream.FileCacheImageOutputStream::seek (61 bytes)
Event: 1,055 Thread 0x00007fd6d4167000 nmethod 1100 0x00007fd6bbb3d690 code [0x00007fd6bbb3d8c0, 0x00007fd6bbb3df60]
Event: 1,055 Thread 0x00007fd6d4167000 1101       3       com.github.jaiimageio.plugins.tiff.TIFFField::getAsInt (249 bytes)
Event: 1,058 Thread 0x00007fd688113000 nmethod 1090% 0x00007fd6c2ec1010 code [0x00007fd6c2ec11a0, 0x00007fd6c2ec1378]
Event: 1,059 Thread 0x00007fd6d4167000 nmethod 1101 0x00007fd6bbb3e210 code [0x00007fd6bbb3e500, 0x00007fd6bbb3f8f0]
Event: 1,059 Thread 0x00007fd6d4167000 1104       3       java.lang.Math::min (12 bytes)
Event: 1,059 Thread 0x00007fd6d4167000 nmethod 1104 0x00007fd6bbb3ff10 code [0x00007fd6bbb400c0, 0x00007fd6bbb401f0]
Event: 1,059 Thread 0x00007fd6d4167000 1103       1       java.awt.image.BufferedImage::getRaster (5 bytes)
Event: 1,059 Thread 0x00007fd6d4167000 nmethod 1103 0x00007fd6c2ec1490 code [0x00007fd6c2ec1640, 0x00007fd6c2ec1710]
Event: 1,059 Thread 0x00007fd6d4167000 1102       1       java.lang.Long::longValue (5 bytes)
Event: 1,059 Thread 0x00007fd6d4167000 nmethod 1102 0x00007fd6c2ec1790 code [0x00007fd6c2ec1940, 0x00007fd6c2ec1a10]
Event: 1,061 Thread 0x00007fd6d4164800 nmethod 1084 0x00007fd6c2ec1a90 code [0x00007fd6c2ec1c40, 0x00007fd6c2ec2498]
Event: 1,061 Thread 0x00007fd6d4167000 1105       3       java.lang.reflect.Method::copy (84 bytes)
Event: 1,062 Thread 0x00007fd6d4167000 nmethod 1105 0x00007fd6bbb40290 code [0x00007fd6bbb40460, 0x00007fd6bbb40870]
Event: 1,062 Thread 0x00007fd6d4167000 1106       3       java.lang.reflect.Modifier::isPublic (12 bytes)
Event: 1,062 Thread 0x00007fd6d4167000 nmethod 1106 0x00007fd6bbb40990 code [0x00007fd6bbb40b40, 0x00007fd6bbb40c70]
Event: 1,062 Thread 0x00007fd6d4167000 1108       3       jdk.internal.reflect.ClassFileAssembler::emitShort (24 bytes)
Event: 1,063 Thread 0x00007fd6d4167000 nmethod 1108 0x00007fd6bbb40d10 code [0x00007fd6bbb40f00, 0x00007fd6bbb41210]

GC Heap History (2 events):
Event: 0,824 GC heap before
{Heap before GC invocations=0 (full 0):
 garbage-first heap   total 96256K, used 15048K [0x00000000a5400000, 0x0000000100000000)
  region size 1024K, 14 young (14336K), 0 survivors (0K)
 Metaspace       used 5328K, capacity 6101K, committed 6272K, reserved 1056768K
  class space    used 529K, capacity 634K, committed 640K, reserved 1048576K
}
Event: 0,837 GC heap after
{Heap after GC invocations=1 (full 0):
 garbage-first heap   total 96256K, used 3761K [0x00000000a5400000, 0x0000000100000000)
  region size 1024K, 2 young (2048K), 2 survivors (2048K)
 Metaspace       used 5328K, capacity 6101K, committed 6272K, reserved 1056768K
  class space    used 529K, capacity 634K, committed 640K, reserved 1048576K
}

Deoptimization events (20 events):
Event: 0,734 Thread 0x00007fd6d4019000 DEOPT PACKING pc=0x00007fd6bbab1060 sp=0x00007fd6dac93340
Event: 0,734 Thread 0x00007fd6d4019000 DEOPT UNPACKING pc=0x00007fd6bb3e964a sp=0x00007fd6dac927f0 mode 0
Event: 0,854 Thread 0x00007fd6d4019000 Uncommon trap: trap_request=0xffffff4d fr.pc=0x00007fd6c2eb4594 relative=0x00000000000002b4
Event: 0,854 Thread 0x00007fd6d4019000 Uncommon trap: reason=unstable_if action=reinterpret pc=0x00007fd6c2eb4594 method=java.util.HashMap.getNode(ILjava/lang/Object;)Ljava/util/HashMap$Node; @ 62 c2
Event: 0,854 Thread 0x00007fd6d4019000 DEOPT PACKING pc=0x00007fd6c2eb4594 sp=0x00007fd6dac92610
Event: 0,854 Thread 0x00007fd6d4019000 DEOPT UNPACKING pc=0x00007fd6bb3e8ea5 sp=0x00007fd6dac925a0 mode 2
Event: 0,984 Thread 0x00007fd6d4019000 DEOPT PACKING pc=0x00007fd6bbab2a40 sp=0x00007fd6dac93170
Event: 0,984 Thread 0x00007fd6d4019000 DEOPT UNPACKING pc=0x00007fd6bb3e964a sp=0x00007fd6dac92698 mode 0
Event: 0,988 Thread 0x00007fd6d4019000 DEOPT PACKING pc=0x00007fd6bbab2a40 sp=0x00007fd6dac93170
Event: 0,988 Thread 0x00007fd6d4019000 DEOPT UNPACKING pc=0x00007fd6bb3e964a sp=0x00007fd6dac92698 mode 0
Event: 0,990 Thread 0x00007fd6d4019000 DEOPT PACKING pc=0x00007fd6bbab2a40 sp=0x00007fd6dac93170
Event: 0,990 Thread 0x00007fd6d4019000 DEOPT UNPACKING pc=0x00007fd6bb3e964a sp=0x00007fd6dac92698 mode 0
Event: 0,992 Thread 0x00007fd6d4019000 DEOPT PACKING pc=0x00007fd6bbab2a40 sp=0x00007fd6dac93170
Event: 0,992 Thread 0x00007fd6d4019000 DEOPT UNPACKING pc=0x00007fd6bb3e964a sp=0x00007fd6dac92698 mode 0
Event: 0,994 Thread 0x00007fd6d4019000 DEOPT PACKING pc=0x00007fd6bbab2a40 sp=0x00007fd6dac93170
Event: 0,994 Thread 0x00007fd6d4019000 DEOPT UNPACKING pc=0x00007fd6bb3e964a sp=0x00007fd6dac92698 mode 0
Event: 0,997 Thread 0x00007fd6d4019000 DEOPT PACKING pc=0x00007fd6bbab2a40 sp=0x00007fd6dac93170
Event: 0,997 Thread 0x00007fd6d4019000 DEOPT UNPACKING pc=0x00007fd6bb3e964a sp=0x00007fd6dac92698 mode 0
Event: 1,038 Thread 0x00007fd6d4019000 DEOPT PACKING pc=0x00007fd6bb9ed8c2 sp=0x00007fd6dac91df0
Event: 1,038 Thread 0x00007fd6d4019000 DEOPT UNPACKING pc=0x00007fd6bb3e964a sp=0x00007fd6dac912f0 mode 0

Classes redefined (0 events):
No events

Internal exceptions (13 events):
Event: 0,350 Thread 0x00007fd6d4019000 Exception <a 'java/security/PrivilegedActionException'{0x00000000aab0f248}> (0x00000000aab0f248) thrown at [src/hotspot/share/prims/jvm.cpp, line 1306]
Event: 0,350 Thread 0x00007fd6d4019000 Exception <a 'java/security/PrivilegedActionException'{0x00000000aab0f7c0}> (0x00000000aab0f7c0) thrown at [src/hotspot/share/prims/jvm.cpp, line 1306]
Event: 0,420 Thread 0x00007fd6d4019000 Exception <a 'java/lang/ClassNotFoundException'{0x00000000aaa51020}: javax/smartcardio/CardPermission> (0x00000000aaa51020) thrown at [src/hotspot/share/classfile/systemDictionary.cpp, line 230]
Event: 0,424 Thread 0x00007fd6d4019000 Exception <a 'java/io/FileNotFoundException'{0x00000000aaa5e178}> (0x00000000aaa5e178) thrown at [src/hotspot/share/prims/jni.cpp, line 616]
Event: 0,545 Thread 0x00007fd6d4019000 Exception <a 'java/lang/ClassNotFoundException'{0x00000000aa875430}: sun/awt/resources/spi/awtProvider> (0x00000000aa875430) thrown at [src/hotspot/share/classfile/systemDictionary.cpp, line 230]
Event: 0,592 Thread 0x00007fd6d4019000 Exception <a 'java/io/FileNotFoundException'{0x00000000aa8e8238}> (0x00000000aa8e8238) thrown at [src/hotspot/share/prims/jni.cpp, line 616]
Event: 0,609 Thread 0x00007fd6d4019000 Exception <a 'java/lang/NoSuchMethodError'{0x00000000aa7431e0}: 'java.lang.Object java.lang.invoke.DirectMethodHandle$Holder.invokeStatic(java.lang.Object, java.lang.Object, java.lang.Object, java.lang.Object, java.lang.Object, java.lang.Object, java.lang.Object, java.lang.Object, java.lang.Object, java.lang.Object, java.lang.Object, java.lang.Object, java.lang.Object, java.lang.Object, java.lang.Object)'> (0x00000000aa7431e0) thrown at [src/hotspot/share/interpreter/linkResolver.cpp, line 773]
Event: 0,613 Thread 0x00007fd6d4019000 Exception <a 'java/lang/NoSuchMethodError'{0x00000000aa7510c0}: 'java.lang.Object java.lang.invoke.DirectMethodHandle$Holder.invokeStatic(java.lang.Object, java.lang.Object, java.lang.Object, java.lang.Object, java.lang.Object, java.lang.Object, java.lang.Object, java.lang.Object, java.lang.Object, java.lang.Object, java.lang.Object, java.lang.Object, java.lang.Object, java.lang.Object, java.lang.Object, java.lang.Object)'> (0x00000000aa7510c0) thrown at [src/hotspot/share/interpreter/linkResolver.cpp, lin
Event: 0,615 Thread 0x00007fd6d4019000 Exception <a 'java/lang/NoSuchMethodError'{0x00000000aa75ed30}: 'java.lang.Object java.lang.invoke.DirectMethodHandle$Holder.invokeSpecial(java.lang.Object, java.lang.Object, int, int, java.lang.Object, java.lang.Object, java.lang.Object)'> (0x00000000aa75ed30) thrown at [src/hotspot/share/interpreter/linkResolver.cpp, line 773]
Event: 0,616 Thread 0x00007fd6d4019000 Exception <a 'java/lang/NoSuchMethodError'{0x00000000aa7622c0}: 'java.lang.Object java.lang.invoke.DelegatingMethodHandle$Holder.reinvoke_L(java.lang.Object, int, int, java.lang.Object, java.lang.Object, java.lang.Object)'> (0x00000000aa7622c0) thrown at [src/hotspot/share/interpreter/linkResolver.cpp, line 773]
Event: 0,617 Thread 0x00007fd6d4019000 Exception <a 'java/lang/NoSuchMethodError'{0x00000000aa766648}: 'java.lang.Object java.lang.invoke.DirectMethodHandle$Holder.invokeStatic(java.lang.Object, java.lang.Object, java.lang.Object, java.lang.Object, int)'> (0x00000000aa766648) thrown at [src/hotspot/share/interpreter/linkResolver.cpp, line 773]
Event: 0,781 Thread 0x00007fd6d4019000 Exception <a 'java/lang/UnsatisfiedLinkError'{0x00000000aa20a860}: libtesseract.so: невозможно открыть разделяемый объектный файл: Нет такого файла или каталога> (0x00000000aa20a860) thrown at [src/hotspot/share/prims/jni.cpp, line 637]
Event: 0,781 Thread 0x00007fd6d4019000 Exception <a 'java/lang/UnsatisfiedLinkError'{0x00000000aa20b550}: libtesseract.so: невозможно открыть разделяемый объектный файл: Нет такого файла или каталога> (0x00000000aa20b550) thrown at [src/hotspot/share/prims/jni.cpp, line 637]

Events (20 events):
Event: 1,046 loading class com/github/jaiimageio/plugins/tiff/EXIFGPSTagSet$GPSDateStamp
Event: 1,046 loading class com/github/jaiimageio/plugins/tiff/EXIFGPSTagSet$GPSDateStamp done
Event: 1,046 loading class com/github/jaiimageio/plugins/tiff/EXIFGPSTagSet$GPSDifferential
Event: 1,046 loading class com/github/jaiimageio/plugins/tiff/EXIFGPSTagSet$GPSDifferential done
Event: 1,047 loading class com/github/jaiimageio/plugins/tiff/GeoTIFFTagSet$ModelPixelScale
Event: 1,047 loading class com/github/jaiimageio/plugins/tiff/GeoTIFFTagSet$ModelPixelScale done
Event: 1,048 loading class com/github/jaiimageio/plugins/tiff/GeoTIFFTagSet$ModelTransformation
Event: 1,048 loading class com/github/jaiimageio/plugins/tiff/GeoTIFFTagSet$ModelTransformation done
Event: 1,048 loading class com/github/jaiimageio/plugins/tiff/GeoTIFFTagSet$ModelTiePoint
Event: 1,048 loading class com/github/jaiimageio/plugins/tiff/GeoTIFFTagSet$ModelTiePoint done
Event: 1,048 loading class com/github/jaiimageio/plugins/tiff/GeoTIFFTagSet$GeoKeyDirectory
Event: 1,048 loading class com/github/jaiimageio/plugins/tiff/GeoTIFFTagSet$GeoKeyDirectory done
Event: 1,049 loading class com/github/jaiimageio/plugins/tiff/GeoTIFFTagSet$GeoDoubleParams
Event: 1,049 loading class com/github/jaiimageio/plugins/tiff/GeoTIFFTagSet$GeoDoubleParams done
Event: 1,049 loading class com/github/jaiimageio/plugins/tiff/GeoTIFFTagSet$GeoAsciiParams
Event: 1,049 loading class com/github/jaiimageio/plugins/tiff/GeoTIFFTagSet$GeoAsciiParams done
Event: 1,060 loading class java/lang/StrictMath
Event: 1,060 loading class java/lang/StrictMath done
Event: 1,061 loading class com/sun/jna/Native$Buffers
Event: 1,061 loading class com/sun/jna/Native$Buffers done


Dynamic libraries:
a5400000-ab000000 rw-p 00000000 00:00 0 
ab000000-ffe00000 ---p 00000000 00:00 0 
ffe00000-ffe47000 rw-p 01118000 08:03 1046969                            /usr/lib/jvm/java-11-openjdk-amd64/lib/server/classes.jsa
ffe47000-fff00000 rw-p 00000000 00:00 0 
fff00000-fff6b000 rw-p 010ad000 08:03 1046969                            /usr/lib/jvm/java-11-openjdk-amd64/lib/server/classes.jsa
fff6b000-100000000 rw-p 00000000 00:00 0 
800000000-800002000 rwxp 00001000 08:03 1046969                          /usr/lib/jvm/java-11-openjdk-amd64/lib/server/classes.jsa
800002000-8003cb000 rw-p 00003000 08:03 1046969                          /usr/lib/jvm/java-11-openjdk-amd64/lib/server/classes.jsa
8003cb000-800a99000 r--p 003cc000 08:03 1046969                          /usr/lib/jvm/java-11-openjdk-amd64/lib/server/classes.jsa
800a99000-800a9a000 rw-p 00a9a000 08:03 1046969                          /usr/lib/jvm/java-11-openjdk-amd64/lib/server/classes.jsa
800a9a000-8010ac000 r--p 00a9b000 08:03 1046969                          /usr/lib/jvm/java-11-openjdk-amd64/lib/server/classes.jsa
840000000-8400e0000 rw-p 00000000 00:00 0 
8400e0000-880000000 ---p 00000000 00:00 0 
5579ff793000-5579ff794000 r-xp 00000000 08:03 1047422                    /usr/lib/jvm/java-11-openjdk-amd64/bin/java
5579ff994000-5579ff995000 r--p 00001000 08:03 1047422                    /usr/lib/jvm/java-11-openjdk-amd64/bin/java
5579ff995000-5579ff996000 rw-p 00002000 08:03 1047422                    /usr/lib/jvm/java-11-openjdk-amd64/bin/java
557a0085a000-557a0087b000 rw-p 00000000 00:00 0                          [heap]
7fd660000000-7fd660021000 rw-p 00000000 00:00 0 
7fd660021000-7fd664000000 ---p 00000000 00:00 0 
7fd664000000-7fd664021000 rw-p 00000000 00:00 0 
7fd664021000-7fd668000000 ---p 00000000 00:00 0 
7fd66b28d000-7fd66b298000 r-xp 00000000 08:03 1056662                    /usr/lib/x86_64-linux-gnu/libjbig.so.0
7fd66b298000-7fd66b497000 ---p 0000b000 08:03 1056662                    /usr/lib/x86_64-linux-gnu/libjbig.so.0
7fd66b497000-7fd66b498000 r--p 0000a000 08:03 1056662                    /usr/lib/x86_64-linux-gnu/libjbig.so.0
7fd66b498000-7fd66b49b000 rw-p 0000b000 08:03 1056662                    /usr/lib/x86_64-linux-gnu/libjbig.so.0
7fd66b49b000-7fd66b4bf000 r-xp 00000000 08:03 1445099                    /lib/x86_64-linux-gnu/liblzma.so.5.2.2
7fd66b4bf000-7fd66b6bf000 ---p 00024000 08:03 1445099                    /lib/x86_64-linux-gnu/liblzma.so.5.2.2
7fd66b6bf000-7fd66b6c0000 r--p 00024000 08:03 1445099                    /lib/x86_64-linux-gnu/liblzma.so.5.2.2
7fd66b6c0000-7fd66b6c1000 rw-p 00025000 08:03 1445099                    /lib/x86_64-linux-gnu/liblzma.so.5.2.2
7fd66b6c1000-7fd66b715000 r-xp 00000000 08:03 1056845                    /usr/lib/x86_64-linux-gnu/libopenjp2.so.2.3.0
7fd66b715000-7fd66b915000 ---p 00054000 08:03 1056845                    /usr/lib/x86_64-linux-gnu/libopenjp2.so.2.3.0
7fd66b915000-7fd66b916000 r--p 00054000 08:03 1056845                    /usr/lib/x86_64-linux-gnu/libopenjp2.so.2.3.0
7fd66b916000-7fd66b917000 rw-p 00055000 08:03 1056845                    /usr/lib/x86_64-linux-gnu/libopenjp2.so.2.3.0
7fd66b917000-7fd66b97d000 r-xp 00000000 08:03 1047223                    /usr/lib/x86_64-linux-gnu/libwebp.so.6.0.2
7fd66b97d000-7fd66bb7c000 ---p 00066000 08:03 1047223                    /usr/lib/x86_64-linux-gnu/libwebp.so.6.0.2
7fd66bb7c000-7fd66bb7d000 r--p 00065000 08:03 1047223                    /usr/lib/x86_64-linux-gnu/libwebp.so.6.0.2
7fd66bb7d000-7fd66bb7e000 rw-p 00066000 08:03 1047223                    /usr/lib/x86_64-linux-gnu/libwebp.so.6.0.2
7fd66bb7e000-7fd66bb80000 rw-p 00000000 00:00 0 
7fd66bb80000-7fd66bbf3000 r-xp 00000000 08:03 1047057                    /usr/lib/x86_64-linux-gnu/libtiff.so.5.3.0
7fd66bbf3000-7fd66bdf2000 ---p 00073000 08:03 1047057                    /usr/lib/x86_64-linux-gnu/libtiff.so.5.3.0
7fd66bdf2000-7fd66bdf6000 r--p 00072000 08:03 1047057                    /usr/lib/x86_64-linux-gnu/libtiff.so.5.3.0
7fd66bdf6000-7fd66bdf7000 rw-p 00076000 08:03 1047057                    /usr/lib/x86_64-linux-gnu/libtiff.so.5.3.0
7fd66bdf7000-7fd66bdff000 r-xp 00000000 08:03 1056416                    /usr/lib/x86_64-linux-gnu/libgif.so.7.0.0
7fd66bdff000-7fd66bffe000 ---p 00008000 08:03 1056416                    /usr/lib/x86_64-linux-gnu/libgif.so.7.0.0
7fd66bffe000-7fd66bfff000 r--p 00007000 08:03 1056416                    /usr/lib/x86_64-linux-gnu/libgif.so.7.0.0
7fd66bfff000-7fd66c000000 rw-p 00008000 08:03 1056416                    /usr/lib/x86_64-linux-gnu/libgif.so.7.0.0
7fd66c000000-7fd66c021000 rw-p 00000000 00:00 0 
7fd66c021000-7fd670000000 ---p 00000000 00:00 0 
7fd670000000-7fd670021000 rw-p 00000000 00:00 0 
7fd670021000-7fd674000000 ---p 00000000 00:00 0 
7fd674000000-7fd674021000 rw-p 00000000 00:00 0 
7fd674021000-7fd678000000 ---p 00000000 00:00 0 
7fd678000000-7fd678207000 rw-p 00000000 00:00 0 
7fd678207000-7fd67c000000 ---p 00000000 00:00 0 
7fd67c000000-7fd67c2dc000 rw-p 00000000 00:00 0 
7fd67c2dc000-7fd680000000 ---p 00000000 00:00 0 
7fd680000000-7fd680021000 rw-p 00000000 00:00 0 
7fd680021000-7fd684000000 ---p 00000000 00:00 0 
7fd684000000-7fd684021000 rw-p 00000000 00:00 0 
7fd684021000-7fd688000000 ---p 00000000 00:00 0 
7fd688000000-7fd6883b5000 rw-p 00000000 00:00 0 
7fd6883b5000-7fd68c000000 ---p 00000000 00:00 0 
7fd68c000000-7fd68c021000 rw-p 00000000 00:00 0 
7fd68c021000-7fd690000000 ---p 00000000 00:00 0 
7fd690024000-7fd690082000 rw-p 00000000 00:00 0 
7fd6900e0000-7fd6900e1000 ---p 00000000 00:00 0 
7fd6900e1000-7fd6901e2000 rw-p 00000000 00:00 0 
7fd6901e2000-7fd690249000 r-xp 00000000 08:03 1046712                    /usr/lib/x86_64-linux-gnu/libjpeg.so.8.1.2
7fd690249000-7fd690448000 ---p 00067000 08:03 1046712                    /usr/lib/x86_64-linux-gnu/libjpeg.so.8.1.2
7fd690448000-7fd690449000 r--p 00066000 08:03 1046712                    /usr/lib/x86_64-linux-gnu/libjpeg.so.8.1.2
7fd690449000-7fd69044a000 rw-p 00067000 08:03 1046712                    /usr/lib/x86_64-linux-gnu/libjpeg.so.8.1.2
7fd69044a000-7fd69047b000 r-xp 00000000 08:03 1056918                    /usr/lib/x86_64-linux-gnu/libpng16.so.16.34.0
7fd69047b000-7fd69067a000 ---p 00031000 08:03 1056918                    /usr/lib/x86_64-linux-gnu/libpng16.so.16.34.0
7fd69067a000-7fd69067b000 r--p 00030000 08:03 1056918                    /usr/lib/x86_64-linux-gnu/libpng16.so.16.34.0
7fd69067b000-7fd69067c000 rw-p 00031000 08:03 1056918                    /usr/lib/x86_64-linux-gnu/libpng16.so.16.34.0
7fd69067c000-7fd6906aa000 r-xp 00000000 08:03 1049624                    /usr/lib/x86_64-linux-gnu/libgomp.so.1.0.0
7fd6906aa000-7fd6908a9000 ---p 0002e000 08:03 1049624                    /usr/lib/x86_64-linux-gnu/libgomp.so.1.0.0
7fd6908a9000-7fd6908aa000 r--p 0002d000 08:03 1049624                    /usr/lib/x86_64-linux-gnu/libgomp.so.1.0.0
7fd6908aa000-7fd6908ab000 rw-p 0002e000 08:03 1049624                    /usr/lib/x86_64-linux-gnu/libgomp.so.1.0.0
7fd6908ab000-7fd690b07000 r-xp 00000000 08:03 1046789                    /usr/lib/x86_64-linux-gnu/liblept.so.5.0.2
7fd690b07000-7fd690d06000 ---p 0025c000 08:03 1046789                    /usr/lib/x86_64-linux-gnu/liblept.so.5.0.2
7fd690d06000-7fd690d07000 r--p 0025b000 08:03 1046789                    /usr/lib/x86_64-linux-gnu/liblept.so.5.0.2
7fd690d07000-7fd690d0d000 rw-p 0025c000 08:03 1046789                    /usr/lib/x86_64-linux-gnu/liblept.so.5.0.2
7fd690d0d000-7fd69101a000 r-xp 00000000 08:03 1049117                    /usr/lib/x86_64-linux-gnu/libtesseract.so.4.0.0
7fd69101a000-7fd691219000 ---p 0030d000 08:03 1049117                    /usr/lib/x86_64-linux-gnu/libtesseract.so.4.0.0
7fd691219000-7fd69121e000 r--p 0030c000 08:03 1049117                    /usr/lib/x86_64-linux-gnu/libtesseract.so.4.0.0
7fd69121e000-7fd69121f000 rw-p 00311000 08:03 1049117                    /usr/lib/x86_64-linux-gnu/libtesseract.so.4.0.0
7fd69121f000-7fd6914c3000 rw-p 00000000 00:00 0 
7fd6914c3000-7fd6914da000 r-xp 00000000 08:03 671638                     /tmp/jna--1328145221/jna16962039525243944068.tmp (deleted)
7fd6914da000-7fd6915d9000 ---p 00017000 08:03 671638                     /tmp/jna--1328145221/jna16962039525243944068.tmp (deleted)
7fd6915d9000-7fd6915db000 rw-p 00016000 08:03 671638                     /tmp/jna--1328145221/jna16962039525243944068.tmp (deleted)
7fd6915db000-7fd6915df000 ---p 00000000 00:00 0 
7fd6915df000-7fd6916dc000 rw-p 00000000 00:00 0 
7fd6916dc000-7fd6916ef000 r-xp 00000000 08:03 1460576                    /lib/x86_64-linux-gnu/libbsd.so.0.8.7
7fd6916ef000-7fd6918ee000 ---p 00013000 08:03 1460576                    /lib/x86_64-linux-gnu/libbsd.so.0.8.7
7fd6918ee000-7fd6918ef000 r--p 00012000 08:03 1460576                    /lib/x86_64-linux-gnu/libbsd.so.0.8.7
7fd6918ef000-7fd6918f0000 rw-p 00013000 08:03 1460576                    /lib/x86_64-linux-gnu/libbsd.so.0.8.7
7fd6918f0000-7fd6918f1000 rw-p 00000000 00:00 0 
7fd6918f1000-7fd6918f6000 r-xp 00000000 08:03 1055915                    /usr/lib/x86_64-linux-gnu/libXdmcp.so.6.0.0
7fd6918f6000-7fd691af5000 ---p 00005000 08:03 1055915                    /usr/lib/x86_64-linux-gnu/libXdmcp.so.6.0.0
7fd691af5000-7fd691af6000 r--p 00004000 08:03 1055915                    /usr/lib/x86_64-linux-gnu/libXdmcp.so.6.0.0
7fd691af6000-7fd691af7000 rw-p 00005000 08:03 1055915                    /usr/lib/x86_64-linux-gnu/libXdmcp.so.6.0.0
7fd691af7000-7fd691af9000 r-xp 00000000 08:03 1047740                    /usr/lib/x86_64-linux-gnu/libXau.so.6.0.0
7fd691af9000-7fd691cf9000 ---p 00002000 08:03 1047740                    /usr/lib/x86_64-linux-gnu/libXau.so.6.0.0
7fd691cf9000-7fd691cfa000 r--p 00002000 08:03 1047740                    /usr/lib/x86_64-linux-gnu/libXau.so.6.0.0
7fd691cfa000-7fd691cfb000 rw-p 00003000 08:03 1047740                    /usr/lib/x86_64-linux-gnu/libXau.so.6.0.0
7fd691cfb000-7fd691d21000 r-xp 00000000 08:03 1057277                    /usr/lib/x86_64-linux-gnu/libxcb.so.1.1.0
7fd691d21000-7fd691f21000 ---p 00026000 08:03 1057277                    /usr/lib/x86_64-linux-gnu/libxcb.so.1.1.0
7fd691f21000-7fd691f22000 r--p 00026000 08:03 1057277                    /usr/lib/x86_64-linux-gnu/libxcb.so.1.1.0
7fd691f22000-7fd691f23000 rw-p 00027000 08:03 1057277                    /usr/lib/x86_64-linux-gnu/libxcb.so.1.1.0
7fd691f23000-7fd691f32000 r-xp 00000000 08:03 1055925                    /usr/lib/x86_64-linux-gnu/libXi.so.6.1.0
7fd691f32000-7fd692131000 ---p 0000f000 08:03 1055925                    /usr/lib/x86_64-linux-gnu/libXi.so.6.1.0
7fd692131000-7fd692132000 r--p 0000e000 08:03 1055925                    /usr/lib/x86_64-linux-gnu/libXi.so.6.1.0
7fd692132000-7fd692133000 rw-p 0000f000 08:03 1055925                    /usr/lib/x86_64-linux-gnu/libXi.so.6.1.0
7fd692133000-7fd692138000 r-xp 00000000 08:03 1055943                    /usr/lib/x86_64-linux-gnu/libXtst.so.6.1.0
7fd692138000-7fd692337000 ---p 00005000 08:03 1055943                    /usr/lib/x86_64-linux-gnu/libXtst.so.6.1.0
7fd692337000-7fd692338000 r--p 00004000 08:03 1055943                    /usr/lib/x86_64-linux-gnu/libXtst.so.6.1.0
7fd692338000-7fd692339000 rw-p 00005000 08:03 1055943                    /usr/lib/x86_64-linux-gnu/libXtst.so.6.1.0
7fd692339000-7fd692342000 r-xp 00000000 08:03 1055937                    /usr/lib/x86_64-linux-gnu/libXrender.so.1.3.0
7fd692342000-7fd692541000 ---p 00009000 08:03 1055937                    /usr/lib/x86_64-linux-gnu/libXrender.so.1.3.0
7fd692541000-7fd692542000 r--p 00008000 08:03 1055937                    /usr/lib/x86_64-linux-gnu/libXrender.so.1.3.0
7fd692542000-7fd692543000 rw-p 00009000 08:03 1055937                    /usr/lib/x86_64-linux-gnu/libXrender.so.1.3.0
7fd692543000-7fd692676000 r-xp 00000000 08:03 1047403                    /usr/lib/x86_64-linux-gnu/libX11.so.6.3.0
7fd692676000-7fd692876000 ---p 00133000 08:03 1047403                    /usr/lib/x86_64-linux-gnu/libX11.so.6.3.0
7fd692876000-7fd692877000 r--p 00133000 08:03 1047403                    /usr/lib/x86_64-linux-gnu/libX11.so.6.3.0
7fd692877000-7fd69287b000 rw-p 00134000 08:03 1047403                    /usr/lib/x86_64-linux-gnu/libX11.so.6.3.0
7fd69287b000-7fd69288c000 r-xp 00000000 08:03 1055917                    /usr/lib/x86_64-linux-gnu/libXext.so.6.4.0
7fd69288c000-7fd692a8b000 ---p 00011000 08:03 1055917                    /usr/lib/x86_64-linux-gnu/libXext.so.6.4.0
7fd692a8b000-7fd692a8c000 r--p 00010000 08:03 1055917                    /usr/lib/x86_64-linux-gnu/libXext.so.6.4.0
7fd692a8c000-7fd692a8d000 rw-p 00011000 08:03 1055917                    /usr/lib/x86_64-linux-gnu/libXext.so.6.4.0
7fd692a8d000-7fd692aeb000 r-xp 00000000 08:03 1046689                    /usr/lib/jvm/java-11-openjdk-amd64/lib/libawt_xawt.so
7fd692aeb000-7fd692ceb000 ---p 0005e000 08:03 1046689                    /usr/lib/jvm/java-11-openjdk-amd64/lib/libawt_xawt.so
7fd692ceb000-7fd692cec000 r--p 0005e000 08:03 1046689                    /usr/lib/jvm/java-11-openjdk-amd64/lib/libawt_xawt.so
7fd692cec000-7fd692cee000 rw-p 0005f000 08:03 1046689                    /usr/lib/jvm/java-11-openjdk-amd64/lib/libawt_xawt.so
7fd692cee000-7fd692cf0000 rw-p 00000000 00:00 0 
7fd692cf0000-7fd692d8e000 r-xp 00000000 08:03 1059552                    /usr/lib/jvm/java-11-openjdk-amd64/lib/libawt.so
7fd692d8e000-7fd692f8d000 ---p 0009e000 08:03 1059552                    /usr/lib/jvm/java-11-openjdk-amd64/lib/libawt.so
7fd692f8d000-7fd692f8e000 r--p 0009d000 08:03 1059552                    /usr/lib/jvm/java-11-openjdk-amd64/lib/libawt.so
7fd692f8e000-7fd692f99000 rw-p 0009e000 08:03 1059552                    /usr/lib/jvm/java-11-openjdk-amd64/lib/libawt.so
7fd692f99000-7fd692fbe000 rw-p 00000000 00:00 0 
7fd692fbe000-7fd692fc0000 r-xp 00000000 08:03 1059555                    /usr/lib/jvm/java-11-openjdk-amd64/lib/libextnet.so
7fd692fc0000-7fd6931bf000 ---p 00002000 08:03 1059555                    /usr/lib/jvm/java-11-openjdk-amd64/lib/libextnet.so
7fd6931bf000-7fd6931c0000 r--p 00001000 08:03 1059555                    /usr/lib/jvm/java-11-openjdk-amd64/lib/libextnet.so
7fd6931c0000-7fd6931c1000 rw-p 00002000 08:03 1059555                    /usr/lib/jvm/java-11-openjdk-amd64/lib/libextnet.so
7fd6931c1000-7fd6931c2000 ---p 00000000 00:00 0 
7fd6931c2000-7fd6932c3000 rw-p 00000000 00:00 0 
7fd6932c3000-7fd6932c7000 ---p 00000000 00:00 0 
7fd6932c7000-7fd6933c4000 rw-p 00000000 00:00 0 
7fd6933c4000-7fd6933c8000 ---p 00000000 00:00 0 
7fd6933c8000-7fd6934c5000 rw-p 00000000 00:00 0 
7fd6934c5000-7fd6934da000 r-xp 00000000 08:03 1103086                    /usr/lib/jvm/java-11-openjdk-amd64/lib/libnet.so
7fd6934da000-7fd6936d9000 ---p 00015000 08:03 1103086                    /usr/lib/jvm/java-11-openjdk-amd64/lib/libnet.so
7fd6936d9000-7fd6936da000 r--p 00014000 08:03 1103086                    /usr/lib/jvm/java-11-openjdk-amd64/lib/libnet.so
7fd6936da000-7fd6936db000 rw-p 00015000 08:03 1103086                    /usr/lib/jvm/java-11-openjdk-amd64/lib/libnet.so
7fd6936db000-7fd6936eb000 r-xp 00000000 08:03 1103087                    /usr/lib/jvm/java-11-openjdk-amd64/lib/libnio.so
7fd6936eb000-7fd6938ea000 ---p 00010000 08:03 1103087                    /usr/lib/jvm/java-11-openjdk-amd64/lib/libnio.so
7fd6938ea000-7fd6938eb000 r--p 0000f000 08:03 1103087                    /usr/lib/jvm/java-11-openjdk-amd64/lib/libnio.so
7fd6938eb000-7fd6938ec000 rw-p 00010000 08:03 1103087                    /usr/lib/jvm/java-11-openjdk-amd64/lib/libnio.so
7fd6938ec000-7fd6938f0000 ---p 00000000 00:00 0 
7fd6938f0000-7fd6939ed000 rw-p 00000000 00:00 0 
7fd6939ed000-7fd6939f1000 ---p 00000000 00:00 0 
7fd6939f1000-7fd693aee000 rw-p 00000000 00:00 0 
7fd693aee000-7fd693af2000 ---p 00000000 00:00 0 
7fd693af2000-7fd693bef000 rw-p 00000000 00:00 0 
7fd693bef000-7fd694000000 r--p 00000000 08:03 1047807                    /usr/lib/locale/locale-archive
7fd694000000-7fd694021000 rw-p 00000000 00:00 0 
7fd694021000-7fd698000000 ---p 00000000 00:00 0 
7fd698000000-7fd698021000 rw-p 00000000 00:00 0 
7fd698021000-7fd69c000000 ---p 00000000 00:00 0 
7fd69c000000-7fd69c021000 rw-p 00000000 00:00 0 
7fd69c021000-7fd6a0000000 ---p 00000000 00:00 0 
7fd6a0000000-7fd6a0021000 rw-p 00000000 00:00 0 
7fd6a0021000-7fd6a4000000 ---p 00000000 00:00 0 
7fd6a4000000-7fd6a4021000 rw-p 00000000 00:00 0 
7fd6a4021000-7fd6a8000000 ---p 00000000 00:00 0 
7fd6a8000000-7fd6a8021000 rw-p 00000000 00:00 0 
7fd6a8021000-7fd6ac000000 ---p 00000000 00:00 0 
7fd6ac000000-7fd6ac021000 rw-p 00000000 00:00 0 
7fd6ac021000-7fd6b0000000 ---p 00000000 00:00 0 
7fd6b004f000-7fd6b0053000 ---p 00000000 00:00 0 
7fd6b0053000-7fd6b0750000 rw-p 00000000 00:00 0 
7fd6b0750000-7fd6b0950000 ---p 00000000 00:00 0 
7fd6b0950000-7fd6b2ac0000 rw-p 00000000 00:00 0 
7fd6b2ac0000-7fd6b3ff8000 ---p 00000000 00:00 0 
7fd6b3ff8000-7fd6b4000000 rw-p 00000000 00:00 0 
7fd6b4000000-7fd6b4021000 rw-p 00000000 00:00 0 
7fd6b4021000-7fd6b8000000 ---p 00000000 00:00 0 
7fd6b8021000-7fd6b807f000 rw-p 00000000 00:00 0 
7fd6b807f000-7fd6b8083000 ---p 00000000 00:00 0 
7fd6b8083000-7fd6b8180000 rw-p 00000000 00:00 0 
7fd6b8180000-7fd6b8184000 ---p 00000000 00:00 0 
7fd6b8184000-7fd6b8281000 rw-p 00000000 00:00 0 
7fd6b8281000-7fd6b8285000 ---p 00000000 00:00 0 
7fd6b8285000-7fd6b8382000 rw-p 00000000 00:00 0 
7fd6b8382000-7fd6b8386000 ---p 00000000 00:00 0 
7fd6b8386000-7fd6b8483000 rw-p 00000000 00:00 0 
7fd6b8483000-7fd6b8484000 ---p 00000000 00:00 0 
7fd6b8484000-7fd6b8585000 rw-p 00000000 00:00 0 
7fd6b8585000-7fd6b8586000 ---p 00000000 00:00 0 
7fd6b8586000-7fd6b8687000 rw-p 00000000 00:00 0 
7fd6b8687000-7fd6b8688000 ---p 00000000 00:00 0 
7fd6b8688000-7fd6b8b8d000 rw-p 00000000 00:00 0 
7fd6b8b8d000-7fd6b8b8e000 ---p 00000000 00:00 0 
7fd6b8b8e000-7fd6b8c8f000 rw-p 00000000 00:00 0 
7fd6b8c8f000-7fd6b8c90000 ---p 00000000 00:00 0 
7fd6b8c90000-7fd6b8f01000 rw-p 00000000 00:00 0 
7fd6b8f01000-7fd6ba439000 ---p 00000000 00:00 0 
7fd6ba439000-7fd6ba46f000 rw-p 00000000 00:00 0 
7fd6ba46f000-7fd6ba716000 ---p 00000000 00:00 0 
7fd6ba716000-7fd6ba745000 rw-p 00000000 00:00 0 
7fd6ba745000-7fd6ba9ec000 ---p 00000000 00:00 0 
7fd6ba9ec000-7fd6baa1b000 rw-p 00000000 00:00 0 
7fd6baa1b000-7fd6bacc2000 ---p 00000000 00:00 0 
7fd6bacc2000-7fd6bb0c7000 rw-p 00000000 00:00 0 
7fd6bb0c7000-7fd6bb0c8000 ---p 00000000 00:00 0 
7fd6bb0c8000-7fd6bb1ce000 rw-p 00000000 00:00 0 
7fd6bb1ce000-7fd6bb2b4000 ---p 00000000 00:00 0 
7fd6bb2b4000-7fd6bb2b9000 rw-p 00000000 00:00 0 
7fd6bb2b9000-7fd6bb39f000 ---p 00000000 00:00 0 
7fd6bb39f000-7fd6bb60f000 rwxp 00000000 00:00 0 
7fd6bb60f000-7fd6bb92f000 ---p 00000000 00:00 0 
7fd6bb92f000-7fd6bbb9f000 rwxp 00000000 00:00 0 
7fd6bbb9f000-7fd6c2e67000 ---p 00000000 00:00 0 
7fd6c2e67000-7fd6c30d7000 rwxp 00000000 00:00 0 
7fd6c30d7000-7fd6ca39f000 ---p 00000000 00:00 0 
7fd6ca39f000-7fd6d2b62000 r--s 00000000 08:03 1103096                    /usr/lib/jvm/java-11-openjdk-amd64/lib/modules
7fd6d2b62000-7fd6d2b69000 r-xp 00000000 08:03 1103095                    /usr/lib/jvm/java-11-openjdk-amd64/lib/libzip.so
7fd6d2b69000-7fd6d2d69000 ---p 00007000 08:03 1103095                    /usr/lib/jvm/java-11-openjdk-amd64/lib/libzip.so
7fd6d2d69000-7fd6d2d6a000 r--p 00007000 08:03 1103095                    /usr/lib/jvm/java-11-openjdk-amd64/lib/libzip.so
7fd6d2d6a000-7fd6d2d6b000 rw-p 00008000 08:03 1103095                    /usr/lib/jvm/java-11-openjdk-amd64/lib/libzip.so
7fd6d2d6b000-7fd6d2d76000 r-xp 00000000 08:03 1442762                    /lib/x86_64-linux-gnu/libnss_files-2.27.so
7fd6d2d76000-7fd6d2f75000 ---p 0000b000 08:03 1442762                    /lib/x86_64-linux-gnu/libnss_files-2.27.so
7fd6d2f75000-7fd6d2f76000 r--p 0000a000 08:03 1442762                    /lib/x86_64-linux-gnu/libnss_files-2.27.so
7fd6d2f76000-7fd6d2f77000 rw-p 0000b000 08:03 1442762                    /lib/x86_64-linux-gnu/libnss_files-2.27.so
7fd6d2f77000-7fd6d2f7d000 rw-p 00000000 00:00 0 
7fd6d2f7d000-7fd6d2f94000 r-xp 00000000 08:03 1442756                    /lib/x86_64-linux-gnu/libnsl-2.27.so
7fd6d2f94000-7fd6d3193000 ---p 00017000 08:03 1442756                    /lib/x86_64-linux-gnu/libnsl-2.27.so
7fd6d3193000-7fd6d3194000 r--p 00016000 08:03 1442756                    /lib/x86_64-linux-gnu/libnsl-2.27.so
7fd6d3194000-7fd6d3195000 rw-p 00017000 08:03 1442756                    /lib/x86_64-linux-gnu/libnsl-2.27.so
7fd6d3195000-7fd6d3197000 rw-p 00000000 00:00 0 
7fd6d3197000-7fd6d31a2000 r-xp 00000000 08:03 1442766                    /lib/x86_64-linux-gnu/libnss_nis-2.27.so
7fd6d31a2000-7fd6d33a1000 ---p 0000b000 08:03 1442766                    /lib/x86_64-linux-gnu/libnss_nis-2.27.so
7fd6d33a1000-7fd6d33a2000 r--p 0000a000 08:03 1442766                    /lib/x86_64-linux-gnu/libnss_nis-2.27.so
7fd6d33a2000-7fd6d33a3000 rw-p 0000b000 08:03 1442766                    /lib/x86_64-linux-gnu/libnss_nis-2.27.so
7fd6d33a3000-7fd6d33ab000 r-xp 00000000 08:03 1442758                    /lib/x86_64-linux-gnu/libnss_compat-2.27.so
7fd6d33ab000-7fd6d35ab000 ---p 00008000 08:03 1442758                    /lib/x86_64-linux-gnu/libnss_compat-2.27.so
7fd6d35ab000-7fd6d35ac000 r--p 00008000 08:03 1442758                    /lib/x86_64-linux-gnu/libnss_compat-2.27.so
7fd6d35ac000-7fd6d35ad000 rw-p 00009000 08:03 1442758                    /lib/x86_64-linux-gnu/libnss_compat-2.27.so
7fd6d35ad000-7fd6d35b7000 r-xp 00000000 08:03 1059557                    /usr/lib/jvm/java-11-openjdk-amd64/lib/libinstrument.so
7fd6d35b7000-7fd6d37b6000 ---p 0000a000 08:03 1059557                    /usr/lib/jvm/java-11-openjdk-amd64/lib/libinstrument.so
7fd6d37b6000-7fd6d37b7000 r--p 00009000 08:03 1059557                    /usr/lib/jvm/java-11-openjdk-amd64/lib/libinstrument.so
7fd6d37b7000-7fd6d37b8000 rw-p 0000a000 08:03 1059557                    /usr/lib/jvm/java-11-openjdk-amd64/lib/libinstrument.so
7fd6d37b8000-7fd6d37bd000 r-xp 00000000 08:03 1103078                    /usr/lib/jvm/java-11-openjdk-amd64/lib/libjimage.so
7fd6d37bd000-7fd6d39bc000 ---p 00005000 08:03 1103078                    /usr/lib/jvm/java-11-openjdk-amd64/lib/libjimage.so
7fd6d39bc000-7fd6d39bd000 r--p 00004000 08:03 1103078                    /usr/lib/jvm/java-11-openjdk-amd64/lib/libjimage.so
7fd6d39bd000-7fd6d39be000 rw-p 00005000 08:03 1103078                    /usr/lib/jvm/java-11-openjdk-amd64/lib/libjimage.so
7fd6d39be000-7fd6d39e6000 r-xp 00000000 08:03 1059562                    /usr/lib/jvm/java-11-openjdk-amd64/lib/libjava.so
7fd6d39e6000-7fd6d3be6000 ---p 00028000 08:03 1059562                    /usr/lib/jvm/java-11-openjdk-amd64/lib/libjava.so
7fd6d3be6000-7fd6d3be7000 r--p 00028000 08:03 1059562                    /usr/lib/jvm/java-11-openjdk-amd64/lib/libjava.so
7fd6d3be7000-7fd6d3be8000 rw-p 00029000 08:03 1059562                    /usr/lib/jvm/java-11-openjdk-amd64/lib/libjava.so
7fd6d3be8000-7fd6d3be9000 rw-p 00000000 00:00 0 
7fd6d3be9000-7fd6d3bf6000 r-xp 00000000 08:03 1103094                    /usr/lib/jvm/java-11-openjdk-amd64/lib/libverify.so
7fd6d3bf6000-7fd6d3df5000 ---p 0000d000 08:03 1103094                    /usr/lib/jvm/java-11-openjdk-amd64/lib/libverify.so
7fd6d3df5000-7fd6d3df7000 r--p 0000c000 08:03 1103094                    /usr/lib/jvm/java-11-openjdk-amd64/lib/libverify.so
7fd6d3df7000-7fd6d3df8000 rw-p 0000e000 08:03 1103094                    /usr/lib/jvm/java-11-openjdk-amd64/lib/libverify.so
7fd6d3df8000-7fd6d3dff000 r-xp 00000000 08:03 1442775                    /lib/x86_64-linux-gnu/librt-2.27.so
7fd6d3dff000-7fd6d3ffe000 ---p 00007000 08:03 1442775                    /lib/x86_64-linux-gnu/librt-2.27.so
7fd6d3ffe000-7fd6d3fff000 r--p 00006000 08:03 1442775                    /lib/x86_64-linux-gnu/librt-2.27.so
7fd6d3fff000-7fd6d4000000 rw-p 00007000 08:03 1442775                    /lib/x86_64-linux-gnu/librt-2.27.so
7fd6d4000000-7fd6d4802000 rw-p 00000000 00:00 0 
7fd6d4802000-7fd6d8000000 ---p 00000000 00:00 0 
7fd6d803f000-7fd6d80c0000 rw-p 00000000 00:00 0 
7fd6d80c0000-7fd6d80d7000 r-xp 00000000 08:03 1444715                    /lib/x86_64-linux-gnu/libgcc_s.so.1
7fd6d80d7000-7fd6d82d6000 ---p 00017000 08:03 1444715                    /lib/x86_64-linux-gnu/libgcc_s.so.1
7fd6d82d6000-7fd6d82d7000 r--p 00016000 08:03 1444715                    /lib/x86_64-linux-gnu/libgcc_s.so.1
7fd6d82d7000-7fd6d82d8000 rw-p 00017000 08:03 1444715                    /lib/x86_64-linux-gnu/libgcc_s.so.1
7fd6d82d8000-7fd6d8475000 r-xp 00000000 08:03 1442750                    /lib/x86_64-linux-gnu/libm-2.27.so
7fd6d8475000-7fd6d8674000 ---p 0019d000 08:03 1442750                    /lib/x86_64-linux-gnu/libm-2.27.so
7fd6d8674000-7fd6d8675000 r--p 0019c000 08:03 1442750                    /lib/x86_64-linux-gnu/libm-2.27.so
7fd6d8675000-7fd6d8676000 rw-p 0019d000 08:03 1442750                    /lib/x86_64-linux-gnu/libm-2.27.so
7fd6d8676000-7fd6d87ef000 r-xp 00000000 08:03 1049420                    /usr/lib/x86_64-linux-gnu/libstdc++.so.6.0.25
7fd6d87ef000-7fd6d89ef000 ---p 00179000 08:03 1049420                    /usr/lib/x86_64-linux-gnu/libstdc++.so.6.0.25
7fd6d89ef000-7fd6d89f9000 r--p 00179000 08:03 1049420                    /usr/lib/x86_64-linux-gnu/libstdc++.so.6.0.25
7fd6d89f9000-7fd6d89fb000 rw-p 00183000 08:03 1049420                    /usr/lib/x86_64-linux-gnu/libstdc++.so.6.0.25
7fd6d89fb000-7fd6d89ff000 rw-p 00000000 00:00 0 
7fd6d89ff000-7fd6d9af8000 r-xp 00000000 08:03 1103099                    /usr/lib/jvm/java-11-openjdk-amd64/lib/server/libjvm.so
7fd6d9af8000-7fd6d9cf7000 ---p 010f9000 08:03 1103099                    /usr/lib/jvm/java-11-openjdk-amd64/lib/server/libjvm.so
7fd6d9cf7000-7fd6d9dbb000 r--p 010f8000 08:03 1103099                    /usr/lib/jvm/java-11-openjdk-amd64/lib/server/libjvm.so
7fd6d9dbb000-7fd6d9df6000 rw-p 011bc000 08:03 1103099                    /usr/lib/jvm/java-11-openjdk-amd64/lib/server/libjvm.so
7fd6d9df6000-7fd6d9e4d000 rw-p 00000000 00:00 0 
7fd6d9e4d000-7fd6d9e67000 r-xp 00000000 08:03 1442772                    /lib/x86_64-linux-gnu/libpthread-2.27.so
7fd6d9e67000-7fd6da066000 ---p 0001a000 08:03 1442772                    /lib/x86_64-linux-gnu/libpthread-2.27.so
7fd6da066000-7fd6da067000 r--p 00019000 08:03 1442772                    /lib/x86_64-linux-gnu/libpthread-2.27.so
7fd6da067000-7fd6da068000 rw-p 0001a000 08:03 1442772                    /lib/x86_64-linux-gnu/libpthread-2.27.so
7fd6da068000-7fd6da06c000 rw-p 00000000 00:00 0 
7fd6da06c000-7fd6da06f000 r-xp 00000000 08:03 1442748                    /lib/x86_64-linux-gnu/libdl-2.27.so
7fd6da06f000-7fd6da26e000 ---p 00003000 08:03 1442748                    /lib/x86_64-linux-gnu/libdl-2.27.so
7fd6da26e000-7fd6da26f000 r--p 00002000 08:03 1442748                    /lib/x86_64-linux-gnu/libdl-2.27.so
7fd6da26f000-7fd6da270000 rw-p 00003000 08:03 1442748                    /lib/x86_64-linux-gnu/libdl-2.27.so
7fd6da270000-7fd6da28c000 r-xp 00000000 08:03 1445213                    /lib/x86_64-linux-gnu/libz.so.1.2.11
7fd6da28c000-7fd6da48b000 ---p 0001c000 08:03 1445213                    /lib/x86_64-linux-gnu/libz.so.1.2.11
7fd6da48b000-7fd6da48c000 r--p 0001b000 08:03 1445213                    /lib/x86_64-linux-gnu/libz.so.1.2.11
7fd6da48c000-7fd6da48d000 rw-p 0001c000 08:03 1445213                    /lib/x86_64-linux-gnu/libz.so.1.2.11
7fd6da48d000-7fd6da674000 r-xp 00000000 08:03 1442742                    /lib/x86_64-linux-gnu/libc-2.27.so
7fd6da674000-7fd6da874000 ---p 001e7000 08:03 1442742                    /lib/x86_64-linux-gnu/libc-2.27.so
7fd6da874000-7fd6da878000 r--p 001e7000 08:03 1442742                    /lib/x86_64-linux-gnu/libc-2.27.so
7fd6da878000-7fd6da87a000 rw-p 001eb000 08:03 1442742                    /lib/x86_64-linux-gnu/libc-2.27.so
7fd6da87a000-7fd6da87e000 rw-p 00000000 00:00 0 
7fd6da87e000-7fd6da88d000 r-xp 00000000 08:03 1059547                    /usr/lib/jvm/java-11-openjdk-amd64/lib/jli/libjli.so
7fd6da88d000-7fd6daa8c000 ---p 0000f000 08:03 1059547                    /usr/lib/jvm/java-11-openjdk-amd64/lib/jli/libjli.so
7fd6daa8c000-7fd6daa8d000 r--p 0000e000 08:03 1059547                    /usr/lib/jvm/java-11-openjdk-amd64/lib/jli/libjli.so
7fd6daa8d000-7fd6daa8e000 rw-p 0000f000 08:03 1059547                    /usr/lib/jvm/java-11-openjdk-amd64/lib/jli/libjli.so
7fd6daa8e000-7fd6daab7000 r-xp 00000000 08:03 1442677                    /lib/x86_64-linux-gnu/ld-2.27.so
7fd6daad8000-7fd6dab08000 r--p 00000000 08:03 1342963                    /usr/share/locale-langpack/ru/LC_MESSAGES/libc.mo
7fd6dab08000-7fd6dab94000 rw-p 00000000 00:00 0 
7fd6dab94000-7fd6dab98000 ---p 00000000 00:00 0 
7fd6dab98000-7fd6dac97000 rw-p 00000000 00:00 0 
7fd6dac98000-7fd6dac9f000 r--s 00000000 08:03 1220578                    /usr/lib/x86_64-linux-gnu/gconv/gconv-modules.cache
7fd6dac9f000-7fd6daca4000 rw-p 00000000 00:00 0 
7fd6daca4000-7fd6dacab000 ---p 00000000 00:00 0 
7fd6dacab000-7fd6dacb3000 rw-s 00000000 08:03 671637                     /tmp/hsperfdata_dmitry/23837
7fd6dacb3000-7fd6dacb4000 ---p 00000000 00:00 0 
7fd6dacb4000-7fd6dacb5000 r--p 00000000 00:00 0 
7fd6dacb5000-7fd6dacb7000 rw-p 00000000 00:00 0 
7fd6dacb7000-7fd6dacb8000 r--p 00029000 08:03 1442677                    /lib/x86_64-linux-gnu/ld-2.27.so
7fd6dacb8000-7fd6dacb9000 rw-p 0002a000 08:03 1442677                    /lib/x86_64-linux-gnu/ld-2.27.so
7fd6dacb9000-7fd6dacba000 rw-p 00000000 00:00 0 
7ffc5def0000-7ffc5df12000 rw-p 00000000 00:00 0                          [stack]
7ffc5dff0000-7ffc5dff3000 r--p 00000000 00:00 0                          [vvar]
7ffc5dff3000-7ffc5dff4000 r-xp 00000000 00:00 0                          [vdso]
ffffffffff600000-ffffffffff601000 --xp 00000000 00:00 0                  [vsyscall]


VM Arguments:
jvm_args: -javaagent:/home/dmitry/Programs/apps/IDEA-C/ch-0/213.7172.25/lib/idea_rt.jar=38057:/home/dmitry/Programs/apps/IDEA-C/ch-0/213.7172.25/bin -Dfile.encoding=UTF-8 
java_command: MainKt
java_class_path (initial): /home/dmitry/Документы/IdeaProjects/sudoky/build/classes/kotlin/main:/home/dmitry/.gradle/caches/modules-2/files-2.1/org.jetbrains.kotlin/kotlin-stdlib-jdk8/1.5.10/3f4af7aff21c4ec46e3cdd645639d0a63a68d3d0/kotlin-stdlib-jdk8-1.5.10.jar:/home/dmitry/.gradle/caches/modules-2/files-2.1/net.sourceforge.tess4j/tess4j/4.0.2/95516b133368840a0974ef5316fedd9c5e3aa635/tess4j-4.0.2.jar:/home/dmitry/.gradle/caches/modules-2/files-2.1/org.jetbrains.kotlin/kotlin-stdlib-jdk7/1.5.10/c49d0703d16c6cb1526cc07b9b46486da1dd8a60/kotlin-stdlib-jdk7-1.5.10.jar:/home/dmitry/.gradle/caches/modules-2/files-2.1/org.jetbrains.kotlin/kotlin-stdlib/1.5.10/da6a904b132f0402fa4d79169a3c1770598d4702/kotlin-stdlib-1.5.10.jar:/home/dmitry/.gradle/caches/modules-2/files-2.1/org.ghost4j/ghost4j/1.0.1/a026bc023a623b43df336670ceb00eba355bbc81/ghost4j-1.0.1.jar:/home/dmitry/.gradle/caches/modules-2/files-2.1/net.sourceforge.lept4j/lept4j/1.9.4/b7b28fde330197cd5c5419952f54bfa9459ce740/lept4j-1.9.4.jar:/home/dmitry/.gradle/caches/modules-2/files-2.1/net.java.dev.jna/jna/4.1.0/1c12d070e602efd8021891cdd7fd18bc129372d4/jna-4.1.0.jar:/home/dmitry/.gradle/caches/modules-2/files-2.1/com.github.jai-imageio/jai-imageio-core/1.4.0/fb6d79b929556362a241b2f65a04e538062f0077/jai-imageio-core-1.4.0.jar:/home/dmitry/.gradle/caches/modules-2/files-2.1/org.apache.pdfbox/pdfbox-tools/2.0.9/90a58b4daf37697488339845e0a3e0d3609eb781/pdfbox-tools-2.0.9.jar:/home/dmitry/.gradle/caches/modules-2/files-2.1/org.apache.pdfbox/pdfbox/2.0.9/d0425578218624388f2ec84a0b3a11efd55df0f5/pdfbox-2.0.9.jar:/home/dmitry/.gradle/caches/modules-2/files-2.1/org.apache.pdfbox/jbig2-imageio/3.0.0/59cba3c1e9d11c790c27be31b311cd3d729ca900/jbig2-imageio-3.0.0.jar:/home/dmitry/.gradle/caches/modules-2/files-2.1/commons-io/commons-io/2.6/815893df5f31da2ece4040fe0a12fd44b577afaf/commons-io-2.6.jar:/home/dmitry/.gradle/caches/modules-2/files-2.1/org.jboss/jboss-vfs/3.2.12.Final/51dcc622354dd0fc6eb7a42d499b68c4e345632c/jbo
Launcher Type: SUN_STANDARD

[Global flags]
     intx CICompilerCount                          = 3                                         {product} {ergonomic}
     uint ConcGCThreads                            = 1                                         {product} {ergonomic}
     uint G1ConcRefinementThreads                  = 4                                         {product} {ergonomic}
   size_t G1HeapRegionSize                         = 1048576                                   {product} {ergonomic}
    uintx GCDrainStackTargetSize                   = 64                                        {product} {ergonomic}
   size_t InitialHeapSize                          = 96468992                                  {product} {ergonomic}
   size_t MarkStackSize                            = 4194304                                   {product} {ergonomic}
   size_t MaxHeapSize                              = 1522532352                                {product} {ergonomic}
   size_t MaxNewSize                               = 913309696                                 {product} {ergonomic}
   size_t MinHeapDeltaBytes                        = 1048576                                   {product} {ergonomic}
    uintx NonNMethodCodeHeapSize                   = 5830732                                {pd product} {ergonomic}
    uintx NonProfiledCodeHeapSize                  = 122913754                              {pd product} {ergonomic}
    uintx ProfiledCodeHeapSize                     = 122913754                              {pd product} {ergonomic}
    uintx ReservedCodeCacheSize                    = 251658240                              {pd product} {ergonomic}
     bool SegmentedCodeCache                       = true                                      {product} {ergonomic}
     bool UseCompressedClassPointers               = true                                 {lp64_product} {ergonomic}
     bool UseCompressedOops                        = true                                 {lp64_product} {ergonomic}
     bool UseG1GC                                  = true                                      {product} {ergonomic}

Logging:
Log output configuration:
 #0: stdout all=warning uptime,level,tags
 #1: stderr all=off uptime,level,tags

Environment Variables:
JAVA_HOME=/usr/lib/jvm/jdk1.8.0_241-amd64
PATH=/usr/local/sbin:/usr/local/bin:/usr/sbin:/usr/bin:/sbin:/bin:/usr/games:/usr/local/games:/snap/bin
SHELL=/bin/bash
DISPLAY=:0
LANG=ru_RU.UTF-8

Signal Handlers:
SIGSEGV: [libjvm.so+0xe2a490], sa_mask[0]=11111111011111111101111111111110, sa_flags=SA_RESTART|SA_SIGINFO
SIGBUS: [libjvm.so+0xe2a490], sa_mask[0]=11111111011111111101111111111110, sa_flags=SA_RESTART|SA_SIGINFO
SIGFPE: [libjvm.so+0xe2a490], sa_mask[0]=11111111011111111101111111111110, sa_flags=SA_RESTART|SA_SIGINFO
SIGPIPE: [libjvm.so+0xb80870], sa_mask[0]=11111111011111111101111111111110, sa_flags=SA_RESTART|SA_SIGINFO
SIGXFSZ: [libjvm.so+0xb80870], sa_mask[0]=11111111011111111101111111111110, sa_flags=SA_RESTART|SA_SIGINFO
SIGILL: [libjvm.so+0xe2a490], sa_mask[0]=11111111011111111101111111111110, sa_flags=SA_RESTART|SA_SIGINFO
SIGUSR2: [libjvm.so+0xb80700], sa_mask[0]=00100000000000000000000000000000, sa_flags=SA_RESTART|SA_SIGINFO
SIGHUP: [libjvm.so+0xb80bc0], sa_mask[0]=11111111011111111101111111111110, sa_flags=SA_RESTART|SA_SIGINFO
SIGINT: [libjvm.so+0xb80bc0], sa_mask[0]=11111111011111111101111111111110, sa_flags=SA_RESTART|SA_SIGINFO
SIGTERM: [libjvm.so+0xb80bc0], sa_mask[0]=11111111011111111101111111111110, sa_flags=SA_RESTART|SA_SIGINFO
SIGQUIT: [libjvm.so+0xb80bc0], sa_mask[0]=11111111011111111101111111111110, sa_flags=SA_RESTART|SA_SIGINFO


---------------  S Y S T E M  ---------------

OS:DISTRIB_ID=LinuxMint
DISTRIB_RELEASE=19.3
DISTRIB_CODENAME=tricia
DISTRIB_DESCRIPTION="Linux Mint 19.3 Tricia"
uname:Linux 5.4.0-104-generic #118~18.04.1-Ubuntu SMP Thu Mar 3 13:53:15 UTC 2022 x86_64
OS uptime: 0 days 4:44 hours
libc:glibc 2.27 NPTL 2.27 
rlimit (soft/hard): STACK 8192k/infinity , CORE 0k/infinity , NPROC 22917/22917 , NOFILE 1048576/1048576 , AS infinity/infinity , CPU infinity/infinity , DATA infinity/infinity , FSIZE infinity/infinity , MEMLOCK 65536k/65536k
load average:2,80 2,69 2,08

/proc/meminfo:
MemTotal:        5943256 kB
MemFree:          454188 kB
MemAvailable:    1095148 kB
Buffers:           72004 kB
Cached:           792360 kB
SwapCached:        26488 kB
Active:          4049880 kB
Inactive:        1031932 kB
Active(anon):    3684412 kB
Inactive(anon):   582644 kB
Active(file):     365468 kB
Inactive(file):   449288 kB
Unevictable:         552 kB
Mlocked:             544 kB
SwapTotal:       1952764 kB
SwapFree:         853500 kB
Dirty:              1012 kB
Writeback:             0 kB
AnonPages:       4202952 kB
Mapped:           405656 kB
Shmem:             49756 kB
KReclaimable:      76460 kB
Slab:             171948 kB
SReclaimable:      76460 kB
SUnreclaim:        95488 kB
KernelStack:       21904 kB
PageTables:        72944 kB
NFS_Unstable:          0 kB
Bounce:                0 kB
WritebackTmp:          0 kB
CommitLimit:     4924392 kB
Committed_AS:   10914040 kB
VmallocTotal:   34359738367 kB
VmallocUsed:       55608 kB
VmallocChunk:          0 kB
Percpu:             3264 kB
HardwareCorrupted:     0 kB
AnonHugePages:         0 kB
ShmemHugePages:        0 kB
ShmemPmdMapped:        0 kB
FileHugePages:         0 kB
FilePmdMapped:         0 kB
CmaTotal:              0 kB
CmaFree:               0 kB
HugePages_Total:       0
HugePages_Free:        0
HugePages_Rsvd:        0
HugePages_Surp:        0
Hugepagesize:       2048 kB
Hugetlb:               0 kB
DirectMap4k:      446232 kB
DirectMap2M:     5705728 kB

/sys/kernel/mm/transparent_hugepage/enabled:
always [madvise] never
/sys/kernel/mm/transparent_hugepage/defrag (defrag/compaction efforts parameter):
always defer defer+madvise [madvise] never

Process Memory:
Virtual Size: 4511552K (peak: 12936604K)
Resident Set Size: 86072K (peak: 86072K) (anon: 52220K, file: 33852K, shmem: 0K)
Swapped out: 0K
C-Heap outstanding allocations: 14576K

/proc/sys/kernel/threads-max (system-wide limit on the number of threads):
45834
/proc/sys/vm/max_map_count (maximum number of memory map areas a process may have):
65530
/proc/sys/kernel/pid_max (system-wide limit on number of process identifiers):
32768

container (cgroup) information:
container_type: cgroupv1
cpu_cpuset_cpus: 0-3
cpu_memory_nodes: 0
active_processor_count: 4
cpu_quota: -1
cpu_period: 100000
cpu_shares: -1
memory_limit_in_bytes: -1
memory_and_swap_limit_in_bytes: -2
memory_soft_limit_in_bytes: -1
memory_usage_in_bytes: 5197803520
memory_max_usage_in_bytes: 0

Steal ticks since vm start: 0
Steal ticks percentage since vm start:  0,000

CPU:total 4 (initial active 4) (2 cores per cpu, 2 threads per core) family 6 model 58 stepping 9 microcode 0x21, cmov, cx8, fxsr, mmx, sse, sse2, sse3, ssse3, sse4.1, sse4.2, popcnt, avx, aes, clmul, erms, ht, tsc, tscinvbit, tscinv
CPU Model and flags from /proc/cpuinfo:
model name	: Intel(R) Core(TM) i5-3210M CPU @ 2.50GHz
flags		: fpu vme de pse tsc msr pae mce cx8 apic sep mtrr pge mca cmov pat pse36 clflush dts acpi mmx fxsr sse sse2 ss ht tm pbe syscall nx rdtscp lm constant_tsc arch_perfmon pebs bts rep_good nopl xtopology nonstop_tsc cpuid aperfmperf pni pclmulqdq dtes64 monitor ds_cpl vmx est tm2 ssse3 cx16 xtpr pdcm pcid sse4_1 sse4_2 x2apic popcnt tsc_deadline_timer aes xsave avx f16c rdrand lahf_lm cpuid_fault epb pti ssbd ibrs ibpb stibp tpr_shadow vnmi flexpriority ept vpid fsgsbase smep erms xsaveopt dtherm ida arat pln pts md_clear flush_l1d
Online cpus:
0-3
Offline cpus:
4-7
BIOS frequency limitation:
<Not Available>
Frequency switch latency (ns):
0
Available cpu frequencies:
<Not Available>
Current governor:
powersave
Core performance/turbo boost:
<Not Available>

Memory: 4k page, physical 5943256k(454188k free), swap 1952764k(853500k free)

vm_info: OpenJDK 64-Bit Server VM (11.0.14+9-Ubuntu-0ubuntu2.18.04) for linux-amd64 JRE (11.0.14+9-Ubuntu-0ubuntu2.18.04), built on Jan 25 2022 14:03:04 by "unknown" with gcc 8.4.0

END.
